0 0
1.96998E-5 0.71677
7.49426E-5 2.27605
1.54725E-4 2.89404
2.42519E-4 2.82461
3.1875E-4 2.6601
3.63779E-4 2.56279
3.61024E-4 2.47431
2.9977E-4 1.04001
1.77299E-4 0.00113
-1.95182E-7 -0.00649
-3.36451E-4 -10.2557
-6.97937E-4 -19.5365
-0.00104 -27.0184
-0.00132 -32.2437
-0.00148 -35.0213
-0.00151 -35.356
-0.00136 -30.5445
-0.00105 -20.1267
-5.81001E-4 -5.61942
-1.95182E-7 1.02713
6.41748E-4 1.86778
0.00128 1.52133
0.00184 1.35529
0.00226 1.26921
0.00247 1.23261
0.00245 1.04007
0.00216 0.2366
0.00163 -0.01317
8.86297E-4 -1.13022
-1.95183E-7 -6.68735
-9.47825E-4 -20.2015
-0.00186 -39.7228
-0.00264 -40.6864
-0.0032 -39.172
-0.00346 -38.4565
-0.00339 -35.9872
-0.00296 -23.4992
-0.00221 -7.82528
-0.00119 0.00138
-1.95183E-7 0.95756
0.00125 1.0866
0.00244 0.99426
0.00344 0.93783
0.00414 0.90569
0.00445 0.89282
0.00433 0.6196
0.00376 0.13159
0.00279 -0.00496
0.0015 -0.57159
-1.95182E-7 -3.87287
-0.00156 -12.628
-0.00302 -27.9153
-0.00424 -36.3406
-0.00508 -34.0632
-0.00544 -33.0848
-0.00527 -28.2618
-0.00456 -14.3573
-0.00337 -2.39587
-0.0018 0.06313
-1.95182E-7 0.69475
0.00186 0.83312
0.0036 0.78827
0.00504 0.75839
0.00602 0.74075
0.00643 0.73392
0.00621 0.48884
0.00536 0.11474
0.00395 -4.19155E-4
0.00211 -0.20644
-1.95182E-7 -1.91833
-0.00217 -7.38233
-0.00419 -18.0442
-0.00584 -31.1257
-0.00696 -28.9544
-0.00742 -27.713
-0.00715 -21.7859
-0.00616 -8.92293
-0.00454 -0.52392
-0.00242 0.08664
-1.95182E-7 0.54518
0.00248 0.69709
0.00477 0.67402
0.00664 0.65484
0.0079 0.64329
0.00841 0.63892
0.00809 0.42316
0.00696 0.11069
0.00512 -9.51622E-6
0.00272 -0.06774
-1.95182E-7 -0.93148
-0.00278 -4.37087
-0.00535 -12.0426
-0.00744 -23.3014
-0.00884 -23.8456
-0.0094 -22.3413
-0.00903 -16.1434
-0.00776 -5.11538
-0.0057 -8.27521E-5
-0.00303 0.10491
-1.95182E-7 0.47487
0.00309 0.60597
0.00593 0.59874
0.00824 0.58513
0.00978 0.57684
0.01039 0.57375
0.00997 0.38234
0.00856 0.11031
0.00628 -2.62873E-10
0.00333 -0.01603
-1.95182E-7 -0.3829
-0.00339 -2.36605
-0.00651 -7.70218
-0.00904 -16.5195
-0.01073 -18.7368
-0.01138 -16.9696
-0.01091 -11.039
-0.00936 -2.29465
-0.00686 0.00569
-0.00364 0.12416
-1.95182E-7 0.44212
0.0037 0.54204
0.00709 0.54394
0.00984 0.53376
0.01167 0.52747
0.01237 0.52515
0.01185 0.35381
0.01016 0.11134
0.00744 6.74245E-4
0.00394 -0.00186
-1.95182E-7 -0.10741
-0.004 -1.02568
-0.00768 -4.35098
-0.01064 -11.0021
-0.01261 -13.628
-0.01335 -11.5979
-0.0128 -6.35543
-0.01096 -0.42633
-0.00802 0.01943
-0.00425 0.14645
-1.95183E-7 0.43108
0.00431 0.49477
0.00826 0.5004
0.01144 0.49354
0.01355 0.48859
0.01434 0.48679
0.01374 0.33232
0.01176 0.11304
0.00861 0.00285
0.00455 -3.83252E-5
-1.95183E-7 -0.01192
-0.00462 -0.25963
-0.00884 -1.82102
-0.01224 -6.30412
-0.01449 -8.51917
-0.01533 -6.22617
-0.01468 -2.19114
-0.01256 9.67614E-4
-0.00919 0.04014
-0.00486 0.17398
-1.95182E-7 0.42095
0.00492 0.45825
0.00942 0.46467
0.01304 0.4606
0.01543 0.45662
0.01632 0.45518
0.01562 0.31525
0.01336 0.11515
0.00977 0.00607
0.00517 -1.68311E-9
-1.95182E-7 -5.17322E-5
-0.00523 -0.01046
-0.01 -0.28619
-0.01381 -2.27912
-0.01473 -3.56684
-0.01401 -1.19648
-0.01164 1.02892E-5
-0.00782 6.21511E-4
-0.00295 0.00705
0.00252 0.03552
0.00804 0.11112
0.01307 0.24868
0.01712 0.39759
0.01978 0.41662
0.02077 0.42116
0.01997 0.30264
0.01745 0.10152
0.01342 0.00218
0.00826 -1.49984E-10
0.00249 -8.77483E-6
-0.00335 -0.00326
-0.00867 -0.13755
-0.0129 -1.45546
-0.01564 -4.92162
-0.01672 -2.45795
-0.01591 -0.04974
-0.01324 0.00887
-0.009 0.06502
-0.00359 0.21158