0.1 -7.44962e-08 -2.36496e-09
0.2 -1.48993e-07 -4.72992e-09
0.3 -2.23489e-07 -7.09489e-09
0.4 -2.97985e-07 -9.45985e-09
0.5 -3.72482e-07 -1.18248e-08
0.6 -4.46978e-07 -1.41898e-08
0.7 -5.21475e-07 -1.65548e-08
0.8 -5.95972e-07 -1.89197e-08
0.9 -6.70468e-07 -2.12847e-08
1 -7.44965e-07 -2.36497e-08
0.005 -7.44974e-07 -2.365e-08
0.01 -7.44992e-07 -2.36506e-08
0.015 -7.44996e-07 -2.36507e-08
0.02 -7.44977e-07 -2.36501e-08
0.025 -7.4495e-07 -2.36492e-08
0.03 -7.44935e-07 -2.36487e-08
0.035 -7.44949e-07 -2.36492e-08
0.04 -7.44976e-07 -2.365e-08
0.045 -7.44985e-07 -2.36503e-08
0.05 -7.44971e-07 -2.36499e-08
0.055 -7.4495e-07 -2.36492e-08
0.06 -7.44938e-07 -2.36488e-08
0.065 -7.44949e-07 -2.36492e-08
0.07 -7.4497e-07 -2.36498e-08
0.075 -7.44977e-07 -2.36501e-08
0.08 -7.44968e-07 -2.36498e-08
0.085 -7.44953e-07 -2.36493e-08
0.09 -7.44944e-07 -2.3649e-08
0.095 -7.44953e-07 -2.36493e-08
0.1 -7.44969e-07 -2.36498e-08
0.105 -7.44975e-07 -2.365e-08
0.11 -7.44969e-07 -2.36498e-08
0.115 -7.44956e-07 -2.36494e-08
0.12 -7.4495e-07 -2.36492e-08
0.125 -7.44956e-07 -2.36494e-08
0.13 -7.44968e-07 -2.36498e-08
0.135 -7.44972e-07 -2.36499e-08
0.14 -7.44967e-07 -2.36497e-08
0.145 -7.44957e-07 -2.36494e-08
0.15 -7.44952e-07 -2.36493e-08
0.155 -7.44958e-07 -2.36495e-08
0.16 -7.44967e-07 -2.36498e-08
0.165 -7.44971e-07 -2.36499e-08
0.17 -7.44968e-07 -2.36498e-08
0.175 -7.4496e-07 -2.36495e-08
0.18 -7.44956e-07 -2.36494e-08
0.185 -7.44959e-07 -2.36495e-08
0.19 -7.44965e-07 -2.36497e-08
0.195 -7.44968e-07 -2.36498e-08
0.2 -7.44964e-07 -2.36497e-08
0.205 -7.44958e-07 -2.36495e-08
0.21 -7.44955e-07 -2.36494e-08
0.215 -7.44958e-07 -2.36495e-08
0.22 -7.44964e-07 -2.36496e-08
0.225 -7.44966e-07 -2.36497e-08
0.23 -7.44964e-07 -2.36496e-08
0.235 -7.44959e-07 -2.36495e-08
0.24 -7.44957e-07 -2.36494e-08
0.245 -7.4496e-07 -2.36495e-08
0.25 -7.44964e-07 -2.36496e-08
0.255 -7.44966e-07 -2.36497e-08
0.26 -7.44964e-07 -2.36497e-08
0.265 -7.44961e-07 -2.36496e-08
0.27 -7.44959e-07 -2.36495e-08
0.275 -7.4496e-07 -2.36495e-08
0.28 -7.44962e-07 -2.36496e-08
0.285 -7.44963e-07 -2.36496e-08
0.29 -7.44961e-07 -2.36496e-08
0.295 -7.44958e-07 -2.36495e-08
0.3 -7.44956e-07 -2.36494e-08
0.305 -7.44957e-07 -2.36494e-08
0.31 -7.44959e-07 -2.36495e-08
0.315 -7.44961e-07 -2.36495e-08
0.32 -7.44961e-07 -2.36495e-08
0.325 -7.4496e-07 -2.36495e-08
0.33 -7.44959e-07 -2.36495e-08
0.335 -7.44961e-07 -2.36495e-08
0.34 -7.44962e-07 -2.36496e-08
0.345 -7.44963e-07 -2.36496e-08
0.35 -7.44962e-07 -2.36496e-08
0.355 -7.44959e-07 -2.36495e-08
0.36 -7.44958e-07 -2.36495e-08
0.365 -7.44959e-07 -2.36495e-08
0.37 -7.44961e-07 -2.36495e-08
0.375 -7.44963e-07 -2.36496e-08
0.38 -7.44963e-07 -2.36496e-08
0.385 -7.44963e-07 -2.36496e-08
0.39 -7.44963e-07 -2.36496e-08
0.395 -7.44963e-07 -2.36496e-08
0.4 -7.44964e-07 -2.36496e-08
0.405 -7.44963e-07 -2.36496e-08
0.41 -7.44962e-07 -2.36496e-08
0.415 -7.44961e-07 -2.36496e-08
0.42 -7.44961e-07 -2.36495e-08
0.425 -7.44961e-07 -2.36496e-08
0.43 -7.44962e-07 -2.36496e-08
0.435 -7.44964e-07 -2.36496e-08
0.44 -7.44964e-07 -2.36497e-08
0.445 -7.44964e-07 -2.36496e-08
0.45 -7.44963e-07 -2.36496e-08
0.455 -7.44962e-07 -2.36496e-08
0.46 -7.44961e-07 -2.36496e-08
0.465 -7.44961e-07 -2.36495e-08
0.47 -7.4496e-07 -2.36495e-08
0.475 -7.4496e-07 -2.36495e-08
0.48 -7.44961e-07 -2.36496e-08
0.485 -7.44962e-07 -2.36496e-08
0.49 -7.44962e-07 -2.36496e-08
0.495 -7.44962e-07 -2.36496e-08
0.5 -7.44962e-07 -2.36496e-08
0.505 -7.44962e-07 -2.36496e-08
0.51 -7.44962e-07 -2.36496e-08
0.515 -7.44963e-07 -2.36496e-08
0.52 -7.44964e-07 -2.36497e-08
0.525 -7.44966e-07 -2.36497e-08
0.53 -7.44966e-07 -2.36497e-08
0.535 -7.44966e-07 -2.36497e-08
0.54 -7.44965e-07 -2.36497e-08
0.545 -7.44963e-07 -2.36496e-08
0.55 -7.4496e-07 -2.36495e-08
0.555 -7.44959e-07 -2.36495e-08
0.56 -7.4496e-07 -2.36495e-08
0.565 -7.44963e-07 -2.36496e-08
0.57 -7.44966e-07 -2.36497e-08
0.575 -7.44968e-07 -2.36498e-08
0.58 -7.44968e-07 -2.36498e-08
0.585 -7.44966e-07 -2.36497e-08
0.59 -7.44964e-07 -2.36496e-08
0.595 -7.44962e-07 -2.36496e-08
0.6 -7.44962e-07 -2.36496e-08
0.605 -7.44961e-07 -2.36495e-08
0.61 -7.44959e-07 -2.36495e-08
0.615 -7.44958e-07 -2.36495e-08
0.62 -7.44958e-07 -2.36495e-08
0.625 -7.4496e-07 -2.36495e-08
0.63 -7.44961e-07 -2.36496e-08
0.635 -7.44962e-07 -2.36496e-08
0.64 -7.44962e-07 -2.36496e-08
0.645 -7.44961e-07 -2.36496e-08
0.65 -7.44962e-07 -2.36496e-08
0.655 -7.44964e-07 -2.36496e-08
0.66 -7.44964e-07 -2.36497e-08
0.665 -7.44962e-07 -2.36496e-08
0.67 -7.4496e-07 -2.36495e-08
0.675 -7.44958e-07 -2.36495e-08
0.68 -7.44961e-07 -2.36495e-08
0.685 -7.44965e-07 -2.36497e-08
0.69 -7.44968e-07 -2.36498e-08
0.695 -7.44968e-07 -2.36498e-08
0.7 -7.44965e-07 -2.36497e-08
0.705 -7.44961e-07 -2.36496e-08
0.71 -7.44959e-07 -2.36495e-08
0.715 -7.44959e-07 -2.36495e-08
0.72 -7.44958e-07 -2.36495e-08
0.725 -7.44957e-07 -2.36494e-08
0.73 -7.44956e-07 -2.36494e-08
0.735 -7.44957e-07 -2.36494e-08
0.74 -7.44962e-07 -2.36496e-08
0.745 -7.44969e-07 -2.36498e-08
0.75 -7.44973e-07 -2.36499e-08
0.755 -7.44972e-07 -2.36499e-08
0.76 -7.44967e-07 -2.36497e-08
0.765 -7.44962e-07 -2.36496e-08
0.77 -7.44961e-07 -2.36496e-08
0.775 -7.44963e-07 -2.36496e-08
0.78 -7.44965e-07 -2.36497e-08
0.785 -7.44965e-07 -2.36497e-08
0.79 -7.44963e-07 -2.36496e-08
0.795 -7.44962e-07 -2.36496e-08
0.8 -7.44963e-07 -2.36496e-08
0.805 -7.44965e-07 -2.36497e-08
0.81 -7.44965e-07 -2.36497e-08
0.815 -7.44961e-07 -2.36496e-08
0.82 -7.44956e-07 -2.36494e-08
0.825 -7.44953e-07 -2.36493e-08
0.83 -7.44954e-07 -2.36493e-08
0.835 -7.4496e-07 -2.36495e-08
0.84 -7.44965e-07 -2.36497e-08
0.845 -7.44967e-07 -2.36497e-08
0.85 -7.44964e-07 -2.36497e-08
0.855 -7.44962e-07 -2.36496e-08
0.86 -7.44963e-07 -2.36496e-08
0.865 -7.4497e-07 -2.36498e-08
0.87 -7.44977e-07 -2.36501e-08
0.875 -7.44981e-07 -2.36502e-08
0.88 -7.44979e-07 -2.36501e-08
0.885 -7.44973e-07 -2.36499e-08
0.89 -7.44968e-07 -2.36498e-08
0.895 -7.44965e-07 -2.36497e-08
0.9 -7.44964e-07 -2.36497e-08
0.905 -7.44964e-07 -2.36497e-08
0.91 -7.44965e-07 -2.36497e-08
0.915 -7.44968e-07 -2.36498e-08
0.92 -7.44975e-07 -2.365e-08
0.925 -7.44984e-07 -2.36503e-08
0.93 -7.44989e-07 -2.36505e-08
0.935 -7.44989e-07 -2.36504e-08
0.94 -7.4498e-07 -2.36502e-08
0.945 -7.44967e-07 -2.36498e-08
0.95 -7.44955e-07 -2.36494e-08
0.955 -7.44947e-07 -2.36491e-08
0.96 -7.44945e-07 -2.36491e-08
0.965 -7.44949e-07 -2.36492e-08
0.97 -7.44957e-07 -2.36494e-08
0.975 -7.44964e-07 -2.36497e-08
0.98 -7.44969e-07 -2.36498e-08
0.985 -7.44969e-07 -2.36498e-08
0.99 -7.44967e-07 -2.36497e-08
0.995 -7.44963e-07 -2.36496e-08
1 -7.44959e-07 -2.36495e-08
1.005 -7.44956e-07 -2.36494e-08
1.01 -7.44952e-07 -2.36493e-08
1.015 -7.44949e-07 -2.36492e-08
1.02 -7.44949e-07 -2.36492e-08
1.025 -7.44954e-07 -2.36493e-08
1.03 -7.44964e-07 -2.36497e-08
1.035 -7.44976e-07 -2.365e-08
1.04 -7.44985e-07 -2.36503e-08
1.045 -7.44986e-07 -2.36504e-08
1.05 -7.4498e-07 -2.36502e-08
1.055 -7.44973e-07 -2.36499e-08
1.06 -7.44969e-07 -2.36498e-08
1.065 -7.44969e-07 -2.36498e-08
1.07 -7.44969e-07 -2.36498e-08
1.075 -7.44966e-07 -2.36497e-08
1.08 -7.4496e-07 -2.36495e-08
1.085 -7.44955e-07 -2.36494e-08
1.09 -7.44956e-07 -2.36494e-08
1.095 -7.44965e-07 -2.36497e-08
1.1 -7.44975e-07 -2.365e-08
1.105 -7.44982e-07 -2.36502e-08
1.11 -7.44982e-07 -2.36502e-08
1.115 -7.44978e-07 -2.36501e-08
1.12 -7.44974e-07 -2.365e-08
1.125 -7.44972e-07 -2.36499e-08
1.13 -7.44968e-07 -2.36498e-08
1.135 -7.4496e-07 -2.36495e-08
1.14 -7.44948e-07 -2.36492e-08
1.145 -7.44937e-07 -2.36488e-08
1.15 -7.44933e-07 -2.36487e-08
1.155 -7.44936e-07 -2.36488e-08
1.16 -7.44945e-07 -2.3649e-08
1.165 -7.44956e-07 -2.36494e-08
1.17 -7.44967e-07 -2.36497e-08
1.175 -7.44979e-07 -2.36501e-08
1.18 -7.44989e-07 -2.36505e-08
1.185 -7.44994e-07 -2.36506e-08
1.19 -7.44991e-07 -2.36505e-08
1.195 -7.44981e-07 -2.36502e-08
1.2 -7.44969e-07 -2.36498e-08
1.205 -7.44962e-07 -2.36496e-08
1.21 -7.44961e-07 -2.36495e-08
1.215 -7.44961e-07 -2.36496e-08
1.22 -7.4496e-07 -2.36495e-08
1.225 -7.44957e-07 -2.36494e-08
1.23 -7.44952e-07 -2.36493e-08
1.235 -7.44952e-07 -2.36493e-08
1.24 -7.44956e-07 -2.36494e-08
1.245 -7.44963e-07 -2.36496e-08
1.25 -7.44967e-07 -2.36497e-08
1.255 -7.44965e-07 -2.36497e-08
1.26 -7.44961e-07 -2.36496e-08
1.265 -7.4496e-07 -2.36495e-08
1.27 -7.44964e-07 -2.36496e-08
1.275 -7.4497e-07 -2.36498e-08
1.28 -7.44974e-07 -2.365e-08
1.285 -7.44972e-07 -2.36499e-08
1.29 -7.44969e-07 -2.36498e-08
1.295 -7.44969e-07 -2.36498e-08
1.3 -7.44974e-07 -2.365e-08
1.305 -7.4498e-07 -2.36502e-08
1.31 -7.44982e-07 -2.36502e-08
1.315 -7.44976e-07 -2.365e-08
1.32 -7.44964e-07 -2.36496e-08
1.325 -7.44953e-07 -2.36493e-08
1.33 -7.44946e-07 -2.36491e-08
1.335 -7.44944e-07 -2.3649e-08
1.34 -7.44946e-07 -2.36491e-08
1.345 -7.4495e-07 -2.36492e-08
1.35 -7.44959e-07 -2.36495e-08
1.355 -7.44974e-07 -2.365e-08
1.36 -7.44991e-07 -2.36505e-08
1.365 -7.45e-07 -2.36508e-08
1.37 -7.44997e-07 -2.36507e-08
1.375 -7.44984e-07 -2.36503e-08
1.38 -7.44969e-07 -2.36498e-08
1.385 -7.44956e-07 -2.36494e-08
1.39 -7.44947e-07 -2.36491e-08
1.395 -7.44937e-07 -2.36488e-08
1.4 -7.44929e-07 -2.36486e-08
1.405 -7.44932e-07 -2.36486e-08
1.41 -7.44952e-07 -2.36493e-08
1.415 -7.44984e-07 -2.36503e-08
1.42 -7.45012e-07 -2.36512e-08
1.425 -7.45019e-07 -2.36514e-08
1.43 -7.45004e-07 -2.36509e-08
1.435 -7.4498e-07 -2.36502e-08
1.44 -7.44963e-07 -2.36496e-08
1.445 -7.44957e-07 -2.36494e-08
1.45 -7.44954e-07 -2.36493e-08
1.455 -7.44946e-07 -2.36491e-08
1.46 -7.44935e-07 -2.36487e-08
1.465 -7.44934e-07 -2.36487e-08
1.47 -7.44952e-07 -2.36493e-08
1.475 -7.44986e-07 -2.36504e-08
1.48 -7.45016e-07 -2.36513e-08
1.485 -7.45026e-07 -2.36516e-08
1.49 -7.45011e-07 -2.36512e-08
1.495 -7.44989e-07 -2.36504e-08
1.5 -7.44976e-07 -2.365e-08
1.505 -7.44977e-07 -2.36501e-08
1.51 -7.44984e-07 -2.36503e-08
1.515 -7.44984e-07 -2.36503e-08
1.52 -7.44977e-07 -2.365e-08
1.525 -7.4497e-07 -2.36499e-08
1.53 -7.44975e-07 -2.365e-08
1.535 -7.44989e-07 -2.36504e-08
1.54 -7.44999e-07 -2.36508e-08
1.545 -7.44994e-07 -2.36506e-08
1.55 -7.44975e-07 -2.365e-08
1.555 -7.44957e-07 -2.36494e-08
1.56 -7.44955e-07 -2.36494e-08
1.565 -7.44965e-07 -2.36497e-08
1.57 -7.44973e-07 -2.36499e-08
1.575 -7.44965e-07 -2.36497e-08
1.58 -7.44943e-07 -2.3649e-08
1.585 -7.44921e-07 -2.36483e-08
1.59 -7.44915e-07 -2.36481e-08
1.595 -7.44925e-07 -2.36484e-08
1.6 -7.44944e-07 -2.3649e-08
1.605 -7.44964e-07 -2.36496e-08
1.61 -7.44983e-07 -2.36503e-08
1.615 -7.45003e-07 -2.36509e-08
1.62 -7.45018e-07 -2.36514e-08
1.625 -7.45014e-07 -2.36512e-08
1.63 -7.44983e-07 -2.36503e-08
1.635 -7.44935e-07 -2.36487e-08
1.64 -7.44893e-07 -2.36474e-08
1.645 -7.4488e-07 -2.3647e-08
1.65 -7.44901e-07 -2.36476e-08
1.655 -7.44938e-07 -2.36488e-08
1.66 -7.4497e-07 -2.36498e-08
1.665 -7.44984e-07 -2.36503e-08
1.67 -7.44988e-07 -2.36504e-08
1.675 -7.44993e-07 -2.36506e-08
1.68 -7.45e-07 -2.36508e-08
1.685 -7.44998e-07 -2.36507e-08
1.69 -7.44982e-07 -2.36502e-08
1.695 -7.44958e-07 -2.36495e-08
1.7 -7.44946e-07 -2.36491e-08
1.705 -7.44956e-07 -2.36494e-08
1.71 -7.44981e-07 -2.36502e-08
1.715 -7.44997e-07 -2.36507e-08
1.72 -7.44991e-07 -2.36505e-08
1.725 -7.44966e-07 -2.36497e-08
1.73 -7.44942e-07 -2.3649e-08
1.735 -7.44935e-07 -2.36487e-08
1.74 -7.44942e-07 -2.36489e-08
1.745 -7.44948e-07 -2.36491e-08
1.75 -7.44941e-07 -2.36489e-08
1.755 -7.44924e-07 -2.36484e-08
1.76 -7.4491e-07 -2.36479e-08
1.765 -7.44911e-07 -2.3648e-08
1.77 -7.44927e-07 -2.36485e-08
1.775 -7.44947e-07 -2.36491e-08
1.78 -7.44963e-07 -2.36496e-08
1.785 -7.44975e-07 -2.365e-08
1.79 -7.44986e-07 -2.36503e-08
1.795 -7.44994e-07 -2.36506e-08
1.8 -7.44993e-07 -2.36506e-08
1.805 -7.44978e-07 -2.36501e-08
1.81 -7.44954e-07 -2.36493e-08
1.815 -7.44934e-07 -2.36487e-08
1.82 -7.4493e-07 -2.36486e-08
1.825 -7.44942e-07 -2.3649e-08
1.83 -7.44961e-07 -2.36496e-08
1.835 -7.44974e-07 -2.365e-08
1.84 -7.4498e-07 -2.36502e-08
1.845 -7.44987e-07 -2.36504e-08
1.85 -7.45e-07 -2.36508e-08
1.855 -7.45014e-07 -2.36513e-08
1.86 -7.4502e-07 -2.36514e-08
1.865 -7.45009e-07 -2.36511e-08
1.87 -7.44985e-07 -2.36503e-08
1.875 -7.44962e-07 -2.36496e-08
1.88 -7.4495e-07 -2.36492e-08
1.885 -7.44951e-07 -2.36492e-08
1.89 -7.44955e-07 -2.36494e-08
1.895 -7.44956e-07 -2.36494e-08
1.9 -7.44952e-07 -2.36493e-08
1.905 -7.44949e-07 -2.36492e-08
1.91 -7.44952e-07 -2.36493e-08
1.915 -7.44962e-07 -2.36496e-08
1.92 -7.44973e-07 -2.36499e-08
1.925 -7.44974e-07 -2.365e-08
1.93 -7.44964e-07 -2.36497e-08
1.935 -7.44948e-07 -2.36491e-08
1.94 -7.44937e-07 -2.36488e-08
1.945 -7.44937e-07 -2.36488e-08
1.95 -7.44946e-07 -2.36491e-08
1.955 -7.44953e-07 -2.36493e-08
1.96 -7.44952e-07 -2.36493e-08
1.965 -7.44946e-07 -2.36491e-08
1.97 -7.44943e-07 -2.3649e-08
1.975 -7.4495e-07 -2.36492e-08
1.98 -7.44963e-07 -2.36496e-08
1.985 -7.44971e-07 -2.36499e-08
1.99 -7.44969e-07 -2.36498e-08
1.995 -7.44961e-07 -2.36496e-08
2 -7.4496e-07 -2.36495e-08
2.005 -7.44971e-07 -2.36499e-08
2.01 -7.44992e-07 -2.36505e-08
2.015 -7.45011e-07 -2.36512e-08
2.02 -7.45023e-07 -2.36515e-08
2.025 -7.45027e-07 -2.36516e-08
2.03 -7.45027e-07 -2.36517e-08
2.035 -7.45026e-07 -2.36516e-08
2.04 -7.45018e-07 -2.36514e-08
2.045 -7.45002e-07 -2.36509e-08
2.05 -7.44981e-07 -2.36502e-08
2.055 -7.44961e-07 -2.36496e-08
2.06 -7.44953e-07 -2.36493e-08
2.065 -7.44955e-07 -2.36494e-08
2.07 -7.44961e-07 -2.36495e-08
2.075 -7.44963e-07 -2.36496e-08
2.08 -7.4496e-07 -2.36495e-08
2.085 -7.44956e-07 -2.36494e-08
2.09 -7.44953e-07 -2.36493e-08
2.095 -7.44948e-07 -2.36492e-08
2.1 -7.4494e-07 -2.36489e-08
2.105 -7.44928e-07 -2.36485e-08
2.11 -7.44919e-07 -2.36482e-08
2.115 -7.44921e-07 -2.36483e-08
2.12 -7.44931e-07 -2.36486e-08
2.125 -7.44942e-07 -2.3649e-08
2.13 -7.44947e-07 -2.36491e-08
2.135 -7.44946e-07 -2.36491e-08
2.14 -7.44949e-07 -2.36492e-08
2.145 -7.4496e-07 -2.36495e-08
2.15 -7.44976e-07 -2.365e-08
2.155 -7.44987e-07 -2.36504e-08
2.16 -7.44986e-07 -2.36503e-08
2.165 -7.44974e-07 -2.365e-08
2.17 -7.44957e-07 -2.36494e-08
2.175 -7.44941e-07 -2.36489e-08
2.18 -7.44929e-07 -2.36485e-08
2.185 -7.44921e-07 -2.36483e-08
2.19 -7.44922e-07 -2.36483e-08
2.195 -7.44931e-07 -2.36486e-08
2.2 -7.44947e-07 -2.36491e-08
2.205 -7.44965e-07 -2.36497e-08
2.21 -7.44977e-07 -2.36501e-08
2.215 -7.44982e-07 -2.36502e-08
2.22 -7.44983e-07 -2.36503e-08
2.225 -7.44984e-07 -2.36503e-08
2.23 -7.44983e-07 -2.36503e-08
2.235 -7.44978e-07 -2.36501e-08
2.24 -7.44967e-07 -2.36497e-08
2.245 -7.44951e-07 -2.36492e-08
2.25 -7.44937e-07 -2.36488e-08
2.255 -7.44928e-07 -2.36485e-08
2.26 -7.44924e-07 -2.36484e-08
2.265 -7.44921e-07 -2.36483e-08
2.27 -7.44917e-07 -2.36482e-08
2.275 -7.44916e-07 -2.36481e-08
2.28 -7.44922e-07 -2.36483e-08
2.285 -7.44934e-07 -2.36487e-08
2.29 -7.44946e-07 -2.36491e-08
2.295 -7.44949e-07 -2.36492e-08
2.3 -7.44947e-07 -2.36491e-08
2.305 -7.44945e-07 -2.3649e-08
2.31 -7.44952e-07 -2.36493e-08
2.315 -7.44968e-07 -2.36498e-08
2.32 -7.44985e-07 -2.36503e-08
2.325 -7.44995e-07 -2.36506e-08
2.33 -7.44995e-07 -2.36506e-08
2.335 -7.44987e-07 -2.36504e-08
2.34 -7.4498e-07 -2.36502e-08
2.345 -7.44977e-07 -2.36501e-08
2.35 -7.44979e-07 -2.36501e-08
2.355 -7.4498e-07 -2.36502e-08
2.36 -7.44978e-07 -2.36501e-08
2.365 -7.44973e-07 -2.36499e-08
2.37 -7.4497e-07 -2.36498e-08
2.375 -7.44972e-07 -2.36499e-08
2.38 -7.44977e-07 -2.36501e-08
2.385 -7.44983e-07 -2.36502e-08
2.39 -7.44986e-07 -2.36503e-08
2.395 -7.4499e-07 -2.36505e-08
2.4 -7.45e-07 -2.36508e-08
2.405 -7.45019e-07 -2.36514e-08
2.41 -7.45042e-07 -2.36521e-08
2.415 -7.45057e-07 -2.36526e-08
2.42 -7.45054e-07 -2.36525e-08
2.425 -7.45031e-07 -2.36518e-08
2.43 -7.44994e-07 -2.36506e-08
2.435 -7.44956e-07 -2.36494e-08
2.44 -7.44927e-07 -2.36485e-08
2.445 -7.44916e-07 -2.36481e-08
2.45 -7.4492e-07 -2.36482e-08
2.455 -7.44933e-07 -2.36487e-08
2.46 -7.44949e-07 -2.36492e-08
2.465 -7.44961e-07 -2.36496e-08
2.47 -7.4497e-07 -2.36498e-08
2.475 -7.44976e-07 -2.365e-08
2.48 -7.44981e-07 -2.36502e-08
2.485 -7.44982e-07 -2.36502e-08
2.49 -7.4498e-07 -2.36502e-08
2.495 -7.44978e-07 -2.36501e-08
2.5 -7.44977e-07 -2.36501e-08
2.505 -7.44979e-07 -2.36501e-08
2.51 -7.44977e-07 -2.36501e-08
2.515 -7.44967e-07 -2.36497e-08
2.52 -7.4495e-07 -2.36492e-08
2.525 -7.44937e-07 -2.36488e-08
2.53 -7.44934e-07 -2.36487e-08
2.535 -7.44943e-07 -2.3649e-08
2.54 -7.44955e-07 -2.36494e-08
2.545 -7.44959e-07 -2.36495e-08
2.55 -7.44956e-07 -2.36494e-08
2.555 -7.44953e-07 -2.36493e-08
2.56 -7.44955e-07 -2.36494e-08
2.565 -7.44961e-07 -2.36496e-08
2.57 -7.44963e-07 -2.36496e-08
2.575 -7.44955e-07 -2.36494e-08
2.58 -7.44943e-07 -2.3649e-08
2.585 -7.44938e-07 -2.36488e-08
2.59 -7.44947e-07 -2.36491e-08
2.595 -7.44966e-07 -2.36497e-08
2.6 -7.44982e-07 -2.36502e-08
2.605 -7.44982e-07 -2.36502e-08
2.61 -7.44966e-07 -2.36497e-08
2.615 -7.44946e-07 -2.36491e-08
2.62 -7.44933e-07 -2.36487e-08
2.625 -7.44935e-07 -2.36487e-08
2.63 -7.44948e-07 -2.36492e-08
2.635 -7.44966e-07 -2.36497e-08
2.64 -7.44983e-07 -2.36503e-08
2.645 -7.44998e-07 -2.36507e-08
2.65 -7.45011e-07 -2.36512e-08
2.655 -7.45019e-07 -2.36514e-08
2.66 -7.45016e-07 -2.36513e-08
2.665 -7.44998e-07 -2.36507e-08
2.67 -7.44965e-07 -2.36497e-08
2.675 -7.44929e-07 -2.36486e-08
2.68 -7.44904e-07 -2.36478e-08
2.685 -7.449e-07 -2.36476e-08
2.69 -7.44914e-07 -2.36481e-08
2.695 -7.44936e-07 -2.36488e-08
2.7 -7.44956e-07 -2.36494e-08
2.705 -7.44971e-07 -2.36499e-08
2.71 -7.4499e-07 -2.36505e-08
2.715 -7.45013e-07 -2.36512e-08
2.72 -7.45035e-07 -2.36519e-08
2.725 -7.45041e-07 -2.36521e-08
2.73 -7.45023e-07 -2.36515e-08
2.735 -7.44983e-07 -2.36502e-08
2.74 -7.44934e-07 -2.36487e-08
2.745 -7.44896e-07 -2.36475e-08
2.75 -7.44882e-07 -2.36471e-08
2.755 -7.44896e-07 -2.36475e-08
2.76 -7.44926e-07 -2.36484e-08
2.765 -7.44951e-07 -2.36492e-08
2.77 -7.44958e-07 -2.36494e-08
2.775 -7.44941e-07 -2.36489e-08
2.78 -7.44912e-07 -2.3648e-08
2.785 -7.44886e-07 -2.36472e-08
2.79 -7.44877e-07 -2.36469e-08
2.795 -7.44893e-07 -2.36474e-08
2.8 -7.44926e-07 -2.36484e-08
2.805 -7.44962e-07 -2.36496e-08
2.81 -7.44988e-07 -2.36504e-08
2.815 -7.45002e-07 -2.36509e-08
2.82 -7.45009e-07 -2.36511e-08
2.825 -7.45015e-07 -2.36513e-08
2.83 -7.45017e-07 -2.36513e-08
2.835 -7.45007e-07 -2.3651e-08
2.84 -7.44984e-07 -2.36503e-08
2.845 -7.4496e-07 -2.36495e-08
2.85 -7.44949e-07 -2.36492e-08
2.855 -7.44952e-07 -2.36493e-08
2.86 -7.44956e-07 -2.36494e-08
2.865 -7.44945e-07 -2.3649e-08
2.87 -7.44918e-07 -2.36482e-08
2.875 -7.44896e-07 -2.36475e-08
2.88 -7.44901e-07 -2.36476e-08
2.885 -7.44935e-07 -2.36487e-08
2.89 -7.44981e-07 -2.36502e-08
2.895 -7.45011e-07 -2.36511e-08
2.9 -7.45012e-07 -2.36512e-08
2.905 -7.44993e-07 -2.36506e-08
2.91 -7.44971e-07 -2.36499e-08
2.915 -7.44958e-07 -2.36495e-08
2.92 -7.44955e-07 -2.36494e-08
2.925 -7.44954e-07 -2.36493e-08
2.93 -7.44952e-07 -2.36493e-08
2.935 -7.44954e-07 -2.36493e-08
2.94 -7.44964e-07 -2.36497e-08
2.945 -7.44979e-07 -2.36501e-08
2.95 -7.44989e-07 -2.36504e-08
2.955 -7.44985e-07 -2.36503e-08
2.96 -7.44974e-07 -2.365e-08
2.965 -7.44969e-07 -2.36498e-08
2.97 -7.44983e-07 -2.36502e-08
2.975 -7.45011e-07 -2.36511e-08
2.98 -7.45038e-07 -2.3652e-08
2.985 -7.45049e-07 -2.36523e-08
2.99 -7.45041e-07 -2.36521e-08
2.995 -7.45026e-07 -2.36516e-08
3 -7.45016e-07 -2.36513e-08
3.005 -7.45015e-07 -2.36513e-08
3.01 -7.45016e-07 -2.36513e-08
3.015 -7.4501e-07 -2.36511e-08
3.02 -7.45002e-07 -2.36508e-08
3.025 -7.44998e-07 -2.36507e-08
3.03 -7.45006e-07 -2.3651e-08
3.035 -7.4502e-07 -2.36514e-08
3.04 -7.45027e-07 -2.36517e-08
3.045 -7.45014e-07 -2.36513e-08
3.05 -7.44982e-07 -2.36502e-08
3.055 -7.44945e-07 -2.3649e-08
3.06 -7.44927e-07 -2.36485e-08
3.065 -7.44941e-07 -2.36489e-08
3.07 -7.44978e-07 -2.36501e-08
3.075 -7.45012e-07 -2.36512e-08
3.08 -7.45019e-07 -2.36514e-08
3.085 -7.45e-07 -2.36508e-08
3.09 -7.44977e-07 -2.36501e-08
3.095 -7.44971e-07 -2.36499e-08
3.1 -7.44979e-07 -2.36501e-08
3.105 -7.44981e-07 -2.36502e-08
3.11 -7.44959e-07 -2.36495e-08
3.115 -7.44921e-07 -2.36483e-08
3.12 -7.44896e-07 -2.36475e-08
3.125 -7.44906e-07 -2.36478e-08
3.13 -7.44942e-07 -2.36489e-08
3.135 -7.44971e-07 -2.36499e-08
3.14 -7.44969e-07 -2.36498e-08
3.145 -7.44943e-07 -2.3649e-08
3.15 -7.44923e-07 -2.36484e-08
3.155 -7.44933e-07 -2.36487e-08
3.16 -7.44965e-07 -2.36497e-08
3.165 -7.44988e-07 -2.36504e-08
3.17 -7.44982e-07 -2.36502e-08
3.175 -7.44955e-07 -2.36494e-08
3.18 -7.44936e-07 -2.36488e-08
3.185 -7.44946e-07 -2.36491e-08
3.19 -7.4498e-07 -2.36501e-08
3.195 -7.4501e-07 -2.36511e-08
3.2 -7.45016e-07 -2.36513e-08
3.205 -7.45002e-07 -2.36509e-08
3.21 -7.44992e-07 -2.36505e-08
3.215 -7.45003e-07 -2.36509e-08
3.22 -7.45027e-07 -2.36516e-08
3.225 -7.45038e-07 -2.3652e-08
3.23 -7.45019e-07 -2.36514e-08
3.235 -7.44978e-07 -2.36501e-08
3.24 -7.44945e-07 -2.3649e-08
3.245 -7.44936e-07 -2.36488e-08
3.25 -7.44943e-07 -2.3649e-08
3.255 -7.44938e-07 -2.36488e-08
3.26 -7.44903e-07 -2.36477e-08
3.265 -7.44852e-07 -2.36461e-08
3.27 -7.44818e-07 -2.3645e-08
3.275 -7.44822e-07 -2.36452e-08
3.28 -7.4486e-07 -2.36463e-08
3.285 -7.44902e-07 -2.36477e-08
3.29 -7.44929e-07 -2.36485e-08
3.295 -7.44944e-07 -2.3649e-08
3.3 -7.44964e-07 -2.36496e-08
3.305 -7.45001e-07 -2.36508e-08
3.31 -7.45048e-07 -2.36523e-08
3.315 -7.45081e-07 -2.36534e-08
3.32 -7.45086e-07 -2.36535e-08
3.325 -7.45068e-07 -2.3653e-08
3.33 -7.45044e-07 -2.36522e-08
3.335 -7.45029e-07 -2.36517e-08
3.34 -7.45024e-07 -2.36516e-08
3.345 -7.45017e-07 -2.36513e-08
3.35 -7.44996e-07 -2.36507e-08
3.355 -7.44962e-07 -2.36496e-08
3.36 -7.44926e-07 -2.36485e-08
3.365 -7.449e-07 -2.36476e-08
3.37 -7.4489e-07 -2.36473e-08
3.375 -7.44894e-07 -2.36474e-08
3.38 -7.44905e-07 -2.36478e-08
3.385 -7.4492e-07 -2.36483e-08
3.39 -7.4494e-07 -2.36489e-08
3.395 -7.44965e-07 -2.36497e-08
3.4 -7.44989e-07 -2.36505e-08
3.405 -7.45008e-07 -2.3651e-08
3.41 -7.45016e-07 -2.36513e-08
3.415 -7.45016e-07 -2.36513e-08
3.42 -7.45012e-07 -2.36512e-08
3.425 -7.45007e-07 -2.3651e-08
3.43 -7.44997e-07 -2.36507e-08
3.435 -7.44984e-07 -2.36503e-08
3.44 -7.44969e-07 -2.36498e-08
3.445 -7.4496e-07 -2.36495e-08
3.45 -7.44959e-07 -2.36495e-08
3.455 -7.4496e-07 -2.36495e-08
3.46 -7.44955e-07 -2.36494e-08
3.465 -7.44944e-07 -2.3649e-08
3.47 -7.44933e-07 -2.36487e-08
3.475 -7.44933e-07 -2.36487e-08
3.48 -7.44946e-07 -2.36491e-08
3.485 -7.44966e-07 -2.36497e-08
3.49 -7.44982e-07 -2.36502e-08
3.495 -7.4499e-07 -2.36505e-08
3.5 -7.44993e-07 -2.36506e-08
3.505 -7.45e-07 -2.36508e-08
3.51 -7.45011e-07 -2.36512e-08
3.515 -7.4502e-07 -2.36514e-08
3.52 -7.45016e-07 -2.36513e-08
3.525 -7.44998e-07 -2.36507e-08
3.53 -7.44973e-07 -2.36499e-08
3.535 -7.44955e-07 -2.36494e-08
3.54 -7.44951e-07 -2.36492e-08
3.545 -7.44954e-07 -2.36493e-08
3.55 -7.44954e-07 -2.36493e-08
3.555 -7.44945e-07 -2.36491e-08
3.56 -7.44936e-07 -2.36488e-08
3.565 -7.44936e-07 -2.36488e-08
3.57 -7.44948e-07 -2.36491e-08
3.575 -7.44964e-07 -2.36497e-08
3.58 -7.44978e-07 -2.36501e-08
3.585 -7.44987e-07 -2.36504e-08
3.59 -7.44997e-07 -2.36507e-08
3.595 -7.45009e-07 -2.36511e-08
3.6 -7.45018e-07 -2.36514e-08
3.605 -7.45016e-07 -2.36513e-08
3.61 -7.44998e-07 -2.36507e-08
3.615 -7.44972e-07 -2.36499e-08
3.62 -7.44949e-07 -2.36492e-08
3.625 -7.44937e-07 -2.36488e-08
3.63 -7.44935e-07 -2.36487e-08
3.635 -7.4494e-07 -2.36489e-08
3.64 -7.4495e-07 -2.36492e-08
3.645 -7.44965e-07 -2.36497e-08
3.65 -7.44982e-07 -2.36502e-08
3.655 -7.44994e-07 -2.36506e-08
3.66 -7.44998e-07 -2.36507e-08
3.665 -7.44999e-07 -2.36507e-08
3.67 -7.45005e-07 -2.3651e-08
3.675 -7.45021e-07 -2.36515e-08
3.68 -7.45034e-07 -2.36519e-08
3.685 -7.45025e-07 -2.36516e-08
3.69 -7.44985e-07 -2.36503e-08
3.695 -7.44926e-07 -2.36485e-08
3.7 -7.44874e-07 -2.36468e-08
3.705 -7.44851e-07 -2.36461e-08
3.71 -7.44853e-07 -2.36461e-08
3.715 -7.44861e-07 -2.36464e-08
3.72 -7.44854e-07 -2.36462e-08
3.725 -7.44839e-07 -2.36457e-08
3.73 -7.44841e-07 -2.36457e-08
3.735 -7.44878e-07 -2.36469e-08
3.74 -7.44942e-07 -2.36489e-08
3.745 -7.44995e-07 -2.36506e-08
3.75 -7.45005e-07 -2.3651e-08
3.755 -7.44974e-07 -2.365e-08
3.76 -7.44937e-07 -2.36488e-08
3.765 -7.4493e-07 -2.36486e-08
3.77 -7.44959e-07 -2.36495e-08
3.775 -7.44997e-07 -2.36507e-08
3.78 -7.45006e-07 -2.3651e-08
3.785 -7.44979e-07 -2.36501e-08
3.79 -7.44939e-07 -2.36489e-08
3.795 -7.44919e-07 -2.36482e-08
3.8 -7.4493e-07 -2.36486e-08
3.805 -7.44959e-07 -2.36495e-08
3.81 -7.44984e-07 -2.36503e-08
3.815 -7.44996e-07 -2.36507e-08
3.82 -7.45008e-07 -2.36511e-08
3.825 -7.45035e-07 -2.36519e-08
3.83 -7.4507e-07 -2.3653e-08
3.835 -7.45086e-07 -2.36535e-08
3.84 -7.4505e-07 -2.36524e-08
3.845 -7.44959e-07 -2.36495e-08
3.85 -7.4486e-07 -2.36463e-08
3.855 -7.44811e-07 -2.36448e-08
3.86 -7.44841e-07 -2.36458e-08
3.865 -7.44919e-07 -2.36482e-08
3.87 -7.44983e-07 -2.36503e-08
3.875 -7.44993e-07 -2.36506e-08
3.88 -7.44961e-07 -2.36495e-08
3.885 -7.44931e-07 -2.36486e-08
3.89 -7.44934e-07 -2.36487e-08
3.895 -7.4496e-07 -2.36495e-08
3.9 -7.44975e-07 -2.365e-08
3.905 -7.4496e-07 -2.36495e-08
3.91 -7.44935e-07 -2.36487e-08
3.915 -7.44937e-07 -2.36488e-08
3.92 -7.4498e-07 -2.36502e-08
3.925 -7.4504e-07 -2.36521e-08
3.93 -7.45073e-07 -2.36531e-08
3.935 -7.45059e-07 -2.36527e-08
3.94 -7.4502e-07 -2.36514e-08
3.945 -7.45002e-07 -2.36509e-08
3.95 -7.45028e-07 -2.36517e-08
3.955 -7.45077e-07 -2.36532e-08
3.96 -7.45105e-07 -2.36541e-08
3.965 -7.45082e-07 -2.36534e-08
3.97 -7.45023e-07 -2.36515e-08
3.975 -7.44974e-07 -2.365e-08
3.98 -7.44969e-07 -2.36498e-08
3.985 -7.45e-07 -2.36508e-08
3.99 -7.4503e-07 -2.36518e-08
3.995 -7.45027e-07 -2.36516e-08
4 -7.44996e-07 -2.36507e-08
4.005 -7.44972e-07 -2.36499e-08
4.01 -7.44981e-07 -2.36502e-08
4.015 -7.45009e-07 -2.36511e-08
4.02 -7.45016e-07 -2.36513e-08
4.025 -7.44975e-07 -2.365e-08
4.03 -7.44904e-07 -2.36477e-08
4.035 -7.4485e-07 -2.3646e-08
4.04 -7.44847e-07 -2.36459e-08
4.045 -7.44882e-07 -2.3647e-08
4.05 -7.44913e-07 -2.3648e-08
4.055 -7.4491e-07 -2.36479e-08
4.06 -7.44883e-07 -2.36471e-08
4.065 -7.44872e-07 -2.36467e-08
4.07 -7.44904e-07 -2.36478e-08
4.075 -7.44967e-07 -2.36498e-08
4.08 -7.45026e-07 -2.36516e-08
4.085 -7.45055e-07 -2.36525e-08
4.09 -7.4506e-07 -2.36527e-08
4.095 -7.45064e-07 -2.36528e-08
4.1 -7.45082e-07 -2.36534e-08
4.105 -7.45102e-07 -2.3654e-08
4.11 -7.45104e-07 -2.36541e-08
4.115 -7.45076e-07 -2.36532e-08
4.12 -7.45029e-07 -2.36517e-08
4.125 -7.44987e-07 -2.36504e-08
4.13 -7.44968e-07 -2.36498e-08
4.135 -7.44966e-07 -2.36497e-08
4.14 -7.44961e-07 -2.36496e-08
4.145 -7.4494e-07 -2.36489e-08
4.15 -7.44906e-07 -2.36478e-08
4.155 -7.44879e-07 -2.3647e-08
4.16 -7.44873e-07 -2.36468e-08
4.165 -7.44881e-07 -2.3647e-08
4.17 -7.4489e-07 -2.36473e-08
4.175 -7.44889e-07 -2.36473e-08
4.18 -7.44887e-07 -2.36472e-08
4.185 -7.44901e-07 -2.36477e-08
4.19 -7.44937e-07 -2.36488e-08
4.195 -7.44985e-07 -2.36503e-08
4.2 -7.45019e-07 -2.36514e-08
4.205 -7.45024e-07 -2.36516e-08
4.21 -7.45003e-07 -2.36509e-08
4.215 -7.44974e-07 -2.365e-08
4.22 -7.44958e-07 -2.36495e-08
4.225 -7.44959e-07 -2.36495e-08
4.23 -7.44968e-07 -2.36498e-08
4.235 -7.44971e-07 -2.36499e-08
4.24 -7.44965e-07 -2.36497e-08
4.245 -7.44958e-07 -2.36495e-08
4.25 -7.44962e-07 -2.36496e-08
4.255 -7.44979e-07 -2.36501e-08
4.26 -7.44996e-07 -2.36507e-08
4.265 -7.45e-07 -2.36508e-08
4.27 -7.44989e-07 -2.36505e-08
4.275 -7.44974e-07 -2.365e-08
4.28 -7.44971e-07 -2.36499e-08
4.285 -7.44984e-07 -2.36503e-08
4.29 -7.45004e-07 -2.36509e-08
4.295 -7.45012e-07 -2.36512e-08
4.3 -7.44999e-07 -2.36508e-08
4.305 -7.44968e-07 -2.36498e-08
4.31 -7.44936e-07 -2.36488e-08
4.315 -7.44917e-07 -2.36482e-08
4.32 -7.44913e-07 -2.3648e-08
4.325 -7.44917e-07 -2.36482e-08
4.33 -7.44918e-07 -2.36482e-08
4.335 -7.44921e-07 -2.36483e-08
4.34 -7.44934e-07 -2.36487e-08
4.345 -7.44964e-07 -2.36497e-08
4.35 -7.45001e-07 -2.36508e-08
4.355 -7.45023e-07 -2.36515e-08
4.36 -7.45016e-07 -2.36513e-08
4.365 -7.44983e-07 -2.36503e-08
4.37 -7.44947e-07 -2.36491e-08
4.375 -7.44931e-07 -2.36486e-08
4.38 -7.44942e-07 -2.36489e-08
4.385 -7.44968e-07 -2.36498e-08
4.39 -7.44995e-07 -2.36506e-08
4.395 -7.45014e-07 -2.36512e-08
4.4 -7.45026e-07 -2.36516e-08
4.405 -7.45036e-07 -2.36519e-08
4.41 -7.45045e-07 -2.36522e-08
4.415 -7.45045e-07 -2.36522e-08
4.42 -7.45033e-07 -2.36518e-08
4.425 -7.45012e-07 -2.36512e-08
4.43 -7.44993e-07 -2.36506e-08
4.435 -7.44986e-07 -2.36504e-08
4.44 -7.44993e-07 -2.36506e-08
4.445 -7.45005e-07 -2.3651e-08
4.45 -7.45013e-07 -2.36512e-08
4.455 -7.45008e-07 -2.36511e-08
4.46 -7.4499e-07 -2.36505e-08
4.465 -7.44962e-07 -2.36496e-08
4.47 -7.44935e-07 -2.36487e-08
4.475 -7.44918e-07 -2.36482e-08
4.48 -7.4492e-07 -2.36483e-08
4.485 -7.44942e-07 -2.3649e-08
4.49 -7.44975e-07 -2.365e-08
4.495 -7.45006e-07 -2.3651e-08
4.5 -7.45025e-07 -2.36516e-08
4.505 -7.4503e-07 -2.36517e-08
4.51 -7.45023e-07 -2.36515e-08
4.515 -7.45013e-07 -2.36512e-08
4.52 -7.45007e-07 -2.3651e-08
4.525 -7.45009e-07 -2.36511e-08
4.53 -7.45019e-07 -2.36514e-08
4.535 -7.45036e-07 -2.36519e-08
4.54 -7.45054e-07 -2.36525e-08
4.545 -7.45063e-07 -2.36528e-08
4.55 -7.45053e-07 -2.36525e-08
4.555 -7.45023e-07 -2.36515e-08
4.56 -7.44983e-07 -2.36503e-08
4.565 -7.4495e-07 -2.36492e-08
4.57 -7.44935e-07 -2.36487e-08
4.575 -7.44938e-07 -2.36488e-08
4.58 -7.44945e-07 -2.36491e-08
4.585 -7.44946e-07 -2.36491e-08
4.59 -7.44938e-07 -2.36488e-08
4.595 -7.44926e-07 -2.36484e-08
4.6 -7.44921e-07 -2.36483e-08
4.605 -7.44926e-07 -2.36485e-08
4.61 -7.4494e-07 -2.36489e-08
4.615 -7.44958e-07 -2.36495e-08
4.62 -7.44975e-07 -2.365e-08
4.625 -7.44987e-07 -2.36504e-08
4.63 -7.44991e-07 -2.36505e-08
4.635 -7.44984e-07 -2.36503e-08
4.64 -7.44967e-07 -2.36497e-08
4.645 -7.44941e-07 -2.36489e-08
4.65 -7.44911e-07 -2.3648e-08
4.655 -7.44878e-07 -2.36469e-08
4.66 -7.44848e-07 -2.3646e-08
4.665 -7.44831e-07 -2.36454e-08
4.67 -7.44835e-07 -2.36456e-08
4.675 -7.44861e-07 -2.36464e-08
4.68 -7.44898e-07 -2.36476e-08
4.685 -7.44933e-07 -2.36487e-08
4.69 -7.44955e-07 -2.36494e-08
4.695 -7.44964e-07 -2.36496e-08
4.7 -7.44968e-07 -2.36498e-08
4.705 -7.44975e-07 -2.365e-08
4.71 -7.44989e-07 -2.36504e-08
4.715 -7.45e-07 -2.36508e-08
4.72 -7.44996e-07 -2.36507e-08
4.725 -7.44969e-07 -2.36498e-08
4.73 -7.44927e-07 -2.36485e-08
4.735 -7.44892e-07 -2.36474e-08
4.74 -7.4488e-07 -2.3647e-08
4.745 -7.44893e-07 -2.36474e-08
4.75 -7.44912e-07 -2.3648e-08
4.755 -7.44919e-07 -2.36482e-08
4.76 -7.44911e-07 -2.3648e-08
4.765 -7.44902e-07 -2.36477e-08
4.77 -7.44907e-07 -2.36478e-08
4.775 -7.44929e-07 -2.36485e-08
4.78 -7.44952e-07 -2.36493e-08
4.785 -7.44961e-07 -2.36495e-08
4.79 -7.44954e-07 -2.36493e-08
4.795 -7.44947e-07 -2.36491e-08
4.8 -7.44954e-07 -2.36493e-08
4.805 -7.44974e-07 -2.365e-08
4.81 -7.44987e-07 -2.36504e-08
4.815 -7.44973e-07 -2.36499e-08
4.82 -7.44938e-07 -2.36488e-08
4.825 -7.4491e-07 -2.36479e-08
4.83 -7.44921e-07 -2.36483e-08
4.835 -7.44979e-07 -2.36501e-08
4.84 -7.45054e-07 -2.36525e-08
4.845 -7.45099e-07 -2.36539e-08
4.85 -7.45088e-07 -2.36536e-08
4.855 -7.45032e-07 -2.36518e-08
4.86 -7.4497e-07 -2.36499e-08
4.865 -7.44934e-07 -2.36487e-08
4.87 -7.44923e-07 -2.36484e-08
4.875 -7.44916e-07 -2.36481e-08
4.88 -7.44898e-07 -2.36476e-08
4.885 -7.44882e-07 -2.36471e-08
4.89 -7.44894e-07 -2.36474e-08
4.895 -7.44942e-07 -2.3649e-08
4.9 -7.45004e-07 -2.36509e-08
4.905 -7.45039e-07 -2.3652e-08
4.91 -7.4502e-07 -2.36514e-08
4.915 -7.44959e-07 -2.36495e-08
4.92 -7.44892e-07 -2.36474e-08
4.925 -7.44853e-07 -2.36461e-08
4.93 -7.44852e-07 -2.36461e-08
4.935 -7.44869e-07 -2.36466e-08
4.94 -7.44881e-07 -2.3647e-08
4.945 -7.44883e-07 -2.36471e-08
4.95 -7.44885e-07 -2.36472e-08
4.955 -7.44908e-07 -2.36479e-08
4.96 -7.44955e-07 -2.36494e-08
4.965 -7.45012e-07 -2.36512e-08
4.97 -7.45057e-07 -2.36526e-08
4.975 -7.45076e-07 -2.36532e-08
4.98 -7.45069e-07 -2.3653e-08
4.985 -7.45044e-07 -2.36522e-08
4.99 -7.45005e-07 -2.3651e-08
4.995 -7.44955e-07 -2.36494e-08
5 -7.44896e-07 -2.36475e-08
5.005 -7.44844e-07 -2.36458e-08
5.01 -7.44822e-07 -2.36452e-08
5.015 -7.44845e-07 -2.36459e-08
5.02 -7.44902e-07 -2.36477e-08
5.025 -7.44963e-07 -2.36496e-08
5.03 -7.45003e-07 -2.36509e-08
5.035 -7.4501e-07 -2.36511e-08
5.04 -7.44993e-07 -2.36506e-08
5.045 -7.44971e-07 -2.36499e-08
5.05 -7.44955e-07 -2.36494e-08
5.055 -7.44944e-07 -2.3649e-08
5.06 -7.44927e-07 -2.36485e-08
5.065 -7.44894e-07 -2.36474e-08
5.07 -7.44853e-07 -2.36461e-08
5.075 -7.44822e-07 -2.36452e-08
5.08 -7.44817e-07 -2.3645e-08
5.085 -7.44835e-07 -2.36455e-08
5.09 -7.44854e-07 -2.36462e-08
5.095 -7.44858e-07 -2.36463e-08
5.1 -7.4485e-07 -2.3646e-08
5.105 -7.44846e-07 -2.36459e-08
5.11 -7.44864e-07 -2.36465e-08
5.115 -7.44896e-07 -2.36475e-08
5.12 -7.44923e-07 -2.36483e-08
5.125 -7.44923e-07 -2.36483e-08
5.13 -7.449e-07 -2.36476e-08
5.135 -7.44881e-07 -2.3647e-08
5.14 -7.44891e-07 -2.36473e-08
5.145 -7.44932e-07 -2.36486e-08
5.15 -7.44977e-07 -2.36501e-08
5.155 -7.44993e-07 -2.36506e-08
5.16 -7.44964e-07 -2.36496e-08
5.165 -7.44908e-07 -2.36479e-08
5.17 -7.44862e-07 -2.36464e-08
5.175 -7.44849e-07 -2.3646e-08
5.18 -7.44859e-07 -2.36463e-08
5.185 -7.44863e-07 -2.36464e-08
5.19 -7.44842e-07 -2.36458e-08
5.195 -7.4481e-07 -2.36447e-08
5.2 -7.448e-07 -2.36444e-08
5.205 -7.44838e-07 -2.36456e-08
5.21 -7.44918e-07 -2.36482e-08
5.215 -7.45011e-07 -2.36512e-08
5.22 -7.4509e-07 -2.36536e-08
5.225 -7.45143e-07 -2.36553e-08
5.23 -7.45175e-07 -2.36564e-08
5.235 -7.45195e-07 -2.3657e-08
5.24 -7.45202e-07 -2.36572e-08
5.245 -7.45191e-07 -2.36569e-08
5.25 -7.45162e-07 -2.36559e-08
5.255 -7.45122e-07 -2.36547e-08
5.26 -7.45087e-07 -2.36536e-08
5.265 -7.45069e-07 -2.3653e-08
5.27 -7.45063e-07 -2.36528e-08
5.275 -7.45058e-07 -2.36526e-08
5.28 -7.45043e-07 -2.36522e-08
5.285 -7.45018e-07 -2.36514e-08
5.29 -7.44992e-07 -2.36505e-08
5.295 -7.44972e-07 -2.36499e-08
5.3 -7.44959e-07 -2.36495e-08
5.305 -7.44951e-07 -2.36492e-08
5.31 -7.44947e-07 -2.36491e-08
5.315 -7.44951e-07 -2.36492e-08
5.32 -7.4497e-07 -2.36498e-08
5.325 -7.45004e-07 -2.36509e-08
5.33 -7.45046e-07 -2.36522e-08
5.335 -7.45083e-07 -2.36534e-08
5.34 -7.45109e-07 -2.36542e-08
5.345 -7.45124e-07 -2.36547e-08
5.35 -7.45139e-07 -2.36552e-08
5.355 -7.45163e-07 -2.3656e-08
5.36 -7.45186e-07 -2.36567e-08
5.365 -7.45182e-07 -2.36566e-08
5.37 -7.45133e-07 -2.3655e-08
5.375 -7.45046e-07 -2.36522e-08
5.38 -7.44956e-07 -2.36494e-08
5.385 -7.44909e-07 -2.36479e-08
5.39 -7.44925e-07 -2.36484e-08
5.395 -7.44984e-07 -2.36503e-08
5.4 -7.45039e-07 -2.3652e-08
5.405 -7.45054e-07 -2.36525e-08
5.41 -7.45026e-07 -2.36516e-08
5.415 -7.44982e-07 -2.36502e-08
5.42 -7.44944e-07 -2.3649e-08
5.425 -7.44914e-07 -2.36481e-08
5.43 -7.4488e-07 -2.3647e-08
5.435 -7.44841e-07 -2.36457e-08
5.44 -7.4482e-07 -2.36451e-08
5.445 -7.44844e-07 -2.36458e-08
5.45 -7.44914e-07 -2.36481e-08
5.455 -7.44992e-07 -2.36505e-08
5.46 -7.4503e-07 -2.36518e-08
5.465 -7.45011e-07 -2.36511e-08
5.47 -7.44961e-07 -2.36496e-08
5.475 -7.44929e-07 -2.36485e-08
5.48 -7.44937e-07 -2.36488e-08
5.485 -7.44965e-07 -2.36497e-08
5.49 -7.44976e-07 -2.365e-08
5.495 -7.44949e-07 -2.36492e-08
5.5 -7.44897e-07 -2.36475e-08
5.505 -7.44853e-07 -2.36461e-08
5.51 -7.44838e-07 -2.36456e-08
5.515 -7.44844e-07 -2.36458e-08
5.52 -7.44848e-07 -2.3646e-08
5.525 -7.44837e-07 -2.36456e-08
5.53 -7.44822e-07 -2.36452e-08
5.535 -7.44826e-07 -2.36453e-08
5.54 -7.44853e-07 -2.36461e-08
5.545 -7.44882e-07 -2.36471e-08
5.55 -7.44882e-07 -2.36471e-08
5.555 -7.44843e-07 -2.36458e-08
5.56 -7.44787e-07 -2.3644e-08
5.565 -7.4476e-07 -2.36432e-08
5.57 -7.44786e-07 -2.3644e-08
5.575 -7.44857e-07 -2.36463e-08
5.58 -7.44939e-07 -2.36489e-08
5.585 -7.44997e-07 -2.36507e-08
5.59 -7.45017e-07 -2.36513e-08
5.595 -7.4501e-07 -2.36511e-08
5.6 -7.44995e-07 -2.36506e-08
5.605 -7.4498e-07 -2.36501e-08
5.61 -7.44965e-07 -2.36497e-08
5.615 -7.44946e-07 -2.36491e-08
5.62 -7.44929e-07 -2.36486e-08
5.625 -7.44925e-07 -2.36484e-08
5.63 -7.44937e-07 -2.36488e-08
5.635 -7.44957e-07 -2.36494e-08
5.64 -7.44966e-07 -2.36497e-08
5.645 -7.44953e-07 -2.36493e-08
5.65 -7.44927e-07 -2.36485e-08
5.655 -7.44907e-07 -2.36478e-08
5.66 -7.44909e-07 -2.36479e-08
5.665 -7.44936e-07 -2.36488e-08
5.67 -7.44973e-07 -2.36499e-08
5.675 -7.45006e-07 -2.3651e-08
5.68 -7.45028e-07 -2.36517e-08
5.685 -7.4504e-07 -2.36521e-08
5.69 -7.45043e-07 -2.36522e-08
5.695 -7.45039e-07 -2.3652e-08
5.7 -7.45027e-07 -2.36516e-08
5.705 -7.4501e-07 -2.36511e-08
5.71 -7.44996e-07 -2.36507e-08
5.715 -7.44992e-07 -2.36505e-08
5.72 -7.45002e-07 -2.36509e-08
5.725 -7.45025e-07 -2.36516e-08
5.73 -7.45053e-07 -2.36525e-08
5.735 -7.45076e-07 -2.36532e-08
5.74 -7.45084e-07 -2.36535e-08
5.745 -7.45075e-07 -2.36532e-08
5.75 -7.4505e-07 -2.36524e-08
5.755 -7.45018e-07 -2.36514e-08
5.76 -7.44984e-07 -2.36503e-08
5.765 -7.44953e-07 -2.36493e-08
5.77 -7.44931e-07 -2.36486e-08
5.775 -7.44917e-07 -2.36481e-08
5.78 -7.44905e-07 -2.36478e-08
5.785 -7.44888e-07 -2.36472e-08
5.79 -7.44865e-07 -2.36465e-08
5.795 -7.44846e-07 -2.36459e-08
5.8 -7.44841e-07 -2.36458e-08
5.805 -7.44852e-07 -2.36461e-08
5.81 -7.44868e-07 -2.36466e-08
5.815 -7.44875e-07 -2.36468e-08
5.82 -7.44871e-07 -2.36467e-08
5.825 -7.44865e-07 -2.36465e-08
5.83 -7.44866e-07 -2.36466e-08
5.835 -7.44884e-07 -2.36471e-08
5.84 -7.44919e-07 -2.36482e-08
5.845 -7.44969e-07 -2.36498e-08
5.85 -7.45029e-07 -2.36517e-08
5.855 -7.45089e-07 -2.36536e-08
5.86 -7.45133e-07 -2.3655e-08
5.865 -7.45147e-07 -2.36555e-08
5.87 -7.45126e-07 -2.36548e-08
5.875 -7.45079e-07 -2.36533e-08
5.88 -7.45025e-07 -2.36516e-08
5.885 -7.44984e-07 -2.36503e-08
5.89 -7.44968e-07 -2.36498e-08
5.895 -7.44973e-07 -2.365e-08
5.9 -7.44989e-07 -2.36504e-08
5.905 -7.45001e-07 -2.36508e-08
5.91 -7.45008e-07 -2.3651e-08
5.915 -7.45015e-07 -2.36513e-08
5.92 -7.45031e-07 -2.36518e-08
5.925 -7.45061e-07 -2.36527e-08
5.93 -7.45106e-07 -2.36542e-08
5.935 -7.45159e-07 -2.36558e-08
5.94 -7.4521e-07 -2.36575e-08
5.945 -7.45244e-07 -2.36586e-08
5.95 -7.45249e-07 -2.36587e-08
5.955 -7.4522e-07 -2.36578e-08
5.96 -7.45166e-07 -2.36561e-08
5.965 -7.45108e-07 -2.36542e-08
5.97 -7.45064e-07 -2.36528e-08
5.975 -7.45039e-07 -2.3652e-08
5.98 -7.45022e-07 -2.36515e-08
5.985 -7.44999e-07 -2.36508e-08
5.99 -7.44967e-07 -2.36497e-08
5.995 -7.44931e-07 -2.36486e-08
6 -7.44903e-07 -2.36477e-08
6.005 -7.44887e-07 -2.36472e-08
6.01 -7.44883e-07 -2.36471e-08
6.015 -7.44891e-07 -2.36473e-08
6.02 -7.44919e-07 -2.36482e-08
6.025 -7.44977e-07 -2.36501e-08
6.03 -7.45061e-07 -2.36527e-08
6.035 -7.45144e-07 -2.36554e-08
6.04 -7.45186e-07 -2.36567e-08
6.045 -7.45163e-07 -2.3656e-08
6.05 -7.45086e-07 -2.36535e-08
6.055 -7.44993e-07 -2.36506e-08
6.06 -7.44918e-07 -2.36482e-08
6.065 -7.44872e-07 -2.36467e-08
6.07 -7.4484e-07 -2.36457e-08
6.075 -7.44801e-07 -2.36445e-08
6.08 -7.44749e-07 -2.36428e-08
6.085 -7.44698e-07 -2.36412e-08
6.09 -7.4467e-07 -2.36403e-08
6.095 -7.44675e-07 -2.36405e-08
6.1 -7.44704e-07 -2.36414e-08
6.105 -7.44741e-07 -2.36426e-08
6.11 -7.44779e-07 -2.36438e-08
6.115 -7.44822e-07 -2.36451e-08
6.12 -7.44877e-07 -2.36469e-08
6.125 -7.44943e-07 -2.3649e-08
6.13 -7.45e-07 -2.36508e-08
6.135 -7.45035e-07 -2.36519e-08
6.14 -7.4505e-07 -2.36524e-08
6.145 -7.45064e-07 -2.36528e-08
6.15 -7.45095e-07 -2.36538e-08
6.155 -7.45139e-07 -2.36552e-08
6.16 -7.4517e-07 -2.36562e-08
6.165 -7.45168e-07 -2.36561e-08
6.17 -7.45136e-07 -2.36551e-08
6.175 -7.45103e-07 -2.36541e-08
6.18 -7.45095e-07 -2.36538e-08
6.185 -7.45123e-07 -2.36547e-08
6.19 -7.45176e-07 -2.36564e-08
6.195 -7.45236e-07 -2.36583e-08
6.2 -7.45288e-07 -2.36599e-08
6.205 -7.45325e-07 -2.36611e-08
6.21 -7.45345e-07 -2.36617e-08
6.215 -7.45342e-07 -2.36617e-08
6.22 -7.45311e-07 -2.36607e-08
6.225 -7.45248e-07 -2.36587e-08
6.23 -7.45164e-07 -2.3656e-08
6.235 -7.45083e-07 -2.36534e-08
6.24 -7.45029e-07 -2.36517e-08
6.245 -7.45016e-07 -2.36513e-08
6.25 -7.45037e-07 -2.3652e-08
6.255 -7.45073e-07 -2.36531e-08
6.26 -7.45101e-07 -2.3654e-08
6.265 -7.45113e-07 -2.36544e-08
6.27 -7.45113e-07 -2.36544e-08
6.275 -7.45108e-07 -2.36542e-08
6.28 -7.45108e-07 -2.36542e-08
6.285 -7.45111e-07 -2.36543e-08
6.29 -7.45115e-07 -2.36544e-08
6.295 -7.45116e-07 -2.36545e-08
6.3 -7.45113e-07 -2.36544e-08
6.305 -7.45105e-07 -2.36541e-08
6.31 -7.45086e-07 -2.36535e-08
6.315 -7.45045e-07 -2.36522e-08
6.32 -7.44972e-07 -2.36499e-08
6.325 -7.44868e-07 -2.36466e-08
6.33 -7.44746e-07 -2.36427e-08
6.335 -7.4463e-07 -2.36391e-08
6.34 -7.44547e-07 -2.36364e-08
6.345 -7.44507e-07 -2.36351e-08
6.35 -7.44506e-07 -2.36351e-08
6.355 -7.44525e-07 -2.36357e-08
6.36 -7.44545e-07 -2.36364e-08
6.365 -7.44556e-07 -2.36367e-08
6.37 -7.44563e-07 -2.36369e-08
6.375 -7.44578e-07 -2.36374e-08
6.38 -7.44605e-07 -2.36382e-08
6.385 -7.44635e-07 -2.36392e-08
6.39 -7.44657e-07 -2.36399e-08
6.395 -7.44668e-07 -2.36403e-08
6.4 -7.4468e-07 -2.36406e-08
6.405 -7.44707e-07 -2.36415e-08
6.41 -7.44762e-07 -2.36432e-08
6.415 -7.44846e-07 -2.36459e-08
6.42 -7.44949e-07 -2.36492e-08
6.425 -7.45065e-07 -2.36529e-08
6.43 -7.45187e-07 -2.36567e-08
6.435 -7.45304e-07 -2.36604e-08
6.44 -7.45401e-07 -2.36635e-08
6.445 -7.4546e-07 -2.36654e-08
6.45 -7.45473e-07 -2.36658e-08
6.455 -7.45452e-07 -2.36652e-08
6.46 -7.45421e-07 -2.36642e-08
6.465 -7.45396e-07 -2.36634e-08
6.47 -7.45375e-07 -2.36627e-08
6.475 -7.45342e-07 -2.36617e-08
6.48 -7.45287e-07 -2.36599e-08
6.485 -7.45222e-07 -2.36578e-08
6.49 -7.45174e-07 -2.36563e-08
6.495 -7.45154e-07 -2.36557e-08
6.5 -7.45143e-07 -2.36553e-08
6.505 -7.45102e-07 -2.3654e-08
6.51 -7.45016e-07 -2.36513e-08
6.515 -7.4491e-07 -2.36479e-08
6.52 -7.44831e-07 -2.36454e-08
6.525 -7.44808e-07 -2.36447e-08
6.53 -7.44822e-07 -2.36451e-08
6.535 -7.44823e-07 -2.36452e-08
6.54 -7.44779e-07 -2.36438e-08
6.545 -7.44705e-07 -2.36414e-08
6.55 -7.44649e-07 -2.36396e-08
6.555 -7.44646e-07 -2.36395e-08
6.56 -7.44686e-07 -2.36408e-08
6.565 -7.44728e-07 -2.36422e-08
6.57 -7.44739e-07 -2.36425e-08
6.575 -7.44728e-07 -2.36422e-08
6.58 -7.44733e-07 -2.36423e-08
6.585 -7.44785e-07 -2.3644e-08
6.59 -7.44875e-07 -2.36468e-08
6.595 -7.4496e-07 -2.36495e-08
6.6 -7.44995e-07 -2.36506e-08
6.605 -7.44972e-07 -2.36499e-08
6.61 -7.4492e-07 -2.36483e-08
6.615 -7.44876e-07 -2.36469e-08
6.62 -7.4485e-07 -2.3646e-08
6.625 -7.44821e-07 -2.36451e-08
6.63 -7.44765e-07 -2.36433e-08
6.635 -7.44688e-07 -2.36409e-08
6.64 -7.44633e-07 -2.36391e-08
6.645 -7.44637e-07 -2.36393e-08
6.65 -7.447e-07 -2.36413e-08
6.655 -7.44779e-07 -2.36438e-08
6.66 -7.44832e-07 -2.36454e-08
6.665 -7.44854e-07 -2.36461e-08
6.67 -7.44876e-07 -2.36469e-08
6.675 -7.44924e-07 -2.36484e-08
6.68 -7.44989e-07 -2.36505e-08
6.685 -7.45043e-07 -2.36522e-08
6.69 -7.4507e-07 -2.3653e-08
6.695 -7.4509e-07 -2.36536e-08
6.7 -7.4514e-07 -2.36552e-08
6.705 -7.45239e-07 -2.36584e-08
6.71 -7.4536e-07 -2.36622e-08
6.715 -7.45454e-07 -2.36652e-08
6.72 -7.45479e-07 -2.3666e-08
6.725 -7.45429e-07 -2.36644e-08
6.73 -7.45333e-07 -2.36614e-08
6.735 -7.45224e-07 -2.36579e-08
6.74 -7.4511e-07 -2.36543e-08
6.745 -7.4498e-07 -2.36502e-08
6.75 -7.44826e-07 -2.36453e-08
6.755 -7.44676e-07 -2.36405e-08
6.76 -7.44584e-07 -2.36376e-08
6.765 -7.44579e-07 -2.36374e-08
6.77 -7.44638e-07 -2.36393e-08
6.775 -7.44697e-07 -2.36412e-08
6.78 -7.44708e-07 -2.36415e-08
6.785 -7.44676e-07 -2.36405e-08
6.79 -7.4464e-07 -2.36394e-08
6.795 -7.44632e-07 -2.36391e-08
6.8 -7.44647e-07 -2.36396e-08
6.805 -7.44658e-07 -2.36399e-08
6.81 -7.44642e-07 -2.36394e-08
6.815 -7.44608e-07 -2.36383e-08
6.82 -7.44582e-07 -2.36375e-08
6.825 -7.44583e-07 -2.36376e-08
6.83 -7.44608e-07 -2.36384e-08
6.835 -7.44636e-07 -2.36392e-08
6.84 -7.44652e-07 -2.36397e-08
6.845 -7.44661e-07 -2.364e-08
6.85 -7.44686e-07 -2.36408e-08
6.855 -7.4474e-07 -2.36425e-08
6.86 -7.44821e-07 -2.36451e-08
6.865 -7.4491e-07 -2.36479e-08
6.87 -7.44988e-07 -2.36504e-08
6.875 -7.45048e-07 -2.36523e-08
6.88 -7.45096e-07 -2.36538e-08
6.885 -7.45141e-07 -2.36553e-08
6.89 -7.4519e-07 -2.36568e-08
6.895 -7.45239e-07 -2.36584e-08
6.9 -7.45275e-07 -2.36595e-08
6.905 -7.4528e-07 -2.36597e-08
6.91 -7.45242e-07 -2.36585e-08
6.915 -7.45161e-07 -2.36559e-08
6.92 -7.45048e-07 -2.36523e-08
6.925 -7.44917e-07 -2.36482e-08
6.93 -7.4479e-07 -2.36441e-08
6.935 -7.44693e-07 -2.3641e-08
6.94 -7.44646e-07 -2.36396e-08
6.945 -7.44658e-07 -2.36399e-08
6.95 -7.44713e-07 -2.36417e-08
6.955 -7.44781e-07 -2.36439e-08
6.96 -7.44831e-07 -2.36454e-08
6.965 -7.44848e-07 -2.3646e-08
6.97 -7.44836e-07 -2.36456e-08
6.975 -7.44805e-07 -2.36446e-08
6.98 -7.44764e-07 -2.36433e-08
6.985 -7.44717e-07 -2.36418e-08
6.99 -7.44676e-07 -2.36405e-08
6.995 -7.44661e-07 -2.364e-08
7 -7.44685e-07 -2.36408e-08
7.005 -7.44739e-07 -2.36425e-08
7.01 -7.44791e-07 -2.36441e-08
7.015 -7.44814e-07 -2.36449e-08
7.02 -7.44809e-07 -2.36447e-08
7.025 -7.44804e-07 -2.36446e-08
7.03 -7.44839e-07 -2.36457e-08
7.035 -7.4493e-07 -2.36486e-08
7.04 -7.45064e-07 -2.36528e-08
7.045 -7.45211e-07 -2.36575e-08
7.05 -7.45343e-07 -2.36617e-08
7.055 -7.45453e-07 -2.36652e-08
7.06 -7.45539e-07 -2.36679e-08
7.065 -7.45602e-07 -2.36699e-08
7.07 -7.45639e-07 -2.36711e-08
7.075 -7.45648e-07 -2.36714e-08
7.08 -7.45633e-07 -2.36709e-08
7.085 -7.45604e-07 -2.367e-08
7.09 -7.45571e-07 -2.36689e-08
7.095 -7.45534e-07 -2.36678e-08
7.1 -7.45481e-07 -2.36661e-08
7.105 -7.45393e-07 -2.36633e-08
7.11 -7.45268e-07 -2.36593e-08
7.115 -7.45127e-07 -2.36548e-08
7.12 -7.45002e-07 -2.36509e-08
7.125 -7.44915e-07 -2.36481e-08
7.13 -7.44863e-07 -2.36464e-08
7.135 -7.44828e-07 -2.36453e-08
7.14 -7.44798e-07 -2.36444e-08
7.145 -7.44768e-07 -2.36434e-08
7.15 -7.44738e-07 -2.36425e-08
7.155 -7.44715e-07 -2.36418e-08
7.16 -7.44705e-07 -2.36414e-08
7.165 -7.44717e-07 -2.36418e-08
7.17 -7.44754e-07 -2.3643e-08
7.175 -7.44811e-07 -2.36448e-08
7.18 -7.44869e-07 -2.36467e-08
7.185 -7.44911e-07 -2.3648e-08
7.19 -7.44925e-07 -2.36484e-08
7.195 -7.44916e-07 -2.36481e-08
7.2 -7.44901e-07 -2.36476e-08
7.205 -7.44895e-07 -2.36474e-08
7.21 -7.44899e-07 -2.36476e-08
7.215 -7.44907e-07 -2.36478e-08
7.22 -7.44909e-07 -2.36479e-08
7.225 -7.44903e-07 -2.36477e-08
7.23 -7.449e-07 -2.36476e-08
7.235 -7.44908e-07 -2.36479e-08
7.24 -7.44927e-07 -2.36485e-08
7.245 -7.4495e-07 -2.36492e-08
7.25 -7.44968e-07 -2.36498e-08
7.255 -7.44976e-07 -2.365e-08
7.26 -7.44978e-07 -2.36501e-08
7.265 -7.44979e-07 -2.36501e-08
7.27 -7.44978e-07 -2.36501e-08
7.275 -7.44963e-07 -2.36496e-08
7.28 -7.4492e-07 -2.36483e-08
7.285 -7.4485e-07 -2.3646e-08
7.29 -7.44773e-07 -2.36436e-08
7.295 -7.44716e-07 -2.36418e-08
7.3 -7.44699e-07 -2.36412e-08
7.305 -7.44716e-07 -2.36418e-08
7.31 -7.44743e-07 -2.36426e-08
7.315 -7.44762e-07 -2.36432e-08
7.32 -7.4477e-07 -2.36435e-08
7.325 -7.44785e-07 -2.3644e-08
7.33 -7.44815e-07 -2.36449e-08
7.335 -7.44855e-07 -2.36462e-08
7.34 -7.44886e-07 -2.36472e-08
7.345 -7.44899e-07 -2.36476e-08
7.35 -7.449e-07 -2.36476e-08
7.355 -7.44902e-07 -2.36477e-08
7.36 -7.44913e-07 -2.3648e-08
7.365 -7.44925e-07 -2.36484e-08
7.37 -7.44927e-07 -2.36485e-08
7.375 -7.44923e-07 -2.36484e-08
7.38 -7.44929e-07 -2.36485e-08
7.385 -7.44957e-07 -2.36494e-08
7.39 -7.45e-07 -2.36508e-08
7.395 -7.4503e-07 -2.36518e-08
7.4 -7.45025e-07 -2.36516e-08
7.405 -7.44985e-07 -2.36503e-08
7.41 -7.44939e-07 -2.36489e-08
7.415 -7.44916e-07 -2.36481e-08
7.42 -7.44925e-07 -2.36484e-08
7.425 -7.44946e-07 -2.36491e-08
7.43 -7.44949e-07 -2.36492e-08
7.435 -7.44922e-07 -2.36483e-08
7.44 -7.44878e-07 -2.36469e-08
7.445 -7.4484e-07 -2.36457e-08
7.45 -7.44826e-07 -2.36453e-08
7.455 -7.44834e-07 -2.36455e-08
7.46 -7.44852e-07 -2.36461e-08
7.465 -7.44869e-07 -2.36466e-08
7.47 -7.44895e-07 -2.36475e-08
7.475 -7.44941e-07 -2.36489e-08
7.48 -7.45004e-07 -2.36509e-08
7.485 -7.45054e-07 -2.36525e-08
7.49 -7.45051e-07 -2.36524e-08
7.495 -7.44977e-07 -2.36501e-08
7.5 -7.44854e-07 -2.36462e-08
7.505 -7.44732e-07 -2.36423e-08
7.51 -7.44652e-07 -2.36397e-08
7.515 -7.44622e-07 -2.36388e-08
7.52 -7.4463e-07 -2.3639e-08
7.525 -7.44658e-07 -2.36399e-08
7.53 -7.44698e-07 -2.36412e-08
7.535 -7.44743e-07 -2.36426e-08
7.54 -7.44783e-07 -2.36439e-08
7.545 -7.44808e-07 -2.36447e-08
7.55 -7.4481e-07 -2.36448e-08
7.555 -7.44795e-07 -2.36443e-08
7.56 -7.44775e-07 -2.36437e-08
7.565 -7.44765e-07 -2.36433e-08
7.57 -7.44779e-07 -2.36438e-08
7.575 -7.44819e-07 -2.36451e-08
7.58 -7.44883e-07 -2.36471e-08
7.585 -7.44958e-07 -2.36494e-08
7.59 -7.45026e-07 -2.36516e-08
7.595 -7.4507e-07 -2.3653e-08
7.6 -7.45085e-07 -2.36535e-08
7.605 -7.45081e-07 -2.36534e-08
7.61 -7.45079e-07 -2.36533e-08
7.615 -7.45093e-07 -2.36537e-08
7.62 -7.45123e-07 -2.36547e-08
7.625 -7.45163e-07 -2.3656e-08
7.63 -7.4521e-07 -2.36575e-08
7.635 -7.4527e-07 -2.36594e-08
7.64 -7.45344e-07 -2.36617e-08
7.645 -7.45416e-07 -2.3664e-08
7.65 -7.45464e-07 -2.36655e-08
7.655 -7.45475e-07 -2.36659e-08
7.66 -7.45456e-07 -2.36653e-08
7.665 -7.45425e-07 -2.36643e-08
7.67 -7.45394e-07 -2.36633e-08
7.675 -7.45364e-07 -2.36623e-08
7.68 -7.45324e-07 -2.36611e-08
7.685 -7.45271e-07 -2.36594e-08
7.69 -7.45214e-07 -2.36576e-08
7.695 -7.45167e-07 -2.36561e-08
7.7 -7.45138e-07 -2.36552e-08
7.705 -7.45126e-07 -2.36548e-08
7.71 -7.45125e-07 -2.36548e-08
7.715 -7.45125e-07 -2.36548e-08
7.72 -7.45121e-07 -2.36546e-08
7.725 -7.45112e-07 -2.36544e-08
7.73 -7.45099e-07 -2.36539e-08
7.735 -7.45083e-07 -2.36534e-08
7.74 -7.45066e-07 -2.36529e-08
7.745 -7.45045e-07 -2.36522e-08
7.75 -7.45022e-07 -2.36515e-08
7.755 -7.45003e-07 -2.36509e-08
7.76 -7.44991e-07 -2.36505e-08
7.765 -7.4498e-07 -2.36502e-08
7.77 -7.44952e-07 -2.36493e-08
7.775 -7.44888e-07 -2.36472e-08
7.78 -7.44786e-07 -2.3644e-08
7.785 -7.44665e-07 -2.36402e-08
7.79 -7.44562e-07 -2.36369e-08
7.795 -7.44502e-07 -2.3635e-08
7.8 -7.44489e-07 -2.36346e-08
7.805 -7.44497e-07 -2.36348e-08
7.81 -7.44493e-07 -2.36347e-08
7.815 -7.44466e-07 -2.36338e-08
7.82 -7.44435e-07 -2.36329e-08
7.825 -7.4443e-07 -2.36327e-08
7.83 -7.44463e-07 -2.36337e-08
7.835 -7.44515e-07 -2.36354e-08
7.84 -7.44557e-07 -2.36367e-08
7.845 -7.4458e-07 -2.36375e-08
7.85 -7.44609e-07 -2.36384e-08
7.855 -7.44674e-07 -2.36404e-08
7.86 -7.44773e-07 -2.36436e-08
7.865 -7.44868e-07 -2.36466e-08
7.87 -7.44911e-07 -2.3648e-08
7.875 -7.44893e-07 -2.36474e-08
7.88 -7.44851e-07 -2.36461e-08
7.885 -7.44843e-07 -2.36458e-08
7.89 -7.44892e-07 -2.36474e-08
7.895 -7.44975e-07 -2.365e-08
7.9 -7.45047e-07 -2.36523e-08
7.905 -7.45086e-07 -2.36535e-08
7.91 -7.45106e-07 -2.36542e-08
7.915 -7.45133e-07 -2.3655e-08
7.92 -7.45173e-07 -2.36563e-08
7.925 -7.45202e-07 -2.36572e-08
7.93 -7.45193e-07 -2.36569e-08
7.935 -7.45136e-07 -2.36551e-08
7.94 -7.45054e-07 -2.36525e-08
7.945 -7.44978e-07 -2.36501e-08
7.95 -7.44925e-07 -2.36484e-08
7.955 -7.44885e-07 -2.36471e-08
7.96 -7.44842e-07 -2.36458e-08
7.965 -7.44787e-07 -2.3644e-08
7.97 -7.44732e-07 -2.36423e-08
7.975 -7.44698e-07 -2.36412e-08
7.98 -7.44699e-07 -2.36412e-08
7.985 -7.44736e-07 -2.36424e-08
7.99 -7.44802e-07 -2.36445e-08
7.995 -7.44879e-07 -2.3647e-08
8 -7.44958e-07 -2.36495e-08
8.005 -7.45035e-07 -2.36519e-08
8.01 -7.45109e-07 -2.36543e-08
8.015 -7.45185e-07 -2.36567e-08
8.02 -7.45262e-07 -2.36591e-08
8.025 -7.45329e-07 -2.36612e-08
8.03 -7.4537e-07 -2.36625e-08
8.035 -7.45374e-07 -2.36627e-08
8.04 -7.45343e-07 -2.36617e-08
8.045 -7.45294e-07 -2.36601e-08
8.05 -7.45246e-07 -2.36586e-08
8.055 -7.45209e-07 -2.36574e-08
8.06 -7.45173e-07 -2.36563e-08
8.065 -7.45125e-07 -2.36548e-08
8.07 -7.45061e-07 -2.36527e-08
8.075 -7.44998e-07 -2.36507e-08
8.08 -7.44962e-07 -2.36496e-08
8.085 -7.44965e-07 -2.36497e-08
8.09 -7.44999e-07 -2.36508e-08
8.095 -7.45037e-07 -2.3652e-08
8.1 -7.45049e-07 -2.36524e-08
8.105 -7.45024e-07 -2.36516e-08
8.11 -7.4497e-07 -2.36498e-08
8.115 -7.44904e-07 -2.36478e-08
8.12 -7.44843e-07 -2.36458e-08
8.125 -7.44794e-07 -2.36443e-08
8.13 -7.44759e-07 -2.36431e-08
8.135 -7.44744e-07 -2.36427e-08
8.14 -7.44763e-07 -2.36433e-08
8.145 -7.44829e-07 -2.36454e-08
8.15 -7.4494e-07 -2.36489e-08
8.155 -7.45069e-07 -2.3653e-08
8.16 -7.45174e-07 -2.36563e-08
8.165 -7.45226e-07 -2.3658e-08
8.17 -7.45224e-07 -2.36579e-08
8.175 -7.4519e-07 -2.36568e-08
8.18 -7.45149e-07 -2.36555e-08
8.185 -7.4511e-07 -2.36543e-08
8.19 -7.45075e-07 -2.36532e-08
8.195 -7.4504e-07 -2.36521e-08
8.2 -7.45007e-07 -2.3651e-08
8.205 -7.44983e-07 -2.36503e-08
8.21 -7.44975e-07 -2.365e-08
8.215 -7.44988e-07 -2.36504e-08
8.22 -7.45017e-07 -2.36513e-08
8.225 -7.4506e-07 -2.36527e-08
8.23 -7.45112e-07 -2.36544e-08
8.235 -7.45172e-07 -2.36562e-08
8.24 -7.45236e-07 -2.36583e-08
8.245 -7.45301e-07 -2.36603e-08
8.25 -7.45357e-07 -2.36621e-08
8.255 -7.45396e-07 -2.36634e-08
8.26 -7.45409e-07 -2.36638e-08
8.265 -7.45402e-07 -2.36636e-08
8.27 -7.45386e-07 -2.36631e-08
8.275 -7.45373e-07 -2.36626e-08
8.28 -7.45364e-07 -2.36624e-08
8.285 -7.45355e-07 -2.36621e-08
8.29 -7.45339e-07 -2.36616e-08
8.295 -7.45318e-07 -2.36609e-08
8.3 -7.453e-07 -2.36603e-08
8.305 -7.45289e-07 -2.366e-08
8.31 -7.4529e-07 -2.366e-08
8.315 -7.45296e-07 -2.36602e-08
8.32 -7.45299e-07 -2.36603e-08
8.325 -7.45289e-07 -2.366e-08
8.33 -7.45261e-07 -2.36591e-08
8.335 -7.45216e-07 -2.36577e-08
8.34 -7.45157e-07 -2.36558e-08
8.345 -7.45088e-07 -2.36536e-08
8.35 -7.45012e-07 -2.36512e-08
8.355 -7.44937e-07 -2.36488e-08
8.36 -7.44869e-07 -2.36466e-08
8.365 -7.44817e-07 -2.3645e-08
8.37 -7.44789e-07 -2.36441e-08
8.375 -7.44792e-07 -2.36442e-08
8.38 -7.44827e-07 -2.36453e-08
8.385 -7.44888e-07 -2.36472e-08
8.39 -7.44955e-07 -2.36494e-08
8.395 -7.45009e-07 -2.36511e-08
8.4 -7.45044e-07 -2.36522e-08
8.405 -7.45068e-07 -2.3653e-08
8.41 -7.45099e-07 -2.36539e-08
8.415 -7.45142e-07 -2.36553e-08
8.42 -7.45184e-07 -2.36566e-08
8.425 -7.45204e-07 -2.36573e-08
8.43 -7.45197e-07 -2.36571e-08
8.435 -7.45184e-07 -2.36566e-08
8.44 -7.45192e-07 -2.36569e-08
8.445 -7.4523e-07 -2.36581e-08
8.45 -7.45279e-07 -2.36596e-08
8.455 -7.45304e-07 -2.36604e-08
8.46 -7.45288e-07 -2.36599e-08
8.465 -7.45245e-07 -2.36586e-08
8.47 -7.45205e-07 -2.36573e-08
8.475 -7.45184e-07 -2.36566e-08
8.48 -7.45168e-07 -2.36561e-08
8.485 -7.45126e-07 -2.36548e-08
8.49 -7.45036e-07 -2.3652e-08
8.495 -7.44916e-07 -2.36481e-08
8.5 -7.4481e-07 -2.36448e-08
8.505 -7.44761e-07 -2.36432e-08
8.51 -7.44769e-07 -2.36435e-08
8.515 -7.44797e-07 -2.36444e-08
8.52 -7.44805e-07 -2.36446e-08
8.525 -7.44787e-07 -2.3644e-08
8.53 -7.44782e-07 -2.36439e-08
8.535 -7.44827e-07 -2.36453e-08
8.54 -7.44921e-07 -2.36483e-08
8.545 -7.4502e-07 -2.36514e-08
8.55 -7.45079e-07 -2.36533e-08
8.555 -7.4509e-07 -2.36536e-08
8.56 -7.4509e-07 -2.36536e-08
8.565 -7.45121e-07 -2.36546e-08
8.57 -7.45188e-07 -2.36568e-08
8.575 -7.45254e-07 -2.36588e-08
8.58 -7.45277e-07 -2.36596e-08
8.585 -7.45249e-07 -2.36587e-08
8.59 -7.45206e-07 -2.36573e-08
8.595 -7.45191e-07 -2.36568e-08
8.6 -7.45218e-07 -2.36577e-08
8.605 -7.45261e-07 -2.36591e-08
8.61 -7.45283e-07 -2.36598e-08
8.615 -7.45267e-07 -2.36593e-08
8.62 -7.45235e-07 -2.36583e-08
8.625 -7.45225e-07 -2.36579e-08
8.63 -7.45256e-07 -2.36589e-08
8.635 -7.45314e-07 -2.36608e-08
8.64 -7.45363e-07 -2.36623e-08
8.645 -7.45373e-07 -2.36626e-08
8.65 -7.45346e-07 -2.36618e-08
8.655 -7.4531e-07 -2.36606e-08
8.66 -7.45288e-07 -2.36599e-08
8.665 -7.45281e-07 -2.36597e-08
8.67 -7.4527e-07 -2.36594e-08
8.675 -7.45239e-07 -2.36584e-08
8.68 -7.45195e-07 -2.3657e-08
8.685 -7.4516e-07 -2.36559e-08
8.69 -7.45151e-07 -2.36556e-08
8.695 -7.45156e-07 -2.36558e-08
8.7 -7.45145e-07 -2.36554e-08
8.705 -7.45096e-07 -2.36538e-08
8.71 -7.45014e-07 -2.36512e-08
8.715 -7.4493e-07 -2.36486e-08
8.72 -7.44875e-07 -2.36468e-08
8.725 -7.44856e-07 -2.36462e-08
8.73 -7.44858e-07 -2.36463e-08
8.735 -7.4487e-07 -2.36467e-08
8.74 -7.4489e-07 -2.36473e-08
8.745 -7.44927e-07 -2.36485e-08
8.75 -7.44981e-07 -2.36502e-08
8.755 -7.4503e-07 -2.36518e-08
8.76 -7.45051e-07 -2.36524e-08
8.765 -7.45034e-07 -2.36519e-08
8.77 -7.44988e-07 -2.36504e-08
8.775 -7.44925e-07 -2.36484e-08
8.78 -7.44847e-07 -2.36459e-08
8.785 -7.4475e-07 -2.36428e-08
8.79 -7.44638e-07 -2.36393e-08
8.795 -7.44532e-07 -2.36359e-08
8.8 -7.44451e-07 -2.36334e-08
8.805 -7.44406e-07 -2.36319e-08
8.81 -7.44395e-07 -2.36316e-08
8.815 -7.44403e-07 -2.36318e-08
8.82 -7.44416e-07 -2.36323e-08
8.825 -7.44434e-07 -2.36328e-08
8.83 -7.44465e-07 -2.36338e-08
8.835 -7.44513e-07 -2.36353e-08
8.84 -7.44573e-07 -2.36372e-08
8.845 -7.44623e-07 -2.36388e-08
8.85 -7.44647e-07 -2.36396e-08
8.855 -7.44644e-07 -2.36395e-08
8.86 -7.44631e-07 -2.36391e-08
8.865 -7.44627e-07 -2.36389e-08
8.87 -7.44632e-07 -2.36391e-08
8.875 -7.44638e-07 -2.36393e-08
8.88 -7.44636e-07 -2.36392e-08
8.885 -7.44634e-07 -2.36392e-08
8.89 -7.44655e-07 -2.36398e-08
8.895 -7.4471e-07 -2.36416e-08
8.9 -7.44789e-07 -2.36441e-08
8.905 -7.44866e-07 -2.36465e-08
8.91 -7.44915e-07 -2.36481e-08
8.915 -7.44934e-07 -2.36487e-08
8.92 -7.44943e-07 -2.3649e-08
8.925 -7.44965e-07 -2.36497e-08
8.93 -7.45003e-07 -2.36509e-08
8.935 -7.45043e-07 -2.36522e-08
8.94 -7.45076e-07 -2.36532e-08
8.945 -7.45107e-07 -2.36542e-08
8.95 -7.45156e-07 -2.36557e-08
8.955 -7.45229e-07 -2.3658e-08
8.96 -7.45302e-07 -2.36604e-08
8.965 -7.45335e-07 -2.36614e-08
8.97 -7.45306e-07 -2.36605e-08
8.975 -7.45232e-07 -2.36582e-08
8.98 -7.45161e-07 -2.36559e-08
8.985 -7.45126e-07 -2.36548e-08
8.99 -7.45119e-07 -2.36546e-08
8.995 -7.45097e-07 -2.36539e-08
9 -7.45033e-07 -2.36519e-08
9.005 -7.44945e-07 -2.3649e-08
9.01 -7.44877e-07 -2.36469e-08
9.015 -7.44862e-07 -2.36464e-08
9.02 -7.44885e-07 -2.36471e-08
9.025 -7.44903e-07 -2.36477e-08
9.03 -7.44884e-07 -2.36471e-08
9.035 -7.44838e-07 -2.36456e-08
9.04 -7.44802e-07 -2.36445e-08
9.045 -7.44807e-07 -2.36447e-08
9.05 -7.44854e-07 -2.36462e-08
9.055 -7.44912e-07 -2.3648e-08
9.06 -7.44952e-07 -2.36493e-08
9.065 -7.44972e-07 -2.36499e-08
9.07 -7.45e-07 -2.36508e-08
9.075 -7.45062e-07 -2.36528e-08
9.08 -7.45155e-07 -2.36557e-08
9.085 -7.45246e-07 -2.36586e-08
9.09 -7.45295e-07 -2.36602e-08
9.095 -7.45296e-07 -2.36602e-08
9.1 -7.45276e-07 -2.36595e-08
9.105 -7.45266e-07 -2.36592e-08
9.11 -7.4527e-07 -2.36594e-08
9.115 -7.45258e-07 -2.3659e-08
9.12 -7.45201e-07 -2.36572e-08
9.125 -7.45107e-07 -2.36542e-08
9.13 -7.45018e-07 -2.36514e-08
9.135 -7.44976e-07 -2.365e-08
9.14 -7.4498e-07 -2.36501e-08
9.145 -7.44987e-07 -2.36504e-08
9.15 -7.44951e-07 -2.36492e-08
9.155 -7.44865e-07 -2.36465e-08
9.16 -7.44761e-07 -2.36432e-08
9.165 -7.44683e-07 -2.36407e-08
9.17 -7.44645e-07 -2.36395e-08
9.175 -7.44625e-07 -2.36389e-08
9.18 -7.44593e-07 -2.36379e-08
9.185 -7.44551e-07 -2.36365e-08
9.19 -7.44539e-07 -2.36362e-08
9.195 -7.44604e-07 -2.36382e-08
9.2 -7.44752e-07 -2.36429e-08
9.205 -7.44925e-07 -2.36484e-08
9.21 -7.45041e-07 -2.36521e-08
9.215 -7.4506e-07 -2.36527e-08
9.22 -7.45013e-07 -2.36512e-08
9.225 -7.4497e-07 -2.36498e-08
9.23 -7.44968e-07 -2.36498e-08
9.235 -7.44986e-07 -2.36503e-08
9.24 -7.44968e-07 -2.36498e-08
9.245 -7.44893e-07 -2.36474e-08
9.25 -7.44794e-07 -2.36443e-08
9.255 -7.44734e-07 -2.36423e-08
9.26 -7.44742e-07 -2.36426e-08
9.265 -7.4479e-07 -2.36441e-08
9.27 -7.4482e-07 -2.36451e-08
9.275 -7.44799e-07 -2.36444e-08
9.28 -7.44751e-07 -2.36429e-08
9.285 -7.44728e-07 -2.36422e-08
9.29 -7.44767e-07 -2.36434e-08
9.295 -7.44857e-07 -2.36463e-08
9.3 -7.44959e-07 -2.36495e-08
9.305 -7.45039e-07 -2.3652e-08
9.31 -7.45086e-07 -2.36535e-08
9.315 -7.4511e-07 -2.36543e-08
9.32 -7.45118e-07 -2.36545e-08
9.325 -7.45108e-07 -2.36542e-08
9.33 -7.45076e-07 -2.36532e-08
9.335 -7.45021e-07 -2.36514e-08
9.34 -7.44956e-07 -2.36494e-08
9.345 -7.44899e-07 -2.36476e-08
9.35 -7.44862e-07 -2.36464e-08
9.355 -7.4484e-07 -2.36457e-08
9.36 -7.44816e-07 -2.36449e-08
9.365 -7.44777e-07 -2.36437e-08
9.37 -7.44722e-07 -2.3642e-08
9.375 -7.44667e-07 -2.36402e-08
9.38 -7.44627e-07 -2.36389e-08
9.385 -7.44601e-07 -2.36381e-08
9.39 -7.44579e-07 -2.36374e-08
9.395 -7.44549e-07 -2.36365e-08
9.4 -7.44508e-07 -2.36352e-08
9.405 -7.44465e-07 -2.36338e-08
9.41 -7.44429e-07 -2.36327e-08
9.415 -7.44407e-07 -2.3632e-08
9.42 -7.44398e-07 -2.36317e-08
9.425 -7.44394e-07 -2.36316e-08
9.43 -7.44394e-07 -2.36316e-08
9.435 -7.44402e-07 -2.36318e-08
9.44 -7.44427e-07 -2.36326e-08
9.445 -7.44482e-07 -2.36343e-08
9.45 -7.44567e-07 -2.3637e-08
9.455 -7.4467e-07 -2.36403e-08
9.46 -7.4477e-07 -2.36435e-08
9.465 -7.44844e-07 -2.36458e-08
9.47 -7.44882e-07 -2.36471e-08
9.475 -7.44894e-07 -2.36474e-08
9.48 -7.44899e-07 -2.36476e-08
9.485 -7.44913e-07 -2.3648e-08
9.49 -7.44933e-07 -2.36487e-08
9.495 -7.44947e-07 -2.36491e-08
9.5 -7.44943e-07 -2.3649e-08
9.505 -7.44926e-07 -2.36485e-08
9.51 -7.44916e-07 -2.36481e-08
9.515 -7.44926e-07 -2.36484e-08
9.52 -7.44954e-07 -2.36493e-08
9.525 -7.44982e-07 -2.36502e-08
9.53 -7.44993e-07 -2.36506e-08
9.535 -7.4499e-07 -2.36505e-08
9.54 -7.44989e-07 -2.36504e-08
9.545 -7.45006e-07 -2.3651e-08
9.55 -7.4504e-07 -2.36521e-08
9.555 -7.45072e-07 -2.36531e-08
9.56 -7.45081e-07 -2.36534e-08
9.565 -7.45056e-07 -2.36526e-08
9.57 -7.44997e-07 -2.36507e-08
9.575 -7.44914e-07 -2.36481e-08
9.58 -7.44824e-07 -2.36452e-08
9.585 -7.44747e-07 -2.36428e-08
9.59 -7.44694e-07 -2.36411e-08
9.595 -7.44665e-07 -2.36401e-08
9.6 -7.44645e-07 -2.36395e-08
9.605 -7.44626e-07 -2.36389e-08
9.61 -7.4461e-07 -2.36384e-08
9.615 -7.44604e-07 -2.36382e-08
9.62 -7.44611e-07 -2.36385e-08
9.625 -7.44623e-07 -2.36388e-08
9.63 -7.44625e-07 -2.36389e-08
9.635 -7.44614e-07 -2.36385e-08
9.64 -7.44597e-07 -2.3638e-08
9.645 -7.44589e-07 -2.36378e-08
9.65 -7.44601e-07 -2.36381e-08
9.655 -7.44624e-07 -2.36389e-08
9.66 -7.44643e-07 -2.36395e-08
9.665 -7.44648e-07 -2.36396e-08
9.67 -7.44647e-07 -2.36396e-08
9.675 -7.44656e-07 -2.36399e-08
9.68 -7.44685e-07 -2.36408e-08
9.685 -7.44732e-07 -2.36423e-08
9.69 -7.4478e-07 -2.36438e-08
9.695 -7.44813e-07 -2.36449e-08
9.7 -7.44831e-07 -2.36454e-08
9.705 -7.44841e-07 -2.36457e-08
9.71 -7.44852e-07 -2.36461e-08
9.715 -7.44865e-07 -2.36465e-08
9.72 -7.44869e-07 -2.36466e-08
9.725 -7.44857e-07 -2.36462e-08
9.73 -7.44832e-07 -2.36455e-08
9.735 -7.44806e-07 -2.36446e-08
9.74 -7.44787e-07 -2.3644e-08
9.745 -7.4477e-07 -2.36435e-08
9.75 -7.44742e-07 -2.36426e-08
9.755 -7.44695e-07 -2.36411e-08
9.76 -7.44639e-07 -2.36393e-08
9.765 -7.44598e-07 -2.3638e-08
9.77 -7.44585e-07 -2.36376e-08
9.775 -7.44598e-07 -2.3638e-08
9.78 -7.44621e-07 -2.36388e-08
9.785 -7.44643e-07 -2.36395e-08
9.79 -7.44672e-07 -2.36404e-08
9.795 -7.44721e-07 -2.36419e-08
9.8 -7.44793e-07 -2.36442e-08
9.805 -7.44872e-07 -2.36467e-08
9.81 -7.44937e-07 -2.36488e-08
9.815 -7.44981e-07 -2.36502e-08
9.82 -7.45016e-07 -2.36513e-08
9.825 -7.45064e-07 -2.36528e-08
9.83 -7.45127e-07 -2.36548e-08
9.835 -7.45191e-07 -2.36569e-08
9.84 -7.45238e-07 -2.36583e-08
9.845 -7.45257e-07 -2.36589e-08
9.85 -7.45258e-07 -2.3659e-08
9.855 -7.4526e-07 -2.3659e-08
9.86 -7.45275e-07 -2.36595e-08
9.865 -7.45305e-07 -2.36605e-08
9.87 -7.45334e-07 -2.36614e-08
9.875 -7.4535e-07 -2.36619e-08
9.88 -7.45348e-07 -2.36618e-08
9.885 -7.45337e-07 -2.36615e-08
9.89 -7.45323e-07 -2.36611e-08
9.895 -7.4531e-07 -2.36606e-08
9.9 -7.4529e-07 -2.366e-08
9.905 -7.45262e-07 -2.36591e-08
9.91 -7.45232e-07 -2.36581e-08
9.915 -7.45211e-07 -2.36575e-08
9.92 -7.45207e-07 -2.36574e-08
9.925 -7.45213e-07 -2.36575e-08
9.93 -7.4522e-07 -2.36578e-08
9.935 -7.45222e-07 -2.36578e-08
9.94 -7.45217e-07 -2.36577e-08
9.945 -7.45201e-07 -2.36572e-08
9.95 -7.45159e-07 -2.36558e-08
9.955 -7.45079e-07 -2.36533e-08
9.96 -7.44969e-07 -2.36498e-08
9.965 -7.4486e-07 -2.36464e-08
9.97 -7.44785e-07 -2.3644e-08
9.975 -7.44747e-07 -2.36428e-08
9.98 -7.44723e-07 -2.3642e-08
9.985 -7.44695e-07 -2.36411e-08
9.99 -7.44672e-07 -2.36404e-08
9.995 -7.4468e-07 -2.36406e-08
10 -7.44733e-07 -2.36423e-08
10.005 -7.44812e-07 -2.36448e-08
10.01 -7.44878e-07 -2.36469e-08
10.015 -7.44906e-07 -2.36478e-08
10.02 -7.44901e-07 -2.36477e-08
10.025 -7.44897e-07 -2.36475e-08
10.03 -7.44915e-07 -2.36481e-08
10.035 -7.44948e-07 -2.36491e-08
10.04 -7.44962e-07 -2.36496e-08
10.045 -7.4493e-07 -2.36486e-08
10.05 -7.44855e-07 -2.36462e-08
10.055 -7.44773e-07 -2.36436e-08
10.06 -7.44719e-07 -2.36419e-08
10.065 -7.44705e-07 -2.36414e-08
10.07 -7.44708e-07 -2.36415e-08
10.075 -7.44699e-07 -2.36413e-08
10.08 -7.44671e-07 -2.36404e-08
10.085 -7.44644e-07 -2.36395e-08
10.09 -7.44642e-07 -2.36394e-08
10.095 -7.44669e-07 -2.36403e-08
10.1 -7.44699e-07 -2.36412e-08
10.105 -7.44701e-07 -2.36413e-08
10.11 -7.44669e-07 -2.36403e-08
10.115 -7.44632e-07 -2.36391e-08
10.12 -7.44627e-07 -2.3639e-08
10.125 -7.44673e-07 -2.36404e-08
10.13 -7.44755e-07 -2.3643e-08
10.135 -7.44836e-07 -2.36456e-08
10.14 -7.44893e-07 -2.36474e-08
10.145 -7.44926e-07 -2.36484e-08
10.15 -7.44954e-07 -2.36493e-08
10.155 -7.44993e-07 -2.36506e-08
10.16 -7.45035e-07 -2.36519e-08
10.165 -7.45066e-07 -2.36529e-08
10.17 -7.45076e-07 -2.36532e-08
10.175 -7.45072e-07 -2.36531e-08
10.18 -7.45067e-07 -2.36529e-08
10.185 -7.45073e-07 -2.36531e-08
10.19 -7.45087e-07 -2.36536e-08
10.195 -7.45101e-07 -2.3654e-08
10.2 -7.45108e-07 -2.36542e-08
10.205 -7.4511e-07 -2.36543e-08
10.21 -7.45119e-07 -2.36546e-08
10.215 -7.45143e-07 -2.36553e-08
10.22 -7.45183e-07 -2.36566e-08
10.225 -7.45227e-07 -2.3658e-08
10.23 -7.45265e-07 -2.36592e-08
10.235 -7.45288e-07 -2.36599e-08
10.24 -7.45295e-07 -2.36602e-08
10.245 -7.45296e-07 -2.36602e-08
10.25 -7.45301e-07 -2.36604e-08
10.255 -7.45315e-07 -2.36608e-08
10.26 -7.45335e-07 -2.36614e-08
10.265 -7.45354e-07 -2.3662e-08
10.27 -7.45365e-07 -2.36624e-08
10.275 -7.4537e-07 -2.36625e-08
10.28 -7.45376e-07 -2.36627e-08
10.285 -7.45386e-07 -2.36631e-08
10.29 -7.45398e-07 -2.36634e-08
10.295 -7.45404e-07 -2.36636e-08
10.3 -7.45403e-07 -2.36636e-08
10.305 -7.45395e-07 -2.36633e-08
10.31 -7.45386e-07 -2.36631e-08
10.315 -7.45379e-07 -2.36628e-08
10.32 -7.45373e-07 -2.36626e-08
10.325 -7.45365e-07 -2.36624e-08
10.33 -7.45352e-07 -2.3662e-08
10.335 -7.45333e-07 -2.36614e-08
10.34 -7.45311e-07 -2.36607e-08
10.345 -7.45291e-07 -2.366e-08
10.35 -7.45281e-07 -2.36597e-08
10.355 -7.45289e-07 -2.366e-08
10.36 -7.4532e-07 -2.3661e-08
10.365 -7.45373e-07 -2.36626e-08
10.37 -7.45435e-07 -2.36646e-08
10.375 -7.45493e-07 -2.36665e-08
10.38 -7.45533e-07 -2.36677e-08
10.385 -7.4555e-07 -2.36682e-08
10.39 -7.45546e-07 -2.36681e-08
10.395 -7.45531e-07 -2.36677e-08
10.4 -7.45514e-07 -2.36671e-08
10.405 -7.45494e-07 -2.36665e-08
10.41 -7.45465e-07 -2.36655e-08
10.415 -7.45419e-07 -2.36641e-08
10.42 -7.45358e-07 -2.36622e-08
10.425 -7.4529e-07 -2.366e-08
10.43 -7.45226e-07 -2.3658e-08
10.435 -7.45173e-07 -2.36563e-08
10.44 -7.45129e-07 -2.36549e-08
10.445 -7.45089e-07 -2.36536e-08
10.45 -7.45056e-07 -2.36526e-08
10.455 -7.45035e-07 -2.36519e-08
10.46 -7.45032e-07 -2.36518e-08
10.465 -7.45042e-07 -2.36521e-08
10.47 -7.45054e-07 -2.36525e-08
10.475 -7.45056e-07 -2.36526e-08
10.48 -7.45046e-07 -2.36523e-08
10.485 -7.45027e-07 -2.36516e-08
10.49 -7.45001e-07 -2.36508e-08
10.495 -7.44966e-07 -2.36497e-08
10.5 -7.44919e-07 -2.36482e-08
10.505 -7.44867e-07 -2.36466e-08
10.51 -7.44825e-07 -2.36452e-08
10.515 -7.44809e-07 -2.36447e-08
10.52 -7.44828e-07 -2.36453e-08
10.525 -7.44875e-07 -2.36468e-08
10.53 -7.44934e-07 -2.36487e-08
10.535 -7.44996e-07 -2.36507e-08
10.54 -7.45055e-07 -2.36525e-08
10.545 -7.45112e-07 -2.36543e-08
10.55 -7.45165e-07 -2.3656e-08
10.555 -7.45212e-07 -2.36575e-08
10.56 -7.45248e-07 -2.36587e-08
10.565 -7.45272e-07 -2.36594e-08
10.57 -7.45284e-07 -2.36598e-08
10.575 -7.45289e-07 -2.366e-08
10.58 -7.45294e-07 -2.36601e-08
10.585 -7.45302e-07 -2.36604e-08
10.59 -7.45308e-07 -2.36606e-08
10.595 -7.45306e-07 -2.36605e-08
10.6 -7.45291e-07 -2.366e-08
10.605 -7.45268e-07 -2.36593e-08
10.61 -7.45247e-07 -2.36586e-08
10.615 -7.45237e-07 -2.36583e-08
10.62 -7.45242e-07 -2.36585e-08
10.625 -7.45252e-07 -2.36588e-08
10.63 -7.45259e-07 -2.3659e-08
10.635 -7.45257e-07 -2.3659e-08
10.64 -7.45249e-07 -2.36587e-08
10.645 -7.45241e-07 -2.36584e-08
10.65 -7.45234e-07 -2.36582e-08
10.655 -7.45228e-07 -2.3658e-08
10.66 -7.4522e-07 -2.36578e-08
10.665 -7.45216e-07 -2.36576e-08
10.67 -7.45223e-07 -2.36579e-08
10.675 -7.45242e-07 -2.36585e-08
10.68 -7.45269e-07 -2.36593e-08
10.685 -7.4529e-07 -2.366e-08
10.69 -7.45297e-07 -2.36602e-08
10.695 -7.45286e-07 -2.36599e-08
10.7 -7.45262e-07 -2.36591e-08
10.705 -7.45231e-07 -2.36581e-08
10.71 -7.45197e-07 -2.36571e-08
10.715 -7.4516e-07 -2.36559e-08
10.72 -7.45121e-07 -2.36546e-08
10.725 -7.45081e-07 -2.36534e-08
10.73 -7.45045e-07 -2.36522e-08
10.735 -7.45017e-07 -2.36513e-08
10.74 -7.44999e-07 -2.36508e-08
10.745 -7.44995e-07 -2.36506e-08
10.75 -7.45006e-07 -2.3651e-08
10.755 -7.45026e-07 -2.36516e-08
10.76 -7.45051e-07 -2.36524e-08
10.765 -7.45075e-07 -2.36532e-08
10.77 -7.45092e-07 -2.36537e-08
10.775 -7.45095e-07 -2.36538e-08
10.78 -7.45075e-07 -2.36532e-08
10.785 -7.45021e-07 -2.36515e-08
10.79 -7.44929e-07 -2.36486e-08
10.795 -7.44815e-07 -2.36449e-08
10.8 -7.44705e-07 -2.36414e-08
10.805 -7.44617e-07 -2.36386e-08
10.81 -7.44544e-07 -2.36363e-08
10.815 -7.44462e-07 -2.36337e-08
10.82 -7.4436e-07 -2.36305e-08
10.825 -7.44256e-07 -2.36272e-08
10.83 -7.44184e-07 -2.36249e-08
10.835 -7.44162e-07 -2.36242e-08
10.84 -7.44177e-07 -2.36247e-08
10.845 -7.44204e-07 -2.36255e-08
10.85 -7.44234e-07 -2.36265e-08
10.855 -7.44275e-07 -2.36278e-08
10.86 -7.44341e-07 -2.36299e-08
10.865 -7.44425e-07 -2.36325e-08
10.87 -7.44502e-07 -2.3635e-08
10.875 -7.4455e-07 -2.36365e-08
10.88 -7.4457e-07 -2.36371e-08
10.885 -7.44589e-07 -2.36377e-08
10.89 -7.4463e-07 -2.36391e-08
10.895 -7.44697e-07 -2.36412e-08
10.9 -7.44771e-07 -2.36435e-08
10.905 -7.44834e-07 -2.36455e-08
10.91 -7.44878e-07 -2.36469e-08
10.915 -7.4491e-07 -2.36479e-08
10.92 -7.44933e-07 -2.36487e-08
10.925 -7.44947e-07 -2.36491e-08
10.93 -7.44952e-07 -2.36493e-08
10.935 -7.44952e-07 -2.36493e-08
10.94 -7.44953e-07 -2.36493e-08
10.945 -7.44965e-07 -2.36497e-08
10.95 -7.44989e-07 -2.36504e-08
10.955 -7.45019e-07 -2.36514e-08
10.96 -7.45044e-07 -2.36522e-08
10.965 -7.45056e-07 -2.36526e-08
10.97 -7.45053e-07 -2.36525e-08
10.975 -7.4504e-07 -2.36521e-08
10.98 -7.4502e-07 -2.36514e-08
10.985 -7.44994e-07 -2.36506e-08
10.99 -7.44959e-07 -2.36495e-08
10.995 -7.44914e-07 -2.36481e-08
11 -7.44863e-07 -2.36464e-08
11.005 -7.44813e-07 -2.36449e-08
11.01 -7.4477e-07 -2.36435e-08
11.015 -7.44729e-07 -2.36422e-08
11.02 -7.44685e-07 -2.36408e-08
11.025 -7.44633e-07 -2.36391e-08
11.03 -7.44576e-07 -2.36373e-08
11.035 -7.44521e-07 -2.36356e-08
11.04 -7.44474e-07 -2.36341e-08
11.045 -7.44439e-07 -2.3633e-08
11.05 -7.44417e-07 -2.36323e-08
11.055 -7.4441e-07 -2.36321e-08
11.06 -7.44419e-07 -2.36324e-08
11.065 -7.44446e-07 -2.36332e-08
11.07 -7.44488e-07 -2.36345e-08
11.075 -7.44544e-07 -2.36363e-08
11.08 -7.44608e-07 -2.36384e-08
11.085 -7.44669e-07 -2.36403e-08
11.09 -7.44719e-07 -2.36419e-08
11.095 -7.44759e-07 -2.36431e-08
11.1 -7.44796e-07 -2.36443e-08
11.105 -7.44838e-07 -2.36456e-08
11.11 -7.44881e-07 -2.3647e-08
11.115 -7.44923e-07 -2.36483e-08
11.12 -7.44965e-07 -2.36497e-08
11.125 -7.45019e-07 -2.36514e-08
11.13 -7.45092e-07 -2.36537e-08
11.135 -7.45178e-07 -2.36564e-08
11.14 -7.45257e-07 -2.36589e-08
11.145 -7.45306e-07 -2.36605e-08
11.15 -7.4531e-07 -2.36606e-08
11.155 -7.45276e-07 -2.36596e-08
11.16 -7.45221e-07 -2.36578e-08
11.165 -7.45164e-07 -2.3656e-08
11.17 -7.45116e-07 -2.36545e-08
11.175 -7.45079e-07 -2.36533e-08
11.18 -7.45048e-07 -2.36523e-08
11.185 -7.45023e-07 -2.36515e-08
11.19 -7.45009e-07 -2.36511e-08
11.195 -7.45009e-07 -2.36511e-08
11.2 -7.45027e-07 -2.36516e-08
11.205 -7.45059e-07 -2.36527e-08
11.21 -7.45099e-07 -2.36539e-08
11.215 -7.45139e-07 -2.36552e-08
11.22 -7.45175e-07 -2.36563e-08
11.225 -7.45209e-07 -2.36574e-08
11.23 -7.45243e-07 -2.36585e-08
11.235 -7.45271e-07 -2.36594e-08
11.24 -7.45283e-07 -2.36598e-08
11.245 -7.45272e-07 -2.36594e-08
11.25 -7.45241e-07 -2.36585e-08
11.255 -7.45205e-07 -2.36573e-08
11.26 -7.45177e-07 -2.36564e-08
11.265 -7.45165e-07 -2.3656e-08
11.27 -7.45165e-07 -2.3656e-08
11.275 -7.45166e-07 -2.36561e-08
11.28 -7.45154e-07 -2.36557e-08
11.285 -7.45123e-07 -2.36547e-08
11.29 -7.45072e-07 -2.36531e-08
11.295 -7.45009e-07 -2.36511e-08
11.3 -7.44947e-07 -2.36491e-08
11.305 -7.449e-07 -2.36476e-08
11.31 -7.44878e-07 -2.36469e-08
11.315 -7.44881e-07 -2.3647e-08
11.32 -7.449e-07 -2.36476e-08
11.325 -7.44926e-07 -2.36484e-08
11.33 -7.44954e-07 -2.36493e-08
11.335 -7.44988e-07 -2.36504e-08
11.34 -7.45031e-07 -2.36518e-08
11.345 -7.45077e-07 -2.36532e-08
11.35 -7.45115e-07 -2.36544e-08
11.355 -7.45135e-07 -2.36551e-08
11.36 -7.45133e-07 -2.3655e-08
11.365 -7.45111e-07 -2.36543e-08
11.37 -7.45073e-07 -2.36531e-08
11.375 -7.45024e-07 -2.36515e-08
11.38 -7.44973e-07 -2.36499e-08
11.385 -7.4493e-07 -2.36486e-08
11.39 -7.44899e-07 -2.36476e-08
11.395 -7.4488e-07 -2.3647e-08
11.4 -7.44877e-07 -2.36469e-08
11.405 -7.44896e-07 -2.36475e-08
11.41 -7.44939e-07 -2.36489e-08
11.415 -7.44999e-07 -2.36508e-08
11.42 -7.45062e-07 -2.36528e-08
11.425 -7.45124e-07 -2.36547e-08
11.43 -7.45188e-07 -2.36568e-08
11.435 -7.45248e-07 -2.36587e-08
11.44 -7.45286e-07 -2.36599e-08
11.445 -7.45291e-07 -2.366e-08
11.45 -7.45278e-07 -2.36596e-08
11.455 -7.45273e-07 -2.36595e-08
11.46 -7.4529e-07 -2.366e-08
11.465 -7.45314e-07 -2.36608e-08
11.47 -7.45322e-07 -2.3661e-08
11.475 -7.45304e-07 -2.36605e-08
11.48 -7.45275e-07 -2.36595e-08
11.485 -7.45253e-07 -2.36588e-08
11.49 -7.45243e-07 -2.36585e-08
11.495 -7.4523e-07 -2.36581e-08
11.5 -7.45194e-07 -2.3657e-08
11.505 -7.45142e-07 -2.36553e-08
11.51 -7.45099e-07 -2.36539e-08
11.515 -7.45088e-07 -2.36536e-08
11.52 -7.45111e-07 -2.36543e-08
11.525 -7.45147e-07 -2.36555e-08
11.53 -7.45175e-07 -2.36564e-08
11.535 -7.45191e-07 -2.36568e-08
11.54 -7.45199e-07 -2.36571e-08
11.545 -7.45207e-07 -2.36574e-08
11.55 -7.4521e-07 -2.36575e-08
11.555 -7.45202e-07 -2.36572e-08
11.56 -7.4518e-07 -2.36565e-08
11.565 -7.45151e-07 -2.36556e-08
11.57 -7.45131e-07 -2.3655e-08
11.575 -7.45129e-07 -2.36549e-08
11.58 -7.45137e-07 -2.36551e-08
11.585 -7.45136e-07 -2.36551e-08
11.59 -7.45112e-07 -2.36544e-08
11.595 -7.45068e-07 -2.36529e-08
11.6 -7.45022e-07 -2.36515e-08
11.605 -7.44993e-07 -2.36506e-08
11.61 -7.44984e-07 -2.36503e-08
11.615 -7.44981e-07 -2.36502e-08
11.62 -7.44968e-07 -2.36498e-08
11.625 -7.44941e-07 -2.36489e-08
11.63 -7.44906e-07 -2.36478e-08
11.635 -7.44871e-07 -2.36467e-08
11.64 -7.44836e-07 -2.36456e-08
11.645 -7.44793e-07 -2.36442e-08
11.65 -7.44738e-07 -2.36425e-08
11.655 -7.44677e-07 -2.36405e-08
11.66 -7.44628e-07 -2.3639e-08
11.665 -7.44618e-07 -2.36387e-08
11.67 -7.44659e-07 -2.364e-08
11.675 -7.44735e-07 -2.36424e-08
11.68 -7.44818e-07 -2.3645e-08
11.685 -7.44894e-07 -2.36474e-08
11.69 -7.44976e-07 -2.365e-08
11.695 -7.4508e-07 -2.36533e-08
11.7 -7.4519e-07 -2.36568e-08
11.705 -7.45276e-07 -2.36595e-08
11.71 -7.4532e-07 -2.3661e-08
11.715 -7.45342e-07 -2.36616e-08
11.72 -7.45366e-07 -2.36624e-08
11.725 -7.45397e-07 -2.36634e-08
11.73 -7.45412e-07 -2.36639e-08
11.735 -7.45395e-07 -2.36633e-08
11.74 -7.45352e-07 -2.3662e-08
11.745 -7.4531e-07 -2.36606e-08
11.75 -7.45288e-07 -2.36599e-08
11.755 -7.45281e-07 -2.36597e-08
11.76 -7.45274e-07 -2.36595e-08
11.765 -7.45252e-07 -2.36588e-08
11.77 -7.45215e-07 -2.36576e-08
11.775 -7.45171e-07 -2.36562e-08
11.78 -7.45119e-07 -2.36546e-08
11.785 -7.4505e-07 -2.36524e-08
11.79 -7.44958e-07 -2.36495e-08
11.795 -7.44856e-07 -2.36462e-08
11.8 -7.44776e-07 -2.36437e-08
11.805 -7.44742e-07 -2.36426e-08
11.81 -7.44753e-07 -2.36429e-08
11.815 -7.44778e-07 -2.36438e-08
11.82 -7.4479e-07 -2.36441e-08
11.825 -7.44787e-07 -2.3644e-08
11.83 -7.44792e-07 -2.36442e-08
11.835 -7.44827e-07 -2.36453e-08
11.84 -7.44887e-07 -2.36472e-08
11.845 -7.44942e-07 -2.3649e-08
11.85 -7.44966e-07 -2.36497e-08
11.855 -7.44961e-07 -2.36495e-08
11.86 -7.44948e-07 -2.36491e-08
11.865 -7.44948e-07 -2.36491e-08
11.87 -7.44957e-07 -2.36494e-08
11.875 -7.44956e-07 -2.36494e-08
11.88 -7.44928e-07 -2.36485e-08
11.885 -7.44876e-07 -2.36469e-08
11.89 -7.44816e-07 -2.3645e-08
11.895 -7.44768e-07 -2.36434e-08
11.9 -7.44741e-07 -2.36426e-08
11.905 -7.44732e-07 -2.36423e-08
11.91 -7.44729e-07 -2.36422e-08
11.915 -7.44718e-07 -2.36419e-08
11.92 -7.44695e-07 -2.36411e-08
11.925 -7.44663e-07 -2.36401e-08
11.93 -7.44632e-07 -2.36391e-08
11.935 -7.44605e-07 -2.36383e-08
11.94 -7.44582e-07 -2.36375e-08
11.945 -7.44562e-07 -2.36369e-08
11.95 -7.44544e-07 -2.36363e-08
11.955 -7.4453e-07 -2.36359e-08
11.96 -7.44518e-07 -2.36355e-08
11.965 -7.44503e-07 -2.3635e-08
11.97 -7.44483e-07 -2.36344e-08
11.975 -7.44464e-07 -2.36338e-08
11.98 -7.44456e-07 -2.36335e-08
11.985 -7.44466e-07 -2.36339e-08
11.99 -7.44502e-07 -2.3635e-08
11.995 -7.44566e-07 -2.3637e-08
12 -7.44656e-07 -2.36399e-08
12.005 -7.44761e-07 -2.36432e-08
12.01 -7.44863e-07 -2.36465e-08
12.015 -7.44946e-07 -2.36491e-08
12.02 -7.44996e-07 -2.36507e-08
12.025 -7.45009e-07 -2.36511e-08
12.03 -7.44994e-07 -2.36506e-08
12.035 -7.44965e-07 -2.36497e-08
12.04 -7.44941e-07 -2.36489e-08
12.045 -7.44935e-07 -2.36487e-08
12.05 -7.44946e-07 -2.36491e-08
12.055 -7.4497e-07 -2.36498e-08
12.06 -7.45001e-07 -2.36508e-08
12.065 -7.45031e-07 -2.36518e-08
12.07 -7.45051e-07 -2.36524e-08
12.075 -7.45056e-07 -2.36526e-08
12.08 -7.45041e-07 -2.36521e-08
12.085 -7.4501e-07 -2.36511e-08
12.09 -7.44974e-07 -2.365e-08
12.095 -7.44951e-07 -2.36493e-08
12.1 -7.44957e-07 -2.36494e-08
12.105 -7.44993e-07 -2.36506e-08
12.11 -7.45034e-07 -2.36519e-08
12.115 -7.45051e-07 -2.36524e-08
12.12 -7.45035e-07 -2.36519e-08
12.125 -7.45011e-07 -2.36512e-08
12.13 -7.45009e-07 -2.36511e-08
12.135 -7.45034e-07 -2.36519e-08
12.14 -7.45061e-07 -2.36527e-08
12.145 -7.45056e-07 -2.36526e-08
12.15 -7.45011e-07 -2.36512e-08
12.155 -7.44947e-07 -2.36491e-08
12.16 -7.44893e-07 -2.36474e-08
12.165 -7.44862e-07 -2.36464e-08
12.17 -7.44839e-07 -2.36457e-08
12.175 -7.44802e-07 -2.36445e-08
12.18 -7.44747e-07 -2.36428e-08
12.185 -7.44692e-07 -2.3641e-08
12.19 -7.44661e-07 -2.364e-08
12.195 -7.44667e-07 -2.36402e-08
12.2 -7.44695e-07 -2.36411e-08
12.205 -7.44716e-07 -2.36418e-08
12.21 -7.44713e-07 -2.36417e-08
12.215 -7.44693e-07 -2.36411e-08
12.22 -7.44681e-07 -2.36407e-08
12.225 -7.44691e-07 -2.3641e-08
12.23 -7.44716e-07 -2.36418e-08
12.235 -7.44736e-07 -2.36424e-08
12.24 -7.44734e-07 -2.36423e-08
12.245 -7.44708e-07 -2.36415e-08
12.25 -7.44672e-07 -2.36404e-08
12.255 -7.44639e-07 -2.36393e-08
12.26 -7.44614e-07 -2.36385e-08
12.265 -7.44589e-07 -2.36377e-08
12.27 -7.44556e-07 -2.36367e-08
12.275 -7.44516e-07 -2.36354e-08
12.28 -7.44482e-07 -2.36344e-08
12.285 -7.44468e-07 -2.36339e-08
12.29 -7.44473e-07 -2.36341e-08
12.295 -7.44485e-07 -2.36345e-08
12.3 -7.44491e-07 -2.36346e-08
12.305 -7.44486e-07 -2.36345e-08
12.31 -7.44477e-07 -2.36342e-08
12.315 -7.44475e-07 -2.36341e-08
12.32 -7.44483e-07 -2.36344e-08
12.325 -7.44497e-07 -2.36348e-08
12.33 -7.4451e-07 -2.36353e-08
12.335 -7.44518e-07 -2.36355e-08
12.34 -7.44527e-07 -2.36358e-08
12.345 -7.44544e-07 -2.36363e-08
12.35 -7.44572e-07 -2.36372e-08
12.355 -7.44603e-07 -2.36382e-08
12.36 -7.44624e-07 -2.36388e-08
12.365 -7.44632e-07 -2.36391e-08
12.37 -7.44639e-07 -2.36393e-08
12.375 -7.44662e-07 -2.36401e-08
12.38 -7.44709e-07 -2.36415e-08
12.385 -7.44777e-07 -2.36437e-08
12.39 -7.4485e-07 -2.3646e-08
12.395 -7.44913e-07 -2.3648e-08
12.4 -7.44959e-07 -2.36495e-08
12.405 -7.4499e-07 -2.36505e-08
12.41 -7.45014e-07 -2.36512e-08
12.415 -7.45037e-07 -2.3652e-08
12.42 -7.45053e-07 -2.36525e-08
12.425 -7.45057e-07 -2.36526e-08
12.43 -7.45047e-07 -2.36523e-08
12.435 -7.45039e-07 -2.3652e-08
12.44 -7.45054e-07 -2.36525e-08
12.445 -7.45103e-07 -2.36541e-08
12.45 -7.4518e-07 -2.36565e-08
12.455 -7.45259e-07 -2.3659e-08
12.46 -7.45312e-07 -2.36607e-08
12.465 -7.4533e-07 -2.36613e-08
12.47 -7.45328e-07 -2.36612e-08
12.475 -7.4533e-07 -2.36613e-08
12.48 -7.45349e-07 -2.36619e-08
12.485 -7.45372e-07 -2.36626e-08
12.49 -7.45376e-07 -2.36627e-08
12.495 -7.45352e-07 -2.3662e-08
12.5 -7.45314e-07 -2.36608e-08
12.505 -7.45289e-07 -2.366e-08
12.51 -7.45292e-07 -2.36601e-08
12.515 -7.45315e-07 -2.36608e-08
12.52 -7.45335e-07 -2.36614e-08
12.525 -7.45334e-07 -2.36614e-08
12.53 -7.45315e-07 -2.36608e-08
12.535 -7.45293e-07 -2.36601e-08
12.54 -7.45276e-07 -2.36595e-08
12.545 -7.45259e-07 -2.3659e-08
12.55 -7.45229e-07 -2.36581e-08
12.555 -7.45174e-07 -2.36563e-08
12.56 -7.45103e-07 -2.36541e-08
12.565 -7.45039e-07 -2.3652e-08
12.57 -7.45e-07 -2.36508e-08
12.575 -7.44989e-07 -2.36505e-08
12.58 -7.44993e-07 -2.36506e-08
12.585 -7.44994e-07 -2.36506e-08
12.59 -7.4499e-07 -2.36505e-08
12.595 -7.44989e-07 -2.36504e-08
12.6 -7.45004e-07 -2.36509e-08
12.605 -7.45035e-07 -2.36519e-08
12.61 -7.45069e-07 -2.3653e-08
12.615 -7.45091e-07 -2.36537e-08
12.62 -7.45094e-07 -2.36538e-08
12.625 -7.45077e-07 -2.36532e-08
12.63 -7.45052e-07 -2.36524e-08
12.635 -7.45026e-07 -2.36516e-08
12.64 -7.45005e-07 -2.36509e-08
12.645 -7.44984e-07 -2.36503e-08
12.65 -7.44956e-07 -2.36494e-08
12.655 -7.4492e-07 -2.36482e-08
12.66 -7.44885e-07 -2.36471e-08
12.665 -7.44863e-07 -2.36465e-08
12.67 -7.44855e-07 -2.36462e-08
12.675 -7.44845e-07 -2.36459e-08
12.68 -7.44817e-07 -2.3645e-08
12.685 -7.44766e-07 -2.36434e-08
12.69 -7.44708e-07 -2.36415e-08
12.695 -7.44671e-07 -2.36403e-08
12.7 -7.44672e-07 -2.36404e-08
12.705 -7.44706e-07 -2.36415e-08
12.71 -7.44752e-07 -2.36429e-08
12.715 -7.44792e-07 -2.36442e-08
12.72 -7.44823e-07 -2.36452e-08
12.725 -7.4486e-07 -2.36463e-08
12.73 -7.4491e-07 -2.36479e-08
12.735 -7.44965e-07 -2.36497e-08
12.74 -7.45008e-07 -2.3651e-08
12.745 -7.45028e-07 -2.36517e-08
12.75 -7.45037e-07 -2.3652e-08
12.755 -7.45052e-07 -2.36524e-08
12.76 -7.45082e-07 -2.36534e-08
12.765 -7.45119e-07 -2.36546e-08
12.77 -7.45139e-07 -2.36552e-08
12.775 -7.45129e-07 -2.36549e-08
12.78 -7.45097e-07 -2.36539e-08
12.785 -7.4506e-07 -2.36527e-08
12.79 -7.45033e-07 -2.36518e-08
12.795 -7.45018e-07 -2.36514e-08
12.8 -7.4501e-07 -2.36511e-08
12.805 -7.45004e-07 -2.36509e-08
12.81 -7.45003e-07 -2.36509e-08
12.815 -7.45018e-07 -2.36514e-08
12.82 -7.45049e-07 -2.36524e-08
12.825 -7.45086e-07 -2.36535e-08
12.83 -7.45112e-07 -2.36543e-08
12.835 -7.45116e-07 -2.36545e-08
12.84 -7.45102e-07 -2.3654e-08
12.845 -7.45084e-07 -2.36535e-08
12.85 -7.45072e-07 -2.36531e-08
12.855 -7.45061e-07 -2.36527e-08
12.86 -7.45041e-07 -2.36521e-08
12.865 -7.45002e-07 -2.36509e-08
12.87 -7.44948e-07 -2.36491e-08
12.875 -7.44892e-07 -2.36474e-08
12.88 -7.44843e-07 -2.36458e-08
12.885 -7.44804e-07 -2.36446e-08
12.89 -7.44772e-07 -2.36436e-08
12.895 -7.44745e-07 -2.36427e-08
12.9 -7.44725e-07 -2.36421e-08
12.905 -7.44714e-07 -2.36417e-08
12.91 -7.44711e-07 -2.36416e-08
12.915 -7.44717e-07 -2.36418e-08
12.92 -7.44728e-07 -2.36422e-08
12.925 -7.44746e-07 -2.36427e-08
12.93 -7.44769e-07 -2.36435e-08
12.935 -7.44795e-07 -2.36443e-08
12.94 -7.44819e-07 -2.3645e-08
12.945 -7.44834e-07 -2.36455e-08
12.95 -7.44834e-07 -2.36455e-08
12.955 -7.44815e-07 -2.36449e-08
12.96 -7.44782e-07 -2.36439e-08
12.965 -7.44745e-07 -2.36427e-08
12.97 -7.44716e-07 -2.36418e-08
12.975 -7.44706e-07 -2.36415e-08
12.98 -7.44717e-07 -2.36418e-08
12.985 -7.44748e-07 -2.36428e-08
12.99 -7.44797e-07 -2.36443e-08
12.995 -7.44863e-07 -2.36464e-08
13 -7.44945e-07 -2.36491e-08
13.005 -7.45035e-07 -2.36519e-08
13.01 -7.45111e-07 -2.36543e-08
13.015 -7.45159e-07 -2.36558e-08
13.02 -7.45174e-07 -2.36563e-08
13.025 -7.45171e-07 -2.36562e-08
13.03 -7.45163e-07 -2.3656e-08
13.035 -7.4515e-07 -2.36555e-08
13.04 -7.45118e-07 -2.36545e-08
13.045 -7.45059e-07 -2.36527e-08
13.05 -7.44985e-07 -2.36503e-08
13.055 -7.44921e-07 -2.36483e-08
13.06 -7.44881e-07 -2.3647e-08
13.065 -7.44859e-07 -2.36463e-08
13.07 -7.44838e-07 -2.36456e-08
13.075 -7.44805e-07 -2.36446e-08
13.08 -7.44773e-07 -2.36436e-08
13.085 -7.44762e-07 -2.36432e-08
13.09 -7.44777e-07 -2.36437e-08
13.095 -7.44807e-07 -2.36447e-08
13.1 -7.4483e-07 -2.36454e-08
13.105 -7.44835e-07 -2.36456e-08
13.11 -7.44831e-07 -2.36454e-08
13.115 -7.44833e-07 -2.36455e-08
13.12 -7.44844e-07 -2.36459e-08
13.125 -7.44859e-07 -2.36463e-08
13.13 -7.44865e-07 -2.36465e-08
13.135 -7.4486e-07 -2.36464e-08
13.14 -7.44858e-07 -2.36463e-08
13.145 -7.4487e-07 -2.36467e-08
13.15 -7.44896e-07 -2.36475e-08
13.155 -7.44926e-07 -2.36484e-08
13.16 -7.44946e-07 -2.36491e-08
13.165 -7.44962e-07 -2.36496e-08
13.17 -7.44984e-07 -2.36503e-08
13.175 -7.45013e-07 -2.36512e-08
13.18 -7.45039e-07 -2.3652e-08
13.185 -7.45051e-07 -2.36524e-08
13.19 -7.45045e-07 -2.36522e-08
13.195 -7.45035e-07 -2.36519e-08
13.2 -7.45033e-07 -2.36518e-08
13.205 -7.45042e-07 -2.36521e-08
13.21 -7.45052e-07 -2.36524e-08
13.215 -7.45049e-07 -2.36524e-08
13.22 -7.45029e-07 -2.36517e-08
13.225 -7.44997e-07 -2.36507e-08
13.23 -7.44963e-07 -2.36496e-08
13.235 -7.44933e-07 -2.36487e-08
13.24 -7.44903e-07 -2.36477e-08
13.245 -7.44868e-07 -2.36466e-08
13.25 -7.4483e-07 -2.36454e-08
13.255 -7.44796e-07 -2.36443e-08
13.26 -7.4477e-07 -2.36435e-08
13.265 -7.4475e-07 -2.36429e-08
13.27 -7.44731e-07 -2.36422e-08
13.275 -7.44712e-07 -2.36416e-08
13.28 -7.44696e-07 -2.36411e-08
13.285 -7.44686e-07 -2.36408e-08
13.29 -7.44677e-07 -2.36406e-08
13.295 -7.44668e-07 -2.36403e-08
13.3 -7.44657e-07 -2.36399e-08
13.305 -7.44647e-07 -2.36396e-08
13.31 -7.44641e-07 -2.36394e-08
13.315 -7.44639e-07 -2.36393e-08
13.32 -7.4464e-07 -2.36394e-08
13.325 -7.44645e-07 -2.36395e-08
13.33 -7.44663e-07 -2.36401e-08
13.335 -7.44707e-07 -2.36415e-08
13.34 -7.44779e-07 -2.36438e-08
13.345 -7.44867e-07 -2.36466e-08
13.35 -7.44951e-07 -2.36492e-08
13.355 -7.45019e-07 -2.36514e-08
13.36 -7.45067e-07 -2.36529e-08
13.365 -7.45098e-07 -2.36539e-08
13.37 -7.4511e-07 -2.36543e-08
13.375 -7.45105e-07 -2.36541e-08
13.38 -7.45091e-07 -2.36537e-08
13.385 -7.45078e-07 -2.36533e-08
13.39 -7.45076e-07 -2.36532e-08
13.395 -7.45084e-07 -2.36535e-08
13.4 -7.45098e-07 -2.36539e-08
13.405 -7.45111e-07 -2.36543e-08
13.41 -7.45119e-07 -2.36546e-08
13.415 -7.45125e-07 -2.36548e-08
13.42 -7.45129e-07 -2.36549e-08
13.425 -7.45131e-07 -2.3655e-08
13.43 -7.4513e-07 -2.36549e-08
13.435 -7.45124e-07 -2.36547e-08
13.44 -7.45111e-07 -2.36543e-08
13.445 -7.45091e-07 -2.36537e-08
13.45 -7.45061e-07 -2.36527e-08
13.455 -7.45024e-07 -2.36515e-08
13.46 -7.44982e-07 -2.36502e-08
13.465 -7.44941e-07 -2.36489e-08
13.47 -7.44904e-07 -2.36477e-08
13.475 -7.44873e-07 -2.36468e-08
13.48 -7.44851e-07 -2.36461e-08
13.485 -7.44837e-07 -2.36456e-08
13.49 -7.44829e-07 -2.36454e-08
13.495 -7.44822e-07 -2.36452e-08
13.5 -7.44811e-07 -2.36448e-08
13.505 -7.44791e-07 -2.36442e-08
13.51 -7.44767e-07 -2.36434e-08
13.515 -7.44749e-07 -2.36428e-08
13.52 -7.44748e-07 -2.36428e-08
13.525 -7.44769e-07 -2.36434e-08
13.53 -7.44805e-07 -2.36446e-08
13.535 -7.44845e-07 -2.36459e-08
13.54 -7.44875e-07 -2.36468e-08
13.545 -7.4489e-07 -2.36473e-08
13.55 -7.44892e-07 -2.36473e-08
13.555 -7.44882e-07 -2.3647e-08
13.56 -7.44865e-07 -2.36465e-08
13.565 -7.44844e-07 -2.36458e-08
13.57 -7.44825e-07 -2.36452e-08
13.575 -7.44813e-07 -2.36449e-08
13.58 -7.44813e-07 -2.36449e-08
13.585 -7.44827e-07 -2.36453e-08
13.59 -7.44852e-07 -2.36461e-08
13.595 -7.44886e-07 -2.36472e-08
13.6 -7.44923e-07 -2.36483e-08
13.605 -7.44955e-07 -2.36494e-08
13.61 -7.44979e-07 -2.36501e-08
13.615 -7.44994e-07 -2.36506e-08
13.62 -7.45e-07 -2.36508e-08
13.625 -7.45002e-07 -2.36509e-08
13.63 -7.45005e-07 -2.36509e-08
13.635 -7.45006e-07 -2.3651e-08
13.64 -7.45001e-07 -2.36508e-08
13.645 -7.44983e-07 -2.36503e-08
13.65 -7.44953e-07 -2.36493e-08
13.655 -7.44917e-07 -2.36482e-08
13.66 -7.44888e-07 -2.36472e-08
13.665 -7.4487e-07 -2.36467e-08
13.67 -7.44853e-07 -2.36461e-08
13.675 -7.44829e-07 -2.36454e-08
13.68 -7.44793e-07 -2.36442e-08
13.685 -7.44756e-07 -2.36431e-08
13.69 -7.44736e-07 -2.36424e-08
13.695 -7.44738e-07 -2.36425e-08
13.7 -7.44757e-07 -2.36431e-08
13.705 -7.44783e-07 -2.36439e-08
13.71 -7.44811e-07 -2.36448e-08
13.715 -7.44842e-07 -2.36458e-08
13.72 -7.44877e-07 -2.36469e-08
13.725 -7.44911e-07 -2.3648e-08
13.73 -7.44938e-07 -2.36488e-08
13.735 -7.44951e-07 -2.36493e-08
13.74 -7.44954e-07 -2.36493e-08
13.745 -7.44953e-07 -2.36493e-08
13.75 -7.44955e-07 -2.36494e-08
13.755 -7.4496e-07 -2.36495e-08
13.76 -7.44965e-07 -2.36497e-08
13.765 -7.44967e-07 -2.36497e-08
13.77 -7.4497e-07 -2.36498e-08
13.775 -7.44978e-07 -2.36501e-08
13.78 -7.44997e-07 -2.36507e-08
13.785 -7.45022e-07 -2.36515e-08
13.79 -7.45046e-07 -2.36523e-08
13.795 -7.4506e-07 -2.36527e-08
13.8 -7.45062e-07 -2.36528e-08
13.805 -7.45053e-07 -2.36525e-08
13.81 -7.45041e-07 -2.36521e-08
13.815 -7.45027e-07 -2.36517e-08
13.82 -7.4501e-07 -2.36511e-08
13.825 -7.44986e-07 -2.36503e-08
13.83 -7.44953e-07 -2.36493e-08
13.835 -7.44914e-07 -2.36481e-08
13.84 -7.44875e-07 -2.36468e-08
13.845 -7.44837e-07 -2.36456e-08
13.85 -7.44804e-07 -2.36446e-08
13.855 -7.4478e-07 -2.36438e-08
13.86 -7.44769e-07 -2.36435e-08
13.865 -7.44775e-07 -2.36436e-08
13.87 -7.44795e-07 -2.36443e-08
13.875 -7.44825e-07 -2.36452e-08
13.88 -7.44859e-07 -2.36463e-08
13.885 -7.44893e-07 -2.36474e-08
13.89 -7.44924e-07 -2.36484e-08
13.895 -7.44957e-07 -2.36494e-08
13.9 -7.44995e-07 -2.36506e-08
13.905 -7.45038e-07 -2.3652e-08
13.91 -7.4508e-07 -2.36533e-08
13.915 -7.45114e-07 -2.36544e-08
13.92 -7.4514e-07 -2.36552e-08
13.925 -7.45162e-07 -2.36559e-08
13.93 -7.45184e-07 -2.36566e-08
13.935 -7.45206e-07 -2.36573e-08
13.94 -7.45223e-07 -2.36579e-08
13.945 -7.45233e-07 -2.36582e-08
13.95 -7.45237e-07 -2.36583e-08
13.955 -7.4524e-07 -2.36584e-08
13.96 -7.45248e-07 -2.36587e-08
13.965 -7.45258e-07 -2.3659e-08
13.97 -7.45267e-07 -2.36593e-08
13.975 -7.45272e-07 -2.36594e-08
13.98 -7.45271e-07 -2.36594e-08
13.985 -7.45266e-07 -2.36592e-08
13.99 -7.4526e-07 -2.36591e-08
13.995 -7.45256e-07 -2.36589e-08
14 -7.45254e-07 -2.36589e-08
14.005 -7.45251e-07 -2.36587e-08
14.01 -7.4524e-07 -2.36584e-08
