0.1 -0.000462815 -2.31407e-09
0.2 -0.00092563 -4.62815e-09
0.3 -0.00138845 -6.94223e-09
0.4 -0.00185126 -9.25631e-09
0.5 -0.00231408 -1.15704e-08
0.6 -0.00277689 -1.38845e-08
0.7 -0.00323971 -1.61986e-08
0.8 -0.00370253 -1.85126e-08
0.9 -0.00416535 -2.08267e-08
1 -0.00462816 -2.31408e-08
0.005 -0.00462823 -2.31411e-08
0.01 -0.00462835 -2.31417e-08
0.015 -0.00462837 -2.31419e-08
0.02 -0.00462825 -2.31412e-08
0.025 -0.00462806 -2.31403e-08
0.03 -0.00462796 -2.31398e-08
0.035 -0.00462805 -2.31403e-08
0.04 -0.00462824 -2.31412e-08
0.045 -0.0046283 -2.31415e-08
0.05 -0.00462821 -2.3141e-08
0.055 -0.00462806 -2.31403e-08
0.06 -0.00462798 -2.31399e-08
0.065 -0.00462805 -2.31403e-08
0.07 -0.0046282 -2.3141e-08
0.075 -0.00462825 -2.31412e-08
0.08 -0.00462819 -2.31409e-08
0.085 -0.00462808 -2.31404e-08
0.09 -0.00462802 -2.31401e-08
0.095 -0.00462808 -2.31404e-08
0.1 -0.00462819 -2.3141e-08
0.105 -0.00462823 -2.31412e-08
0.11 -0.00462819 -2.31409e-08
0.115 -0.0046281 -2.31405e-08
0.12 -0.00462806 -2.31403e-08
0.125 -0.0046281 -2.31405e-08
0.13 -0.00462818 -2.31409e-08
0.135 -0.00462821 -2.31411e-08
0.14 -0.00462818 -2.31409e-08
0.145 -0.00462811 -2.31406e-08
0.15 -0.00462808 -2.31404e-08
0.155 -0.00462811 -2.31406e-08
0.16 -0.00462818 -2.31409e-08
0.165 -0.00462821 -2.3141e-08
0.17 -0.00462818 -2.31409e-08
0.175 -0.00462813 -2.31407e-08
0.18 -0.0046281 -2.31405e-08
0.185 -0.00462812 -2.31406e-08
0.19 -0.00462817 -2.31408e-08
0.195 -0.00462818 -2.31409e-08
0.2 -0.00462816 -2.31408e-08
0.205 -0.00462812 -2.31406e-08
0.21 -0.0046281 -2.31405e-08
0.215 -0.00462812 -2.31406e-08
0.22 -0.00462815 -2.31408e-08
0.225 -0.00462817 -2.31408e-08
0.23 -0.00462816 -2.31408e-08
0.235 -0.00462813 -2.31406e-08
0.24 -0.00462811 -2.31406e-08
0.245 -0.00462813 -2.31406e-08
0.25 -0.00462816 -2.31408e-08
0.255 -0.00462817 -2.31408e-08
0.26 -0.00462816 -2.31408e-08
0.265 -0.00462814 -2.31407e-08
0.27 -0.00462812 -2.31406e-08
0.275 -0.00462813 -2.31406e-08
0.28 -0.00462814 -2.31407e-08
0.285 -0.00462815 -2.31407e-08
0.29 -0.00462814 -2.31407e-08
0.295 -0.00462812 -2.31406e-08
0.3 -0.0046281 -2.31405e-08
0.305 -0.00462811 -2.31405e-08
0.31 -0.00462812 -2.31406e-08
0.315 -0.00462813 -2.31407e-08
0.32 -0.00462813 -2.31407e-08
0.325 -0.00462813 -2.31406e-08
0.33 -0.00462813 -2.31406e-08
0.335 -0.00462813 -2.31407e-08
0.34 -0.00462815 -2.31407e-08
0.345 -0.00462815 -2.31407e-08
0.35 -0.00462814 -2.31407e-08
0.355 -0.00462813 -2.31406e-08
0.36 -0.00462812 -2.31406e-08
0.365 -0.00462812 -2.31406e-08
0.37 -0.00462814 -2.31407e-08
0.375 -0.00462815 -2.31407e-08
0.38 -0.00462815 -2.31408e-08
0.385 -0.00462815 -2.31408e-08
0.39 -0.00462815 -2.31408e-08
0.395 -0.00462815 -2.31408e-08
0.4 -0.00462815 -2.31408e-08
0.405 -0.00462815 -2.31408e-08
0.41 -0.00462814 -2.31407e-08
0.415 -0.00462814 -2.31407e-08
0.42 -0.00462813 -2.31407e-08
0.425 -0.00462814 -2.31407e-08
0.43 -0.00462815 -2.31407e-08
0.435 -0.00462815 -2.31408e-08
0.44 -0.00462816 -2.31408e-08
0.445 -0.00462816 -2.31408e-08
0.45 -0.00462815 -2.31407e-08
0.455 -0.00462814 -2.31407e-08
0.46 -0.00462814 -2.31407e-08
0.465 -0.00462813 -2.31407e-08
0.47 -0.00462813 -2.31407e-08
0.475 -0.00462813 -2.31407e-08
0.48 -0.00462814 -2.31407e-08
0.485 -0.00462814 -2.31407e-08
0.49 -0.00462814 -2.31407e-08
0.495 -0.00462814 -2.31407e-08
0.5 -0.00462814 -2.31407e-08
0.505 -0.00462814 -2.31407e-08
0.51 -0.00462814 -2.31407e-08
0.515 -0.00462815 -2.31407e-08
0.52 -0.00462816 -2.31408e-08
0.525 -0.00462817 -2.31408e-08
0.53 -0.00462817 -2.31409e-08
0.535 -0.00462817 -2.31409e-08
0.54 -0.00462816 -2.31408e-08
0.545 -0.00462815 -2.31407e-08
0.55 -0.00462813 -2.31407e-08
0.555 -0.00462812 -2.31406e-08
0.56 -0.00462813 -2.31407e-08
0.565 -0.00462815 -2.31408e-08
0.57 -0.00462817 -2.31409e-08
0.575 -0.00462819 -2.31409e-08
0.58 -0.00462818 -2.31409e-08
0.585 -0.00462817 -2.31408e-08
0.59 -0.00462815 -2.31408e-08
0.595 -0.00462815 -2.31407e-08
0.6 -0.00462814 -2.31407e-08
0.605 -0.00462813 -2.31407e-08
0.61 -0.00462812 -2.31406e-08
0.615 -0.00462812 -2.31406e-08
0.62 -0.00462812 -2.31406e-08
0.625 -0.00462813 -2.31406e-08
0.63 -0.00462814 -2.31407e-08
0.635 -0.00462814 -2.31407e-08
0.64 -0.00462814 -2.31407e-08
0.645 -0.00462814 -2.31407e-08
0.65 -0.00462815 -2.31407e-08
0.655 -0.00462816 -2.31408e-08
0.66 -0.00462816 -2.31408e-08
0.665 -0.00462815 -2.31407e-08
0.67 -0.00462813 -2.31406e-08
0.675 -0.00462812 -2.31406e-08
0.68 -0.00462813 -2.31407e-08
0.685 -0.00462816 -2.31408e-08
0.69 -0.00462819 -2.31409e-08
0.695 -0.00462819 -2.31409e-08
0.7 -0.00462816 -2.31408e-08
0.705 -0.00462814 -2.31407e-08
0.71 -0.00462812 -2.31406e-08
0.715 -0.00462812 -2.31406e-08
0.72 -0.00462812 -2.31406e-08
0.725 -0.00462811 -2.31405e-08
0.73 -0.0046281 -2.31405e-08
0.735 -0.00462811 -2.31406e-08
0.74 -0.00462814 -2.31407e-08
0.745 -0.00462819 -2.31409e-08
0.75 -0.00462822 -2.31411e-08
0.755 -0.00462821 -2.31411e-08
0.76 -0.00462818 -2.31409e-08
0.765 -0.00462815 -2.31407e-08
0.77 -0.00462814 -2.31407e-08
0.775 -0.00462815 -2.31408e-08
0.78 -0.00462817 -2.31408e-08
0.785 -0.00462817 -2.31408e-08
0.79 -0.00462815 -2.31408e-08
0.795 -0.00462814 -2.31407e-08
0.8 -0.00462815 -2.31408e-08
0.805 -0.00462816 -2.31408e-08
0.81 -0.00462816 -2.31408e-08
0.815 -0.00462814 -2.31407e-08
0.82 -0.0046281 -2.31405e-08
0.825 -0.00462808 -2.31404e-08
0.83 -0.00462809 -2.31405e-08
0.835 -0.00462813 -2.31407e-08
0.84 -0.00462817 -2.31408e-08
0.845 -0.00462818 -2.31409e-08
0.85 -0.00462816 -2.31408e-08
0.855 -0.00462814 -2.31407e-08
0.86 -0.00462815 -2.31408e-08
0.865 -0.0046282 -2.3141e-08
0.87 -0.00462825 -2.31412e-08
0.875 -0.00462827 -2.31414e-08
0.88 -0.00462826 -2.31413e-08
0.885 -0.00462822 -2.31411e-08
0.89 -0.00462818 -2.31409e-08
0.895 -0.00462816 -2.31408e-08
0.9 -0.00462816 -2.31408e-08
0.905 -0.00462816 -2.31408e-08
0.91 -0.00462816 -2.31408e-08
0.915 -0.00462818 -2.31409e-08
0.92 -0.00462823 -2.31412e-08
0.925 -0.00462829 -2.31414e-08
0.93 -0.00462833 -2.31416e-08
0.935 -0.00462832 -2.31416e-08
0.94 -0.00462827 -2.31413e-08
0.945 -0.00462818 -2.31409e-08
0.95 -0.0046281 -2.31405e-08
0.955 -0.00462804 -2.31402e-08
0.96 -0.00462803 -2.31402e-08
0.965 -0.00462806 -2.31403e-08
0.97 -0.00462811 -2.31405e-08
0.975 -0.00462816 -2.31408e-08
0.98 -0.00462819 -2.3141e-08
0.985 -0.00462819 -2.3141e-08
0.99 -0.00462817 -2.31409e-08
0.995 -0.00462815 -2.31407e-08
1 -0.00462812 -2.31406e-08
1.005 -0.0046281 -2.31405e-08
1.01 -0.00462808 -2.31404e-08
1.015 -0.00462806 -2.31403e-08
1.02 -0.00462805 -2.31403e-08
1.025 -0.00462809 -2.31404e-08
1.03 -0.00462816 -2.31408e-08
1.035 -0.00462824 -2.31412e-08
1.04 -0.0046283 -2.31415e-08
1.045 -0.00462831 -2.31415e-08
1.05 -0.00462827 -2.31413e-08
1.055 -0.00462822 -2.31411e-08
1.06 -0.00462819 -2.31409e-08
1.065 -0.00462819 -2.31409e-08
1.07 -0.00462819 -2.3141e-08
1.075 -0.00462817 -2.31409e-08
1.08 -0.00462813 -2.31406e-08
1.085 -0.0046281 -2.31405e-08
1.09 -0.00462811 -2.31405e-08
1.095 -0.00462816 -2.31408e-08
1.1 -0.00462823 -2.31412e-08
1.105 -0.00462828 -2.31414e-08
1.11 -0.00462828 -2.31414e-08
1.115 -0.00462825 -2.31412e-08
1.12 -0.00462822 -2.31411e-08
1.125 -0.00462821 -2.3141e-08
1.13 -0.00462819 -2.31409e-08
1.135 -0.00462813 -2.31407e-08
1.14 -0.00462805 -2.31403e-08
1.145 -0.00462798 -2.31399e-08
1.15 -0.00462794 -2.31397e-08
1.155 -0.00462797 -2.31398e-08
1.16 -0.00462803 -2.31401e-08
1.165 -0.0046281 -2.31405e-08
1.17 -0.00462818 -2.31409e-08
1.175 -0.00462826 -2.31413e-08
1.18 -0.00462833 -2.31416e-08
1.185 -0.00462836 -2.31418e-08
1.19 -0.00462834 -2.31417e-08
1.195 -0.00462827 -2.31413e-08
1.2 -0.00462819 -2.3141e-08
1.205 -0.00462814 -2.31407e-08
1.21 -0.00462813 -2.31407e-08
1.215 -0.00462814 -2.31407e-08
1.22 -0.00462813 -2.31407e-08
1.225 -0.00462811 -2.31405e-08
1.23 -0.00462808 -2.31404e-08
1.235 -0.00462807 -2.31404e-08
1.24 -0.00462811 -2.31405e-08
1.245 -0.00462815 -2.31407e-08
1.25 -0.00462817 -2.31409e-08
1.255 -0.00462816 -2.31408e-08
1.26 -0.00462814 -2.31407e-08
1.265 -0.00462813 -2.31406e-08
1.27 -0.00462815 -2.31408e-08
1.275 -0.0046282 -2.3141e-08
1.28 -0.00462822 -2.31411e-08
1.285 -0.00462821 -2.31411e-08
1.29 -0.00462819 -2.3141e-08
1.295 -0.00462819 -2.31409e-08
1.3 -0.00462822 -2.31411e-08
1.305 -0.00462827 -2.31413e-08
1.31 -0.00462828 -2.31414e-08
1.315 -0.00462824 -2.31412e-08
1.32 -0.00462816 -2.31408e-08
1.325 -0.00462808 -2.31404e-08
1.33 -0.00462804 -2.31402e-08
1.335 -0.00462802 -2.31401e-08
1.34 -0.00462803 -2.31402e-08
1.345 -0.00462806 -2.31403e-08
1.35 -0.00462813 -2.31406e-08
1.355 -0.00462823 -2.31411e-08
1.36 -0.00462834 -2.31417e-08
1.365 -0.0046284 -2.3142e-08
1.37 -0.00462838 -2.31419e-08
1.375 -0.00462829 -2.31415e-08
1.38 -0.00462819 -2.31409e-08
1.385 -0.0046281 -2.31405e-08
1.39 -0.00462804 -2.31402e-08
1.395 -0.00462797 -2.31399e-08
1.4 -0.00462792 -2.31396e-08
1.405 -0.00462794 -2.31397e-08
1.41 -0.00462807 -2.31404e-08
1.415 -0.00462829 -2.31414e-08
1.42 -0.00462848 -2.31424e-08
1.425 -0.00462853 -2.31427e-08
1.43 -0.00462843 -2.31422e-08
1.435 -0.00462827 -2.31413e-08
1.44 -0.00462815 -2.31407e-08
1.445 -0.00462811 -2.31405e-08
1.45 -0.00462809 -2.31404e-08
1.455 -0.00462803 -2.31402e-08
1.46 -0.00462796 -2.31398e-08
1.465 -0.00462795 -2.31398e-08
1.47 -0.00462808 -2.31404e-08
1.475 -0.00462831 -2.31415e-08
1.48 -0.00462851 -2.31426e-08
1.485 -0.00462857 -2.31429e-08
1.49 -0.00462848 -2.31424e-08
1.495 -0.00462833 -2.31416e-08
1.5 -0.00462824 -2.31412e-08
1.505 -0.00462824 -2.31412e-08
1.51 -0.00462829 -2.31415e-08
1.515 -0.00462829 -2.31415e-08
1.52 -0.00462824 -2.31412e-08
1.525 -0.0046282 -2.3141e-08
1.53 -0.00462823 -2.31412e-08
1.535 -0.00462833 -2.31416e-08
1.54 -0.00462839 -2.3142e-08
1.545 -0.00462836 -2.31418e-08
1.55 -0.00462823 -2.31411e-08
1.555 -0.00462811 -2.31406e-08
1.56 -0.00462809 -2.31405e-08
1.565 -0.00462817 -2.31408e-08
1.57 -0.00462822 -2.31411e-08
1.575 -0.00462817 -2.31408e-08
1.58 -0.00462801 -2.31401e-08
1.585 -0.00462787 -2.31393e-08
1.59 -0.00462782 -2.31391e-08
1.595 -0.0046279 -2.31395e-08
1.6 -0.00462802 -2.31401e-08
1.605 -0.00462816 -2.31408e-08
1.61 -0.00462829 -2.31414e-08
1.615 -0.00462842 -2.31421e-08
1.62 -0.00462852 -2.31426e-08
1.625 -0.00462849 -2.31425e-08
1.63 -0.00462829 -2.31414e-08
1.635 -0.00462796 -2.31398e-08
1.64 -0.00462768 -2.31384e-08
1.645 -0.00462759 -2.31379e-08
1.65 -0.00462773 -2.31386e-08
1.655 -0.00462798 -2.31399e-08
1.66 -0.0046282 -2.3141e-08
1.665 -0.00462829 -2.31415e-08
1.67 -0.00462832 -2.31416e-08
1.675 -0.00462836 -2.31418e-08
1.68 -0.0046284 -2.3142e-08
1.685 -0.00462839 -2.31419e-08
1.69 -0.00462828 -2.31414e-08
1.695 -0.00462812 -2.31406e-08
1.7 -0.00462804 -2.31402e-08
1.705 -0.00462811 -2.31405e-08
1.71 -0.00462827 -2.31414e-08
1.715 -0.00462838 -2.31419e-08
1.72 -0.00462834 -2.31417e-08
1.725 -0.00462817 -2.31409e-08
1.73 -0.00462801 -2.31401e-08
1.735 -0.00462796 -2.31398e-08
1.74 -0.00462801 -2.314e-08
1.745 -0.00462805 -2.31402e-08
1.75 -0.004628 -2.314e-08
1.755 -0.00462789 -2.31394e-08
1.76 -0.00462779 -2.3139e-08
1.765 -0.0046278 -2.3139e-08
1.77 -0.0046279 -2.31395e-08
1.775 -0.00462804 -2.31402e-08
1.78 -0.00462815 -2.31408e-08
1.785 -0.00462823 -2.31412e-08
1.79 -0.0046283 -2.31415e-08
1.795 -0.00462836 -2.31418e-08
1.8 -0.00462835 -2.31418e-08
1.805 -0.00462825 -2.31413e-08
1.81 -0.00462809 -2.31405e-08
1.815 -0.00462795 -2.31398e-08
1.82 -0.00462793 -2.31396e-08
1.825 -0.00462801 -2.31401e-08
1.83 -0.00462814 -2.31407e-08
1.835 -0.00462823 -2.31411e-08
1.84 -0.00462827 -2.31413e-08
1.845 -0.00462831 -2.31416e-08
1.85 -0.0046284 -2.3142e-08
1.855 -0.0046285 -2.31425e-08
1.86 -0.00462854 -2.31427e-08
1.865 -0.00462846 -2.31423e-08
1.87 -0.0046283 -2.31415e-08
1.875 -0.00462814 -2.31407e-08
1.88 -0.00462806 -2.31403e-08
1.885 -0.00462807 -2.31403e-08
1.89 -0.0046281 -2.31405e-08
1.895 -0.0046281 -2.31405e-08
1.9 -0.00462808 -2.31404e-08
1.905 -0.00462805 -2.31403e-08
1.91 -0.00462808 -2.31404e-08
1.915 -0.00462815 -2.31407e-08
1.92 -0.00462822 -2.31411e-08
1.925 -0.00462823 -2.31411e-08
1.93 -0.00462816 -2.31408e-08
1.935 -0.00462805 -2.31402e-08
1.94 -0.00462797 -2.31399e-08
1.945 -0.00462797 -2.31399e-08
1.95 -0.00462803 -2.31402e-08
1.955 -0.00462808 -2.31404e-08
1.96 -0.00462808 -2.31404e-08
1.965 -0.00462804 -2.31402e-08
1.97 -0.00462802 -2.31401e-08
1.975 -0.00462806 -2.31403e-08
1.98 -0.00462815 -2.31408e-08
1.985 -0.00462821 -2.3141e-08
1.99 -0.00462819 -2.31409e-08
1.995 -0.00462814 -2.31407e-08
2 -0.00462813 -2.31406e-08
2.005 -0.00462821 -2.3141e-08
2.01 -0.00462835 -2.31417e-08
2.015 -0.00462848 -2.31424e-08
2.02 -0.00462855 -2.31428e-08
2.025 -0.00462858 -2.31429e-08
2.03 -0.00462859 -2.31429e-08
2.035 -0.00462858 -2.31429e-08
2.04 -0.00462853 -2.31426e-08
2.045 -0.00462842 -2.31421e-08
2.05 -0.00462827 -2.31413e-08
2.055 -0.00462814 -2.31407e-08
2.06 -0.00462808 -2.31404e-08
2.065 -0.00462809 -2.31405e-08
2.07 -0.00462814 -2.31407e-08
2.075 -0.00462815 -2.31408e-08
2.08 -0.00462813 -2.31407e-08
2.085 -0.0046281 -2.31405e-08
2.09 -0.00462808 -2.31404e-08
2.095 -0.00462805 -2.31403e-08
2.1 -0.00462799 -2.314e-08
2.105 -0.00462791 -2.31396e-08
2.11 -0.00462785 -2.31393e-08
2.115 -0.00462786 -2.31393e-08
2.12 -0.00462793 -2.31397e-08
2.125 -0.00462801 -2.31401e-08
2.13 -0.00462804 -2.31402e-08
2.135 -0.00462804 -2.31402e-08
2.14 -0.00462805 -2.31403e-08
2.145 -0.00462813 -2.31406e-08
2.15 -0.00462824 -2.31412e-08
2.155 -0.00462831 -2.31416e-08
2.16 -0.0046283 -2.31415e-08
2.165 -0.00462822 -2.31411e-08
2.17 -0.00462811 -2.31405e-08
2.175 -0.004628 -2.314e-08
2.18 -0.00462792 -2.31396e-08
2.185 -0.00462787 -2.31393e-08
2.19 -0.00462787 -2.31394e-08
2.195 -0.00462793 -2.31397e-08
2.2 -0.00462804 -2.31402e-08
2.205 -0.00462816 -2.31408e-08
2.21 -0.00462825 -2.31412e-08
2.215 -0.00462828 -2.31414e-08
2.22 -0.00462829 -2.31414e-08
2.225 -0.00462829 -2.31414e-08
2.23 -0.00462829 -2.31414e-08
2.235 -0.00462825 -2.31413e-08
2.24 -0.00462818 -2.31409e-08
2.245 -0.00462807 -2.31403e-08
2.25 -0.00462797 -2.31399e-08
2.255 -0.00462792 -2.31396e-08
2.26 -0.00462789 -2.31394e-08
2.265 -0.00462787 -2.31393e-08
2.27 -0.00462784 -2.31392e-08
2.275 -0.00462783 -2.31392e-08
2.28 -0.00462787 -2.31394e-08
2.285 -0.00462796 -2.31398e-08
2.29 -0.00462803 -2.31402e-08
2.295 -0.00462806 -2.31403e-08
2.3 -0.00462804 -2.31402e-08
2.305 -0.00462803 -2.31401e-08
2.31 -0.00462807 -2.31404e-08
2.315 -0.00462818 -2.31409e-08
2.32 -0.0046283 -2.31415e-08
2.325 -0.00462837 -2.31418e-08
2.33 -0.00462837 -2.31418e-08
2.335 -0.00462832 -2.31416e-08
2.34 -0.00462826 -2.31413e-08
2.345 -0.00462825 -2.31412e-08
2.35 -0.00462826 -2.31413e-08
2.355 -0.00462827 -2.31413e-08
2.36 -0.00462825 -2.31413e-08
2.365 -0.00462822 -2.31411e-08
2.37 -0.0046282 -2.3141e-08
2.375 -0.00462821 -2.3141e-08
2.38 -0.00462825 -2.31412e-08
2.385 -0.00462828 -2.31414e-08
2.39 -0.00462831 -2.31415e-08
2.395 -0.00462833 -2.31417e-08
2.4 -0.0046284 -2.3142e-08
2.405 -0.00462853 -2.31426e-08
2.41 -0.00462868 -2.31434e-08
2.415 -0.00462879 -2.31439e-08
2.42 -0.00462877 -2.31438e-08
2.425 -0.00462861 -2.31431e-08
2.43 -0.00462836 -2.31418e-08
2.435 -0.0046281 -2.31405e-08
2.44 -0.00462791 -2.31395e-08
2.445 -0.00462783 -2.31391e-08
2.45 -0.00462786 -2.31393e-08
2.455 -0.00462795 -2.31397e-08
2.46 -0.00462805 -2.31403e-08
2.465 -0.00462814 -2.31407e-08
2.47 -0.0046282 -2.3141e-08
2.475 -0.00462824 -2.31412e-08
2.48 -0.00462827 -2.31414e-08
2.485 -0.00462828 -2.31414e-08
2.49 -0.00462827 -2.31413e-08
2.495 -0.00462825 -2.31412e-08
2.5 -0.00462825 -2.31412e-08
2.505 -0.00462826 -2.31413e-08
2.51 -0.00462825 -2.31412e-08
2.515 -0.00462818 -2.31409e-08
2.52 -0.00462807 -2.31403e-08
2.525 -0.00462797 -2.31399e-08
2.53 -0.00462796 -2.31398e-08
2.535 -0.00462802 -2.31401e-08
2.54 -0.00462809 -2.31405e-08
2.545 -0.00462812 -2.31406e-08
2.55 -0.0046281 -2.31405e-08
2.555 -0.00462808 -2.31404e-08
2.56 -0.0046281 -2.31405e-08
2.565 -0.00462814 -2.31407e-08
2.57 -0.00462815 -2.31408e-08
2.575 -0.0046281 -2.31405e-08
2.58 -0.00462801 -2.31401e-08
2.585 -0.00462798 -2.31399e-08
2.59 -0.00462804 -2.31402e-08
2.595 -0.00462817 -2.31409e-08
2.6 -0.00462828 -2.31414e-08
2.605 -0.00462828 -2.31414e-08
2.61 -0.00462817 -2.31409e-08
2.615 -0.00462803 -2.31402e-08
2.62 -0.00462795 -2.31397e-08
2.625 -0.00462796 -2.31398e-08
2.63 -0.00462805 -2.31403e-08
2.635 -0.00462817 -2.31409e-08
2.64 -0.00462829 -2.31414e-08
2.645 -0.00462839 -2.31419e-08
2.65 -0.00462848 -2.31424e-08
2.655 -0.00462853 -2.31427e-08
2.66 -0.00462851 -2.31426e-08
2.665 -0.00462839 -2.31419e-08
2.67 -0.00462817 -2.31408e-08
2.675 -0.00462792 -2.31396e-08
2.68 -0.00462775 -2.31388e-08
2.685 -0.00462772 -2.31386e-08
2.69 -0.00462782 -2.31391e-08
2.695 -0.00462797 -2.31398e-08
2.7 -0.0046281 -2.31405e-08
2.705 -0.00462821 -2.3141e-08
2.71 -0.00462833 -2.31417e-08
2.715 -0.00462849 -2.31424e-08
2.72 -0.00462863 -2.31432e-08
2.725 -0.00462868 -2.31434e-08
2.73 -0.00462855 -2.31428e-08
2.735 -0.00462828 -2.31414e-08
2.74 -0.00462796 -2.31398e-08
2.745 -0.0046277 -2.31385e-08
2.75 -0.0046276 -2.3138e-08
2.755 -0.0046277 -2.31385e-08
2.76 -0.0046279 -2.31395e-08
2.765 -0.00462807 -2.31404e-08
2.77 -0.00462811 -2.31406e-08
2.775 -0.004628 -2.314e-08
2.78 -0.0046278 -2.3139e-08
2.785 -0.00462763 -2.31381e-08
2.79 -0.00462757 -2.31378e-08
2.795 -0.00462767 -2.31384e-08
2.8 -0.0046279 -2.31395e-08
2.805 -0.00462814 -2.31407e-08
2.81 -0.00462832 -2.31416e-08
2.815 -0.00462842 -2.31421e-08
2.82 -0.00462846 -2.31423e-08
2.825 -0.0046285 -2.31425e-08
2.83 -0.00462851 -2.31426e-08
2.835 -0.00462845 -2.31422e-08
2.84 -0.00462829 -2.31415e-08
2.845 -0.00462813 -2.31406e-08
2.85 -0.00462805 -2.31403e-08
2.855 -0.00462808 -2.31404e-08
2.86 -0.0046281 -2.31405e-08
2.865 -0.00462803 -2.31401e-08
2.87 -0.00462785 -2.31392e-08
2.875 -0.0046277 -2.31385e-08
2.88 -0.00462773 -2.31386e-08
2.885 -0.00462796 -2.31398e-08
2.89 -0.00462827 -2.31413e-08
2.895 -0.00462847 -2.31424e-08
2.9 -0.00462849 -2.31424e-08
2.905 -0.00462835 -2.31418e-08
2.91 -0.0046282 -2.3141e-08
2.915 -0.00462812 -2.31406e-08
2.92 -0.0046281 -2.31405e-08
2.925 -0.00462809 -2.31404e-08
2.93 -0.00462807 -2.31404e-08
2.935 -0.00462809 -2.31404e-08
2.94 -0.00462816 -2.31408e-08
2.945 -0.00462826 -2.31413e-08
2.95 -0.00462832 -2.31416e-08
2.955 -0.0046283 -2.31415e-08
2.96 -0.00462822 -2.31411e-08
2.965 -0.00462819 -2.3141e-08
2.97 -0.00462828 -2.31414e-08
2.975 -0.00462847 -2.31424e-08
2.98 -0.00462866 -2.31433e-08
2.985 -0.00462873 -2.31437e-08
2.99 -0.00462868 -2.31434e-08
2.995 -0.00462858 -2.31429e-08
3 -0.00462851 -2.31426e-08
3.005 -0.0046285 -2.31425e-08
3.01 -0.00462851 -2.31425e-08
3.015 -0.00462847 -2.31424e-08
3.02 -0.00462841 -2.31421e-08
3.025 -0.00462839 -2.31419e-08
3.03 -0.00462844 -2.31422e-08
3.035 -0.00462854 -2.31427e-08
3.04 -0.00462858 -2.31429e-08
3.045 -0.0046285 -2.31425e-08
3.05 -0.00462828 -2.31414e-08
3.055 -0.00462803 -2.31401e-08
3.06 -0.0046279 -2.31395e-08
3.065 -0.004628 -2.314e-08
3.07 -0.00462825 -2.31413e-08
3.075 -0.00462848 -2.31424e-08
3.08 -0.00462853 -2.31426e-08
3.085 -0.0046284 -2.3142e-08
3.09 -0.00462824 -2.31412e-08
3.095 -0.0046282 -2.3141e-08
3.1 -0.00462826 -2.31413e-08
3.105 -0.00462828 -2.31414e-08
3.11 -0.00462813 -2.31406e-08
3.115 -0.00462787 -2.31393e-08
3.12 -0.0046277 -2.31385e-08
3.125 -0.00462776 -2.31388e-08
3.13 -0.00462801 -2.314e-08
3.135 -0.0046282 -2.3141e-08
3.14 -0.00462819 -2.31409e-08
3.145 -0.00462801 -2.31401e-08
3.15 -0.00462788 -2.31394e-08
3.155 -0.00462795 -2.31397e-08
3.16 -0.00462816 -2.31408e-08
3.165 -0.00462832 -2.31416e-08
3.17 -0.00462828 -2.31414e-08
3.175 -0.0046281 -2.31405e-08
3.18 -0.00462797 -2.31398e-08
3.185 -0.00462803 -2.31402e-08
3.19 -0.00462826 -2.31413e-08
3.195 -0.00462847 -2.31423e-08
3.2 -0.00462851 -2.31425e-08
3.205 -0.00462842 -2.31421e-08
3.21 -0.00462835 -2.31417e-08
3.215 -0.00462842 -2.31421e-08
3.22 -0.00462858 -2.31429e-08
3.225 -0.00462866 -2.31433e-08
3.23 -0.00462853 -2.31426e-08
3.235 -0.00462825 -2.31413e-08
3.24 -0.00462803 -2.31401e-08
3.245 -0.00462797 -2.31398e-08
3.25 -0.00462801 -2.31401e-08
3.255 -0.00462798 -2.31399e-08
3.26 -0.00462774 -2.31387e-08
3.265 -0.0046274 -2.3137e-08
3.27 -0.00462717 -2.31358e-08
3.275 -0.0046272 -2.3136e-08
3.28 -0.00462745 -2.31372e-08
3.285 -0.00462774 -2.31387e-08
3.29 -0.00462792 -2.31396e-08
3.295 -0.00462802 -2.31401e-08
3.3 -0.00462816 -2.31408e-08
3.305 -0.00462841 -2.31421e-08
3.31 -0.00462872 -2.31436e-08
3.315 -0.00462895 -2.31447e-08
3.32 -0.00462898 -2.31449e-08
3.325 -0.00462886 -2.31443e-08
3.33 -0.0046287 -2.31435e-08
3.335 -0.0046286 -2.3143e-08
3.34 -0.00462856 -2.31428e-08
3.345 -0.00462851 -2.31426e-08
3.35 -0.00462838 -2.31419e-08
3.355 -0.00462815 -2.31407e-08
3.36 -0.0046279 -2.31395e-08
3.365 -0.00462772 -2.31386e-08
3.37 -0.00462766 -2.31383e-08
3.375 -0.00462768 -2.31384e-08
3.38 -0.00462776 -2.31388e-08
3.385 -0.00462786 -2.31393e-08
3.39 -0.00462799 -2.314e-08
3.395 -0.00462816 -2.31408e-08
3.4 -0.00462833 -2.31416e-08
3.405 -0.00462845 -2.31423e-08
3.41 -0.00462851 -2.31425e-08
3.415 -0.00462851 -2.31425e-08
3.42 -0.00462848 -2.31424e-08
3.425 -0.00462845 -2.31422e-08
3.43 -0.00462838 -2.31419e-08
3.435 -0.00462829 -2.31414e-08
3.44 -0.00462819 -2.3141e-08
3.445 -0.00462813 -2.31406e-08
3.45 -0.00462812 -2.31406e-08
3.455 -0.00462813 -2.31406e-08
3.46 -0.0046281 -2.31405e-08
3.465 -0.00462802 -2.31401e-08
3.47 -0.00462795 -2.31397e-08
3.475 -0.00462794 -2.31397e-08
3.48 -0.00462803 -2.31402e-08
3.485 -0.00462817 -2.31408e-08
3.49 -0.00462828 -2.31414e-08
3.495 -0.00462833 -2.31417e-08
3.5 -0.00462836 -2.31418e-08
3.505 -0.0046284 -2.3142e-08
3.51 -0.00462848 -2.31424e-08
3.515 -0.00462854 -2.31427e-08
3.52 -0.00462851 -2.31426e-08
3.525 -0.00462838 -2.31419e-08
3.53 -0.00462822 -2.31411e-08
3.535 -0.0046281 -2.31405e-08
3.54 -0.00462807 -2.31403e-08
3.545 -0.00462809 -2.31405e-08
3.55 -0.00462809 -2.31404e-08
3.555 -0.00462803 -2.31402e-08
3.56 -0.00462797 -2.31398e-08
3.565 -0.00462797 -2.31398e-08
3.57 -0.00462805 -2.31402e-08
3.575 -0.00462816 -2.31408e-08
3.58 -0.00462825 -2.31412e-08
3.585 -0.00462831 -2.31416e-08
3.59 -0.00462838 -2.31419e-08
3.595 -0.00462846 -2.31423e-08
3.6 -0.00462852 -2.31426e-08
3.605 -0.00462851 -2.31425e-08
3.61 -0.00462839 -2.31419e-08
3.615 -0.00462821 -2.31411e-08
3.62 -0.00462806 -2.31403e-08
3.625 -0.00462797 -2.31399e-08
3.63 -0.00462796 -2.31398e-08
3.635 -0.004628 -2.314e-08
3.64 -0.00462806 -2.31403e-08
3.645 -0.00462816 -2.31408e-08
3.65 -0.00462828 -2.31414e-08
3.655 -0.00462836 -2.31418e-08
3.66 -0.00462839 -2.31419e-08
3.665 -0.00462839 -2.3142e-08
3.67 -0.00462844 -2.31422e-08
3.675 -0.00462854 -2.31427e-08
3.68 -0.00462863 -2.31432e-08
3.685 -0.00462857 -2.31429e-08
3.69 -0.0046283 -2.31415e-08
3.695 -0.0046279 -2.31395e-08
3.7 -0.00462755 -2.31377e-08
3.705 -0.00462739 -2.31369e-08
3.71 -0.00462741 -2.3137e-08
3.715 -0.00462746 -2.31373e-08
3.72 -0.00462742 -2.31371e-08
3.725 -0.00462731 -2.31366e-08
3.73 -0.00462732 -2.31366e-08
3.735 -0.00462758 -2.31379e-08
3.74 -0.00462801 -2.314e-08
3.745 -0.00462837 -2.31418e-08
3.75 -0.00462844 -2.31422e-08
3.755 -0.00462823 -2.31411e-08
3.76 -0.00462797 -2.31399e-08
3.765 -0.00462792 -2.31396e-08
3.77 -0.00462812 -2.31406e-08
3.775 -0.00462838 -2.31419e-08
3.78 -0.00462844 -2.31422e-08
3.785 -0.00462826 -2.31413e-08
3.79 -0.00462799 -2.31399e-08
3.795 -0.00462785 -2.31392e-08
3.8 -0.00462793 -2.31396e-08
3.805 -0.00462813 -2.31406e-08
3.81 -0.00462829 -2.31415e-08
3.815 -0.00462838 -2.31419e-08
3.82 -0.00462846 -2.31423e-08
3.825 -0.00462863 -2.31432e-08
3.83 -0.00462888 -2.31444e-08
3.835 -0.00462899 -2.31449e-08
3.84 -0.00462874 -2.31437e-08
3.845 -0.00462813 -2.31406e-08
3.85 -0.00462745 -2.31373e-08
3.855 -0.00462712 -2.31356e-08
3.86 -0.00462733 -2.31366e-08
3.865 -0.00462785 -2.31393e-08
3.87 -0.00462829 -2.31414e-08
3.875 -0.00462835 -2.31418e-08
3.88 -0.00462813 -2.31407e-08
3.885 -0.00462793 -2.31397e-08
3.89 -0.00462795 -2.31398e-08
3.895 -0.00462813 -2.31407e-08
3.9 -0.00462823 -2.31411e-08
3.905 -0.00462813 -2.31406e-08
3.91 -0.00462796 -2.31398e-08
3.915 -0.00462797 -2.31399e-08
3.92 -0.00462827 -2.31413e-08
3.925 -0.00462867 -2.31434e-08
3.93 -0.0046289 -2.31445e-08
3.935 -0.0046288 -2.3144e-08
3.94 -0.00462854 -2.31427e-08
3.945 -0.00462841 -2.31421e-08
3.95 -0.00462859 -2.31429e-08
3.955 -0.00462892 -2.31446e-08
3.96 -0.00462911 -2.31456e-08
3.965 -0.00462895 -2.31448e-08
3.97 -0.00462856 -2.31428e-08
3.975 -0.00462822 -2.31411e-08
3.98 -0.00462819 -2.31409e-08
3.985 -0.0046284 -2.3142e-08
3.99 -0.00462861 -2.3143e-08
3.995 -0.00462858 -2.31429e-08
4 -0.00462837 -2.31419e-08
4.005 -0.00462821 -2.3141e-08
4.01 -0.00462827 -2.31413e-08
4.015 -0.00462846 -2.31423e-08
4.02 -0.00462851 -2.31426e-08
4.025 -0.00462823 -2.31412e-08
4.03 -0.00462775 -2.31388e-08
4.035 -0.00462738 -2.31369e-08
4.04 -0.00462736 -2.31368e-08
4.045 -0.0046276 -2.3138e-08
4.05 -0.00462781 -2.31391e-08
4.055 -0.00462779 -2.31389e-08
4.06 -0.00462761 -2.3138e-08
4.065 -0.00462754 -2.31377e-08
4.07 -0.00462775 -2.31388e-08
4.075 -0.00462818 -2.31409e-08
4.08 -0.00462857 -2.31429e-08
4.085 -0.00462877 -2.31439e-08
4.09 -0.00462881 -2.3144e-08
4.095 -0.00462884 -2.31442e-08
4.1 -0.00462895 -2.31448e-08
4.105 -0.00462909 -2.31454e-08
4.11 -0.0046291 -2.31455e-08
4.115 -0.00462892 -2.31446e-08
4.12 -0.0046286 -2.3143e-08
4.125 -0.00462832 -2.31416e-08
4.13 -0.00462818 -2.31409e-08
4.135 -0.00462817 -2.31408e-08
4.14 -0.00462814 -2.31407e-08
4.145 -0.00462799 -2.314e-08
4.15 -0.00462776 -2.31388e-08
4.155 -0.00462758 -2.31379e-08
4.16 -0.00462754 -2.31377e-08
4.165 -0.0046276 -2.3138e-08
4.17 -0.00462765 -2.31383e-08
4.175 -0.00462765 -2.31382e-08
4.18 -0.00462764 -2.31382e-08
4.185 -0.00462773 -2.31386e-08
4.19 -0.00462798 -2.31399e-08
4.195 -0.0046283 -2.31415e-08
4.2 -0.00462853 -2.31427e-08
4.205 -0.00462856 -2.31428e-08
4.21 -0.00462842 -2.31421e-08
4.215 -0.00462823 -2.31411e-08
4.22 -0.00462812 -2.31406e-08
4.225 -0.00462812 -2.31406e-08
4.23 -0.00462819 -2.31409e-08
4.235 -0.00462821 -2.3141e-08
4.24 -0.00462816 -2.31408e-08
4.245 -0.00462812 -2.31406e-08
4.25 -0.00462815 -2.31407e-08
4.255 -0.00462826 -2.31413e-08
4.26 -0.00462837 -2.31419e-08
4.265 -0.0046284 -2.3142e-08
4.27 -0.00462833 -2.31416e-08
4.275 -0.00462823 -2.31411e-08
4.28 -0.0046282 -2.3141e-08
4.285 -0.00462829 -2.31415e-08
4.29 -0.00462843 -2.31421e-08
4.295 -0.00462849 -2.31424e-08
4.3 -0.00462839 -2.3142e-08
4.305 -0.00462818 -2.31409e-08
4.31 -0.00462797 -2.31398e-08
4.315 -0.00462784 -2.31392e-08
4.32 -0.00462781 -2.31391e-08
4.325 -0.00462784 -2.31392e-08
4.33 -0.00462785 -2.31392e-08
4.335 -0.00462787 -2.31393e-08
4.34 -0.00462796 -2.31398e-08
4.345 -0.00462816 -2.31408e-08
4.35 -0.00462841 -2.3142e-08
4.355 -0.00462856 -2.31428e-08
4.36 -0.00462851 -2.31425e-08
4.365 -0.00462829 -2.31414e-08
4.37 -0.00462804 -2.31402e-08
4.375 -0.00462793 -2.31397e-08
4.38 -0.00462801 -2.314e-08
4.385 -0.00462819 -2.31409e-08
4.39 -0.00462837 -2.31418e-08
4.395 -0.00462849 -2.31425e-08
4.4 -0.00462858 -2.31429e-08
4.405 -0.00462865 -2.31432e-08
4.41 -0.0046287 -2.31435e-08
4.415 -0.0046287 -2.31435e-08
4.42 -0.00462862 -2.31431e-08
4.425 -0.00462848 -2.31424e-08
4.43 -0.00462836 -2.31418e-08
4.435 -0.00462831 -2.31415e-08
4.44 -0.00462835 -2.31417e-08
4.445 -0.00462843 -2.31422e-08
4.45 -0.00462849 -2.31424e-08
4.455 -0.00462846 -2.31423e-08
4.46 -0.00462833 -2.31417e-08
4.465 -0.00462815 -2.31407e-08
4.47 -0.00462796 -2.31398e-08
4.475 -0.00462785 -2.31392e-08
4.48 -0.00462786 -2.31393e-08
4.485 -0.00462801 -2.314e-08
4.49 -0.00462823 -2.31412e-08
4.495 -0.00462844 -2.31422e-08
4.5 -0.00462857 -2.31429e-08
4.505 -0.0046286 -2.3143e-08
4.51 -0.00462856 -2.31428e-08
4.515 -0.00462849 -2.31425e-08
4.52 -0.00462845 -2.31423e-08
4.525 -0.00462846 -2.31423e-08
4.53 -0.00462853 -2.31427e-08
4.535 -0.00462865 -2.31432e-08
4.54 -0.00462877 -2.31438e-08
4.545 -0.00462883 -2.31441e-08
4.55 -0.00462876 -2.31438e-08
4.555 -0.00462856 -2.31428e-08
4.56 -0.00462829 -2.31414e-08
4.565 -0.00462806 -2.31403e-08
4.57 -0.00462796 -2.31398e-08
4.575 -0.00462798 -2.31399e-08
4.58 -0.00462803 -2.31402e-08
4.585 -0.00462804 -2.31402e-08
4.59 -0.00462798 -2.31399e-08
4.595 -0.0046279 -2.31395e-08
4.6 -0.00462786 -2.31393e-08
4.605 -0.0046279 -2.31395e-08
4.61 -0.004628 -2.314e-08
4.615 -0.00462812 -2.31406e-08
4.62 -0.00462823 -2.31412e-08
4.625 -0.00462831 -2.31416e-08
4.63 -0.00462834 -2.31417e-08
4.635 -0.00462829 -2.31415e-08
4.64 -0.00462817 -2.31409e-08
4.645 -0.004628 -2.314e-08
4.65 -0.0046278 -2.3139e-08
4.655 -0.00462758 -2.31379e-08
4.66 -0.00462737 -2.31369e-08
4.665 -0.00462726 -2.31363e-08
4.67 -0.00462728 -2.31364e-08
4.675 -0.00462746 -2.31373e-08
4.68 -0.00462771 -2.31385e-08
4.685 -0.00462794 -2.31397e-08
4.69 -0.00462809 -2.31405e-08
4.695 -0.00462815 -2.31408e-08
4.7 -0.00462818 -2.31409e-08
4.705 -0.00462823 -2.31412e-08
4.71 -0.00462833 -2.31416e-08
4.715 -0.0046284 -2.3142e-08
4.72 -0.00462838 -2.31419e-08
4.725 -0.00462819 -2.3141e-08
4.73 -0.00462791 -2.31395e-08
4.735 -0.00462767 -2.31383e-08
4.74 -0.00462759 -2.3138e-08
4.745 -0.00462768 -2.31384e-08
4.75 -0.00462781 -2.3139e-08
4.755 -0.00462786 -2.31393e-08
4.76 -0.0046278 -2.3139e-08
4.765 -0.00462773 -2.31387e-08
4.77 -0.00462777 -2.31389e-08
4.775 -0.00462792 -2.31396e-08
4.78 -0.00462808 -2.31404e-08
4.785 -0.00462814 -2.31407e-08
4.79 -0.00462809 -2.31404e-08
4.795 -0.00462804 -2.31402e-08
4.8 -0.00462809 -2.31405e-08
4.805 -0.00462823 -2.31411e-08
4.81 -0.00462831 -2.31416e-08
4.815 -0.00462822 -2.31411e-08
4.82 -0.00462798 -2.31399e-08
4.825 -0.00462779 -2.31389e-08
4.83 -0.00462787 -2.31393e-08
4.835 -0.00462826 -2.31413e-08
4.84 -0.00462877 -2.31438e-08
4.845 -0.00462907 -2.31454e-08
4.85 -0.004629 -2.3145e-08
4.855 -0.00462862 -2.31431e-08
4.86 -0.0046282 -2.3141e-08
4.865 -0.00462795 -2.31398e-08
4.87 -0.00462788 -2.31394e-08
4.875 -0.00462783 -2.31392e-08
4.88 -0.00462771 -2.31386e-08
4.885 -0.0046276 -2.3138e-08
4.89 -0.00462768 -2.31384e-08
4.895 -0.00462801 -2.314e-08
4.9 -0.00462843 -2.31422e-08
4.905 -0.00462866 -2.31433e-08
4.91 -0.00462854 -2.31427e-08
4.915 -0.00462812 -2.31406e-08
4.92 -0.00462767 -2.31383e-08
4.925 -0.00462741 -2.3137e-08
4.93 -0.0046274 -2.3137e-08
4.935 -0.00462751 -2.31376e-08
4.94 -0.0046276 -2.3138e-08
4.945 -0.00462761 -2.3138e-08
4.95 -0.00462762 -2.31381e-08
4.955 -0.00462778 -2.31389e-08
4.96 -0.0046281 -2.31405e-08
4.965 -0.00462848 -2.31424e-08
4.97 -0.00462879 -2.31439e-08
4.975 -0.00462891 -2.31446e-08
4.98 -0.00462887 -2.31443e-08
4.985 -0.0046287 -2.31435e-08
4.99 -0.00462844 -2.31422e-08
4.995 -0.0046281 -2.31405e-08
5 -0.0046277 -2.31385e-08
5.005 -0.00462734 -2.31367e-08
5.01 -0.0046272 -2.3136e-08
5.015 -0.00462735 -2.31368e-08
5.02 -0.00462773 -2.31387e-08
5.025 -0.00462815 -2.31408e-08
5.03 -0.00462842 -2.31421e-08
5.035 -0.00462847 -2.31423e-08
5.04 -0.00462835 -2.31418e-08
5.045 -0.0046282 -2.3141e-08
5.05 -0.00462809 -2.31405e-08
5.055 -0.00462802 -2.31401e-08
5.06 -0.00462791 -2.31395e-08
5.065 -0.00462769 -2.31384e-08
5.07 -0.00462741 -2.3137e-08
5.075 -0.0046272 -2.3136e-08
5.08 -0.00462716 -2.31358e-08
5.085 -0.00462728 -2.31364e-08
5.09 -0.00462741 -2.31371e-08
5.095 -0.00462744 -2.31372e-08
5.1 -0.00462738 -2.31369e-08
5.105 -0.00462736 -2.31368e-08
5.11 -0.00462748 -2.31374e-08
5.115 -0.0046277 -2.31385e-08
5.12 -0.00462788 -2.31394e-08
5.125 -0.00462788 -2.31394e-08
5.13 -0.00462773 -2.31386e-08
5.135 -0.0046276 -2.3138e-08
5.14 -0.00462766 -2.31383e-08
5.145 -0.00462794 -2.31397e-08
5.15 -0.00462825 -2.31412e-08
5.155 -0.00462835 -2.31418e-08
5.16 -0.00462815 -2.31408e-08
5.165 -0.00462778 -2.31389e-08
5.17 -0.00462747 -2.31373e-08
5.175 -0.00462738 -2.31369e-08
5.18 -0.00462744 -2.31372e-08
5.185 -0.00462747 -2.31374e-08
5.19 -0.00462733 -2.31367e-08
5.195 -0.00462711 -2.31356e-08
5.2 -0.00462704 -2.31352e-08
5.205 -0.0046273 -2.31365e-08
5.21 -0.00462785 -2.31392e-08
5.215 -0.00462848 -2.31424e-08
5.22 -0.00462901 -2.3145e-08
5.225 -0.00462937 -2.31468e-08
5.23 -0.00462959 -2.31479e-08
5.235 -0.00462972 -2.31486e-08
5.24 -0.00462977 -2.31488e-08
5.245 -0.00462969 -2.31485e-08
5.25 -0.00462949 -2.31475e-08
5.255 -0.00462923 -2.31461e-08
5.26 -0.00462899 -2.3145e-08
5.265 -0.00462887 -2.31443e-08
5.27 -0.00462883 -2.31441e-08
5.275 -0.00462879 -2.3144e-08
5.28 -0.00462869 -2.31435e-08
5.285 -0.00462852 -2.31426e-08
5.29 -0.00462835 -2.31417e-08
5.295 -0.00462821 -2.31411e-08
5.3 -0.00462812 -2.31406e-08
5.305 -0.00462807 -2.31403e-08
5.31 -0.00462804 -2.31402e-08
5.315 -0.00462807 -2.31404e-08
5.32 -0.0046282 -2.3141e-08
5.325 -0.00462843 -2.31421e-08
5.33 -0.00462871 -2.31435e-08
5.335 -0.00462897 -2.31448e-08
5.34 -0.00462914 -2.31457e-08
5.345 -0.00462924 -2.31462e-08
5.35 -0.00462934 -2.31467e-08
5.355 -0.00462951 -2.31475e-08
5.36 -0.00462966 -2.31483e-08
5.365 -0.00462963 -2.31482e-08
5.37 -0.0046293 -2.31465e-08
5.375 -0.00462871 -2.31435e-08
5.38 -0.0046281 -2.31405e-08
5.385 -0.00462778 -2.31389e-08
5.39 -0.00462789 -2.31395e-08
5.395 -0.00462829 -2.31415e-08
5.4 -0.00462867 -2.31433e-08
5.405 -0.00462877 -2.31438e-08
5.41 -0.00462858 -2.31429e-08
5.415 -0.00462828 -2.31414e-08
5.42 -0.00462802 -2.31401e-08
5.425 -0.00462782 -2.31391e-08
5.43 -0.00462759 -2.31379e-08
5.435 -0.00462732 -2.31366e-08
5.44 -0.00462718 -2.31359e-08
5.445 -0.00462734 -2.31367e-08
5.45 -0.00462782 -2.31391e-08
5.455 -0.00462835 -2.31417e-08
5.46 -0.00462861 -2.3143e-08
5.465 -0.00462847 -2.31424e-08
5.47 -0.00462814 -2.31407e-08
5.475 -0.00462792 -2.31396e-08
5.48 -0.00462797 -2.31399e-08
5.485 -0.00462817 -2.31408e-08
5.49 -0.00462824 -2.31412e-08
5.495 -0.00462805 -2.31403e-08
5.5 -0.0046277 -2.31385e-08
5.505 -0.00462741 -2.3137e-08
5.51 -0.0046273 -2.31365e-08
5.515 -0.00462734 -2.31367e-08
5.52 -0.00462737 -2.31369e-08
5.525 -0.0046273 -2.31365e-08
5.53 -0.0046272 -2.3136e-08
5.535 -0.00462722 -2.31361e-08
5.54 -0.0046274 -2.3137e-08
5.545 -0.0046276 -2.3138e-08
5.55 -0.00462761 -2.3138e-08
5.555 -0.00462734 -2.31367e-08
5.56 -0.00462696 -2.31348e-08
5.565 -0.00462677 -2.31339e-08
5.57 -0.00462695 -2.31348e-08
5.575 -0.00462744 -2.31372e-08
5.58 -0.00462799 -2.314e-08
5.585 -0.00462838 -2.31419e-08
5.59 -0.00462852 -2.31426e-08
5.595 -0.00462847 -2.31424e-08
5.6 -0.00462836 -2.31418e-08
5.605 -0.00462826 -2.31413e-08
5.61 -0.00462816 -2.31408e-08
5.615 -0.00462804 -2.31402e-08
5.62 -0.00462792 -2.31396e-08
5.625 -0.00462789 -2.31395e-08
5.63 -0.00462797 -2.31399e-08
5.635 -0.00462811 -2.31405e-08
5.64 -0.00462817 -2.31409e-08
5.645 -0.00462809 -2.31404e-08
5.65 -0.00462791 -2.31395e-08
5.655 -0.00462777 -2.31388e-08
5.66 -0.00462779 -2.31389e-08
5.665 -0.00462797 -2.31398e-08
5.67 -0.00462822 -2.31411e-08
5.675 -0.00462844 -2.31422e-08
5.68 -0.00462859 -2.3143e-08
5.685 -0.00462867 -2.31434e-08
5.69 -0.00462869 -2.31435e-08
5.695 -0.00462866 -2.31433e-08
5.7 -0.00462858 -2.31429e-08
5.705 -0.00462847 -2.31423e-08
5.71 -0.00462838 -2.31419e-08
5.715 -0.00462835 -2.31417e-08
5.72 -0.00462842 -2.31421e-08
5.725 -0.00462857 -2.31429e-08
5.73 -0.00462876 -2.31438e-08
5.735 -0.00462892 -2.31446e-08
5.74 -0.00462897 -2.31449e-08
5.745 -0.00462891 -2.31445e-08
5.75 -0.00462874 -2.31437e-08
5.755 -0.00462852 -2.31426e-08
5.76 -0.00462829 -2.31415e-08
5.765 -0.00462808 -2.31404e-08
5.77 -0.00462793 -2.31397e-08
5.775 -0.00462784 -2.31392e-08
5.78 -0.00462776 -2.31388e-08
5.785 -0.00462764 -2.31382e-08
5.79 -0.00462749 -2.31374e-08
5.795 -0.00462735 -2.31368e-08
5.8 -0.00462733 -2.31366e-08
5.805 -0.0046274 -2.3137e-08
5.81 -0.00462751 -2.31375e-08
5.815 -0.00462756 -2.31378e-08
5.82 -0.00462753 -2.31376e-08
5.825 -0.00462748 -2.31374e-08
5.83 -0.0046275 -2.31375e-08
5.835 -0.00462761 -2.31381e-08
5.84 -0.00462785 -2.31393e-08
5.845 -0.00462819 -2.3141e-08
5.85 -0.0046286 -2.3143e-08
5.855 -0.004629 -2.3145e-08
5.86 -0.0046293 -2.31465e-08
5.865 -0.0046294 -2.3147e-08
5.87 -0.00462925 -2.31463e-08
5.875 -0.00462893 -2.31447e-08
5.88 -0.00462857 -2.31428e-08
5.885 -0.00462829 -2.31415e-08
5.89 -0.00462818 -2.31409e-08
5.895 -0.00462822 -2.31411e-08
5.9 -0.00462832 -2.31416e-08
5.905 -0.00462841 -2.31421e-08
5.91 -0.00462845 -2.31423e-08
5.915 -0.0046285 -2.31425e-08
5.92 -0.00462861 -2.3143e-08
5.925 -0.00462882 -2.31441e-08
5.93 -0.00462912 -2.31456e-08
5.935 -0.00462948 -2.31474e-08
5.94 -0.00462982 -2.31491e-08
5.945 -0.00463006 -2.31503e-08
5.95 -0.00463009 -2.31504e-08
5.955 -0.00462989 -2.31494e-08
5.96 -0.00462952 -2.31476e-08
5.965 -0.00462913 -2.31456e-08
5.97 -0.00462883 -2.31442e-08
5.975 -0.00462866 -2.31433e-08
5.98 -0.00462855 -2.31427e-08
5.985 -0.0046284 -2.3142e-08
5.99 -0.00462818 -2.31409e-08
5.995 -0.00462793 -2.31397e-08
6 -0.00462774 -2.31387e-08
6.005 -0.00462764 -2.31382e-08
6.01 -0.00462761 -2.31381e-08
6.015 -0.00462767 -2.31383e-08
6.02 -0.00462785 -2.31393e-08
6.025 -0.00462824 -2.31412e-08
6.03 -0.00462881 -2.31441e-08
6.035 -0.00462938 -2.31469e-08
6.04 -0.00462966 -2.31483e-08
6.045 -0.0046295 -2.31475e-08
6.05 -0.00462898 -2.31449e-08
6.055 -0.00462835 -2.31418e-08
6.06 -0.00462785 -2.31392e-08
6.065 -0.00462754 -2.31377e-08
6.07 -0.00462732 -2.31366e-08
6.075 -0.00462705 -2.31353e-08
6.08 -0.0046267 -2.31335e-08
6.085 -0.00462636 -2.31318e-08
6.09 -0.00462617 -2.31308e-08
6.095 -0.0046262 -2.3131e-08
6.1 -0.0046264 -2.3132e-08
6.105 -0.00462665 -2.31332e-08
6.11 -0.0046269 -2.31345e-08
6.115 -0.00462719 -2.3136e-08
6.12 -0.00462757 -2.31379e-08
6.125 -0.00462801 -2.31401e-08
6.13 -0.0046284 -2.3142e-08
6.135 -0.00462864 -2.31432e-08
6.14 -0.00462874 -2.31437e-08
6.145 -0.00462883 -2.31442e-08
6.15 -0.00462904 -2.31452e-08
6.155 -0.00462934 -2.31467e-08
6.16 -0.00462955 -2.31478e-08
6.165 -0.00462954 -2.31477e-08
6.17 -0.00462932 -2.31466e-08
6.175 -0.0046291 -2.31455e-08
6.18 -0.00462905 -2.31452e-08
6.185 -0.00462924 -2.31462e-08
6.19 -0.00462959 -2.3148e-08
6.195 -0.00463 -2.315e-08
6.2 -0.00463035 -2.31517e-08
6.205 -0.0046306 -2.3153e-08
6.21 -0.00463073 -2.31537e-08
6.215 -0.00463072 -2.31536e-08
6.22 -0.00463051 -2.31525e-08
6.225 -0.00463008 -2.31504e-08
6.23 -0.00462951 -2.31476e-08
6.235 -0.00462896 -2.31448e-08
6.24 -0.0046286 -2.3143e-08
6.245 -0.00462851 -2.31425e-08
6.25 -0.00462865 -2.31433e-08
6.255 -0.00462889 -2.31445e-08
6.26 -0.00462909 -2.31454e-08
6.265 -0.00462917 -2.31458e-08
6.27 -0.00462916 -2.31458e-08
6.275 -0.00462913 -2.31457e-08
6.28 -0.00462913 -2.31457e-08
6.285 -0.00462916 -2.31458e-08
6.29 -0.00462918 -2.31459e-08
6.295 -0.00462919 -2.31459e-08
6.3 -0.00462916 -2.31458e-08
6.305 -0.00462911 -2.31455e-08
6.31 -0.00462898 -2.31449e-08
6.315 -0.00462871 -2.31435e-08
6.32 -0.00462821 -2.31411e-08
6.325 -0.00462751 -2.31375e-08
6.33 -0.00462668 -2.31334e-08
6.335 -0.0046259 -2.31295e-08
6.34 -0.00462533 -2.31267e-08
6.345 -0.00462506 -2.31253e-08
6.35 -0.00462506 -2.31253e-08
6.355 -0.00462519 -2.31259e-08
6.36 -0.00462532 -2.31266e-08
6.365 -0.00462539 -2.3127e-08
6.37 -0.00462544 -2.31272e-08
6.375 -0.00462555 -2.31277e-08
6.38 -0.00462572 -2.31286e-08
6.385 -0.00462593 -2.31296e-08
6.39 -0.00462608 -2.31304e-08
6.395 -0.00462616 -2.31308e-08
6.4 -0.00462623 -2.31312e-08
6.405 -0.00462642 -2.31321e-08
6.41 -0.00462679 -2.3134e-08
6.415 -0.00462735 -2.31368e-08
6.42 -0.00462806 -2.31403e-08
6.425 -0.00462884 -2.31442e-08
6.43 -0.00462966 -2.31483e-08
6.435 -0.00463046 -2.31523e-08
6.44 -0.00463111 -2.31556e-08
6.445 -0.00463151 -2.31576e-08
6.45 -0.00463161 -2.3158e-08
6.455 -0.00463146 -2.31573e-08
6.46 -0.00463125 -2.31563e-08
6.465 -0.00463108 -2.31554e-08
6.47 -0.00463094 -2.31547e-08
6.475 -0.00463072 -2.31536e-08
6.48 -0.00463034 -2.31517e-08
6.485 -0.0046299 -2.31495e-08
6.49 -0.00462958 -2.31479e-08
6.495 -0.00462945 -2.31472e-08
6.5 -0.00462937 -2.31468e-08
6.505 -0.00462909 -2.31455e-08
6.51 -0.00462851 -2.31426e-08
6.515 -0.00462779 -2.31389e-08
6.52 -0.00462726 -2.31363e-08
6.525 -0.0046271 -2.31355e-08
6.53 -0.00462719 -2.3136e-08
6.535 -0.0046272 -2.3136e-08
6.54 -0.00462691 -2.31345e-08
6.545 -0.0046264 -2.3132e-08
6.55 -0.00462602 -2.31301e-08
6.555 -0.004626 -2.313e-08
6.56 -0.00462628 -2.31314e-08
6.565 -0.00462656 -2.31328e-08
6.57 -0.00462664 -2.31332e-08
6.575 -0.00462656 -2.31328e-08
6.58 -0.00462659 -2.3133e-08
6.585 -0.00462695 -2.31347e-08
6.59 -0.00462756 -2.31378e-08
6.595 -0.00462813 -2.31407e-08
6.6 -0.00462837 -2.31418e-08
6.605 -0.00462821 -2.31411e-08
6.61 -0.00462786 -2.31393e-08
6.615 -0.00462756 -2.31378e-08
6.62 -0.00462739 -2.31369e-08
6.625 -0.00462719 -2.3136e-08
6.63 -0.00462681 -2.3134e-08
6.635 -0.00462629 -2.31314e-08
6.64 -0.00462591 -2.31296e-08
6.645 -0.00462594 -2.31297e-08
6.65 -0.00462637 -2.31318e-08
6.655 -0.0046269 -2.31345e-08
6.66 -0.00462726 -2.31363e-08
6.665 -0.00462741 -2.31371e-08
6.67 -0.00462756 -2.31378e-08
6.675 -0.00462788 -2.31394e-08
6.68 -0.00462833 -2.31416e-08
6.685 -0.0046287 -2.31435e-08
6.69 -0.00462888 -2.31444e-08
6.695 -0.00462901 -2.3145e-08
6.7 -0.00462935 -2.31467e-08
6.705 -0.00463002 -2.31501e-08
6.71 -0.00463084 -2.31542e-08
6.715 -0.00463148 -2.31574e-08
6.72 -0.00463164 -2.31582e-08
6.725 -0.0046313 -2.31565e-08
6.73 -0.00463066 -2.31533e-08
6.735 -0.00462991 -2.31496e-08
6.74 -0.00462915 -2.31457e-08
6.745 -0.00462827 -2.31413e-08
6.75 -0.00462722 -2.31361e-08
6.755 -0.00462621 -2.3131e-08
6.76 -0.00462558 -2.31279e-08
6.765 -0.00462555 -2.31278e-08
6.77 -0.00462595 -2.31297e-08
6.775 -0.00462635 -2.31317e-08
6.78 -0.00462643 -2.31321e-08
6.785 -0.0046262 -2.3131e-08
6.79 -0.00462596 -2.31298e-08
6.795 -0.00462591 -2.31295e-08
6.8 -0.00462601 -2.31301e-08
6.805 -0.00462608 -2.31304e-08
6.81 -0.00462598 -2.31299e-08
6.815 -0.00462574 -2.31287e-08
6.82 -0.00462557 -2.31278e-08
6.825 -0.00462558 -2.31279e-08
6.83 -0.00462575 -2.31287e-08
6.835 -0.00462594 -2.31297e-08
6.84 -0.00462604 -2.31302e-08
6.845 -0.00462611 -2.31305e-08
6.85 -0.00462627 -2.31314e-08
6.855 -0.00462664 -2.31332e-08
6.86 -0.00462719 -2.31359e-08
6.865 -0.00462779 -2.31389e-08
6.87 -0.00462832 -2.31416e-08
6.875 -0.00462873 -2.31436e-08
6.88 -0.00462905 -2.31453e-08
6.885 -0.00462935 -2.31468e-08
6.89 -0.00462968 -2.31484e-08
6.895 -0.00463002 -2.31501e-08
6.9 -0.00463027 -2.31513e-08
6.905 -0.0046303 -2.31515e-08
6.91 -0.00463004 -2.31502e-08
6.915 -0.00462949 -2.31475e-08
6.92 -0.00462872 -2.31436e-08
6.925 -0.00462784 -2.31392e-08
6.93 -0.00462698 -2.31349e-08
6.935 -0.00462632 -2.31316e-08
6.94 -0.004626 -2.313e-08
6.945 -0.00462608 -2.31304e-08
6.95 -0.00462646 -2.31323e-08
6.955 -0.00462692 -2.31346e-08
6.96 -0.00462726 -2.31363e-08
6.965 -0.00462737 -2.31369e-08
6.97 -0.00462729 -2.31364e-08
6.975 -0.00462708 -2.31354e-08
6.98 -0.00462681 -2.3134e-08
6.985 -0.00462649 -2.31324e-08
6.99 -0.00462621 -2.3131e-08
6.995 -0.0046261 -2.31305e-08
7 -0.00462627 -2.31313e-08
7.005 -0.00462663 -2.31332e-08
7.01 -0.00462698 -2.31349e-08
7.015 -0.00462714 -2.31357e-08
7.02 -0.0046271 -2.31355e-08
7.025 -0.00462708 -2.31354e-08
7.03 -0.00462731 -2.31365e-08
7.035 -0.00462792 -2.31396e-08
7.04 -0.00462883 -2.31442e-08
7.045 -0.00462983 -2.31491e-08
7.05 -0.00463073 -2.31536e-08
7.055 -0.00463147 -2.31573e-08
7.06 -0.00463205 -2.31602e-08
7.065 -0.00463248 -2.31624e-08
7.07 -0.00463273 -2.31636e-08
7.075 -0.00463279 -2.31639e-08
7.08 -0.00463269 -2.31634e-08
7.085 -0.00463249 -2.31625e-08
7.09 -0.00463227 -2.31613e-08
7.095 -0.00463202 -2.31601e-08
7.1 -0.00463166 -2.31583e-08
7.105 -0.00463106 -2.31553e-08
7.11 -0.00463021 -2.31511e-08
7.115 -0.00462926 -2.31463e-08
7.12 -0.00462842 -2.31421e-08
7.125 -0.00462783 -2.31391e-08
7.13 -0.00462747 -2.31374e-08
7.135 -0.00462724 -2.31362e-08
7.14 -0.00462704 -2.31352e-08
7.145 -0.00462683 -2.31341e-08
7.15 -0.00462663 -2.31332e-08
7.155 -0.00462647 -2.31324e-08
7.16 -0.00462641 -2.3132e-08
7.165 -0.00462648 -2.31324e-08
7.17 -0.00462673 -2.31337e-08
7.175 -0.00462712 -2.31356e-08
7.18 -0.00462752 -2.31376e-08
7.185 -0.0046278 -2.3139e-08
7.19 -0.00462789 -2.31395e-08
7.195 -0.00462783 -2.31391e-08
7.2 -0.00462773 -2.31386e-08
7.205 -0.00462769 -2.31384e-08
7.21 -0.00462772 -2.31386e-08
7.215 -0.00462777 -2.31389e-08
7.22 -0.00462778 -2.31389e-08
7.225 -0.00462775 -2.31387e-08
7.23 -0.00462772 -2.31386e-08
7.235 -0.00462777 -2.31389e-08
7.24 -0.00462791 -2.31395e-08
7.245 -0.00462807 -2.31403e-08
7.25 -0.00462818 -2.31409e-08
7.255 -0.00462824 -2.31412e-08
7.26 -0.00462825 -2.31412e-08
7.265 -0.00462826 -2.31413e-08
7.27 -0.00462825 -2.31413e-08
7.275 -0.00462815 -2.31407e-08
7.28 -0.00462786 -2.31393e-08
7.285 -0.00462739 -2.31369e-08
7.29 -0.00462686 -2.31343e-08
7.295 -0.00462648 -2.31324e-08
7.3 -0.00462636 -2.31318e-08
7.305 -0.00462648 -2.31324e-08
7.31 -0.00462666 -2.31333e-08
7.315 -0.00462679 -2.31339e-08
7.32 -0.00462685 -2.31342e-08
7.325 -0.00462694 -2.31347e-08
7.33 -0.00462715 -2.31357e-08
7.335 -0.00462742 -2.31371e-08
7.34 -0.00462763 -2.31382e-08
7.345 -0.00462772 -2.31386e-08
7.35 -0.00462772 -2.31386e-08
7.355 -0.00462774 -2.31387e-08
7.36 -0.00462781 -2.31391e-08
7.365 -0.00462789 -2.31395e-08
7.37 -0.00462791 -2.31395e-08
7.375 -0.00462788 -2.31394e-08
7.38 -0.00462792 -2.31396e-08
7.385 -0.00462811 -2.31405e-08
7.39 -0.0046284 -2.3142e-08
7.395 -0.00462861 -2.3143e-08
7.4 -0.00462857 -2.31428e-08
7.405 -0.0046283 -2.31415e-08
7.41 -0.00462799 -2.31399e-08
7.415 -0.00462783 -2.31392e-08
7.42 -0.00462789 -2.31395e-08
7.425 -0.00462803 -2.31402e-08
7.43 -0.00462806 -2.31403e-08
7.435 -0.00462788 -2.31394e-08
7.44 -0.00462757 -2.31379e-08
7.445 -0.00462731 -2.31366e-08
7.45 -0.00462722 -2.31361e-08
7.455 -0.00462728 -2.31364e-08
7.46 -0.0046274 -2.3137e-08
7.465 -0.00462752 -2.31376e-08
7.47 -0.00462769 -2.31384e-08
7.475 -0.004628 -2.314e-08
7.48 -0.00462843 -2.31421e-08
7.485 -0.00462877 -2.31438e-08
7.49 -0.00462875 -2.31437e-08
7.495 -0.00462824 -2.31412e-08
7.5 -0.00462741 -2.31371e-08
7.505 -0.00462659 -2.31329e-08
7.51 -0.00462604 -2.31302e-08
7.515 -0.00462584 -2.31292e-08
7.52 -0.00462589 -2.31295e-08
7.525 -0.00462608 -2.31304e-08
7.53 -0.00462635 -2.31318e-08
7.535 -0.00462666 -2.31333e-08
7.54 -0.00462693 -2.31347e-08
7.545 -0.0046271 -2.31355e-08
7.55 -0.00462712 -2.31356e-08
7.555 -0.00462701 -2.31351e-08
7.56 -0.00462688 -2.31344e-08
7.565 -0.00462681 -2.31341e-08
7.57 -0.0046269 -2.31345e-08
7.575 -0.00462718 -2.31359e-08
7.58 -0.00462761 -2.3138e-08
7.585 -0.00462811 -2.31406e-08
7.59 -0.00462857 -2.31429e-08
7.595 -0.00462887 -2.31444e-08
7.6 -0.00462898 -2.31449e-08
7.605 -0.00462895 -2.31447e-08
7.61 -0.00462893 -2.31447e-08
7.615 -0.00462903 -2.31452e-08
7.62 -0.00462924 -2.31462e-08
7.625 -0.0046295 -2.31475e-08
7.63 -0.00462982 -2.31491e-08
7.635 -0.00463023 -2.31512e-08
7.64 -0.00463073 -2.31536e-08
7.645 -0.00463121 -2.31561e-08
7.65 -0.00463154 -2.31577e-08
7.655 -0.00463162 -2.31581e-08
7.66 -0.00463149 -2.31574e-08
7.665 -0.00463128 -2.31564e-08
7.67 -0.00463107 -2.31553e-08
7.675 -0.00463086 -2.31543e-08
7.68 -0.00463059 -2.3153e-08
7.685 -0.00463024 -2.31512e-08
7.69 -0.00462985 -2.31492e-08
7.695 -0.00462953 -2.31476e-08
7.7 -0.00462933 -2.31467e-08
7.705 -0.00462926 -2.31463e-08
7.71 -0.00462924 -2.31462e-08
7.715 -0.00462925 -2.31462e-08
7.72 -0.00462922 -2.31461e-08
7.725 -0.00462916 -2.31458e-08
7.73 -0.00462907 -2.31454e-08
7.735 -0.00462897 -2.31448e-08
7.74 -0.00462885 -2.31442e-08
7.745 -0.0046287 -2.31435e-08
7.75 -0.00462855 -2.31427e-08
7.755 -0.00462842 -2.31421e-08
7.76 -0.00462834 -2.31417e-08
7.765 -0.00462827 -2.31413e-08
7.77 -0.00462808 -2.31404e-08
7.775 -0.00462764 -2.31382e-08
7.78 -0.00462695 -2.31348e-08
7.785 -0.00462614 -2.31307e-08
7.79 -0.00462543 -2.31272e-08
7.795 -0.00462503 -2.31251e-08
7.8 -0.00462494 -2.31247e-08
7.805 -0.00462499 -2.3125e-08
7.81 -0.00462497 -2.31248e-08
7.815 -0.00462479 -2.31239e-08
7.82 -0.00462457 -2.31229e-08
7.825 -0.00462454 -2.31227e-08
7.83 -0.00462476 -2.31238e-08
7.835 -0.00462512 -2.31256e-08
7.84 -0.0046254 -2.3127e-08
7.845 -0.00462556 -2.31278e-08
7.85 -0.00462575 -2.31288e-08
7.855 -0.00462619 -2.3131e-08
7.86 -0.00462686 -2.31343e-08
7.865 -0.00462751 -2.31375e-08
7.87 -0.0046278 -2.3139e-08
7.875 -0.00462767 -2.31384e-08
7.88 -0.00462739 -2.3137e-08
7.885 -0.00462734 -2.31367e-08
7.89 -0.00462767 -2.31384e-08
7.895 -0.00462823 -2.31411e-08
7.9 -0.00462872 -2.31436e-08
7.905 -0.00462899 -2.31449e-08
7.91 -0.00462912 -2.31456e-08
7.915 -0.0046293 -2.31465e-08
7.92 -0.00462957 -2.31478e-08
7.925 -0.00462977 -2.31489e-08
7.93 -0.00462971 -2.31485e-08
7.935 -0.00462933 -2.31466e-08
7.94 -0.00462877 -2.31438e-08
7.945 -0.00462825 -2.31413e-08
7.95 -0.00462789 -2.31395e-08
7.955 -0.00462762 -2.31381e-08
7.96 -0.00462733 -2.31366e-08
7.965 -0.00462696 -2.31348e-08
7.97 -0.00462659 -2.31329e-08
7.975 -0.00462635 -2.31318e-08
7.98 -0.00462636 -2.31318e-08
7.985 -0.00462662 -2.31331e-08
7.99 -0.00462706 -2.31353e-08
7.995 -0.00462758 -2.31379e-08
8 -0.00462812 -2.31406e-08
8.005 -0.00462864 -2.31432e-08
8.01 -0.00462914 -2.31457e-08
8.015 -0.00462966 -2.31483e-08
8.02 -0.00463018 -2.31509e-08
8.025 -0.00463063 -2.31531e-08
8.03 -0.00463091 -2.31545e-08
8.035 -0.00463093 -2.31547e-08
8.04 -0.00463072 -2.31536e-08
8.045 -0.00463039 -2.31519e-08
8.05 -0.00463007 -2.31503e-08
8.055 -0.00462982 -2.31491e-08
8.06 -0.00462957 -2.31479e-08
8.065 -0.00462925 -2.31462e-08
8.07 -0.00462881 -2.31441e-08
8.075 -0.00462839 -2.31419e-08
8.08 -0.00462814 -2.31407e-08
8.085 -0.00462816 -2.31408e-08
8.09 -0.00462839 -2.3142e-08
8.095 -0.00462865 -2.31432e-08
8.1 -0.00462873 -2.31437e-08
8.105 -0.00462857 -2.31428e-08
8.11 -0.0046282 -2.3141e-08
8.115 -0.00462775 -2.31388e-08
8.12 -0.00462734 -2.31367e-08
8.125 -0.00462701 -2.3135e-08
8.13 -0.00462677 -2.31338e-08
8.135 -0.00462667 -2.31333e-08
8.14 -0.0046268 -2.3134e-08
8.145 -0.00462724 -2.31362e-08
8.15 -0.00462799 -2.314e-08
8.155 -0.00462887 -2.31444e-08
8.16 -0.00462958 -2.31479e-08
8.165 -0.00462993 -2.31497e-08
8.17 -0.00462992 -2.31496e-08
8.175 -0.00462969 -2.31484e-08
8.18 -0.00462941 -2.3147e-08
8.185 -0.00462915 -2.31457e-08
8.19 -0.00462891 -2.31445e-08
8.195 -0.00462867 -2.31434e-08
8.2 -0.00462845 -2.31422e-08
8.205 -0.00462829 -2.31414e-08
8.21 -0.00462823 -2.31412e-08
8.215 -0.00462832 -2.31416e-08
8.22 -0.00462852 -2.31426e-08
8.225 -0.00462881 -2.3144e-08
8.23 -0.00462916 -2.31458e-08
8.235 -0.00462956 -2.31478e-08
8.24 -0.00463 -2.315e-08
8.245 -0.00463044 -2.31522e-08
8.25 -0.00463082 -2.31541e-08
8.255 -0.00463108 -2.31554e-08
8.26 -0.00463117 -2.31559e-08
8.265 -0.00463112 -2.31556e-08
8.27 -0.00463102 -2.31551e-08
8.275 -0.00463093 -2.31546e-08
8.28 -0.00463087 -2.31543e-08
8.285 -0.0046308 -2.3154e-08
8.29 -0.00463069 -2.31535e-08
8.295 -0.00463056 -2.31528e-08
8.3 -0.00463043 -2.31521e-08
8.305 -0.00463036 -2.31518e-08
8.31 -0.00463036 -2.31518e-08
8.315 -0.00463041 -2.3152e-08
8.32 -0.00463043 -2.31521e-08
8.325 -0.00463036 -2.31518e-08
8.33 -0.00463017 -2.31509e-08
8.335 -0.00462986 -2.31493e-08
8.34 -0.00462946 -2.31473e-08
8.345 -0.00462899 -2.3145e-08
8.35 -0.00462848 -2.31424e-08
8.355 -0.00462797 -2.31399e-08
8.36 -0.00462751 -2.31376e-08
8.365 -0.00462716 -2.31358e-08
8.37 -0.00462697 -2.31349e-08
8.375 -0.00462699 -2.3135e-08
8.38 -0.00462723 -2.31362e-08
8.385 -0.00462764 -2.31382e-08
8.39 -0.00462809 -2.31405e-08
8.395 -0.00462846 -2.31423e-08
8.4 -0.0046287 -2.31435e-08
8.405 -0.00462886 -2.31443e-08
8.41 -0.00462907 -2.31454e-08
8.415 -0.00462937 -2.31468e-08
8.42 -0.00462965 -2.31482e-08
8.425 -0.00462978 -2.31489e-08
8.43 -0.00462974 -2.31487e-08
8.435 -0.00462965 -2.31482e-08
8.44 -0.0046297 -2.31485e-08
8.445 -0.00462996 -2.31498e-08
8.45 -0.00463029 -2.31514e-08
8.455 -0.00463046 -2.31523e-08
8.46 -0.00463035 -2.31518e-08
8.465 -0.00463006 -2.31503e-08
8.47 -0.00462979 -2.31489e-08
8.475 -0.00462964 -2.31482e-08
8.48 -0.00462954 -2.31477e-08
8.485 -0.00462925 -2.31463e-08
8.49 -0.00462865 -2.31432e-08
8.495 -0.00462783 -2.31392e-08
8.5 -0.00462712 -2.31356e-08
8.505 -0.00462678 -2.31339e-08
8.51 -0.00462684 -2.31342e-08
8.515 -0.00462703 -2.31351e-08
8.52 -0.00462708 -2.31354e-08
8.525 -0.00462696 -2.31348e-08
8.53 -0.00462692 -2.31346e-08
8.535 -0.00462723 -2.31361e-08
8.54 -0.00462787 -2.31393e-08
8.545 -0.00462854 -2.31427e-08
8.55 -0.00462893 -2.31447e-08
8.555 -0.00462901 -2.3145e-08
8.56 -0.00462901 -2.3145e-08
8.565 -0.00462922 -2.31461e-08
8.57 -0.00462967 -2.31484e-08
8.575 -0.00463012 -2.31506e-08
8.58 -0.00463027 -2.31514e-08
8.585 -0.00463009 -2.31504e-08
8.59 -0.00462979 -2.3149e-08
8.595 -0.00462969 -2.31485e-08
8.6 -0.00462987 -2.31494e-08
8.605 -0.00463017 -2.31508e-08
8.61 -0.00463031 -2.31516e-08
8.615 -0.00463021 -2.3151e-08
8.62 -0.00462999 -2.315e-08
8.625 -0.00462992 -2.31496e-08
8.63 -0.00463013 -2.31507e-08
8.635 -0.00463053 -2.31526e-08
8.64 -0.00463086 -2.31543e-08
8.645 -0.00463092 -2.31546e-08
8.65 -0.00463075 -2.31537e-08
8.655 -0.0046305 -2.31525e-08
8.66 -0.00463035 -2.31518e-08
8.665 -0.00463031 -2.31515e-08
8.67 -0.00463023 -2.31512e-08
8.675 -0.00463002 -2.31501e-08
8.68 -0.00462972 -2.31486e-08
8.685 -0.00462948 -2.31474e-08
8.69 -0.00462942 -2.31471e-08
8.695 -0.00462946 -2.31473e-08
8.7 -0.00462939 -2.31469e-08
8.705 -0.00462905 -2.31453e-08
8.71 -0.0046285 -2.31425e-08
8.715 -0.00462793 -2.31396e-08
8.72 -0.00462755 -2.31378e-08
8.725 -0.00462742 -2.31371e-08
8.73 -0.00462744 -2.31372e-08
8.735 -0.00462752 -2.31376e-08
8.74 -0.00462766 -2.31383e-08
8.745 -0.00462791 -2.31395e-08
8.75 -0.00462827 -2.31414e-08
8.755 -0.00462861 -2.3143e-08
8.76 -0.00462875 -2.31437e-08
8.765 -0.00462863 -2.31432e-08
8.77 -0.00462832 -2.31416e-08
8.775 -0.00462789 -2.31395e-08
8.78 -0.00462736 -2.31368e-08
8.785 -0.00462671 -2.31335e-08
8.79 -0.00462595 -2.31298e-08
8.795 -0.00462523 -2.31262e-08
8.8 -0.00462468 -2.31234e-08
8.805 -0.00462438 -2.31219e-08
8.81 -0.0046243 -2.31215e-08
8.815 -0.00462436 -2.31218e-08
8.82 -0.00462445 -2.31223e-08
8.825 -0.00462457 -2.31229e-08
8.83 -0.00462478 -2.31239e-08
8.835 -0.00462511 -2.31255e-08
8.84 -0.00462551 -2.31275e-08
8.845 -0.00462585 -2.31292e-08
8.85 -0.00462601 -2.313e-08
8.855 -0.00462599 -2.31299e-08
8.86 -0.00462591 -2.31295e-08
8.865 -0.00462587 -2.31294e-08
8.87 -0.00462591 -2.31296e-08
8.875 -0.00462595 -2.31298e-08
8.88 -0.00462593 -2.31297e-08
8.885 -0.00462593 -2.31296e-08
8.89 -0.00462607 -2.31303e-08
8.895 -0.00462644 -2.31322e-08
8.9 -0.00462697 -2.31349e-08
8.905 -0.00462749 -2.31375e-08
8.91 -0.00462782 -2.31391e-08
8.915 -0.00462795 -2.31398e-08
8.92 -0.00462802 -2.31401e-08
8.925 -0.00462816 -2.31408e-08
8.93 -0.00462842 -2.31421e-08
8.935 -0.0046287 -2.31435e-08
8.94 -0.00462891 -2.31446e-08
8.945 -0.00462913 -2.31456e-08
8.95 -0.00462946 -2.31473e-08
8.955 -0.00462995 -2.31497e-08
8.96 -0.00463044 -2.31522e-08
8.965 -0.00463067 -2.31534e-08
8.97 -0.00463047 -2.31524e-08
8.975 -0.00462997 -2.31499e-08
8.98 -0.00462949 -2.31474e-08
8.985 -0.00462926 -2.31463e-08
8.99 -0.00462921 -2.3146e-08
8.995 -0.00462906 -2.31453e-08
9 -0.00462863 -2.31431e-08
9.005 -0.00462803 -2.31401e-08
9.01 -0.00462757 -2.31378e-08
9.015 -0.00462746 -2.31373e-08
9.02 -0.00462762 -2.31381e-08
9.025 -0.00462774 -2.31387e-08
9.03 -0.00462762 -2.31381e-08
9.035 -0.0046273 -2.31365e-08
9.04 -0.00462706 -2.31353e-08
9.045 -0.0046271 -2.31355e-08
9.05 -0.00462741 -2.31371e-08
9.055 -0.00462781 -2.3139e-08
9.06 -0.00462807 -2.31404e-08
9.065 -0.00462821 -2.31411e-08
9.07 -0.0046284 -2.3142e-08
9.075 -0.00462882 -2.31441e-08
9.08 -0.00462945 -2.31473e-08
9.085 -0.00463007 -2.31503e-08
9.09 -0.0046304 -2.3152e-08
9.095 -0.00463041 -2.3152e-08
9.1 -0.00463027 -2.31513e-08
9.105 -0.0046302 -2.3151e-08
9.11 -0.00463023 -2.31511e-08
9.115 -0.00463015 -2.31507e-08
9.12 -0.00462976 -2.31488e-08
9.125 -0.00462912 -2.31456e-08
9.13 -0.00462852 -2.31426e-08
9.135 -0.00462824 -2.31412e-08
9.14 -0.00462826 -2.31413e-08
9.145 -0.00462831 -2.31416e-08
9.15 -0.00462807 -2.31404e-08
9.155 -0.00462749 -2.31374e-08
9.16 -0.00462678 -2.31339e-08
9.165 -0.00462625 -2.31313e-08
9.17 -0.00462599 -2.313e-08
9.175 -0.00462586 -2.31293e-08
9.18 -0.00462565 -2.31282e-08
9.185 -0.00462536 -2.31268e-08
9.19 -0.00462528 -2.31264e-08
9.195 -0.00462572 -2.31286e-08
9.2 -0.00462672 -2.31336e-08
9.205 -0.00462789 -2.31395e-08
9.21 -0.00462868 -2.31434e-08
9.215 -0.00462881 -2.3144e-08
9.22 -0.00462849 -2.31424e-08
9.225 -0.00462819 -2.3141e-08
9.23 -0.00462819 -2.31409e-08
9.235 -0.0046283 -2.31415e-08
9.24 -0.00462819 -2.31409e-08
9.245 -0.00462768 -2.31384e-08
9.25 -0.00462701 -2.3135e-08
9.255 -0.0046266 -2.3133e-08
9.26 -0.00462665 -2.31333e-08
9.265 -0.00462698 -2.31349e-08
9.27 -0.00462718 -2.31359e-08
9.275 -0.00462704 -2.31352e-08
9.28 -0.00462671 -2.31336e-08
9.285 -0.00462656 -2.31328e-08
9.29 -0.00462682 -2.31341e-08
9.295 -0.00462743 -2.31372e-08
9.3 -0.00462812 -2.31406e-08
9.305 -0.00462867 -2.31433e-08
9.31 -0.00462898 -2.31449e-08
9.315 -0.00462914 -2.31457e-08
9.32 -0.0046292 -2.3146e-08
9.325 -0.00462913 -2.31457e-08
9.33 -0.00462891 -2.31446e-08
9.335 -0.00462854 -2.31427e-08
9.34 -0.0046281 -2.31405e-08
9.345 -0.00462772 -2.31386e-08
9.35 -0.00462747 -2.31373e-08
9.355 -0.00462731 -2.31366e-08
9.36 -0.00462715 -2.31358e-08
9.365 -0.00462689 -2.31344e-08
9.37 -0.00462652 -2.31326e-08
9.375 -0.00462615 -2.31307e-08
9.38 -0.00462587 -2.31294e-08
9.385 -0.0046257 -2.31285e-08
9.39 -0.00462555 -2.31278e-08
9.395 -0.00462535 -2.31268e-08
9.4 -0.00462507 -2.31254e-08
9.405 -0.00462478 -2.31239e-08
9.41 -0.00462454 -2.31227e-08
9.415 -0.00462439 -2.31219e-08
9.42 -0.00462432 -2.31216e-08
9.425 -0.0046243 -2.31215e-08
9.43 -0.0046243 -2.31215e-08
9.435 -0.00462435 -2.31218e-08
9.44 -0.00462452 -2.31226e-08
9.445 -0.00462489 -2.31245e-08
9.45 -0.00462547 -2.31273e-08
9.455 -0.00462617 -2.31308e-08
9.46 -0.00462684 -2.31342e-08
9.465 -0.00462734 -2.31367e-08
9.47 -0.0046276 -2.3138e-08
9.475 -0.00462768 -2.31384e-08
9.48 -0.00462772 -2.31386e-08
9.485 -0.00462781 -2.3139e-08
9.49 -0.00462795 -2.31397e-08
9.495 -0.00462804 -2.31402e-08
9.5 -0.00462801 -2.31401e-08
9.505 -0.0046279 -2.31395e-08
9.51 -0.00462783 -2.31392e-08
9.515 -0.0046279 -2.31395e-08
9.52 -0.00462809 -2.31404e-08
9.525 -0.00462828 -2.31414e-08
9.53 -0.00462835 -2.31418e-08
9.535 -0.00462833 -2.31417e-08
9.54 -0.00462832 -2.31416e-08
9.545 -0.00462844 -2.31422e-08
9.55 -0.00462867 -2.31434e-08
9.555 -0.00462889 -2.31444e-08
9.56 -0.00462895 -2.31447e-08
9.565 -0.00462878 -2.31439e-08
9.57 -0.00462838 -2.31419e-08
9.575 -0.00462782 -2.31391e-08
9.58 -0.00462721 -2.31361e-08
9.585 -0.00462669 -2.31334e-08
9.59 -0.00462633 -2.31317e-08
9.595 -0.00462613 -2.31307e-08
9.6 -0.004626 -2.313e-08
9.605 -0.00462587 -2.31293e-08
9.61 -0.00462576 -2.31288e-08
9.615 -0.00462572 -2.31286e-08
9.62 -0.00462577 -2.31288e-08
9.625 -0.00462585 -2.31292e-08
9.63 -0.00462586 -2.31293e-08
9.635 -0.00462579 -2.31289e-08
9.64 -0.00462567 -2.31284e-08
9.645 -0.00462562 -2.31281e-08
9.65 -0.0046257 -2.31285e-08
9.655 -0.00462585 -2.31293e-08
9.66 -0.00462598 -2.31299e-08
9.665 -0.00462602 -2.31301e-08
9.67 -0.00462601 -2.31301e-08
9.675 -0.00462607 -2.31303e-08
9.68 -0.00462627 -2.31314e-08
9.685 -0.00462659 -2.31329e-08
9.69 -0.00462691 -2.31345e-08
9.695 -0.00462714 -2.31357e-08
9.7 -0.00462725 -2.31363e-08
9.705 -0.00462732 -2.31366e-08
9.71 -0.0046274 -2.3137e-08
9.715 -0.00462749 -2.31374e-08
9.72 -0.00462751 -2.31376e-08
9.725 -0.00462743 -2.31372e-08
9.73 -0.00462726 -2.31363e-08
9.735 -0.00462709 -2.31354e-08
9.74 -0.00462696 -2.31348e-08
9.745 -0.00462685 -2.31342e-08
9.75 -0.00462666 -2.31333e-08
9.755 -0.00462633 -2.31317e-08
9.76 -0.00462596 -2.31298e-08
9.765 -0.00462568 -2.31284e-08
9.77 -0.00462559 -2.3128e-08
9.775 -0.00462568 -2.31284e-08
9.78 -0.00462583 -2.31292e-08
9.785 -0.00462599 -2.31299e-08
9.79 -0.00462618 -2.31309e-08
9.795 -0.00462651 -2.31326e-08
9.8 -0.004627 -2.3135e-08
9.805 -0.00462753 -2.31377e-08
9.81 -0.00462797 -2.31399e-08
9.815 -0.00462827 -2.31413e-08
9.82 -0.00462851 -2.31426e-08
9.825 -0.00462883 -2.31442e-08
9.83 -0.00462926 -2.31463e-08
9.835 -0.0046297 -2.31485e-08
9.84 -0.00463001 -2.315e-08
9.845 -0.00463014 -2.31507e-08
9.85 -0.00463015 -2.31507e-08
9.855 -0.00463016 -2.31508e-08
9.86 -0.00463026 -2.31513e-08
9.865 -0.00463046 -2.31523e-08
9.87 -0.00463066 -2.31533e-08
9.875 -0.00463077 -2.31538e-08
9.88 -0.00463076 -2.31538e-08
9.885 -0.00463068 -2.31534e-08
9.89 -0.00463059 -2.3153e-08
9.895 -0.0046305 -2.31525e-08
9.9 -0.00463037 -2.31518e-08
9.905 -0.00463017 -2.31509e-08
9.91 -0.00462997 -2.31498e-08
9.915 -0.00462983 -2.31492e-08
9.92 -0.0046298 -2.3149e-08
9.925 -0.00462984 -2.31492e-08
9.93 -0.00462989 -2.31495e-08
9.935 -0.0046299 -2.31495e-08
9.94 -0.00462987 -2.31494e-08
9.945 -0.00462976 -2.31488e-08
9.95 -0.00462948 -2.31474e-08
9.955 -0.00462893 -2.31447e-08
9.96 -0.00462819 -2.31409e-08
9.965 -0.00462745 -2.31373e-08
9.97 -0.00462695 -2.31347e-08
9.975 -0.00462669 -2.31334e-08
9.98 -0.00462653 -2.31326e-08
9.985 -0.00462634 -2.31317e-08
9.99 -0.00462618 -2.31309e-08
9.995 -0.00462623 -2.31312e-08
10 -0.00462659 -2.3133e-08
10.005 -0.00462713 -2.31356e-08
10.01 -0.00462758 -2.31379e-08
10.015 -0.00462776 -2.31388e-08
10.02 -0.00462773 -2.31387e-08
10.025 -0.0046277 -2.31385e-08
10.03 -0.00462783 -2.31391e-08
10.035 -0.00462805 -2.31402e-08
10.04 -0.00462815 -2.31407e-08
10.045 -0.00462793 -2.31396e-08
10.05 -0.00462742 -2.31371e-08
10.055 -0.00462686 -2.31343e-08
10.06 -0.0046265 -2.31325e-08
10.065 -0.0046264 -2.3132e-08
10.07 -0.00462643 -2.31321e-08
10.075 -0.00462637 -2.31318e-08
10.08 -0.00462617 -2.31309e-08
10.085 -0.00462599 -2.31299e-08
10.09 -0.00462598 -2.31299e-08
10.095 -0.00462616 -2.31308e-08
10.1 -0.00462636 -2.31318e-08
10.105 -0.00462637 -2.31319e-08
10.11 -0.00462616 -2.31308e-08
10.115 -0.00462591 -2.31295e-08
10.12 -0.00462588 -2.31294e-08
10.125 -0.00462619 -2.31309e-08
10.13 -0.00462674 -2.31337e-08
10.135 -0.00462729 -2.31365e-08
10.14 -0.00462767 -2.31384e-08
10.145 -0.0046279 -2.31395e-08
10.15 -0.00462809 -2.31405e-08
10.155 -0.00462835 -2.31418e-08
10.16 -0.00462864 -2.31432e-08
10.165 -0.00462885 -2.31442e-08
10.17 -0.00462892 -2.31446e-08
10.175 -0.00462889 -2.31444e-08
10.18 -0.00462886 -2.31443e-08
10.185 -0.00462889 -2.31445e-08
10.19 -0.00462899 -2.3145e-08
10.195 -0.00462908 -2.31454e-08
10.2 -0.00462913 -2.31456e-08
10.205 -0.00462915 -2.31457e-08
10.21 -0.00462921 -2.3146e-08
10.215 -0.00462937 -2.31469e-08
10.22 -0.00462964 -2.31482e-08
10.225 -0.00462994 -2.31497e-08
10.23 -0.0046302 -2.3151e-08
10.235 -0.00463035 -2.31517e-08
10.24 -0.0046304 -2.3152e-08
10.245 -0.00463041 -2.3152e-08
10.25 -0.00463044 -2.31522e-08
10.255 -0.00463053 -2.31527e-08
10.26 -0.00463067 -2.31534e-08
10.265 -0.00463079 -2.3154e-08
10.27 -0.00463087 -2.31543e-08
10.275 -0.00463091 -2.31545e-08
10.28 -0.00463094 -2.31547e-08
10.285 -0.00463101 -2.31551e-08
10.29 -0.00463109 -2.31555e-08
10.295 -0.00463114 -2.31557e-08
10.3 -0.00463113 -2.31557e-08
10.305 -0.00463108 -2.31554e-08
10.31 -0.00463102 -2.31551e-08
10.315 -0.00463097 -2.31548e-08
10.32 -0.00463093 -2.31546e-08
10.325 -0.00463087 -2.31544e-08
10.33 -0.00463078 -2.31539e-08
10.335 -0.00463065 -2.31533e-08
10.34 -0.0046305 -2.31525e-08
10.345 -0.00463037 -2.31519e-08
10.35 -0.0046303 -2.31515e-08
10.355 -0.00463035 -2.31518e-08
10.36 -0.00463057 -2.31528e-08
10.365 -0.00463092 -2.31546e-08
10.37 -0.00463135 -2.31567e-08
10.375 -0.00463174 -2.31587e-08
10.38 -0.00463201 -2.31601e-08
10.385 -0.00463212 -2.31606e-08
10.39 -0.0046321 -2.31605e-08
10.395 -0.004632 -2.316e-08
10.4 -0.00463188 -2.31594e-08
10.405 -0.00463175 -2.31587e-08
10.41 -0.00463155 -2.31577e-08
10.415 -0.00463124 -2.31562e-08
10.42 -0.00463083 -2.31541e-08
10.425 -0.00463036 -2.31518e-08
10.43 -0.00462993 -2.31497e-08
10.435 -0.00462957 -2.31478e-08
10.44 -0.00462927 -2.31464e-08
10.445 -0.00462901 -2.3145e-08
10.45 -0.00462878 -2.31439e-08
10.455 -0.00462864 -2.31432e-08
10.46 -0.00462862 -2.31431e-08
10.465 -0.00462869 -2.31434e-08
10.47 -0.00462877 -2.31438e-08
10.475 -0.00462878 -2.31439e-08
10.48 -0.00462871 -2.31436e-08
10.485 -0.00462858 -2.31429e-08
10.49 -0.00462841 -2.3142e-08
10.495 -0.00462817 -2.31408e-08
10.5 -0.00462786 -2.31393e-08
10.505 -0.0046275 -2.31375e-08
10.51 -0.00462721 -2.31361e-08
10.515 -0.00462711 -2.31355e-08
10.52 -0.00462724 -2.31362e-08
10.525 -0.00462755 -2.31378e-08
10.53 -0.00462796 -2.31398e-08
10.535 -0.00462837 -2.31419e-08
10.54 -0.00462877 -2.31439e-08
10.545 -0.00462916 -2.31458e-08
10.55 -0.00462952 -2.31476e-08
10.555 -0.00462983 -2.31492e-08
10.56 -0.00463008 -2.31504e-08
10.565 -0.00463024 -2.31512e-08
10.57 -0.00463032 -2.31516e-08
10.575 -0.00463036 -2.31518e-08
10.58 -0.00463039 -2.3152e-08
10.585 -0.00463044 -2.31522e-08
10.59 -0.00463049 -2.31524e-08
10.595 -0.00463047 -2.31524e-08
10.6 -0.00463037 -2.31519e-08
10.605 -0.00463021 -2.31511e-08
10.61 -0.00463007 -2.31503e-08
10.615 -0.00463001 -2.315e-08
10.62 -0.00463004 -2.31502e-08
10.625 -0.00463011 -2.31505e-08
10.63 -0.00463015 -2.31508e-08
10.635 -0.00463014 -2.31507e-08
10.64 -0.00463009 -2.31504e-08
10.645 -0.00463003 -2.31501e-08
10.65 -0.00462999 -2.31499e-08
10.655 -0.00462994 -2.31497e-08
10.66 -0.00462989 -2.31494e-08
10.665 -0.00462986 -2.31493e-08
10.67 -0.00462991 -2.31495e-08
10.675 -0.00463004 -2.31502e-08
10.68 -0.00463022 -2.31511e-08
10.685 -0.00463037 -2.31518e-08
10.69 -0.00463041 -2.3152e-08
10.695 -0.00463034 -2.31517e-08
10.7 -0.00463018 -2.31509e-08
10.705 -0.00462997 -2.31498e-08
10.71 -0.00462974 -2.31487e-08
10.715 -0.00462949 -2.31474e-08
10.72 -0.00462922 -2.31461e-08
10.725 -0.00462895 -2.31448e-08
10.73 -0.00462871 -2.31435e-08
10.735 -0.00462851 -2.31426e-08
10.74 -0.00462839 -2.3142e-08
10.745 -0.00462837 -2.31418e-08
10.75 -0.00462844 -2.31422e-08
10.755 -0.00462858 -2.31429e-08
10.76 -0.00462875 -2.31437e-08
10.765 -0.00462891 -2.31445e-08
10.77 -0.00462902 -2.31451e-08
10.775 -0.00462905 -2.31452e-08
10.78 -0.00462891 -2.31446e-08
10.785 -0.00462854 -2.31427e-08
10.79 -0.00462792 -2.31396e-08
10.795 -0.00462715 -2.31357e-08
10.8 -0.0046264 -2.3132e-08
10.805 -0.00462581 -2.3129e-08
10.81 -0.00462531 -2.31266e-08
10.815 -0.00462476 -2.31238e-08
10.82 -0.00462407 -2.31203e-08
10.825 -0.00462336 -2.31168e-08
10.83 -0.00462288 -2.31144e-08
10.835 -0.00462272 -2.31136e-08
10.84 -0.00462283 -2.31141e-08
10.845 -0.00462301 -2.31151e-08
10.85 -0.00462321 -2.31161e-08
10.855 -0.00462349 -2.31174e-08
10.86 -0.00462394 -2.31197e-08
10.865 -0.00462451 -2.31225e-08
10.87 -0.00462503 -2.31252e-08
10.875 -0.00462535 -2.31268e-08
10.88 -0.00462549 -2.31275e-08
10.885 -0.00462562 -2.31281e-08
10.89 -0.0046259 -2.31295e-08
10.895 -0.00462635 -2.31317e-08
10.9 -0.00462685 -2.31343e-08
10.905 -0.00462728 -2.31364e-08
10.91 -0.00462758 -2.31379e-08
10.915 -0.00462779 -2.3139e-08
10.92 -0.00462795 -2.31397e-08
10.925 -0.00462804 -2.31402e-08
10.93 -0.00462808 -2.31404e-08
10.935 -0.00462807 -2.31404e-08
10.94 -0.00462808 -2.31404e-08
10.945 -0.00462817 -2.31408e-08
10.95 -0.00462833 -2.31416e-08
10.955 -0.00462853 -2.31426e-08
10.96 -0.0046287 -2.31435e-08
10.965 -0.00462878 -2.31439e-08
10.97 -0.00462876 -2.31438e-08
10.975 -0.00462867 -2.31434e-08
10.98 -0.00462854 -2.31427e-08
10.985 -0.00462836 -2.31418e-08
10.99 -0.00462813 -2.31406e-08
10.995 -0.00462782 -2.31391e-08
11 -0.00462747 -2.31374e-08
11.005 -0.00462714 -2.31357e-08
11.01 -0.00462684 -2.31342e-08
11.015 -0.00462657 -2.31328e-08
11.02 -0.00462627 -2.31313e-08
11.025 -0.00462591 -2.31296e-08
11.03 -0.00462553 -2.31276e-08
11.035 -0.00462516 -2.31258e-08
11.04 -0.00462484 -2.31242e-08
11.045 -0.0046246 -2.3123e-08
11.05 -0.00462445 -2.31223e-08
11.055 -0.00462441 -2.3122e-08
11.06 -0.00462447 -2.31224e-08
11.065 -0.00462465 -2.31232e-08
11.07 -0.00462493 -2.31247e-08
11.075 -0.00462531 -2.31266e-08
11.08 -0.00462575 -2.31287e-08
11.085 -0.00462616 -2.31308e-08
11.09 -0.0046265 -2.31325e-08
11.095 -0.00462677 -2.31338e-08
11.1 -0.00462702 -2.31351e-08
11.105 -0.0046273 -2.31365e-08
11.11 -0.0046276 -2.3138e-08
11.115 -0.00462788 -2.31394e-08
11.12 -0.00462817 -2.31408e-08
11.125 -0.00462853 -2.31427e-08
11.13 -0.00462902 -2.31451e-08
11.135 -0.0046296 -2.3148e-08
11.14 -0.00463014 -2.31507e-08
11.145 -0.00463047 -2.31524e-08
11.15 -0.0046305 -2.31525e-08
11.155 -0.00463027 -2.31513e-08
11.16 -0.00462989 -2.31495e-08
11.165 -0.00462951 -2.31475e-08
11.17 -0.00462919 -2.31459e-08
11.175 -0.00462893 -2.31447e-08
11.18 -0.00462872 -2.31436e-08
11.185 -0.00462856 -2.31428e-08
11.19 -0.00462846 -2.31423e-08
11.195 -0.00462846 -2.31423e-08
11.2 -0.00462858 -2.31429e-08
11.205 -0.0046288 -2.3144e-08
11.21 -0.00462907 -2.31454e-08
11.215 -0.00462934 -2.31467e-08
11.22 -0.00462959 -2.31479e-08
11.225 -0.00462982 -2.31491e-08
11.23 -0.00463004 -2.31502e-08
11.235 -0.00463023 -2.31512e-08
11.24 -0.00463031 -2.31516e-08
11.245 -0.00463024 -2.31512e-08
11.25 -0.00463004 -2.31502e-08
11.255 -0.00462979 -2.31489e-08
11.26 -0.0046296 -2.3148e-08
11.265 -0.00462952 -2.31476e-08
11.27 -0.00462952 -2.31476e-08
11.275 -0.00462952 -2.31476e-08
11.28 -0.00462945 -2.31472e-08
11.285 -0.00462923 -2.31462e-08
11.29 -0.00462889 -2.31444e-08
11.295 -0.00462846 -2.31423e-08
11.3 -0.00462804 -2.31402e-08
11.305 -0.00462772 -2.31386e-08
11.31 -0.00462758 -2.31379e-08
11.315 -0.0046276 -2.3138e-08
11.32 -0.00462773 -2.31386e-08
11.325 -0.0046279 -2.31395e-08
11.33 -0.00462809 -2.31404e-08
11.335 -0.00462832 -2.31416e-08
11.34 -0.00462861 -2.3143e-08
11.345 -0.00462892 -2.31446e-08
11.35 -0.00462918 -2.31459e-08
11.355 -0.00462931 -2.31466e-08
11.36 -0.0046293 -2.31465e-08
11.365 -0.00462915 -2.31458e-08
11.37 -0.00462889 -2.31445e-08
11.375 -0.00462856 -2.31428e-08
11.38 -0.00462822 -2.31411e-08
11.385 -0.00462792 -2.31396e-08
11.39 -0.00462772 -2.31386e-08
11.395 -0.00462759 -2.31379e-08
11.4 -0.00462757 -2.31378e-08
11.405 -0.0046277 -2.31385e-08
11.41 -0.00462799 -2.314e-08
11.415 -0.00462839 -2.3142e-08
11.42 -0.00462882 -2.31441e-08
11.425 -0.00462924 -2.31462e-08
11.43 -0.00462968 -2.31484e-08
11.435 -0.00463008 -2.31504e-08
11.44 -0.00463034 -2.31517e-08
11.445 -0.00463037 -2.31519e-08
11.45 -0.00463028 -2.31514e-08
11.455 -0.00463025 -2.31512e-08
11.46 -0.00463036 -2.31518e-08
11.465 -0.00463053 -2.31526e-08
11.47 -0.00463058 -2.31529e-08
11.475 -0.00463046 -2.31523e-08
11.48 -0.00463026 -2.31513e-08
11.485 -0.00463011 -2.31506e-08
11.49 -0.00463005 -2.31502e-08
11.495 -0.00462995 -2.31498e-08
11.5 -0.00462972 -2.31486e-08
11.505 -0.00462936 -2.31468e-08
11.51 -0.00462907 -2.31454e-08
11.515 -0.004629 -2.3145e-08
11.52 -0.00462915 -2.31458e-08
11.525 -0.0046294 -2.3147e-08
11.53 -0.00462959 -2.31479e-08
11.535 -0.00462969 -2.31485e-08
11.54 -0.00462975 -2.31487e-08
11.545 -0.0046298 -2.3149e-08
11.55 -0.00462982 -2.31491e-08
11.555 -0.00462977 -2.31488e-08
11.56 -0.00462962 -2.31481e-08
11.565 -0.00462942 -2.31471e-08
11.57 -0.00462929 -2.31465e-08
11.575 -0.00462927 -2.31464e-08
11.58 -0.00462933 -2.31466e-08
11.585 -0.00462932 -2.31466e-08
11.59 -0.00462916 -2.31458e-08
11.595 -0.00462886 -2.31443e-08
11.6 -0.00462855 -2.31427e-08
11.605 -0.00462835 -2.31418e-08
11.61 -0.00462829 -2.31414e-08
11.615 -0.00462827 -2.31414e-08
11.62 -0.00462819 -2.31409e-08
11.625 -0.004628 -2.314e-08
11.63 -0.00462777 -2.31388e-08
11.635 -0.00462753 -2.31376e-08
11.64 -0.00462729 -2.31364e-08
11.645 -0.004627 -2.3135e-08
11.65 -0.00462663 -2.31332e-08
11.655 -0.00462621 -2.31311e-08
11.66 -0.00462588 -2.31294e-08
11.665 -0.00462581 -2.31291e-08
11.67 -0.00462609 -2.31305e-08
11.675 -0.00462661 -2.3133e-08
11.68 -0.00462717 -2.31358e-08
11.685 -0.00462768 -2.31384e-08
11.69 -0.00462824 -2.31412e-08
11.695 -0.00462894 -2.31447e-08
11.7 -0.00462969 -2.31484e-08
11.705 -0.00463027 -2.31513e-08
11.71 -0.00463057 -2.31528e-08
11.715 -0.00463071 -2.31536e-08
11.72 -0.00463088 -2.31544e-08
11.725 -0.00463109 -2.31554e-08
11.73 -0.00463119 -2.3156e-08
11.735 -0.00463107 -2.31554e-08
11.74 -0.00463078 -2.31539e-08
11.745 -0.0046305 -2.31525e-08
11.75 -0.00463035 -2.31517e-08
11.755 -0.00463031 -2.31515e-08
11.76 -0.00463026 -2.31513e-08
11.765 -0.00463011 -2.31505e-08
11.77 -0.00462986 -2.31493e-08
11.775 -0.00462956 -2.31478e-08
11.78 -0.00462921 -2.3146e-08
11.785 -0.00462874 -2.31437e-08
11.79 -0.00462812 -2.31406e-08
11.795 -0.00462743 -2.31371e-08
11.8 -0.00462688 -2.31344e-08
11.805 -0.00462665 -2.31333e-08
11.81 -0.00462673 -2.31336e-08
11.815 -0.0046269 -2.31345e-08
11.82 -0.00462698 -2.31349e-08
11.825 -0.00462696 -2.31348e-08
11.83 -0.00462699 -2.3135e-08
11.835 -0.00462723 -2.31362e-08
11.84 -0.00462764 -2.31382e-08
11.845 -0.00462801 -2.314e-08
11.85 -0.00462817 -2.31409e-08
11.855 -0.00462813 -2.31407e-08
11.86 -0.00462805 -2.31402e-08
11.865 -0.00462805 -2.31402e-08
11.87 -0.00462811 -2.31405e-08
11.875 -0.0046281 -2.31405e-08
11.88 -0.00462792 -2.31396e-08
11.885 -0.00462756 -2.31378e-08
11.89 -0.00462716 -2.31358e-08
11.895 -0.00462683 -2.31341e-08
11.9 -0.00462665 -2.31332e-08
11.905 -0.00462659 -2.31329e-08
11.91 -0.00462657 -2.31328e-08
11.915 -0.00462649 -2.31325e-08
11.92 -0.00462633 -2.31317e-08
11.925 -0.00462612 -2.31306e-08
11.93 -0.00462591 -2.31295e-08
11.935 -0.00462573 -2.31286e-08
11.94 -0.00462557 -2.31279e-08
11.945 -0.00462543 -2.31272e-08
11.95 -0.00462531 -2.31266e-08
11.955 -0.00462522 -2.31261e-08
11.96 -0.00462514 -2.31257e-08
11.965 -0.00462503 -2.31252e-08
11.97 -0.0046249 -2.31245e-08
11.975 -0.00462477 -2.31239e-08
11.98 -0.00462471 -2.31236e-08
11.985 -0.00462479 -2.31239e-08
11.99 -0.00462503 -2.31251e-08
11.995 -0.00462546 -2.31273e-08
12 -0.00462607 -2.31303e-08
12.005 -0.00462678 -2.31339e-08
12.01 -0.00462748 -2.31374e-08
12.015 -0.00462804 -2.31402e-08
12.02 -0.00462838 -2.31419e-08
12.025 -0.00462846 -2.31423e-08
12.03 -0.00462836 -2.31418e-08
12.035 -0.00462817 -2.31408e-08
12.04 -0.004628 -2.314e-08
12.045 -0.00462796 -2.31398e-08
12.05 -0.00462804 -2.31402e-08
12.055 -0.0046282 -2.3141e-08
12.06 -0.00462841 -2.3142e-08
12.065 -0.00462861 -2.3143e-08
12.07 -0.00462875 -2.31437e-08
12.075 -0.00462878 -2.31439e-08
12.08 -0.00462868 -2.31434e-08
12.085 -0.00462847 -2.31423e-08
12.09 -0.00462823 -2.31411e-08
12.095 -0.00462807 -2.31404e-08
12.1 -0.00462811 -2.31406e-08
12.105 -0.00462835 -2.31418e-08
12.11 -0.00462863 -2.31431e-08
12.115 -0.00462874 -2.31437e-08
12.12 -0.00462864 -2.31432e-08
12.125 -0.00462848 -2.31424e-08
12.13 -0.00462846 -2.31423e-08
12.135 -0.00462863 -2.31431e-08
12.14 -0.00462881 -2.31441e-08
12.145 -0.00462878 -2.31439e-08
12.15 -0.00462848 -2.31424e-08
12.155 -0.00462804 -2.31402e-08
12.16 -0.00462768 -2.31384e-08
12.165 -0.00462747 -2.31373e-08
12.17 -0.00462731 -2.31365e-08
12.175 -0.00462706 -2.31353e-08
12.18 -0.00462669 -2.31335e-08
12.185 -0.00462631 -2.31316e-08
12.19 -0.0046261 -2.31305e-08
12.195 -0.00462615 -2.31307e-08
12.2 -0.00462634 -2.31317e-08
12.205 -0.00462648 -2.31324e-08
12.21 -0.00462646 -2.31323e-08
12.215 -0.00462632 -2.31316e-08
12.22 -0.00462624 -2.31312e-08
12.225 -0.00462631 -2.31315e-08
12.23 -0.00462648 -2.31324e-08
12.235 -0.00462661 -2.31331e-08
12.24 -0.0046266 -2.3133e-08
12.245 -0.00462642 -2.31321e-08
12.25 -0.00462618 -2.31309e-08
12.255 -0.00462596 -2.31298e-08
12.26 -0.00462579 -2.31289e-08
12.265 -0.00462562 -2.31281e-08
12.27 -0.00462539 -2.3127e-08
12.275 -0.00462512 -2.31256e-08
12.28 -0.00462489 -2.31245e-08
12.285 -0.0046248 -2.3124e-08
12.29 -0.00462483 -2.31242e-08
12.295 -0.00462492 -2.31246e-08
12.3 -0.00462496 -2.31248e-08
12.305 -0.00462492 -2.31246e-08
12.31 -0.00462486 -2.31243e-08
12.315 -0.00462484 -2.31242e-08
12.32 -0.0046249 -2.31245e-08
12.325 -0.004625 -2.3125e-08
12.33 -0.00462509 -2.31254e-08
12.335 -0.00462514 -2.31257e-08
12.34 -0.0046252 -2.3126e-08
12.345 -0.00462531 -2.31266e-08
12.35 -0.0046255 -2.31275e-08
12.355 -0.00462571 -2.31286e-08
12.36 -0.00462585 -2.31293e-08
12.365 -0.00462591 -2.31295e-08
12.37 -0.00462596 -2.31298e-08
12.375 -0.00462611 -2.31306e-08
12.38 -0.00462643 -2.31321e-08
12.385 -0.00462689 -2.31345e-08
12.39 -0.00462739 -2.31369e-08
12.395 -0.00462782 -2.31391e-08
12.4 -0.00462812 -2.31406e-08
12.405 -0.00462833 -2.31417e-08
12.41 -0.0046285 -2.31425e-08
12.415 -0.00462865 -2.31432e-08
12.42 -0.00462876 -2.31438e-08
12.425 -0.00462878 -2.31439e-08
12.43 -0.00462872 -2.31436e-08
12.435 -0.00462867 -2.31433e-08
12.44 -0.00462876 -2.31438e-08
12.445 -0.0046291 -2.31455e-08
12.45 -0.00462962 -2.31481e-08
12.455 -0.00463015 -2.31508e-08
12.46 -0.00463051 -2.31526e-08
12.465 -0.00463063 -2.31532e-08
12.47 -0.00463062 -2.31531e-08
12.475 -0.00463064 -2.31532e-08
12.48 -0.00463076 -2.31538e-08
12.485 -0.00463092 -2.31546e-08
12.49 -0.00463095 -2.31547e-08
12.495 -0.00463078 -2.31539e-08
12.5 -0.00463052 -2.31526e-08
12.505 -0.00463036 -2.31518e-08
12.51 -0.00463038 -2.31519e-08
12.515 -0.00463054 -2.31527e-08
12.52 -0.00463067 -2.31533e-08
12.525 -0.00463066 -2.31533e-08
12.53 -0.00463054 -2.31527e-08
12.535 -0.00463038 -2.31519e-08
12.54 -0.00463027 -2.31513e-08
12.545 -0.00463016 -2.31508e-08
12.55 -0.00462995 -2.31497e-08
12.555 -0.00462958 -2.31479e-08
12.56 -0.0046291 -2.31455e-08
12.565 -0.00462866 -2.31433e-08
12.57 -0.0046284 -2.3142e-08
12.575 -0.00462833 -2.31416e-08
12.58 -0.00462835 -2.31418e-08
12.585 -0.00462836 -2.31418e-08
12.59 -0.00462833 -2.31417e-08
12.595 -0.00462833 -2.31416e-08
12.6 -0.00462843 -2.31421e-08
12.605 -0.00462864 -2.31432e-08
12.61 -0.00462887 -2.31443e-08
12.615 -0.00462902 -2.31451e-08
12.62 -0.00462903 -2.31452e-08
12.625 -0.00462892 -2.31446e-08
12.63 -0.00462875 -2.31437e-08
12.635 -0.00462858 -2.31429e-08
12.64 -0.00462843 -2.31422e-08
12.645 -0.00462829 -2.31414e-08
12.65 -0.0046281 -2.31405e-08
12.655 -0.00462786 -2.31393e-08
12.66 -0.00462762 -2.31381e-08
12.665 -0.00462747 -2.31374e-08
12.67 -0.00462742 -2.31371e-08
12.675 -0.00462735 -2.31368e-08
12.68 -0.00462717 -2.31358e-08
12.685 -0.00462682 -2.31341e-08
12.69 -0.00462643 -2.31321e-08
12.695 -0.00462617 -2.31309e-08
12.7 -0.00462618 -2.31309e-08
12.705 -0.00462641 -2.31321e-08
12.71 -0.00462673 -2.31336e-08
12.715 -0.00462699 -2.3135e-08
12.72 -0.0046272 -2.3136e-08
12.725 -0.00462745 -2.31373e-08
12.73 -0.00462779 -2.3139e-08
12.735 -0.00462816 -2.31408e-08
12.74 -0.00462845 -2.31423e-08
12.745 -0.00462859 -2.3143e-08
12.75 -0.00462865 -2.31432e-08
12.755 -0.00462875 -2.31438e-08
12.76 -0.00462896 -2.31448e-08
12.765 -0.0046292 -2.3146e-08
12.77 -0.00462934 -2.31467e-08
12.775 -0.00462928 -2.31464e-08
12.78 -0.00462906 -2.31453e-08
12.785 -0.00462881 -2.3144e-08
12.79 -0.00462863 -2.31431e-08
12.795 -0.00462853 -2.31426e-08
12.8 -0.00462847 -2.31423e-08
12.805 -0.00462843 -2.31421e-08
12.81 -0.00462842 -2.31421e-08
12.815 -0.00462852 -2.31426e-08
12.82 -0.00462873 -2.31437e-08
12.825 -0.00462898 -2.31449e-08
12.83 -0.00462916 -2.31458e-08
12.835 -0.00462919 -2.31459e-08
12.84 -0.00462909 -2.31455e-08
12.845 -0.00462897 -2.31449e-08
12.85 -0.00462889 -2.31444e-08
12.855 -0.00462882 -2.31441e-08
12.86 -0.00462868 -2.31434e-08
12.865 -0.00462841 -2.31421e-08
12.87 -0.00462805 -2.31402e-08
12.875 -0.00462767 -2.31383e-08
12.88 -0.00462734 -2.31367e-08
12.885 -0.00462707 -2.31354e-08
12.89 -0.00462686 -2.31343e-08
12.895 -0.00462668 -2.31334e-08
12.9 -0.00462654 -2.31327e-08
12.905 -0.00462646 -2.31323e-08
12.91 -0.00462645 -2.31322e-08
12.915 -0.00462648 -2.31324e-08
12.92 -0.00462656 -2.31328e-08
12.925 -0.00462668 -2.31334e-08
12.93 -0.00462684 -2.31342e-08
12.935 -0.00462701 -2.31351e-08
12.94 -0.00462717 -2.31359e-08
12.945 -0.00462728 -2.31364e-08
12.95 -0.00462728 -2.31364e-08
12.955 -0.00462715 -2.31358e-08
12.96 -0.00462693 -2.31346e-08
12.965 -0.00462667 -2.31334e-08
12.97 -0.00462648 -2.31324e-08
12.975 -0.00462641 -2.31321e-08
12.98 -0.00462649 -2.31324e-08
12.985 -0.0046267 -2.31335e-08
12.99 -0.00462702 -2.31351e-08
12.995 -0.00462747 -2.31374e-08
13 -0.00462803 -2.31402e-08
13.005 -0.00462863 -2.31432e-08
13.01 -0.00462916 -2.31458e-08
13.015 -0.00462948 -2.31474e-08
13.02 -0.00462958 -2.31479e-08
13.025 -0.00462956 -2.31478e-08
13.03 -0.0046295 -2.31475e-08
13.035 -0.00462941 -2.31471e-08
13.04 -0.0046292 -2.3146e-08
13.045 -0.0046288 -2.3144e-08
13.05 -0.0046283 -2.31415e-08
13.055 -0.00462786 -2.31393e-08
13.06 -0.00462759 -2.3138e-08
13.065 -0.00462745 -2.31372e-08
13.07 -0.0046273 -2.31365e-08
13.075 -0.00462708 -2.31354e-08
13.08 -0.00462687 -2.31343e-08
13.085 -0.00462679 -2.31339e-08
13.09 -0.00462689 -2.31345e-08
13.095 -0.00462709 -2.31355e-08
13.1 -0.00462725 -2.31362e-08
13.105 -0.00462728 -2.31364e-08
13.11 -0.00462726 -2.31363e-08
13.115 -0.00462727 -2.31363e-08
13.12 -0.00462735 -2.31367e-08
13.125 -0.00462745 -2.31372e-08
13.13 -0.00462749 -2.31374e-08
13.135 -0.00462746 -2.31373e-08
13.14 -0.00462744 -2.31372e-08
13.145 -0.00462752 -2.31376e-08
13.15 -0.0046277 -2.31385e-08
13.155 -0.0046279 -2.31395e-08
13.16 -0.00462804 -2.31402e-08
13.165 -0.00462814 -2.31407e-08
13.17 -0.00462829 -2.31414e-08
13.175 -0.00462849 -2.31424e-08
13.18 -0.00462867 -2.31433e-08
13.185 -0.00462874 -2.31437e-08
13.19 -0.00462871 -2.31435e-08
13.195 -0.00462864 -2.31432e-08
13.2 -0.00462862 -2.31431e-08
13.205 -0.00462869 -2.31434e-08
13.21 -0.00462875 -2.31438e-08
13.215 -0.00462873 -2.31437e-08
13.22 -0.0046286 -2.3143e-08
13.225 -0.00462838 -2.31419e-08
13.23 -0.00462815 -2.31408e-08
13.235 -0.00462795 -2.31397e-08
13.24 -0.00462774 -2.31387e-08
13.245 -0.0046275 -2.31375e-08
13.25 -0.00462725 -2.31363e-08
13.255 -0.00462702 -2.31351e-08
13.26 -0.00462684 -2.31342e-08
13.265 -0.00462671 -2.31335e-08
13.27 -0.00462658 -2.31329e-08
13.275 -0.00462645 -2.31322e-08
13.28 -0.00462634 -2.31317e-08
13.285 -0.00462627 -2.31314e-08
13.29 -0.00462622 -2.31311e-08
13.295 -0.00462616 -2.31308e-08
13.3 -0.00462608 -2.31304e-08
13.305 -0.00462601 -2.313e-08
13.31 -0.00462597 -2.31299e-08
13.315 -0.00462596 -2.31298e-08
13.32 -0.00462596 -2.31298e-08
13.325 -0.00462599 -2.313e-08
13.33 -0.00462612 -2.31306e-08
13.335 -0.00462641 -2.31321e-08
13.34 -0.00462691 -2.31345e-08
13.345 -0.0046275 -2.31375e-08
13.35 -0.00462807 -2.31404e-08
13.355 -0.00462853 -2.31426e-08
13.36 -0.00462886 -2.31443e-08
13.365 -0.00462906 -2.31453e-08
13.37 -0.00462915 -2.31457e-08
13.375 -0.00462912 -2.31456e-08
13.38 -0.00462902 -2.31451e-08
13.385 -0.00462893 -2.31447e-08
13.39 -0.00462892 -2.31446e-08
13.395 -0.00462897 -2.31449e-08
13.4 -0.00462906 -2.31453e-08
13.405 -0.00462915 -2.31458e-08
13.41 -0.00462921 -2.3146e-08
13.415 -0.00462925 -2.31462e-08
13.42 -0.00462928 -2.31464e-08
13.425 -0.00462929 -2.31464e-08
13.43 -0.00462928 -2.31464e-08
13.435 -0.00462924 -2.31462e-08
13.44 -0.00462915 -2.31458e-08
13.445 -0.00462901 -2.31451e-08
13.45 -0.00462881 -2.31441e-08
13.455 -0.00462856 -2.31428e-08
13.46 -0.00462828 -2.31414e-08
13.465 -0.004628 -2.314e-08
13.47 -0.00462775 -2.31387e-08
13.475 -0.00462754 -2.31377e-08
13.48 -0.00462739 -2.3137e-08
13.485 -0.0046273 -2.31365e-08
13.49 -0.00462724 -2.31362e-08
13.495 -0.0046272 -2.3136e-08
13.5 -0.00462712 -2.31356e-08
13.505 -0.00462699 -2.31349e-08
13.51 -0.00462682 -2.31341e-08
13.515 -0.0046267 -2.31335e-08
13.52 -0.00462669 -2.31335e-08
13.525 -0.00462683 -2.31342e-08
13.53 -0.00462708 -2.31354e-08
13.535 -0.00462735 -2.31368e-08
13.54 -0.00462756 -2.31378e-08
13.545 -0.00462766 -2.31383e-08
13.55 -0.00462767 -2.31383e-08
13.555 -0.0046276 -2.3138e-08
13.56 -0.00462748 -2.31374e-08
13.565 -0.00462734 -2.31367e-08
13.57 -0.00462721 -2.31361e-08
13.575 -0.00462714 -2.31357e-08
13.58 -0.00462714 -2.31357e-08
13.585 -0.00462723 -2.31361e-08
13.59 -0.0046274 -2.3137e-08
13.595 -0.00462763 -2.31381e-08
13.6 -0.00462788 -2.31394e-08
13.605 -0.0046281 -2.31405e-08
13.61 -0.00462826 -2.31413e-08
13.615 -0.00462836 -2.31418e-08
13.62 -0.0046284 -2.3142e-08
13.625 -0.00462841 -2.31421e-08
13.63 -0.00462843 -2.31422e-08
13.635 -0.00462844 -2.31422e-08
13.64 -0.00462841 -2.3142e-08
13.645 -0.00462829 -2.31414e-08
13.65 -0.00462808 -2.31404e-08
13.655 -0.00462784 -2.31392e-08
13.66 -0.00462764 -2.31382e-08
13.665 -0.00462752 -2.31376e-08
13.67 -0.00462741 -2.3137e-08
13.675 -0.00462724 -2.31362e-08
13.68 -0.004627 -2.3135e-08
13.685 -0.00462675 -2.31338e-08
13.69 -0.00462661 -2.31331e-08
13.695 -0.00462663 -2.31331e-08
13.7 -0.00462676 -2.31338e-08
13.705 -0.00462693 -2.31347e-08
13.71 -0.00462712 -2.31356e-08
13.715 -0.00462733 -2.31366e-08
13.72 -0.00462756 -2.31378e-08
13.725 -0.0046278 -2.3139e-08
13.73 -0.00462798 -2.31399e-08
13.735 -0.00462807 -2.31404e-08
13.74 -0.00462809 -2.31405e-08
13.745 -0.00462808 -2.31404e-08
13.75 -0.00462809 -2.31405e-08
13.755 -0.00462813 -2.31406e-08
13.76 -0.00462816 -2.31408e-08
13.765 -0.00462818 -2.31409e-08
13.77 -0.0046282 -2.3141e-08
13.775 -0.00462825 -2.31413e-08
13.78 -0.00462838 -2.31419e-08
13.785 -0.00462855 -2.31428e-08
13.79 -0.00462871 -2.31436e-08
13.795 -0.00462881 -2.31441e-08
13.8 -0.00462882 -2.31441e-08
13.805 -0.00462876 -2.31438e-08
13.81 -0.00462868 -2.31434e-08
13.815 -0.00462859 -2.31429e-08
13.82 -0.00462847 -2.31424e-08
13.825 -0.00462831 -2.31415e-08
13.83 -0.00462808 -2.31404e-08
13.835 -0.00462782 -2.31391e-08
13.84 -0.00462755 -2.31378e-08
13.845 -0.0046273 -2.31365e-08
13.85 -0.00462707 -2.31354e-08
13.855 -0.00462691 -2.31345e-08
13.86 -0.00462684 -2.31342e-08
13.865 -0.00462687 -2.31344e-08
13.87 -0.00462701 -2.31351e-08
13.875 -0.00462722 -2.31361e-08
13.88 -0.00462745 -2.31372e-08
13.885 -0.00462767 -2.31384e-08
13.89 -0.00462789 -2.31394e-08
13.895 -0.00462811 -2.31405e-08
13.9 -0.00462837 -2.31418e-08
13.905 -0.00462866 -2.31433e-08
13.91 -0.00462894 -2.31447e-08
13.915 -0.00462917 -2.31459e-08
13.92 -0.00462935 -2.31467e-08
13.925 -0.0046295 -2.31475e-08
13.93 -0.00462965 -2.31482e-08
13.935 -0.00462979 -2.3149e-08
13.94 -0.00462991 -2.31496e-08
13.945 -0.00462998 -2.31499e-08
13.95 -0.00463 -2.315e-08
13.955 -0.00463003 -2.31501e-08
13.96 -0.00463008 -2.31504e-08
13.965 -0.00463015 -2.31507e-08
13.97 -0.00463021 -2.31511e-08
13.975 -0.00463024 -2.31512e-08
13.98 -0.00463024 -2.31512e-08
13.985 -0.0046302 -2.3151e-08
13.99 -0.00463016 -2.31508e-08
13.995 -0.00463014 -2.31507e-08
14 -0.00463012 -2.31506e-08
14.005 -0.0046301 -2.31505e-08
14.01 -0.00463003 -2.31501e-08
