-4.10213e-12
-646.805
-2566.82
-5699.31
-9944.65
-15166.7
-21195.9
-27835.7
-34988.8
-42408.3
-49164.2
-54746.2
-59452.6
-63173.4
-65765
-67291.8
-67873.6
-67345
-65272
-61523.9
-55893.3
-48310
-39583.8
-29590.6
-15633.2
-150.616
16835.1
34656.4
52563.8
66337.3
74025.7
81052.7
87672.1
92729.1
96243.1
95260
91611.6
85997.4
79022.1
71496.8
64565.6
56308.1
43956.6
18867.3
-10102.7
-40195.2
-64325.3
-73429
-75796.9
-75202.4
-69894.7
-59952.2
-48063
-29396.6
-4076.7
1030.28
-1091.42
-10523.2
-26777.7
-49006.3
-58988.3
-62605.5
-59133.5
-47746.8
-28436.6
1520.04
38891.5
76205.3
92721.3
106631
121198
117894
121668
125338
131064
138390
146453
141453
131553
118454
103517
83455.4
