4.75907e-17
0.0213066
0.0845546
0.187744
0.327592
0.499617
0.698238
0.916911
1.14829
1.38439
1.6168
1.83688
2.03597
2.20564
2.33784
2.42519
2.46113
2.44011
2.35777
2.21109
1.99847
1.71986
1.37679
0.972377
0.51136
5.55112e-16
-0.553973
-1.14149
-1.75227
-2.37505
-2.9977
-3.60756
-4.19159
-4.73668
-5.2299
-5.18452
-5.02398
-4.74584
-4.34979
-3.83775
-3.21389
-2.48465
-1.65865
-0.746645
0.238638
1.28266
2.23205
2.71759
2.88726
2.88567
2.70756
2.35055
1.81528
1.10552
0.228127
0.0584626
0.126936
0.437778
0.991268
1.78365
2.25032
2.41999
2.28462
1.84105
1.09108
0.0415757
-1.29561
-2.90372
-4.76129
-6.84243
-9.1172
-8.94754
-9.21669
-9.92572
-11.0686
-12.6324
-14.597
-14.261
-13.4192
-12.0798
-10.2589
-7.98061
