-6.43716e-17
0.000523513
0.00209302
0.00470542
0.00835555
0.0130362
0.0187381
0.02545
0.0331587
0.0418487
0.0515028
0.062102
0.0736249
0.0860487
0.0993485
0.113498
0.128468
0.144228
0.160748
0.177993
0.195928
0.214517
0.233722
0.253503
0.273819
0.294628
0.315886
0.33755
0.359573
0.381908
0.404508
0.427325
0.450308
0.473408
0.496574
0.519754
0.542896
0.565949
0.588858
0.611572
0.634038
0.656201
0.678008
0.699407
0.720344
0.740766
0.760621
0.779857
0.798421
0.816264
0.833333
0.849581
0.864956
0.879413
0.892903
0.905381
0.916801
0.927121
0.936297
0.944289
0.951057
0.956562
0.960769
0.963642
0.965149
0.965257
0.963937
0.961162
0.956905
0.951143
0.943853
0.935017
0.924616
0.912635
0.899061
0.883883
0.867093
0.848684
0.828651
0.806994
0.783714
0.758813
0.732297
0.704174
0.674455
0.643153
0.610284
0.575864
0.539916
0.502461
0.463525
0.423137
0.381324
0.338122
0.293564
0.247688
0.200533
0.152142
0.102558
0.0518278
9.01785e-17
-0.0528748
-0.106744
-0.161553
-0.217244
-0.27376
-0.33104
-0.389022
-0.447642
-0.506834
-0.566531
-0.626665
-0.687166
-0.747962
-0.808981
-0.870148
-0.93139
-0.992631
-1.05379
-1.1148
-1.17557
-1.23603
-1.2961
-1.35569
-1.41473
-1.47314
-1.53083
-1.58774
-1.64376
-1.69883
-1.75287
-1.80579
-1.85752
-1.90798
-1.95708
-2.00476
-2.05094
-2.09554
-2.13849
-2.17971
-2.21913
-2.25669
-2.29231
-2.32593
-2.35749
-2.38691
-2.41415
-2.43913
-2.4618
-2.48211
-2.5
-2.51542
-2.52833
-2.53868
-2.54643
-2.55153
-2.55395
-2.55365
-2.5506
-2.54478
-2.53615
-2.5247
-2.5104
-2.49323
-2.47319
-2.45027
-2.42445
-2.39573
-2.36412
-2.32961
-2.29221
-2.25194
-2.2088
-2.16282
-2.11401
-2.06239
-2.008
-1.95087
-1.89102
-1.82851
-1.76336
-1.69562
-1.62534
-1.55258
-1.47738
-1.3998
-1.31992
-1.23778
-1.15346
-1.06702
-0.978554
-0.888122
-0.795808
-0.701694
-0.605866
-0.508412
-0.409422
-0.308989
-0.207209
-0.104179
-8.18789e-16
0.105226
0.211395
0.3184
0.426133
0.534484
0.643343
0.752594
0.862125
0.971819
1.08156
1.19123
1.30071
1.40988
1.51861
1.6268
1.73431
1.84103
1.94684
2.0516
2.15521
2.25754
2.35847
2.45788
2.55564
2.65165
2.74578
2.83792
2.92795
3.01576
3.10123
3.18426
3.26473
3.34255
3.4176
3.48978
3.55899
3.62513
3.68811
3.74784
3.80423
3.85718
3.90662
3.95246
3.99463
4.03306
4.06767
4.0984
4.12518
4.14795
4.16667
4.18127
4.19171
4.19795
4.19995
4.19768
4.19109
4.18018
4.16491
4.14527
4.12124
4.09283
4.06002
4.02282
3.98124
3.93528
3.88496
3.8303
3.77133
3.70808
3.64058
3.56887
3.49299
3.41301
3.32896
3.24091
3.14892
3.05306
2.9534
2.85002
2.743
2.63242
2.51839
2.40098
2.2803
2.15645
2.02955
1.89969
1.767
1.63159
1.49358
1.35311
1.21029
1.06527
0.918168
0.769136
0.618311
0.465836
0.31186
0.15653
1.80411e-15
-0.157577
-0.316046
-0.475247
-0.635022
-0.795209
-0.955645
-1.11617
-1.27661
-1.4368
-1.59659
-1.75579
-1.91425
-2.07179
-2.22824
-2.38345
-2.53724
-2.68944
-2.83988
-2.98841
-3.13485
-3.27905
-3.42084
-3.56006
-3.69655
-3.83016
-3.96073
-4.08811
-4.21214
-4.33268
-4.44959
-4.56273
-4.67195
-4.77712
-4.87811
-4.97479
-5.06703
-5.15472
-5.23774
-5.31598
-5.38932
-5.45767
-5.52092
-5.57899
-5.63178
-5.67921
-5.72119
-5.75767
-5.78856
-5.8138
-5.83333
-5.84711
-5.85509
-5.85722
-5.85348
-5.84382
-5.82824
-5.8067
-5.77921
-5.74576
-5.70634
-5.66097
-5.60965
-5.55242
-5.48928
-5.42029
-5.34547
-5.26487
-5.17854
-5.08655
-4.98894
-4.88579
-4.77718
-4.66319
-4.5439
-4.41942
-4.28983
-4.15524
-4.01577
-3.87153
-3.72264
-3.56923
-3.41143
-3.24938
-3.08322
-2.91311
-2.73918
-2.5616
-2.38054
-2.19615
-2.00861
-1.81809
-1.62477
-1.42884
-1.23047
-1.02986
-0.827199
-0.622683
-0.41651
-0.208882
-3.27516e-15
0.209929
0.420696
0.632094
0.84391
1.05593
1.26795
1.47974
1.69109
1.90179
2.11162
2.32035
2.52779
2.7337
2.93788
3.1401
3.34016
3.53784
3.73293
3.92522
4.1145
4.30056
4.48322
4.66225
4.83747
5.00867
5.17568
5.33829
5.49633
5.64961
5.79796
5.9412
6.07916
6.21169
6.33862
6.4598
6.57508
6.68431
6.78737
6.88411
6.97441
7.05816
7.13523
7.20552
7.26893
7.32536
7.37472
7.41694
7.45193
7.47964
7.5
7.51296
7.51847
7.51649
7.507
7.48997
7.46538
7.43323
7.39352
7.34625
7.29143
7.2291
7.15928
7.08201
6.99733
6.9053
6.80598
6.69944
6.58576
6.46501
6.3373
6.20272
6.06137
5.91338
5.75885
5.59793
5.43074
5.25743
5.07814
4.89304
4.70228
4.50604
4.30448
4.09778
3.88615
3.66976
3.44881
3.22352
2.99408
2.76071
2.52364
2.28308
2.03926
1.79241
1.54277
1.29058
1.03609
0.779531
0.521161
0.261233
5.10703e-15
-0.26228
-0.525347
-0.788941
-1.0528
-1.31666
-1.58025
-1.84331
-2.10557
-2.36677
-2.62664
-2.88492
-3.14133
-3.39561
-3.64751
-3.89675
-4.14308
-4.38624
-4.62597
-4.86202
-5.09414
-5.32208
-5.54559
-5.76444
-5.97838
-6.18718
-6.39062
-6.58848
-6.78052
-6.96653
-7.14632
-7.31966
-7.48637
-7.64626
-7.79913
-7.94481
-8.08312
-8.2139
-8.337
-8.45225
-8.55951
-8.65865
-8.74953
-8.83205
-8.90607
-8.9715
-9.02824
-9.07621
-9.11531
-9.14549
-9.16667
-9.1788
-9.18185
-9.17576
-9.16053
-9.13612
-9.10253
-9.05976
-9.00782
-8.94674
-8.87653
-8.79724
-8.70891
-8.6116
-8.50537
-8.39031
-8.26649
-8.13401
-7.99297
-7.84348
-7.68566
-7.51964
-7.34556
-7.16356
-6.9738
-6.77644
-6.57165
-6.35962
-6.14052
-5.91455
-5.68192
-5.44284
-5.19752
-4.94619
-4.68907
-4.42641
-4.15844
-3.88543
-3.60762
-3.32528
-3.03867
-2.74806
-2.45374
-2.15598
-1.85508
-1.55131
-1.24498
-0.936378
-0.625812
-0.313584
-7.32747e-15
0.314631
0.629998
0.945789
1.26169
1.57738
1.89255
2.20688
2.52006
2.83176
3.14167
3.44948
3.75487
4.05753
4.35714
4.6534
4.946
5.23464
5.51902
5.79883
6.07378
6.34359
6.60796
6.86662
7.11929
7.3657
7.60557
7.83866
8.06471
8.28346
8.49468
8.69813
8.89359
9.08083
9.25964
9.42982
9.59117
9.74349
9.88662
10.0204
10.1446
10.2591
10.3638
10.4586
10.5432
10.6176
10.6818
10.7355
10.7787
10.8113
10.8333
10.8446
10.8452
10.835
10.8141
10.7823
10.7397
10.6863
10.6221
10.5472
10.4616
10.3654
10.2585
10.1412
10.0134
9.87532
9.727
9.56858
9.40018
9.22195
9.03402
8.83657
8.62975
8.41375
8.18875
7.95495
7.71256
7.4618
7.20289
6.93606
6.66157
6.37965
6.09056
5.79459
5.49199
5.18306
4.86808
4.54734
4.22116
3.88984
3.5537
3.21305
2.86822
2.51955
2.16738
1.81203
1.45387
1.09322
0.730463
0.365935
1.0103e-14
-0.366982
-0.734649
-1.10264
-1.47058
-1.8381
-2.20485
-2.57045
-2.93454
-3.29674
-3.6567
-4.01404
-4.36841
-4.71944
-5.06677
-5.41005
-5.74893
-6.08304
-6.41206
-6.73563
-7.05342
-7.3651
-7.67034
-7.96881
-8.2602
-8.54421
-8.82052
-9.08885
-9.34889
-9.60038
-9.84304
-10.0766
-10.3008
-10.5154
-10.7202
-10.9148
-11.0992
-11.2731
-11.4363
-11.5885
-11.7297
-11.8596
-11.9781
-12.0851
-12.1804
-12.2638
-12.3353
-12.3947
-12.4421
-12.4772
-12.5
-12.5105
-12.5086
-12.4943
-12.4676
-12.4284
-12.3768
-12.3128
-12.2364
-12.1477
-12.0467
-11.9335
-11.8082
-11.6708
-11.5215
-11.3603
-11.1875
-11.0032
-10.8074
-10.6004
-10.3824
-10.1535
-9.91394
-9.66393
-9.4037
-9.13346
-8.85348
-8.56399
-8.26526
-7.95758
-7.64121
-7.31645
-6.98361
-6.64299
-6.29491
-5.93971
-5.57771
-5.20926
-4.8347
-4.4544
-4.06872
-3.67803
-3.28271
-2.88313
-2.47968
-2.07276
-1.66275
-1.25007
-0.835114
-0.418287
-1.29896e-14
0.419334
0.8393
1.25948
1.67947
2.09883
2.51716
2.93403
3.34902
3.76173
4.17173
4.57861
4.98195
5.38135
5.77641
6.1667
6.55185
6.93145
7.30511
7.67244
8.03307
8.38661
8.73271
9.07099
9.40111
9.72272
10.0355
10.339
10.6331
10.9173
11.1914
11.4551
11.708
11.95
12.1807
12.3998
12.6073
12.8027
12.9859
13.1566
13.3148
13.4601
13.5925
13.7116
13.8175
13.9099
13.9888
14.054
14.1054
14.143
14.1667
14.1763
14.172
14.1536
14.1211
14.0746
14.014
13.9393
13.8507
13.7482
13.6318
13.5016
13.3578
13.2004
13.0295
12.8453
12.648
12.4377
12.2146
11.9789
11.7307
11.4704
11.1981
10.9141
10.6186
10.312
9.99439
9.66618
9.32764
8.97909
8.62085
8.25326
7.87665
7.49139
7.09784
6.69636
6.28734
5.87117
5.44824
5.01897
4.58375
4.14302
3.69719
3.2467
2.79198
2.33348
1.87164
1.40692
0.939765
0.470638
1.65423e-14
-0.471685
-0.943951
-1.41633
-1.88835
-2.35955
-2.82946
-3.2976
-3.76351
-4.22672
-4.68676
-5.14317
-5.59549
-6.04327
-6.48604
-6.92336
-7.35477
-7.77985
-8.19815
-8.60924
-9.01271
-9.40812
-9.79508
-10.1732
-10.542
-10.9012
-11.2504
-11.5892
-11.9173
-12.2342
-12.5398
-12.8335
-13.1152
-13.3845
-13.6412
-13.8849
-14.1153
-14.3323
-14.5355
-14.7248
-14.8999
-15.0606
-15.2068
-15.3382
-15.4547
-15.5561
-15.6423
-15.7133
-15.7688
-15.8089
-15.8333
-15.8422
-15.8354
-15.8128
-15.7746
-15.7207
-15.6511
-15.5659
-15.465
-15.3487
-15.2169
-15.0698
-14.9074
-14.73
-14.5376
-14.3304
-14.1085
-13.8723
-13.6218
-13.3574
-13.0791
-12.7873
-12.4823
-12.1643
-11.8336
-11.4905
-11.1353
-10.7684
-10.39
-10.0006
-9.60049
-9.19006
-8.7697
-8.3398
-7.90076
-7.45301
-6.99697
-6.53308
-6.06178
-5.58353
-5.09878
-4.608
-4.11167
-3.61027
-3.10428
-2.5942
-2.08053
-1.56377
-1.04442
-0.522989
-2.04285e-14
0.524036
1.0486
1.57318
2.09724
2.62028
3.14176
3.66117
4.17799
4.6917
5.20179
5.70773
6.20903
6.70518
7.19567
7.68001
8.1577
8.62825
9.09119
9.54605
9.99235
10.4296
10.8575
11.2754
11.6829
12.0797
12.4654
12.8394
13.2015
13.5512
13.8881
14.212
14.5224
14.8191
15.1017
15.3699
15.6233
15.8619
16.0851
16.2929
16.485
16.6611
16.8211
16.9647
17.0918
17.2022
17.2959
17.3726
17.4322
17.4747
17.5
17.508
17.4987
17.4721
17.4281
17.3669
17.2883
17.1924
17.0793
16.9492
16.802
16.6379
16.457
16.2596
16.0456
15.8154
15.569
15.3069
15.029
14.7358
14.4275
14.1043
13.7665
13.4145
13.0485
12.669
12.2762
11.8705
11.4524
11.0221
10.5801
10.1269
9.66274
9.1882
8.70368
8.20966
7.70661
7.195
6.67533
6.14809
5.61381
5.07299
4.52616
3.97384
3.41659
2.85493
2.28942
1.72061
1.14907
0.57534
8.9817e-14
-0.576387
-1.15325
-1.73002
-2.30613
-2.881
-3.45406
-4.02474
-4.59247
-5.15669
-5.71681
-6.2723
-6.82258
-7.36709
-7.9053
-8.43666
-8.96062
-9.47665
-9.98424
-10.4829
-10.972
-11.4511
-11.9198
-12.3776
-12.8238
-13.2583
-13.6803
-14.0896
-14.4856
-14.8681
-15.2365
-15.5905
-15.9297
-16.2537
-16.5622
-16.8549
-17.1314
-17.3915
-17.6348
-17.8611
-18.0701
-18.2616
-18.4354
-18.5912
-18.7289
-18.8484
-18.9494
-19.0318
-19.0956
-19.1406
-19.1667
-19.1739
-19.1621
-19.1314
-19.0817
-19.013
-18.9254
-18.8189
-18.6937
-18.5497
-18.3871
-18.206
-18.0067
-17.7891
-17.5536
-17.3004
-17.0296
-16.7414
-16.4363
-16.1143
-15.7758
-15.4212
-15.0507
-14.6647
-14.2635
-13.8475
-13.4171
-12.9727
-12.5148
-12.0436
-11.5598
-11.0637
-10.5558
-10.0366
-9.50661
-8.96631
-8.41624
-7.85691
-7.28887
-6.71266
-6.12884
-5.53797
-4.94064
-4.33741
-3.72889
-3.11565
-2.49831
-1.87746
-1.25372
-0.627692
-2.94209e-14
0.628739
1.2579
1.88687
2.51502
3.14173
3.76636
4.38831
5.00696
5.62167
6.23184
6.83686
7.43612
8.02901
8.61493
9.19331
9.76354
10.3251
10.8773
11.4197
11.9516
12.4727
12.9822
13.4797
13.9648
14.4368
14.8953
15.3398
15.7698
16.185
16.5848
16.9689
17.3369
17.6882
18.0227
18.3399
18.6394
18.921
19.1844
19.4292
19.6552
19.8621
20.0497
20.2177
20.3661
20.4945
20.6029
20.6911
20.759
20.8064
20.8333
20.8397
20.8255
20.7907
20.7352
20.6591
20.5625
20.4455
20.308
20.1502
19.9722
19.7742
19.5563
19.3187
19.0617
18.7854
18.4901
18.176
17.8435
17.4928
17.1242
16.7381
16.3349
15.9149
15.4784
15.026
14.558
14.0749
13.5771
13.0651
12.5394
12.0005
11.4488
10.885
10.3095
9.72296
9.12587
8.51882
7.90241
7.27722
6.64387
6.00296
5.35512
4.70099
4.04119
3.37638
2.7072
2.03431
1.35837
0.680043
-4.25215e-14
-0.68109
-1.36255
-2.04372
-2.72391
-3.40245
-4.07867
-4.75189
-5.42144
-6.08666
-6.74687
-7.40142
-8.04966
-8.69092
-9.32457
-9.94996
-10.5665
-11.1735
-11.7703
-12.3565
-12.9313
-13.4942
-14.0446
-14.5819
-15.1057
-15.6153
-16.1102
-16.59
-17.054
-17.5019
-17.9332
-18.3474
-18.7441
-19.1228
-19.4832
-19.8249
-20.1475
-20.4506
-20.734
-20.9973
-21.2403
-21.4626
-21.664
-21.8443
-22.0032
-22.1407
-22.2564
-22.3504
-22.4223
-22.4722
-22.5
-22.5056
-22.4889
-22.4499
-22.3887
-22.3053
-22.1997
-22.072
-21.9223
-21.7507
-21.5573
-21.3423
-21.1059
-20.8483
-20.5697
-20.2704
-19.9506
-19.6106
-19.2507
-18.8712
-18.4726
-18.055
-17.6191
-17.165
-16.6934
-16.2045
-15.6989
-15.1771
-14.6395
-14.0866
-13.5191
-12.9373
-12.3419
-11.7334
-11.1125
-10.4796
-9.8355
-9.18074
-8.51595
-7.84178
-7.15889
-6.46794
-5.76961
-5.06456
-4.35349
-3.6371
-2.91609
-2.19116
-1.46302
-0.732394
-3.9857e-14
0.733441
1.46721
2.20057
2.9328
3.66317
4.39097
5.11546
5.83592
6.55164
7.2619
7.96599
8.6632
9.35283
10.0342
10.7066
11.3694
12.0219
12.6634
13.2933
13.9109
14.5157
15.1069
15.6841
16.2466
16.7938
17.3252
17.8401
18.3382
18.8189
19.2816
19.7259
20.1513
20.5574
20.9437
21.3099
21.6555
21.9802
22.2836
22.5655
22.8254
23.0631
23.2783
23.4708
23.6404
23.7868
23.91
24.0096
24.0857
24.1381
24.1667
24.1714
24.1522
24.1092
24.0422
23.9514
23.8368
23.6985
23.5366
23.3511
23.1424
22.9104
22.6556
22.3779
22.0778
21.7554
21.4111
21.0451
20.6579
20.2497
19.8209
19.372
18.9033
18.4152
17.9083
17.383
16.8399
16.2793
15.7019
15.1082
14.4987
13.8741
13.2349
12.5818
11.9154
11.2363
10.5451
9.84265
9.12949
8.40635
7.67392
6.93293
6.18409
5.42813
4.66579
3.89783
3.12498
2.348
1.56767
0.784745
1.34781e-13
-0.785792
-1.57186
-2.35741
-3.14169
-3.9239
-4.70327
-5.47903
-6.25041
-7.01663
-7.77693
-8.53055
-9.27674
-10.0147
-10.7438
-11.4633
-12.1723
-12.8703
-13.5564
-14.2301
-14.8906
-15.5372
-16.1693
-16.7863
-17.3875
-17.9723
-18.5401
-19.0903
-19.6224
-20.1358
-20.6299
-21.1043
-21.5585
-21.992
-22.4042
-22.7949
-23.1636
-23.5098
-23.8333
-24.1336
-24.4105
-24.6635
-24.8926
-25.0973
-25.2775
-25.433
-25.5635
-25.6689
-25.7491
-25.8039
-25.8333
-25.8372
-25.8156
-25.7685
-25.6958
-25.5976
-25.474
-25.325
-25.1509
-24.9516
-24.7275
-24.4786
-24.2052
-23.9075
-23.5858
-23.2404
-22.8716
-22.4797
-22.0651
-21.6282
-21.1693
-20.6889
-20.1874
-19.6654
-19.1233
-18.5616
-17.9808
-17.3815
-16.7643
-16.1297
-15.4783
-14.8109
-14.128
-13.4302
-12.7183
-11.9929
-11.2548
-10.5046
-9.74303
-8.97091
-8.18895
-7.39791
-6.59857
-5.7917
-4.9781
-4.15855
-3.33386
-2.50485
-1.67232
-0.837097
-5.22915e-14
0.838144
1.67651
2.51426
3.35058
4.18462
5.01557
5.8426
6.66489
7.48161
8.29196
9.09511
9.89028
10.6767
11.4535
12.2199
12.9752
13.7187
14.4495
15.1669
15.8702
16.5587
17.2317
17.8885
18.5284
19.1508
19.755
20.3405
20.9066
21.4527
21.9783
22.4828
22.9657
23.4265
23.8648
24.2799
24.6716
25.0394
25.3829
25.7017
25.9955
26.264
26.5069
26.7239
26.9147
27.0791
27.217
27.3282
27.4125
27.4698
27.5
27.5031
27.479
27.4277
27.3493
27.2437
27.1111
26.9516
26.7652
26.5521
26.3126
26.0467
25.7548
25.4371
25.0939
24.7254
24.3321
23.9143
23.4723
23.0066
22.5176
22.0058
21.4716
20.9156
20.3382
19.7401
19.1217
18.4837
17.8266
17.1512
16.458
15.7477
15.021
14.2786
13.5212
12.7496
11.9644
11.1665
10.3566
9.53547
8.70398
7.8629
7.01305
6.15528
5.2904
4.41927
3.54275
2.6617
1.77697
0.889448
-4.16334e-14
-0.890495
-1.78116
-2.67111
-3.55946
-4.44535
-5.32788
-6.20618
-7.07937
-7.9466
-8.80698
-9.65968
-10.5038
-11.3386
-12.1631
-12.9766
-13.7782
-14.5671
-15.3425
-16.1037
-16.8498
-17.5802
-18.2941
-18.9907
-19.6693
-20.3293
-20.97
-21.5907
-22.1908
-22.7696
-23.3267
-23.8613
-24.3729
-24.8611
-25.3253
-25.7649
-26.1797
-26.569
-26.9325
-27.2699
-27.5806
-27.8645
-28.1212
-28.3504
-28.5518
-28.7253
-28.8705
-28.9874
-29.0758
-29.1356
-29.1667
-29.1689
-29.1424
-29.087
-29.0028
-28.8899
-28.7483
-28.5781
-28.3795
-28.1526
-27.8977
-27.6149
-27.3044
-26.9667
-26.6019
-26.2104
-25.7926
-25.3489
-24.8795
-24.3851
-23.866
-23.3227
-22.7558
-22.1658
-21.5532
-20.9186
-20.2626
-19.5859
-18.889
-18.1727
-17.4376
-16.6845
-15.9141
-15.127
-14.3241
-13.5062
-12.674
-11.8284
-10.9701
-10.1
-9.21901
-8.32788
-7.42754
-6.51885
-5.6027
-4.68
-3.75164
-2.81854
-1.88162
-0.941799
-6.61693e-14
0.942846
1.88581
2.82795
3.76835
4.70607
5.64018
6.56975
7.49386
8.41158
9.32201
10.2242
11.1174
12.0005
12.8727
13.7332
14.5811
15.4155
16.2356
17.0405
17.8295
18.6017
19.3564
20.0929
20.8102
21.5078
22.1849
22.8409
23.475
24.0866
24.675
25.2397
25.7801
26.2957
26.7858
27.2499
27.6877
28.0986
28.4822
28.838
29.1657
29.465
29.7355
29.9769
30.189
30.3714
30.5241
30.6467
30.7392
30.8015
30.8333
30.8348
30.8058
30.7463
30.6563
30.536
30.3854
30.2046
29.9938
29.7531
29.4828
29.183
28.8541
28.4963
28.11
27.6955
27.2531
26.7834
26.2867
25.7636
25.2144
24.6397
24.04
23.416
22.7681
22.0971
21.4035
20.688
19.9514
19.1942
18.4173
17.6213
16.8071
15.9754
15.1271
14.2629
13.3837
12.4903
11.5837
10.6646
9.73404
8.79287
7.84202
6.88242
5.915
4.94072
3.96053
2.97539
1.98627
0.994151
1.86295e-13
-0.995198
-1.99046
-2.9848
-3.97724
-4.96679
-5.95248
-6.93332
-7.90834
-8.87657
-9.83704
-10.7888
-11.7309
-12.6624
-13.5824
-14.4899
-15.384
-16.2639
-17.1286
-17.9773
-18.8091
-19.6232
-20.4188
-21.195
-21.9511
-22.6863
-23.3999
-24.0911
-24.7592
-25.4035
-26.0234
-26.6182
-27.1874
-27.7302
-28.2463
-28.735
-29.1958
-29.6282
-30.0318
-30.4061
-30.7508
-31.0655
-31.3498
-31.6034
-31.8261
-32.0176
-32.1776
-32.306
-32.4026
-32.4673
-32.5
-32.5006
-32.4691
-32.4055
-32.3099
-32.1822
-32.0226
-31.8312
-31.6081
-31.3536
-31.0678
-30.7511
-30.4037
-30.0259
-29.618
-29.1805
-28.7136
-28.218
-27.694
-27.142
-26.5627
-25.9566
-25.3242
-24.6662
-23.9831
-23.2756
-22.5444
-21.7902
-21.0137
-20.2157
-19.3969
-18.5581
-17.7001
-16.8238
-15.93
-15.0195
-14.0933
-13.1522
-12.1972
-11.2292
-10.2491
-9.25785
-8.2565
-7.24599
-6.22731
-5.20145
-4.16942
-3.13224
-2.09092
-1.0465
-8.17124e-14
1.04755
2.09511
3.14165
4.18613
5.22752
6.26478
7.29689
8.32282
9.34155
10.3521
11.3534
12.3444
13.3243
14.292
15.2465
16.1869
17.1123
18.0216
18.9141
19.7888
20.6448
21.4812
22.2972
23.0921
23.8649
24.6148
25.3413
26.0433
26.7204
27.3717
27.9967
28.5946
29.1648
29.7068
30.22
30.7038
31.1578
31.5814
31.9743
32.3359
32.666
32.9641
33.23
33.4633
33.6637
33.8311
33.9653
34.066
34.1331
34.1667
34.1665
34.1325
34.0648
33.9634
33.8283
33.6597
33.4577
33.2224
32.9541
32.6529
32.3193
31.9533
31.5555
31.1261
30.6655
30.1742
29.6526
29.1012
28.5205
27.9111
27.2735
26.6084
25.9163
25.198
24.4541
23.6853
22.8924
22.0761
21.2372
20.3766
19.4949
18.5932
17.6722
16.7329
15.7762
14.8029
13.8141
12.8107
11.7937
10.7641
9.72284
8.67099
7.60956
6.53961
5.46217
4.37831
3.28909
2.19558
1.09885
-3.44308e-14
-1.0999
-2.19976
-3.2985
-4.39502
-5.48824
-6.57708
-7.66046
-8.7373
-9.80654
-10.8671
-11.9179
-12.958
-13.9862
-15.0016
-16.0032
-16.9898
-17.9607
-18.9147
-19.8509
-20.7684
-21.6663
-22.5436
-23.3994
-24.233
-25.0434
-25.8298
-26.5914
-27.3275
-28.0373
-28.7201
-29.3751
-30.0018
-30.5994
-31.1673
-31.705
-32.2118
-32.6874
-33.131
-33.5424
-33.921
-34.2665
-34.5784
-34.8565
-35.1004
-35.3099
-35.4846
-35.6245
-35.7294
-35.799
-35.8333
-35.8323
-35.7959
-35.7241
-35.6169
-35.4745
-35.2969
-35.0842
-34.8367
-34.5546
-34.238
-33.8874
-33.5029
-33.0851
-32.6341
-32.1505
-31.6347
-31.0871
-30.5084
-29.899
-29.2594
-28.5904
-27.8926
-27.1665
-26.413
-25.6326
-24.8262
-23.9946
-23.1385
-22.2587
-21.3562
-20.4317
-19.4862
-18.5206
-17.5358
-16.5328
-15.5126
-14.476
-13.4243
-12.3583
-11.2791
-10.1878
-9.08547
-7.97314
-6.85191
-5.72289
-4.5872
-3.44593
-2.30023
-1.1512
-3.59268e-13
1.15225
2.30441
3.45534
4.60391
5.74897
6.88939
8.02404
9.15179
10.2715
11.3821
12.4825
13.5715
14.6481
15.7113
16.7598
17.7928
18.8091
19.8077
20.7877
21.7481
22.6878
23.6059
24.5016
25.3739
26.2219
27.0447
27.8416
28.6117
29.3543
30.0685
30.7536
31.409
32.0339
32.6278
33.19
33.7199
34.217
34.6807
35.1105
35.5061
35.867
36.1927
36.483
36.7375
36.956
37.1382
37.2838
37.3927
37.4648
37.5
37.4982
37.4593
37.3834
37.2704
37.1206
36.934
36.7107
36.451
36.1551
35.8231
35.4555
35.0526
34.6146
34.1421
33.6355
33.0952
32.5217
31.9156
31.2774
30.6078
29.9074
29.1768
28.4167
27.6279
26.8111
25.9672
25.0968
24.2009
23.2803
22.3358
21.3685
20.3793
19.369
18.3388
17.2895
16.2222
15.138
14.0378
12.9229
11.7941
10.6528
9.49995
8.33671
7.16421
5.98362
4.79609
3.60278
2.40488
1.20356
2.44235e-13
-1.2046
-2.40906
-3.61219
-4.8128
-6.00969
-7.20169
-8.38761
-9.56627
-10.7365
-11.8972
-13.0471
-14.1851
-15.3101
-16.4209
-17.5165
-18.5957
-19.6575
-20.7008
-21.7245
-22.7277
-23.7093
-24.6683
-25.6038
-26.5148
-27.4004
-28.2597
-29.0918
-29.8959
-30.6712
-31.4168
-32.1321
-32.8162
-33.4685
-34.0883
-34.675
-35.2279
-35.7465
-36.2303
-36.6787
-37.0912
-37.4675
-37.807
-38.1095
-38.3747
-38.6022
-38.7917
-38.9431
-39.0561
-39.1307
-39.1667
-39.164
-39.1226
-39.0426
-38.924
-38.7668
-38.5711
-38.3373
-38.0653
-37.7555
-37.4082
-37.0237
-36.6022
-36.1442
-35.6502
-35.1205
-34.5557
-33.9563
-33.3228
-32.6559
-31.9562
-31.2243
-30.461
-29.6669
-28.8429
-27.9896
-27.1081
-26.199
-25.2632
-24.3018
-23.3155
-22.3053
-21.2723
-20.2174
-19.1417
-18.0461
-16.9318
-15.7999
-14.6514
-13.4874
-12.3092
-11.1178
-9.91444
-8.70028
-7.47651
-6.24434
-5.00497
-3.75963
-2.50953
-1.25591
