1.35014e-17
1
2
3
4
5
6
7
8
7
6
5
4
3
2
1
4.33681e-19
-1
-2
-3
-4
-5
-6
-7
-8
-7
-6
-5
-4
-3
-2
-1
0
1
2
3
4
5
6
7
8
7
6
5
4
3
2
1
1.10805e-16
-1
-2
-3
-4
-5
-6
-7
-8
-7
-6
-5
-4
-3
-2
-1
0
1
2
3
4
5
6
7
8
9
10
11
12
13
14
15
14
13
12
11
10
9
8
7
6
5
4
3
2
1
-6.93889e-18
-1
-2
-3
-4
-5
-6
-7
-8
-9
-10
-11
-12
-13
-14
-14.1
-14.2
-14.3
-14.4
-14.5
-14.6
-14.7
-14.8
-14.9
-13.9
-12.9
-11.9
-10.9
-9.9
-8.9
-7.9
-6.9
-5.9
-4.9
-3.9
-2.9
-1.9
-0.9
0.1
1.1
2.1
3.1
4.1
5.1
6.1
7.1
8.1
9.1
10.1
11.1
12.1
13.1
14.1
15.1
14.1
13.1
12.1
11.1
10.1
9.1
8.1
7.1
6.1
5.1
4.1
3.1
2.1
1.1
0.1
-0.9
-1.9
-2.9
-3.9
-4.9
-5.9
-6.9
-7.9
-8.9
-9.9
-10.9
-11.9
-12.9
-13.9
-14.9
-13.9
-12.9
-11.9
-10.9
-9.9
-8.9
-7.9
-6.9
-5.9
-4.9
-3.9
-2.9
-1.9
-0.9
0.1
1.1
2.1
3.1
4.1
5.1
6.1
7.1
8.1
9.1
10.1
11.1
12.1
13.1
14.1
15.1
16.1
17.1
18.1
19.1
20.1
21.1
22.1
21.1
20.1
19.1
18.1
17.1
16.1
15.1
14.1
13.1
12.1
11.1
10.1
9.1
8.1
7.1
6.1
5.1
4.1
3.1
2.1
1.1
0.1
-0.9
-1.9
-2.9
-3.9
-4.9
-5.9
-6.9
-7.9
-8.9
-9.9
-10.9
-11.9
-12.9
-13.9
-14.9
-15.9
-16.9
-17.9
-18.9
-19.9
-20.9
-21.9
-20.9
-19.9
-18.9
-17.9
-16.9
-15.9
-14.9
-13.9
-12.9
-11.9
-10.9
-9.9
-8.9
-7.9
-6.9
-5.9
-4.9
-3.9
-2.9
-1.9
-0.9
0.1
1.1
2.1
3.1
4.1
5.1
6.1
7.1
8.1
9.1
10.1
11.1
12.1
13.1
14.1
15.1
16.1
17.1
18.1
19.1
20.1
21.1
22.1
21.1
20.1
19.1
18.1
17.1
16.1
15.1
14.1
13.1
12.1
11.1
10.1
9.1
8.1
7.1
6.1
5.1
4.1
3.1
2.1
1.1
0.1
-0.9
-1.9
-2.9
-3.9
-4.9
-5.9
-6.9
-7.9
-8.9
-9.9
-10.9
-11.9
-12.9
-13.9
-14.9
-15.9
-16.9
-17.9
-18.9
-19.9
-20.9
-21.9
-20.9
-19.9
-18.9
-17.9
-16.9
-15.9
-14.9
-13.9
-12.9
-11.9
-10.9
-9.9
-8.9
-7.9
-6.9
-5.9
-4.9
-3.9
-2.9
-1.9
-0.9
0.1
1.1
2.1
3.1
4.1
5.1
6.1
7.1
8.1
9.1
10.1
11.1
12.1
13.1
14.1
15.1
16.1
17.1
18.1
19.1
20.1
21.1
22.1
23.1
24.1
25.1
26.1
27.1
28.1
29.1
30.1
31.1
32.1
33.1
34.1
35.1
34.1
33.1
32.1
31.1
30.1
29.1
28.1
27.1
26.1
25.1
24.1
23.1
22.1
21.1
20.1
19.1
18.1
17.1
16.1
15.1
14.1
13.1
12.1
11.1
10.1
9.1
8.1
7.1
6.1
5.1
4.1
3.1
2.1
1.1
0.1
-0.9
-1.9
-2.9
-3.9
-4.9
-5.9
-6.9
-7.9
-8.9
-9.9
-10.9
-11.9
-12.9
-13.9
-14.9
-15.9
-16.9
-17.9
-18.9
-19.9
-20.9
-21.9
-22.9
-23.9
-24.9
-25.9
-26.9
-27.9
-28.9
-29.9
-30.9
-31.9
-32.9
-33.9
-32.9
-31.9
-30.9
-29.9
-28.9
-27.9
-26.9
-25.9
-24.9
-23.9
-22.9
-21.9
-20.9
-19.9
-18.9
-17.9
-16.9
-15.9
-14.9
-13.9
-12.9
-11.9
-10.9
-9.9
-8.9
-7.9
-6.9
-5.9
-4.9
-3.9
-2.9
-1.9
-0.9
0.1
1.1
2.1
3.1
4.1
5.1
6.1
7.1
8.1
9.1
10.1
11.1
12.1
13.1
14.1
15.1
16.1
17.1
18.1
19.1
20.1
21.1
22.1
23.1
24.1
25.1
26.1
27.1
28.1
29.1
30.1
31.1
32.1
33.1
34.1
35.1
34.1
33.1
32.1
31.1
30.1
29.1
28.1
27.1
26.1
25.1
24.1
23.1
22.1
21.1
20.1
19.1
18.1
17.1
16.1
15.1
14.1
13.1
12.1
11.1
10.1
9.1
8.1
7.1
6.1
5.1
4.1
3.1
2.1
1.1
0.1
-0.9
-1.9
-2.9
-3.9
-4.9
-5.9
-6.9
-7.9
-8.9
-9.9
-10.9
-11.9
-12.9
-13.9
-14.9
-15.9
-16.9
-17.9
-18.9
-19.9
-20.9
-21.9
-22.9
-23.9
-24.9
-25.9
-26.9
-27.9
-28.9
-29.9
-30.9
-31.9
-32.9
-33.9
-32.9
-31.9
-30.9
-29.9
-28.9
-27.9
-26.9
-25.9
-24.9
-23.9
-22.9
-21.9
-20.9
-19.9
-18.9
-17.9
-16.9
-15.9
-14.9
-13.9
-12.9
-11.9
-10.9
-9.9
-8.9
-7.9
-6.9
-5.9
-4.9
-3.9
-2.9
-1.9
-0.9
0.1
1.1
2.1
3.1
4.1
5.1
6.1
7.1
8.1
9.1
10.1
11.1
12.1
13.1
14.1
15.1
16.1
17.1
18.1
19.1
20.1
21.1
22.1
23.1
24.1
25.1
26.1
27.1
28.1
29.1
30.1
31.1
32.1
33.1
34.1
35.1
36.1
37.1
38.1
39.1
40.1
41.1
42.1
43.1
44.1
45.1
46.1
47.1
48.1
49.1
50.1
51.1
52.1
53.1
54.1
55.1
54.1
53.1
52.1
51.1
50.1
49.1
48.1
47.1
46.1
45.1
44.1
43.1
42.1
41.1
40.1
39.1
38.1
37.1
36.1
35.1
34.1
33.1
32.1
31.1
30.1
29.1
28.1
27.1
26.1
25.1
24.1
23.1
22.1
21.1
20.1
19.1
18.1
17.1
16.1
15.1
14.1
13.1
12.1
11.1
10.1
9.1
8.1
7.1
6.1
5.1
4.1
3.1
2.1
1.1
0.1
-0.9
-1.9
-2.9
-3.9
-4.9
-5.9
-6.9
-7.9
-8.9
-9.9
-10.9
-11.9
-12.9
-13.9
-14.9
-15.9
-16.9
-17.9
-18.9
-19.9
-20.9
-21.9
-22.9
-23.9
-24.9
-25.9
-26.9
-27.9
-28.9
-29.9
-30.9
-31.9
-32.9
-33.9
-34.9
-35.9
-36.9
-37.9
-38.9
-39.9
-40.9
-41.9
-42.9
-43.9
-44.9
-45.9
-46.9
-47.9
-48.9
-49.9
-50.9
-51.9
-52.9
-53.9
-54.9
-53.9
-52.9
-51.9
-50.9
-49.9
-48.9
-47.9
-46.9
-45.9
-44.9
-43.9
-42.9
-41.9
-40.9
-39.9
-38.9
-37.9
-36.9
-35.9
-34.9
-33.9
-32.9
-31.9
-30.9
-29.9
-28.9
-27.9
-26.9
-25.9
-24.9
-23.9
-22.9
-21.9
-20.9
-19.9
-18.9
-17.9
-16.9
-15.9
-14.9
-13.9
-12.9
-11.9
-10.9
-9.9
-8.9
-7.9
-6.9
-5.9
-4.9
-3.9
-2.9
-1.9
-0.9
-0.8
-0.7
-0.6
-0.5
-0.4
-0.3
-0.2
-0.1
