8.89455e-17
0.00701866
0.0278533
0.0618449
0.107913
0.16458
0.230008
0.302041
0.378259
0.456033
0.532592
0.605089
0.670674
0.726563
0.770113
0.798887
0.810725
0.8038
0.776677
0.728358
0.658319
0.566542
0.453529
0.320313
0.168448
2.77556e-16
-0.182485
-0.376019
-0.577219
-0.782368
-0.987479
-1.18837
-1.38076
-1.56032
-1.72279
-1.86407
-1.98029
-2.06791
-2.1238
-2.14532
-2.13037
-2.07748
-1.98586
-1.8554
-1.68672
-1.48122
-1.241
-0.968904
-0.668478
-0.343914
-6.66134e-16
0.357952
0.724185
1.09259
1.45682
1.81038
2.14674
2.45948
2.74238
2.98955
3.19555
3.35549
3.46515
3.52104
3.52052
3.46185
3.34424
3.16792
2.93411
