-117602
-158003
-185229
-209046
-230375
-250267
-269337
-287687
-268299
-248400
-227950
-206602
-183374
-154851
-106005
5571.84
113420
154681
182008
205480
226669
245979
264257
281550
261573
240313
216971
189612
154227
104200
32759.1
-62625.1
-142007
-175705
-198600
-217775
-234704
-249644
-262483
-273841
-253670
-232097
-208371
-180732
-145645
-96784.1
-26947.2
66753.5
142702
174516
196845
215965
232337
247135
260015
271645
251431
229820
206134
178714
144158
96230.4
27485.7
-65389.6
-137292
-168324
-191244
-209718
-226352
-241434
-254459
-266325
-276936
-286472
-295219
-303194
-310574
-317438
-323812
-329238
-334239
-338870
-343167
-347166
-350908
-354419
-336566
-318763
-301134
-283736
-266602
-249749
-233187
-216916
-200929
-185207
-169722
-154442
-139233
-123827
-107939
-91358.6
-74237.5
-56732
-37164.3
-7304.75
44272.5
109985
154086
178200
196432
212512
227185
240445
252281
263348
273524
282957
291192
298640
305447
311722
317530
322893
327879
332531
336886
340979
344831
348473
330536
312585
294741
277064
259592
242343
225321
208511
191872
175324
158774
142042
125006
107733
90541.5
73779.9
57535.3
40722.3
19592.1
-11817.9
-55218.3
-93111.3
-121896
-142314
-159811
-175111
-188991
-201895
-213673
-224726
-235169
-244853
-253986
-262495
-270483
-277972
-285009
-291665
-297969
-303921
-309571
-314792
-319647
-324245
-306157
-288011
-269962
-252100
-234494
-217197
-200255
-183688
-167505
-151702
-136260
-121132
-106229
-91418.2
-76604.5
-61855.8
-47287.3
-32282.2
-13606.6
15147
54250.1
88049.5
119282
139813
157284
172541
186481
199425
211326
222515
233098
242821
251900
260477
268535
276096
283204
289929
296306
302319
307846
313047
317960
322616
304467
286231
268086
250133
232452
215086
198067
181418
165147
149248
133695
118419
103304
88239.7
73232
58452.6
43929.8
28607.6
8975.98
-20186.1
-55136.3
-85548.1
-109378
-128868
-145968
-161314
-175536
-188515
-200692
-212018
-222687
-232681
-242091
-250891
-259222
-267097
-274495
-281480
-288055
-294182
-299968
-305437
-310620
-315497
-320051
-324373
-328480
-332383
-336101
-339648
-343036
-346266
-349349
-352303
-334484
-316716
-299140
-281844
-264893
-248341
-232231
-216600
-201477
-186876
-172804
-159265
-146249
-133735
-121705
-110148
-99044.2
-88359.2
-78037.3
-68022.8
-58264.2
-48671.2
-38406
-27240.2
-15407.6
-3112.04
9429.52
22364.3
34504.6
48723.1
67483.7
89963.1
110044
128662
144938
159791
173911
187079
199066
210119
220628
230495
239707
248418
256672
264480
271821
278688
285152
291273
297076
302559
307702
312535
317121
321480
325627
329577
333341
336935
340358
343624
346752
349752
331878
314049
296409
279047
262033
245425
229265
213584
198402
183730
169572
155939
142817
130200
118085
106466
95324.7
84618
74286.5
64274.1
54515.7
44885.1
34564.6
22995.9
10662.8
-2221.83
-15477.9
-25649.8
-36260.3
-48944.8
-64201.6
-80941.6
-98179.9
-114795
-130461
-145170
-158687
-171500
-183809
-195629
-206167
-216193
-225731
-234707
-243239
-251355
-259031
-266209
-273025
-279497
-285639
-291475
-296956
-302130
-307032
-311701
-316151
-320397
-324450
-328325
-332029
-335576
-338960
-342188
-324294
-306458
-288824
-271490
-254534
-238015
-221980
-206466
-191500
-177097
-163258
-149975
-137238
-125031
-113338
-102148
-91453.9
-81230.8
-71428.8
-61980.3
-52827.7
-43912.3
-34342.8
-24235.3
-13349.6
-1709.23
10456
21575.5
32001.8
44701.4
60922
78402.7
95331.3
112450
128646
143344
157178
170267
182913
194319
204974
215140
224786
233840
242463
250613
258281
265500
272360
278872
285037
290834
296335
301528
306458
311152
315625
319891
323965
327858
331579
335118
338495
341734
323821
305966
288313
270965
254004
237492
221475
205987
191047
176667
162845
149578
136857
124670
113000
101839
91173.4
80977.8
71200.9
61778
52648.8
43726.2
34034.8
23852.9
12947.2
1352.45
-10842.6
-22514.2
-33927.8
-47948.2
-63840.1
-80173.9
-96370.8
-112141
-127446
-141749
-154963
-167642
-179904
-191499
-202120
-212180
-221729
-230773
-239366
-247486
-255207
-262459
-269351
-275909
-282141
-288004
-293571
-298825
-303820
-308580
-313119
-317450
-321588
-325544
-329310
-332894
-336328
-339624
-342788
-345821
-348738
-351543
-354248
-356862
-359390
-361837
-364210
-366510
-348876
-331318
-313994
-296996
-280389
-264228
-248551
-233389
-218762
-204679
-191143
-178159
-165729
-153835
-142462
-131589
-121196
-111264
-101769
-92682.2
-83975.2
-75631.2
-67633.4
-59962.2
-52414.5
-44849.6
-37416.7
-30079.3
-22239.4
-14039.3
-5883.67
2192.26
10196.6
18197.5
25346
31417.6
37640.2
43947.6
50841.8
59045.9
69446.1
81516.4
95306.2
110373
124914
139280
152328
164868
177134
189029
199891
209898
219465
228443
236999
245115
252779
260053
266958
273540
279763
285649
291248
296542
301574
306374
310955
315331
319513
323488
327280
330910
334388
337726
340934
344009
346965
349809
352552
355202
357766
360248
362653
364978
347297
329683
312299
295236
278564
262337
246599
231380
216702
202576
189004
175987
163524
151607
140220
129342
118960
109055
99598.9
90561.1
81911.7
73628.7
65694
58082.9
50614
43092.9
35698.8
28410.3
20587
12476.7
4423.06
-3555.2
-11487.2
-18740.4
-24768.4
-30691.7
-36762.2
-43186
-50340.4
-58807.8
-68550.1
-79812.6
-92170.4
-105382
-118881
-132154
-145009
-157121
-168789
-180067
-191067
-201585
-211128
-220131
-228693
-236870
-244689
-252094
-259127
-265845
-272252
-278322
-284085
-289559
-294774
-299739
-304485
-309026
-313350
-317475
-321425
-325213
-328847
-332333
-335684
-338905
-342000
-344982
-347860
-350641
-353331
-355934
-358458
-360905
-343255
-325677
-308337
-291333
-274736
-258602
-242973
-227878
-213336
-199356
-185939
-173083
-160781
-149023
-137794
-127076
-116854
-107111
-97822.8
-88960.5
-80487.8
-72371.8
-64588.3
-57116.8
-49842.9
-42494.6
-35281.6
-28149.3
-20475.8
-12444.9
-4418.16
3555.38
11467.7
18628.2
24430.2
30172.7
36052.7
42177.3
48781.2
56458.4
65522.8
76350.6
88710.5
102062
116021
129806
143063
155403
167449
179120
190523
200753
210478
219647
228336
236657
244558
252063
259181
265979
272409
278528
284317
289830
295080
300080
304857
309400
313726
317863
321823
325617
329255
332742
336092
339305
342396
345373
348246
351020
353703
356299
358815
361253
343599
326019
308680
291677
275084
258954
243331
228247
213720
199760
186367
173535
161253
149510
138289
127575
117354
107611
98326.3
89471.3
81010.8
72910.6
65142.9
57683.7
50462.7
43119.8
35908.4
28780.5
21057.2
13059.7
5066.28
-2886.23
-10805.9
-18158.3
-24154.2
-30039.8
-36117.3
-42572.4
-49826
-58337.3
-68100.6
-79302.5
-91235.4
-104153
-117327
-130314
-143089
-155138
-166580
-177799
-188736
-199487
-209076
-218050
-226664
-234898
-242775
-250227
-257310
-264082
-270537
-276636
-282437
-287965
-293241
-298264
-303066
-307630
-311987
-316157
-320150
-323978
-327650
-331174
-334553
-337799
-340925
-343935
-346839
-349644
-352356
-354981
-357519
-359970
-362348
-364655
-366897
-369077
-371199
-373267
-375283
-377251
-379173
-381050
-382886
-365330
-347898
-330726
-313901
-297487
-281533
-266074
-251135
-236731
-222871
-209559
-196791
-184560
-172854
-161655
-150951
-140720
-130941
-121591
-112647
-104089
-95898.5
-88061.7
-80561.9
-73353
-66342.4
-59580.7
-53039
-46697.8
-40547.6
-34506.2
-28303.5
-22235.1
-16293.6
-10438
-4620.62
1935.01
9238.25
16716.4
23772.5
29664.5
35055.4
40466.5
46005.5
51657.3
57577.7
63817.2
70313.3
76951.8
83594.6
90148.7
96738
103363
110122
117043
124398
132588
141884
152044
161865
171979
182020
191616
201231
210372
219238
227387
235175
242660
249842
256749
263428
269846
275979
281907
287639
293187
298336
303043
307543
311855
315988
319953
323759
327415
330929
334297
337542
340669
343682
346592
349406
352128
354750
357290
359754
362145
364466
366721
368915
371049
373123
375145
377112
379032
380909
363283
345773
328521
311615
295121
279090
263557
248550
234083
220168
206809
194002
181740
170011
158817
148131
137922
128169
118851
109943
101427
93284.9
85501.7
78057.4
70882.3
63919.1
57199.4
50697
44397
38293.7
32194.4
26022.3
19992.2
14071
8215.01
2386.57
-4112.16
-11437.3
-18363.4
-23992.3
-29345.5
-34714.5
-40110.6
-45546
-51233.5
-57194.1
-63424
-69810.2
-76159
-82532.3
-88969.8
-95431.6
-101956
-108578
-115367
-122606
-130449
-139088
-148611
-157914
-167308
-176959
-186466
-195591
-204503
-213019
-221413
-229411
-236810
-243913
-250716
-257303
-263637
-269735
-275637
-281347
-286869
-292218
-297367
-302350
-306845
-311113
-315209
-319144
-322927
-326560
-330050
-333410
-336648
-339766
-342772
-345671
-348466
-351172
-353794
-356337
-358806
-361203
-363534
-365802
-368010
-370162
-372260
-374307
-376305
-378259
-360709
-343276
-326104
-309285
-292885
-276957
-261536
-246648
-232307
-218521
-205290
-192612
-180478
-168875
-157785
-147191
-137077
-127422
-118204
-109398
-100978
-92924.1
-85218.1
-77842.4
-70762.5
-63870.5
-57225.6
-50796.9
-44561
-38506.3
-32509.2
-26379.1
-20380.8
-14501.1
-8700.88
-2934.07
3367.56
10593.1
17674.2
23306.6
28657.7
33992.8
39321.9
44636.2
50151.7
55955.4
62063
68389.3
74729.1
81096.3
87538.1
94009
100500
107017
113629
120620
128257
136764
146270
155821
165396
175305
184959
194312
203322
212015
220596
228465
235990
243217
250148
256863
263292
269516
275530
281345
286973
292407
297577
302233
306697
310979
315089
319036
322830
326468
329967
333335
336581
339712
342725
345626
348432
351148
353779
356329
358805
361208
363545
365817
368030
370185
372286
374336
376337
378292
360731
343289
326110
309283
292877
276942
261514
246620
232275
218485
205252
192574
180442
168842
157757
147171
137065
127419
118210
109414
101005
92962.9
85268.3
77904.1
70841.1
63960.4
57326.6
50909.1
44684.7
38641.4
32635
26512
20517.8
14633.1
8817.96
3030.52
-3242.31
-10475.1
-17633.6
-23315.9
-28672.9
-34042.4
-39415.8
-44845.3
-50513.9
-56456.7
-62672.6
-69010.1
-75308
-81688.7
-88123.1
-94583.3
-101047
-107605
-114397
-121637
-129394
-137890
-147290
-156542
-165867
-175430
-184930
-193922
-202858
-211317
-219665
-227672
-235099
-242212
-249043
-255622
-261978
-268112
-274052
-279799
-285357
-290735
-295907
-300923
-305538
-309832
-313956
-317919
-321718
-325371
-328889
-332276
-335540
-338685
-341708
-344627
-347451
-350185
-352833
-355401
-357892
-360312
-362664
-364952
-367179
-369348
-371463
-373527
-375541
-377508
-379432
-381312
-383149
-384949
-386710
-388437
-390131
-391792
-393424
-395026
-377544
-360213
-343159
-326464
-310191
-294385
-279082
-264305
-250069
-236380
-223238
-210638
-198569
-187022
-175987
-165441
-155372
-145754
-136566
-127791
-119409
-111403
-103751
-96429.9
-89417.3
-82691.9
-76235.5
-70033.3
-64071.9
-58337.5
-52748.8
-47212.5
-41836.7
-36598
-31479.8
-26459.9
-21211.1
-16013.4
-10921.1
-5941.12
-1076.28
3674.15
9100.48
14770.3
20397.3
25106.7
29168.2
33241.9
37282.2
41361.3
45480.6
49667.6
53981.3
58506.1
63308.7
68368.1
73569.3
78937.4
84419.2
89967.9
95535.4
101054
106541
112063
117698
123477
129745
136732
144617
153372
162432
171507
180978
190298
199284
208028
216378
224652
232340
239571
246500
253177
259611
265808
271801
277609
283235
288678
293917
299001
303610
307965
312148
316168
320023
323730
327299
330736
334047
337227
340293
343253
346116
348887
351570
354172
356697
359147
361527
363842
366095
368289
370426
372512
374547
376536
378479
380376
382232
384044
385811
387541
389237
390902
392534
394138
376600
359208
342091
325335
309004
293143
277789
262965
248686
234960
221784
209154
197061
185493
174438
163896
153833
144221
135044
126284
117922
109939
102314
95021.8
88039.8
81346.6
74924
68756.7
62830.5
57130.5
51582.9
46077.7
40729
35515.1
30422
25435.5
20220.7
15058.4
10004.2
5063.32
237.502
-4475.21
-9958.03
-15584.5
-20556.8
-24643.3
-28662.3
-32665.8
-36699.2
-40759.6
-44873.8
-49074.7
-53419.5
-57971.1
-62736.2
-67697.2
-72877.1
-78212
-83630.6
-89088.6
-94504.9
-99928.7
-105370
-110879
-116546
-122399
-128642
-135510
-143122
-151521
-160366
-169004
-177965
-187065
-195723
-204381
-212561
-220587
-228495
-235681
-242540
-249145
-255494
-261632
-267583
-273356
-278953
-284376
-289587
-294641
-299549
-304313
-308571
-312655
-316583
-320364
-324008
-327520
-330892
-334141
-337278
-340303
-343223
-346050
-348789
-351445
-354022
-356525
-358957
-361322
-363624
-365866
-368051
-370183
-372262
-374293
-376278
-378219
-380118
-381976
-383794
-385577
-387325
-389040
-390719
-392367
-374913
-357601
-340567
-323897
-307654
-291886
-276625
-261897
-247715
-234087
-221009
-208475
-196475
-184995
-174020
-163534
-153516
-143948
-134810
-126085
-117756
-109804
-102210
-94950.9
-88004.5
-81347.3
-74958.7
-68821.1
-62919.8
-57240.8
-51758.1
-46283.4
-40960.2
-35772.4
-30701.9
-25740.1
-20597.2
-15433.5
-10367.9
-5408.7
-560.102
4177.39
9629.79
15271
20410.4
24516
28518.8
32500.2
36506.9
40542.6
44618
48764.4
53028.9
57476.8
62131.2
66994.8
72103.2
77394.6
82786.9
88225.2
93630.3
99047.9
104477
109950
115542
121285
127394
134139
141688
150096
159077
167829
176947
186148
194944
203758
212120
220295
228204
235463
242348
248993
255418
261638
267669
273519
279190
284670
289948
295070
300044
304503
308774
312868
316794
320574
324215
327717
331083
334328
337462
340485
343409
346239
348981
351639
354217
356720
359153
361518
363819
366060
368244
370373
372451
374480
376463
378401
380297
382151
383967
385746
387489
389195
390871
392515
375055
357739
340700
324026
307779
292006
276741
262009
247824
234193
221114
208582
196584
185110
174142
163663
153654
144095
134967
126250
117929
109984
102397
95144.2
88204.1
81553.3
75171.3
69040.3
63145.3
57472.2
52004.7
46542.9
41228.2
36049.5
30988.3
26035.4
20871.9
15720.7
10666.2
5716.49
875.875
-3855.12
-9205.64
-14834.8
-20002.7
-24186.9
-28200.3
-32192
-36213.8
-40262.4
-44369.7
-48567.3
-52910.4
-57454.1
-62193.9
-67151.8
-72332.5
-77662.2
-83074.9
-88479.6
-93881.8
-99310.7
-104764
