5.15174e-12
-28733.6
-57744
-72439.7
-81324.3
-88908
-95845.1
-102205
-108382
-93926
-80785
-68360.9
-56273.8
-44131.2
-31413.2
-15952.3
8129.25
35815.1
56139.2
68217.5
76597.2
83830
90289.1
95890.7
100853
86641.2
73651.9
61231.7
48439.5
34278.9
18357.2
227.586
-19819.7
-36817.8
-50410.4
-61771.9
-71887.8
-81044
-89213.9
-96433.6
-102841
-90462.9
-78924.5
-67873.2
-56320.5
-42178.9
-25287.1
-6145.09
13933.9
30347.8
43132.6
53982.4
63649.5
72397.8
80754
88601.7
96099.4
83271.3
70962.2
59052.6
46579.7
32498.3
16687.2
-1222.97
-20537.3
-36654
-49400.2
-59904
-69089.3
-77932.1
-86218.8
-94104.9
-101803
-108299
-113633
-117942
-121350
-124200
-126674
-128870
-118550
-108787
-99345.3
-90194.6
-81318.9
-72649.3
-64094
-55511.9
-46729.4
-37476.6
-27315.1
-15681.6
-2162.66
12592.9
26512.4
39203
49556.1
58845.7
67215.1
74990.2
82230.6
88867.1
94980.1
100114
104549
108576
112004
115065
117849
118118
118385
118651
118914
119175
119435
119692
119947
120200
109712
99826
90289.9
81067
72113.8
63282.9
54351.2
45155.6
35631
25740.1
15450.2
4577.55
-7295.99
-19878.6
-31578.5
-42318.6
-51470.6
-59205.1
-66139.9
-72600.7
-78575.9
-84218.9
-89553.1
-94584.9
-99323.5
-103756
-107893
-111780
-115382
-118647
-108959
-99684.8
-90705.6
-81999.6
-73559.4
-65323
-57088.5
-48723.3
-40132.8
-31173.1
-21628.2
-11194.3
360.433
12385.7
24112.5
34478.7
43436
51336
58361.3
64851.5
71030.6
76908.6
82493.6
87818
92880.4
97710
102299
106646
110748
114667
104922
95222.4
85812.9
76679.3
67792.4
58990.8
50101.7
41007.4
31659.2
22067.2
12277.8
2234.09
-8305.25
-18946.4
-29188.6
-38494.9
-46623.7
-53855.9
-60488.4
-66697.5
-72583.7
-78201.9
-83584
-88743.8
-93657.7
-98326.7
-102754
-106934
-110905
-114596
-117967
-120957
-123571
-125891
-127977
-129868
-131551
-122378
-113609
-105100
-96837.3
-88823.4
-81061.7
-73526.2
-66167.3
-58938.8
-51821.9
-44800.6
-37856.6
-30971.3
-24124
-17291.2
-10450.8
-3584.62
3335.3
10094.2
17113.4
24659
32690.7
40812.8
48421.5
55450.7
61834.3
67769.6
73409.7
78765
83849.6
88692
93293.3
97664.2
101820
105751
109456
112972
116179
118964
121368
123486
125397
127172
128825
119420
110500
101872
93512.5
85428.4
77603.5
69998
62566.9
55269.1
48086.7
40996.5
33967.5
26972.3
19995.3
13046.1
6171.51
-541.445
-6785.87
-12452.1
-18443.6
-24915.5
-31769.2
-38600.6
-45165.5
-51376.1
-57214.8
-62691
-67874
-72814.7
-77518.7
-82015.2
-86300.3
-90358.8
-94211
-97868
-101334
-104625
-107753
-110718
-113529
-116191
-118704
-121085
-123325
-114421
-105842
-97522.3
-89452.2
-81638.4
-74079.6
-66761.5
-59624.8
-52599
-45696.2
-38895.3
-32188.5
-25586.2
-19111.4
-12785.9
-6624.31
-656.685
4965.82
10199.9
15702.2
21694.9
28207.8
35072.2
41727
47987.4
53851.3
59344.6
64605
69639.6
74430.9
79034.4
83441.2
87656.4
91677.6
95507
99155.8
102626
105927
109060
112032
114850
117518
120036
122372
113376
104683
96216.9
87978.4
79980.9
72219.3
64662.8
57280.5
50051.2
42981.1
36092.3
29328.2
22682.7
16154
9750.04
3503.45
-2481.83
-7797.88
-12996.2
-18472.7
-24301.9
-30488.3
-36819.2
-42935.4
-48836.8
-54462.7
-59788.3
-64870.1
-69735.9
-74384.4
-78851.6
-83139.9
-87240.8
-91158.1
-94890.1
-98448.2
-101846
-105085
-108169
-111099
-113881
-116520
-119025
-121391
-123601
-125590
-127393
-129039
-130565
-131993
-133332
-134579
-135744
-136834
-137860
-138832
-139763
-131308
-123174
-115264
-107574
-100114
-92892.6
-85917.2
-79178.9
-72667.7
-66352.7
-60235
-54319.1
-48580.1
-43038.1
-37683.3
-32512
-27520.8
-22706.6
-18066.9
-13600.7
-9308.78
-5193.82
-1259.28
2492.04
6056.28
9396.33
12295.5
15034.9
17741
20384.3
23035.9
25786
28821.6
32414.5
36715.6
41596
46765.3
52016
57180.8
62170.9
66964.6
71563
75981.9
80211.9
84249.7
88115.2
91809
95333
98682
101868
104900
107789
110537
113146
115623
117970
120165
122258
124167
125911
127516
129007
130401
131709
132938
134095
135187
136224
137217
128568
120298
112276
104491
96946.9
89652.3
82608.2
75806.2
69229.5
62867.2
56711.9
50781.9
45064.4
39492.4
34156.3
29013.3
24059.4
19291.9
14709.6
10314
6109.9
2108.08
-1635.37
-4864.5
-7909.53
-10833.4
-13658.5
-16422.3
-19130.2
-21831.6
-24606
-27597.8
-30979.2
-34815.1
-39058.7
-43558.8
-48181.8
-52840.3
-57416.2
-61844.6
-66132.8
-70252.3
-74208.2
-78015.3
-81664.3
-85166.8
-88523.7
-91737.1
-94800.5
-97718.9
-100510
-103180
-105732
-108170
-110498
-112716
-114830
-116842
-118755
-120572
-122300
-123951
-125531
-127042
-128492
-129884
-131213
-132497
-133712
-125517
-117504
-109711
-102138
-94796.6
-87697.2
-80846
-74241
-67874.4
-61709.9
-55748.3
-49991.2
-44437.3
-39084.6
-33932.6
-28980.1
-24228.3
-19678.5
-15331.4
-11185.3
-7239.51
-3495.67
35.9013
3309.22
6201.69
8858.94
11389.7
13858.1
16287
18696.8
21109.1
23580.1
26235
29254.3
32771.5
36766.6
41127.4
45686.3
50299.3
54874.6
59329.8
63656.4
67833.5
71868.2
75757.4
79483.8
83071.1
86524.5
89836.4
93003.3
96033.7
98935.3
101711
104365
106899
109319
111629
113829
115924
117915
119808
121615
123342
124994
126575
128097
129550
130952
132284
124225
116014
108043
100307
92813.8
85573.2
78588.1
71845.1
65339.5
59051.1
52983.6
47138.6
41515
36109.8
30918.8
25938
21165.2
16597.7
12233.5
8072.96
4122.88
414.372
-2862.45
-5802.28
-8612.66
-11320.6
-13965.4
-16569.7
-19150.6
-21745.5
-24426.5
-27324.1
-30550.7
-34155
-38113.1
-42318.7
-46678.5
-51102
-55498.6
-59791.1
-63974.1
-68023.2
-71934
-75717.9
-79356.2
-82853.4
-86225.1
-89464.4
-92566.8
-95534.7
-98376.2
-101098
-103704
-106198
-108586
-110869
-113050
-115131
-117114
-119001
-120795
-122505
-124141
-125706
-127205
-128643
-130027
-131347
-132629
-133837
-134981
-136091
-137130
-138108
-139035
-139921
-140769
-141587
-142375
-143140
-143884
-144601
-145294
-145965
-146616
-147249
-147867
-148471
-149061
-141124
-133442
-125960
-118681
-111615
-104773
-98161.3
-91784.4
-85642.4
-79733.4
-74044.2
-68564.3
-63293.9
-58237.6
-53394.9
-48739.2
-44309.9
-40083.8
-36053.7
-32117
-28429.6
-24914.3
-21564.8
-18374
-15335.2
-12441.6
-9686.58
-7063.42
-4564.38
-1926.47
374.127
2568.71
4660.57
6648.36
8507.08
10209
11793
13323.3
15383.3
16870.3
18326.5
19746.7
21134.9
22499.5
23843.7
25172
26488.8
27803.1
29125.3
30468.1
31853
33324.7
34973.1
36939.9
39359.1
42273.1
45645.5
49379.1
53348.8
57427.3
61510.5
65530.8
69441.1
73235.1
76885.4
80413.6
83795.7
87034.4
90152.6
93147.1
96012.1
98755
101383
103899
106307
108607
110804
112901
114902
116808
118618
120339
121985
123560
125069
126514
127906
129242
130523
131745
132905
134025
135085
136089
137043
137956
138831
139675
140489
141276
142034
142767
143477
144166
144837
145491
146130
146755
147367
147966
139912
132166
124634
117314
110214
103344
96709.9
90313.4
84151.9
78223.3
72520.6
67033.6
61762.9
56712.5
51891
47292.1
42907.9
38674.8
34678.6
30767.8
27118.4
23642.6
20333.4
17183.7
14186.6
11335.4
8623.82
6045.83
3595.43
1269.51
-1364.04
-3379.66
-5190.61
-6929.94
-8609.28
-10218.9
-11772.8
-13285
-14758
-16195.5
-17597.7
-18969.8
-20315.1
-21636.3
-22936.7
-24220.8
-25494.6
-26767
-28051.6
-29369.8
-30758.6
-32277.7
-34011.1
-36048.3
-36271.4
-36498.1
-36728.6
-36962.9
-37200.9
-37442.6
-37688.2
-37937.4
