1.04199e-11
-59.07
-236.16
-530.913
-942.729
-1470.78
-2113.98
-2871.04
-3740.42
-4720.35
-5808.84
-7003.67
-8302.41
-9702.4
-11200.8
-12794.5
-14480.3
-16254.6
-18113.9
-20054.4
-22071.8
-24162.2
-26321.2
-28544.2
-30826.5
-33163.5
-35550.1
-37981.3
-40452
-42956.7
-45490.2
-48047
-50621.5
-53207.3
-55800.2
-58393
-60980.6
-63557.8
-66117.4
-68654.8
-71160.8
-73634.2
-76065.1
-78451.5
-80783.7
-83060.1
-85272.4
-87412.4
-89479.6
-91465.8
-93363.4
-95170.9
-96880.6
-98488.1
-99987.8
-101375
-102642
-103788
-104808
-105695
-106447
-107058
-107525
-107844
-108011
-108023
-107872
-107555
-107069
-106410
-105577
-104567
-103378
-102008
-100457
-98721.8
-96802.6
-94698.3
-92408.6
-89933.1
-87272.1
-84425.9
-81395.2
-78180.8
-74784.2
-71206.6
-67450
-63516.4
-59408.1
-55127.7
-50678.1
-46062.4
-41284.2
-36347
-31254.9
-26012.2
-20623.4
-15093.2
-9426.77
-3629.88
2270.17
8232.31
14301.2
20470.5
26733.4
33083
39512.4
46014.3
52562.3
59171.3
65822.7
72465
79172.3
85921
92696.8
99496.8
106287
113063
119598
125755
131313
136404
141300
145860
150276
154589
158011
161385
164693
167636
170349
172998
175592
178061
180307
182486
184569
186538
188070
189533
190932
192226
193420
194547
195603
196588
197499
198335
199093
199717
200231
200672
201043
201340
201563
201709
201779
201759
201553
201159
200576
199801
198834
197674
196319
194768
193023
191081
188943
186610
184082
181359
178442
175333
172032
168543
164865
161002
156956
152729
148324
143744
138992
134072
128961
123689
118260
112575
106577
100426
93971.6
87196.6
79853.9
71714.9
62827.2
52586.8
41484
30023.7
18409.6
6653.02
-5234.74
-17242
-29356.8
-41466.4
-53538.8
-65466.9
-77602.2
-89914.7
-102350
-114385
-125054
-134406
-143005
-151150
-157991
-164372
-169818
-175162
-180118
-184818
-188771
-192306
-195687
-199012
-201824
-204544
-206945
-209198
-211383
-213514
-215419
-217243
-219004
-220682
-222299
-223853
-225341
-226752
-228071
-229312
-230484
-231529
-232430
-233191
-233892
-234530
-235104
-235611
-236056
-236433
-236743
-236985
-237158
-237262
-237295
-237195
-236907
-236430
-235762
-234903
-233852
-232609
-231174
-229547
-227728
-225717
-223516
-221125
-218546
-215779
-212826
-209690
-206371
-202872
-199195
-195344
-191320
-187127
-182768
-178231
-173531
-168675
-163667
-158511
-153212
-147724
-141860
-135861
-129713
-123272
-116702
-109636
-102276
-93807.2
-84703.8
-74250.5
-61743.6
-47018.3
-30009.5
-12337.9
5448.89
23089
40429.1
56275.1
70313.5
83579
95523.3
106958
118209
128925
139605
150216
160780
171289
181728
192049
200252
204895
208651
211887
214949
217817
220427
222889
225294
227617
229857
231957
233953
235834
237601
239307
240955
242540
244060
245515
246901
248218
249464
250637
251674
252640
253533
254340
255072
255727
256306
256809
257235
257583
257853
258043
258152
258182
258061
257748
257243
256546
255656
254573
253297
251828
250166
248313
246269
244035
241612
239002
236200
233214
230045
226697
223172
219472
215600
211559
207352
202984
198457
193775
188942
183962
178787
173441
167959
162338
156577
150566
144307
137910
130920
123549
115794
107651
98627.6
87679.4
75183.4
59414.9
40293.2
17841.8
-5370.32
-28247.5
-49218.3
-66873.1
-82491.9
-95567.8
-107275
-117832
-127803
-137541
-147159
-156173
-165008
-173791
-182497
-190904
-199224
-207448
-215564
-223564
-229650
-233400
-236650
-239182
-241619
-243996
-246312
-248564
-250736
-252742
-254630
-256342
-257974
-259586
-261128
-262597
-263993
-265313
-266555
-267716
-268797
-269855
-270856
-271767
-272586
-273314
-273950
-274486
-274921
-275265
-275517
-275675
-275743
-275692
-275446
-275004
-274366
-273532
-272501
-271275
-269852
-268235
-266423
-264418
-262221
-259833
-257256
-254491
-251541
-248408
-245094
-241602
-237934
-234094
-230031
-225718
-221237
-216591
-211786
-206824
-201711
-196421
-190957
-185353
-179613
-173745
-167753
-161550
-155119
-148526
-141639
-134338
-126402
-117701
-108357
-97964.6
-84936.7
-69014.8
-48311
-22756.9
5247.84
32870.1
56450.4
76280.6
91899.2
104935
116029
126398
136285
145191
153962
162245
170455
178580
186528
194309
202003
209596
217083
224455
231699
238817
245755
251970
255148
257875
260226
262490
264678
266808
269024
271149
273167
274950
276657
278250
279740
281115
282382
283540
284588
285526
286355
287079
287719
288279
288838
289304
289678
289964
290163
290276
290304
290169
289830
289286
288539
287587
286431
285071
283508
281743
279776
277610
275246
272684
269928
266979
263839
260511
256998
253302
249427
245280
240955
236456
231789
226932
221912
216734
211403
205925
200200
194216
188095
181839
175325
168662
161874
154897
147566
140027
131732
123154
114073
103021
90077.8
74367.1
53299.9
26042.3
-6116.93
-38076.3
-64102.8
-84907.9
-100923
-113326
-124540
-134812
-144139
-152772
-161274
-169510
-177567
-185556
-193460
-201244
-208848
-216347
-223657
-230670
-237561
-244319
-250933
-257389
-263670
-269726
-273191
-275979
-278342
-280552
-282585
-284437
-286138
-287876
-289493
-290935
-292209
-293330
-294303
-295134
-295897
-296573
-297169
-297687
-298134
-298511
-298832
-299193
-299480
-299695
-299839
-299913
-299916
-299708
-299280
-298631
-297761
-296671
-295360
-293831
-292083
-290117
-287935
-285539
-282924
-280062
-276988
-273704
-270214
-266520
-262625
-258533
-254247
-249770
-245107
-240261
-235172
-229834
-224323
-218644
-212802
-206744
-200532
-194173
-187673
-181038
-174262
-167180
-159942
-152576
-144731
-136666
-127392
-117567
-107123
-95530.8
-82587.9
-68033.5
-49031.3
-24459.4
9340.19
44346.1
72350.2
92843.2
107643
120000
130481
140548
149761
158709
167293
175807
184160
192030
199773
207422
214975
222420
229748
236910
243908
250605
257136
263475
269583
275411
280885
285601
288702
291059
292988
294647
296066
297218
298394
299599
300679
301647
302516
303297
304002
304636
305203
305703
306140
306514
306829
307099
307318
307480
307587
307636
307599
307322
306804
306045
305045
303805
302325
300606
298648
296454
294025
291363
288469
285346
281997
278425
274624
270603
266348
261820
257082
252138
246991
241648
236112
230389
224486
218396
211963
205362
198538
191527
184371
177076
169620
161821
153855
145530
136854
127916
118128
107610
96433.9
84391.1
71313.9
55982
40473.4
21699.4
-9705.02
-46894.2
-73106.4
-91327.4
-105674
-118060
-129598
-140217
-149791
-158925
-167843
-176583
-185052
-193431
-201708
-209872
-217850
-225654
-233235
-240498
-247559
-254392
-260966
-267249
-273201
-278768
-283858
-288474
-292560
-296038
-298514
-300445
-302107
-303501
-304727
-305868
-306919
-307856
-308680
-309406
-310046
-310612
-311111
-311549
-311931
-312258
-312534
-312759
-312935
-313063
-313143
-313176
-313094
-312747
-312135
-311258
-310116
-308709
-307039
-305107
-302913
-300460
-297749
-294782
-291562
-288091
-284372
-280409
-276205
-271763
-267088
-262184
-256949
-251477
-245785
-239881
-233770
-227458
-220954
-214264
-207396
-200359
-193080
-185373
-177522
-169539
-161198
-152613
-143631
-134281
-124690
-114748
-103841
-91970.5
-79770.2
-66456.5
-53321.2
-40059.6
-27790.3
-13282.7
11954.9
49262.4
72639
90397.8
105710
118650
130381
141064
151351
161038
170559
179645
188594
197390
205969
214149
222034
229700
237129
244303
251203
257813
264108
269994
275542
280720
285505
289869
293771
297184
300119
302529
304488
306120
307437
308579
309607
310535
311368
312116
312786
313384
313913
314378
314782
315127
315416
315651
315833
315963
316042
316070
315944
315526
314817
313817
312526
310944
309074
306915
304470
301740
298728
295436
291867
288024
283910
279530
274886
269984
264829
259425
253695
247672
241409
234918
228208
221286
214163
206848
199352
191620
183650
175534
167238
158292
149144
139466
129448
119234
108603
97335.5
85080.2
72346.9
59315.7
46422.9
33697.6
22546.9
12203.6
1994.45
-14298.6
-49948.8
-71385.7
-90080.6
-105239
-118705
-130529
-141903
-152705
-162926
-172727
-182176
-191262
-199993
-208407
-216581
-224500
-232146
-239508
-246569
-253317
-259732
-265716
-271362
-276660
-281594
-286147
-290300
-294034
-297342
-300248
-302745
-304818
-306642
-308245
-309681
-310968
-312095
-313028
-313848
-314580
-315226
-315794
-316290
-316713
-317067
-317360
-317596
-317777
-317904
-317985
-318012
-317844
-317360
-316562
-315449
-314022
-312278
-310203
-307815
-305115
-302105
-298787
-295165
-291241
-287020
-282505
-277700
-272612
-267244
-261604
-255698
-249426
-242851
-236019
-228948
-221647
-214129
-206404
-198486
-190322
-181898
-173325
-164567
-155405
-146049
-135847
-125269
-114419
-103135
-91439
-79588.8
-66555.1
-54045
-41159.4
-29188.8
-18528.4
-8785.9
106.689
7831.6
18364.6
51323.7
72021.2
90488.6
106264
119728
132169
144051
155163
165756
175544
185010
194225
203042
211574
219816
227753
235370
242654
249594
256157
262278
268043
273447
278487
283163
287476
291427
295019
298266
301192
303830
306036
307956
309649
311153
312498
313699
314752
315668
316448
317128
317734
318272
318737
319133
319463
319729
319932
320075
320157
320179
319968
319415
318521
317286
315710
313795
311542
308953
306013
302721
299097
295143
290864
286264
281347
276119
270587
264756
258633
252228
245453
238333
230941
223301
215425
207328
199024
190494
181650
172655
163461
153855
144076
133694
123076
111758
100009
87942.7
75842.5
63547.5
51091.3
38691.8
27312.7
16951.3
7607.23
-951.772
-8676.5
-14852.3
-22190.9
-53499.2
-73983.2
-92532.8
-108007
-122013
-134965
-147273
-158448
-168996
-179034
-188788
-198160
-207145
-215803
-224118
-232072
-239656
-246858
-253625
-259942
-265877
-271430
-276604
-281405
-285839
-289920
-293664
-297089
-300221
-303081
-305693
-308077
-309975
-311678
-313209
-314586
-315814
-316894
-317818
-318594
-319283
-319891
-320422
-320882
-321272
-321596
-321856
-322055
-322192
-322270
-322288
-322035
-321413
-320425
-319068
-317346
-315258
-312806
-309993
-306820
-303290
-299367
-295085
-290455
-285480
-280167
-274522
-268552
-262265
-255669
-248775
-241535
-233880
-225944
-217753
-209325
-200675
-191825
-182615
-173231
-163678
-153675
-143513
-132819
-121812
-110484
-98853.7
-86462
-74147.6
-61979.5
-50154.4
-38171.5
-27202.5
-17107.8
-7858.97
497.053
8116.86
14950.1
19913.9
25961.3
56117.7
76802.4
94521.7
110518
124945
138414
150581
162008
172793
183155
193153
202652
211784
220530
228874
236805
244308
251305
257857
263997
269732
275070
280023
284605
288836
292735
296326
299629
302666
305456
308010
310351
312441
314075
315547
316868
318026
319055
319946
320698
321363
321950
322463
322905
323280
323591
323840
324028
324158
324230
324244
323949
323260
322178
320703
318836
316578
313931
310897
307479
303681
299505
294910
289934
284592
278890
272837
266439
259707
252652
245283
237615
229477
221019
212306
203356
194198
184733
175001
165130
154806
144256
133460
122051
110362
98618.2
86506.9
74290.5
61952.4
50228.5
38896.9
28504.1
18519.7
9302.43
890.136
-6700.07
-13611.9
-19368.7
-23754.7
-28883.8
-58949.1
-79888.7
-96711
-113104
-128010
-141576
-153863
-165625
-176649
-187293
-197416
-207072
-216299
-225081
-233405
-241245
-248517
-255343
-261730
-267686
-273226
-278366
-283128
-287533
-291604
-295364
-298836
-302036
-304981
-307696
-310198
-312498
-314610
-316418
-317813
-319040
-320130
-321104
-321954
-322670
-323302
-323857
-324341
-324758
-325117
-325413
-325649
-325827
-325948
-326014
-326025
-325689
-324934
-323759
-322166
-320155
-317728
-314887
-311635
-307974
-303909
-299443
-294572
-289254
-283548
-277462
-271005
-264188
-257025
-249523
-241703
-233581
-225089
-216137
-206925
-197476
-187791
-177722
-167505
-156945
-146031
-135087
-123492
-111490
-99485.2
-87235.8
-75096
-63348
-51355.8
-40322.9
-30607.5
-20908.5
-11705.2
-3185.25
4567.5
11568.1
17945.5
22805.6
26778.1
31357.8
61553.5
82353.2
99775.5
115833
130872
144465
157159
169116
180440
191285
201515
211272
220541
229307
237475
245101
252248
258924
265144
270927
276293
281266
285872
290134
294079
297726
301090
304203
307083
309744
312201
314464
316545
318453
319943
321085
322102
323016
323824
324504
325099
325621
326074
326462
326789
327058
327271
327432
327540
327598
327606
327229
326406
325138
323426
321270
318672
315635
312162
308255
303919
299160
293982
288344
282277
275809
268951
261731
254144
246205
237929
229318
220358
210970
201261
191323
181024
170487
159714
148496
137202
125652
113381
101055
88730.8
76302
64417.6
53032.9
42273.1
32606.2
23612.3
14613.1
6151.26
-1779.71
-9012.8
-15552
-21458.8
-25578.5
-29233.4
-33435.9
-63977.9
-84753.8
-102670
-118395
-133476
-147116
-160164
-172333
-183910
-194858
-205206
-215020
-224247
-232844
-240880
-248398
-255413
-261943
-268009
-273636
-278851
-283682
-288157
-292302
-296130
-299674
-302960
-306006
-308827
-311438
-313849
-316072
-318115
-319987
-321670
-322859
-323809
-324651
-325395
-326026
-326569
-327043
-327453
-327802
-328095
-328336
-328526
-328668
-328763
-328813
-328818
-328400
-327510
-326148
-324316
-322014
-319244
-316009
-312313
-308159
-303551
-298497
-293006
-287046
-280610
-273762
-266514
-258870
-250846
-242458
-233724
-224626
-215195
-205406
-195224
-184763
-173937
-162980
-151504
-139877
-128129
-115964
-103299
-90852.7
-78246.3
-66137.1
-54562.5
-44145.8
-34961.4
-26037.5
-17543.2
-9467.14
-1634.74
5810.58
12656.7
18838.3
23982
27825.5
31261.5
35259.9
66180.1
87231
105332
121322
135772
149782
163134
175467
187237
198239
208649
218400
227496
235997
243927
251317
258188
264566
270478
275955
281027
285726
290078
294099
297827
301288
304501
307482
310246
312806
315171
317350
319353
321189
322827
324303
325228
325993
326665
327247
327738
328159
328474
328714
328917
329084
329217
329316
329383
329417
329420
328960
328002
326544
324589
322138
319193
315757
311833
307426
302541
297184
291363
285046
278235
270987
263313
255233
246772
237938
228752
219165
209278
199062
188436
177383
166156
154565
142633
130654
118531
105634
92907.9
80256.7
67867.2
56256
45914.7
36468.9
27829.3
19848.8
11963.4
4674.2
-2589.68
-9596.21
-16085.1
-21957.3
-26204.8
-29830.4
-33086.9
-36928.2
-67943.3
-89755.5
-107711
-124084
-138398
-152247
-165758
-178308
-190169
-201241
-211594
-221249
-230282
-238678
-246493
-253750
-260478
-266709
-272476
-277814
-282756
-287334
-291563
-295486
-299129
-302515
-305661
-308584
-311297
-313811
-316137
-318284
-320261
-322071
-323691
-325155
-326405
-327090
-327572
-327985
-328348
-328663
-328933
-329164
-329360
-329521
-329648
-329743
-329807
-329839
-329841
-329339
-328312
-326758
-324680
-322079
-318957
-315318
-311165
-306503
-301338
-295678
-289531
-282853
-275663
-268017
-259928
-251421
-242513
-233227
-223552
-213524
-203202
-192579
-181407
-169934
-158226
-146059
-133873
-121486
-108749
-95735.9
-82961.1
-70192
-58882
-48303.2
-38515.6
-29722.2
-21580.3
-14104.6
-7142.85
-250.36
6356.04
12937.4
19098.7
24296.1
28125.8
31579.7
34692.7
38436.4
69631.4
92189.7
110366
126777
141400
155066
168312
181018
192911
203952
214215
223811
232732
241005
248677
255780
262348
268419
274032
279223
284029
288474
292588
296411
299965
303271
306347
309210
311871
314343
316635
318756
320715
322515
324126
325591
326922
327661
328107
328503
328853
329157
329420
329642
329830
329985
330108
330199
330260
330291
330292
329749
328652
327003
324801
322050
318751
314908
310526
305610
300166
294204
287732
280693
273133
265098
256607
247682
238347
228629
218489
208025
197281
186233
174535
162716
150388
137926
125338
112617
99424.1
86316
73557.7
62126
51359.6
41263.9
32131.1
23812.5
16154.2
9130.86
2681.91
-3559.99
-9641.91
-15879.2
-21764.1
-26163.9
-29814.6
-33123.2
-36115.8
-39729.5
-71229.2
-94395.7
-113060
-129473
-144374
-158267
-170946
-183596
-195480
-206428
-216657
-226178
-234981
-243126
-250654
-257604
-264018
-269937
-275405
-280459
-285138
-289460
-293472
-297202
-300674
-303909
-306923
-309733
-312349
-314785
-317048
-319148
-321092
-322890
-324504
-325976
-327311
-328245
-328673
-329053
-329388
-329680
-329932
-330147
-330329
-330478
-330596
-330684
-330742
-330771
-330767
-330183
-329017
-327272
-324947
-322045
-318569
-314523
-309912
-304742
-299020
-292756
-285961
-278559
-270632
-262214
-253327
-243995
-234246
-224088
-213522
-202646
-191506
-179918
-167866
-155530
-142786
-130013
-117120
-103975
-90567.4
-77811.7
-66043.9
-55049.1
-44646.9
-35083.7
-26544.4
-18662.7
-11440.9
-4820.73
1272.4
6891.83
12576.9
18531.5
23979.5
27873.2
31368
34548.2
37421.8
41270.2
73151.7
96842.7
115891
132408
147544
161621
174360
186300
198061
208997
219169
228588
237263
245268
252646
259440
265699
271470
276796
281720
286271
290486
294403
298049
301447
304617
307575
310336
312912
315312
317547
319626
321556
323344
324974
326444
327785
328859
329269
329632
329953
330234
330475
330681
330855
330998
331111
331195
331250
331277
331260
330634
329400
327558
325110
322059
318407
314158
309319
303896
297897
291333
284217
276457
268166
259370
250093
240362
230210
219618
208650
197384
185859
173750
161371
148439
135454
122308
109041
95529.9
82610.9
70641.2
59244
48572.1
38625
29668.6
21549.4
14089.6
7260.39
987.618
-4789.18
-9919.74
-15370
-21041.9
-25750
-29471.2
-32825
-35884.5
-38658.4
-42488.9
-75124.6
-99336.2
-118566
-135347
-150707
-164859
-177733
-189534
-200617
-211526
-221626
-230930
-239479
-247342
-254570
-261213
-267324
-272954
-278149
-282952
-287389
-291507
-295339
-298910
-302243
-305354
-308262
-310979
-313517
-315886
-318097
-320156
-322072
-323852
-325501
-326969
-328315
-329483
-329874
-330222
-330529
-330796
-331026
-331224
-331391
-331527
-331635
-331715
-331768
-331794
-331762
-331095
-329792
-327855
-325284
-322083
-318255
-313805
-308739
-303064
-296790
-289928
-282485
-274379
-265729
-256559
-246898
-236776
-226231
-215216
-203861
-192221
-180213
-167720
-154843
-141552
-128228
-114809
-101312
-88144.2
-75841
-64071.4
-53065.8
-42734.4
-33265.3
-24854.1
-17116.6
-10036.7
-3550.49
2416.88
7915.49
12747.4
17939.2
23412.5
27399.6
30966.5
34192.8
37139.9
39831
43654.8
76918.7
101990
121365
138349
153967
168165
181152
192856
203504
214061
224071
233243
241655
249369
256442
262933
268899
274392
279461
284145
288478
292507
296259
299760
303030
306088
308949
311625
314129
316471
318658
320700
322603
324374
326018
327511
328854
330078
330480
330811
331104
331358
331579
331768
331927
332058
332161
332237
332287
332311
332266
331557
330186
328153
325461
322111
318107
313456
308163
302237
295689
288531
280762
272315
263309
253771
243732
233227
222273
210871
199142
187144
174676
161810
148381
134866
121203
107437
94271.9
81572.5
69506.3
58029
47351.4
37430
28529.2
20498.3
13129.8
6394.97
211.395
-5481.5
-10673.6
-15285.6
-20314.2
-25167.6
-28949
-32374.5
-35482.7
-38329.1
-40944.4
