0.1 9.07685e-24 64515 -2.32831e-09
0.2 -1.4363e-23 129030 -2.79397e-09
0.3 4.96886e-23 193545 -3.72529e-09
0.4 -8.6396e-23 258060 5.58794e-09
0.5 -5.11249e-23 322575 1.86265e-08
0.6 -6.9815e-24 387090 -1.86265e-08
0.7 2.24353e-23 451605 -2.55763e-21
0.8 -2.74169e-23 516120 -4.47035e-08
0.9 -2.08427e-22 580635 7.45058e-09
1 -7.14149e-23 645150 -7.45058e-09
12777.5 -12777.5 645150 5.82656e+07
25535.8 -25535.8 645150 1.16443e+08
38274.6 -38274.6 645150 1.74532e+08
50993.7 -50993.7 645150 2.32531e+08
63691.6 -63691.6 645150 2.90434e+08
76367.7 -76367.7 645150 3.48237e+08
89027.2 -89027.2 645150 4.05964e+08
101666 -101666 645150 4.63598e+08
114285 -114285 645150 5.21139e+08
125318 -125318 645150 5.7145e+08
134827 -134827 645150 6.14812e+08
143602 -143602 645150 6.54827e+08
150678 -150678 645150 6.8709e+08
157176 -157176 645150 7.16724e+08
163005 -163005 645150 7.43301e+08
168546 -168546 645150 7.68568e+08
173768 -173768 645150 7.92381e+08
177884 -177884 645150 8.11152e+08
181774 -181774 645150 8.28889e+08
185607 -185607 645150 8.46369e+08
188924 -188924 645150 8.61492e+08
192142 -192142 645150 8.76166e+08
195311 -195311 645150 8.90619e+08
198399 -198399 645150 9.04698e+08
201282 -201282 645150 9.17844e+08
204032 -204032 645150 9.30386e+08
206781 -206781 645150 9.42921e+08
209042 -209042 645150 9.53231e+08
211092 -211092 645150 9.62578e+08
213115 -213115 645150 9.71803e+08
215104 -215104 645150 9.80874e+08
216989 -216989 645150 9.89471e+08
218852 -218852 645150 9.97967e+08
220712 -220712 645150 1.00645e+09
222447 -222447 645150 1.01436e+09
223996 -223996 645150 1.02142e+09
225543 -225543 645150 1.02847e+09
227088 -227088 645150 1.03552e+09
228633 -228633 645150 1.04257e+09
230177 -230177 645150 1.04961e+09
231719 -231719 645150 1.05664e+09
233261 -233261 645150 1.06367e+09
234768 -234768 645150 1.07054e+09
236225 -236225 645150 1.07719e+09
237681 -237681 645150 1.08382e+09
239015 -239015 645150 1.08991e+09
240291 -240291 645150 1.09573e+09
241566 -241566 645150 1.10154e+09
242839 -242839 645150 1.10735e+09
244112 -244112 645150 1.11315e+09
245372 -245372 645150 1.11889e+09
246642 -246642 645150 1.12469e+09
247912 -247912 645150 1.13048e+09
249180 -249180 645150 1.13626e+09
250447 -250447 645150 1.14204e+09
251712 -251712 645150 1.14781e+09
252975 -252975 645150 1.15357e+09
254235 -254235 645150 1.15931e+09
255491 -255491 645150 1.16504e+09
256724 -256724 645150 1.17066e+09
257854 -257854 645150 1.17581e+09
258789 -258789 645150 1.18008e+09
259770 -259770 645150 1.18455e+09
260718 -260718 645150 1.18887e+09
261605 -261605 645150 1.19292e+09
262402 -262402 645150 1.19655e+09
263000 -263000 645150 1.19928e+09
263636 -263636 645150 1.20218e+09
264319 -264319 645150 1.2053e+09
264825 -264825 645150 1.2076e+09
265092 -265092 645150 1.20882e+09
265038 -265038 645150 1.20857e+09
264678 -264678 645150 1.20693e+09
264538 -264538 645150 1.20629e+09
264987 -264987 645150 1.20834e+09
265331 -265331 645150 1.20991e+09
265603 -265603 645150 1.21115e+09
265805 -265805 645150 1.21207e+09
265931 -265931 645150 1.21265e+09
265990 -265990 645150 1.21292e+09
266001 -266001 645150 1.21296e+09
265978 -265978 645150 1.21286e+09
266063 -266063 645150 1.21325e+09
266469 -266469 645150 1.2151e+09
266863 -266863 645150 1.2169e+09
267245 -267245 645150 1.21864e+09
267609 -267609 645150 1.2203e+09
267952 -267952 645150 1.22186e+09
268271 -268271 645150 1.22332e+09
268567 -268567 645150 1.22466e+09
268840 -268840 645150 1.22591e+09
269096 -269096 645150 1.22708e+09
269337 -269337 645150 1.22818e+09
269569 -269569 645150 1.22923e+09
269793 -269793 645150 1.23026e+09
270012 -270012 645150 1.23125e+09
270227 -270227 645150 1.23224e+09
270439 -270439 645150 1.2332e+09
270649 -270649 645150 1.23416e+09
270857 -270857 645150 1.23511e+09
271062 -271062 645150 1.23604e+09
271265 -271265 645150 1.23697e+09
271563 -271563 645150 1.23833e+09
271943 -271943 645150 1.24006e+09
272320 -272320 645150 1.24178e+09
272693 -272693 645150 1.24348e+09
273062 -273062 645150 1.24516e+09
273425 -273425 645150 1.24682e+09
273781 -273781 645150 1.24844e+09
274131 -274131 645150 1.25004e+09
274473 -274473 645150 1.2516e+09
274808 -274808 645150 1.25312e+09
275135 -275135 645150 1.25462e+09
275456 -275456 645150 1.25608e+09
275770 -275770 645150 1.25751e+09
276073 -276073 645150 1.25889e+09
276362 -276362 645150 1.26021e+09
276655 -276655 645150 1.26155e+09
276948 -276948 645150 1.26288e+09
277239 -277239 645150 1.26421e+09
277528 -277528 645150 1.26553e+09
277815 -277815 645150 1.26684e+09
278100 -278100 645150 1.26814e+09
278385 -278385 645150 1.26943e+09
278668 -278668 645150 1.27072e+09
278950 -278950 645150 1.27201e+09
279230 -279230 645150 1.27329e+09
279505 -279505 645150 1.27454e+09
279779 -279779 645150 1.27579e+09
280053 -280053 645150 1.27704e+09
280325 -280325 645150 1.27828e+09
280596 -280596 645150 1.27952e+09
280866 -280866 645150 1.28075e+09
281136 -281136 645150 1.28198e+09
281405 -281405 645150 1.28321e+09
281673 -281673 645150 1.28443e+09
281940 -281940 645150 1.28565e+09
282205 -282205 645150 1.28686e+09
282469 -282469 645150 1.28806e+09
282729 -282729 645150 1.28925e+09
282984 -282984 645150 1.29041e+09
283225 -283225 645150 1.2915e+09
283295 -283295 645150 1.29182e+09
283465 -283465 645150 1.2926e+09
283625 -283625 645150 1.29333e+09
283778 -283778 645150 1.29403e+09
283894 -283894 645150 1.29456e+09
