-12777.5
-25535.8
-38274.6
-50993.7
-63691.6
-76367.7
-89027.2
-101666
-114285
-125318
-134827
-143602
-150678
-157176
-163005
-168546
-173768
-177884
-181774
-185607
-188924
-192142
-195311
-198399
-201282
-204032
-206781
-209042
-211092
-213115
-215104
-216989
-218852
-220712
-222447
-223996
-225543
-227088
-228633
-230177
-231719
-233261
-234768
-236225
-237681
-239015
-240291
-241566
-242839
-244112
-245372
-246642
-247912
-249180
-250447
-251712
-252975
-254235
-255491
-256724
-257854
-258789
-259770
-260718
-261605
-262402
-263000
-263636
-264319
-264825
-265092
-265038
-264678
-264538
-264987
-265331
-265603
-265805
-265931
-265990
-266001
-265978
-266063
-266469
-266863
-267245
-267609
-267952
-268271
-268567
-268840
-269096
-269337
-269569
-269793
-270012
-270227
-270439
-270649
-270857
-271062
-271265
-271563
-271943
-272320
-272693
-273062
-273425
-273781
-274131
-274473
-274808
-275135
-275456
-275770
-276073
-276362
-276655
-276948
-277239
-277528
-277815
-278100
-278385
-278668
-278950
-279230
-279505
-279779
-280053
-280325
-280596
-280866
-281136
-281405
-281673
-281940
-282205
-282469
-282729
-282984
-283225
-283295
-283465
-283625
-283778
-283894
