2.01000e+04 7.40000e+01
2.01010e+04 7.40000e+01
2.02000e+04 7.40000e+01
2.02010e+04 7.40000e+01
3.01000e+04 7.40000e+01
3.01010e+04 7.40000e+01
3.02000e+04 7.40000e+01
3.02010e+04 7.40000e+01
4.01000e+04 7.40000e+01
4.01010e+04 7.40000e+01
4.02000e+04 7.40000e+01
4.02010e+04 7.40000e+01
1.02010e+06 7.40000e+01
1.02020e+06 7.40000e+01
1.03010e+06 7.40000e+01
1.03020e+06 7.40000e+01
1.04010e+06 7.40000e+01
1.04020e+06 7.40000e+01
2.02010e+06 7.40000e+01
2.02010e+06 7.40000e+01
2.03010e+06 7.40000e+01
2.03010e+06 7.40000e+01
2.04010e+06 7.40000e+01
2.04010e+06 7.40000e+01
