2.01000e+04 1.01010e+04 2.01010e+04
2.01010e+04 1.01020e+04 2.01020e+04
2.02000e+04 1.02010e+04 2.02010e+04
2.02010e+04 1.02020e+04 2.02020e+04
3.01000e+04 2.01010e+04 3.01010e+04
3.01010e+04 2.01020e+04 3.01020e+04
3.02000e+04 2.02010e+04 3.02010e+04
3.02010e+04 2.02020e+04 3.02020e+04
4.01000e+04 3.01010e+04 4.01010e+04
4.01010e+04 3.01020e+04 4.01020e+04
4.02000e+04 3.02010e+04 4.02010e+04
4.02010e+04 3.02020e+04 4.02020e+04
1.02010e+06 2.01010e+04 2.01020e+04
1.02020e+06 2.02010e+04 2.02020e+04
1.03010e+06 3.01010e+04 3.01020e+04
1.03020e+06 3.02010e+04 3.02020e+04
1.04010e+06 4.01010e+04 4.01020e+04
1.04020e+06 4.02010e+04 4.02020e+04
2.02010e+06 2.01010e+04 2.02010e+04
2.02010e+06 2.01020e+04 2.02020e+04
2.03010e+06 3.01010e+04 3.02010e+04
2.03010e+06 3.01020e+04 3.02020e+04
2.04010e+06 4.01010e+04 4.02010e+04
2.04010e+06 4.01020e+04 4.02020e+04
