-89.3384 -220.441 -258.684 -143.088 -43.6056
-155.723 -401.832 -516.642 -324.184 -109.766
-222.064 -583.141 -774.539 -505.288 -175.929
-288.348 -764.339 -1032.35 -686.389 -242.089
-354.576 -945.43 -1290.08 -867.489 -308.248
-420.741 -1126.41 -1547.74 -1048.59 -374.406
-486.842 -1307.29 -1805.32 -1229.7 -440.558
-552.871 -1488.07 -2062.84 -1410.8 -506.709
-618.808 -1668.73 -2320.29 -1591.94 -572.861
-684.705 -1849.31 -2577.67 -1773.02 -639
-750.452 -2029.75 -2835.01 -1954.18 -705.151
-816.175 -2210.14 -3092.27 -2135.26 -771.279
-881.755 -2390.41 -3349.49 -2316.38 -837.415
-947.218 -2570.59 -3606.65 -2497.53 -903.54
-1012.54 -2750.66 -3863.78 -2678.66 -969.679
-1076.97 -2929.94 -4121.08 -2860.95 -1035.83
-1142.84 -3110.89 -4377.99 -3040.89 -1101.89
-1207.72 -3290.92 -4635.13 -3221.91 -1168.08
-1272.32 -3470.73 -4892.06 -3403.24 -1234.12
-1336.69 -3650.58 -5149.05 -3584.43 -1300.24
-1400.81 -3830.5 -5406.08 -3765.64 -1366.35
-1464.59 -4010.45 -5663.09 -3946.88 -1432.47
-1528 -4190.53 -5920.13 -4128.13 -1498.57
-1590.97 -4370.79 -6177.2 -4309.39 -1564.68
-1653.49 -4551.18 -6434.45 -4490.67 -1630.77
-1715.38 -4731.96 -6691.46 -4672.02 -1696.89
-1776.76 -4913.22 -6948.66 -4853.36 -1762.99
-1837.71 -5094.87 -7205.8 -5034.68 -1829.07
-1898.76 -5276.97 -7462.91 -5215.87 -1895.11
-1965.24 -5457.35 -7718.97 -5396.61 -1960.97
-2037.89 -5633.47 -7973.18 -5576.47 -2026.52
-2111.89 -5807.38 -8227.04 -5756.31 -2092.06
-2185.8 -5980.05 -8480.84 -5936.2 -2157.6
-2258.51 -6152.17 -8735.37 -6116.27 -2223.21
-2329.52 -6325.16 -8990.36 -6296.55 -2288.87
-2398.79 -6499.66 -9246.2 -6476.94 -2354.55
-2466.96 -6675.15 -9502.02 -6657.33 -2420.23
-2534.24 -6851.4 -9757.8 -6837.74 -2485.9
-2600.78 -7028.2 -10013.6 -7018.24 -2551.59
-2667.4 -7206.24 -10269.4 -7198.76 -2617.26
-2733.63 -7385.49 -10524.5 -7378.99 -2682.81
-2799.65 -7564.94 -10779.4 -7559.08 -2748.31
-2865.44 -7744.93 -11034.2 -7738.95 -2813.73
-2931.01 -7925.47 -11289 -7918.61 -2879.05
-2996.56 -8105.95 -11543.7 -8098.21 -2944.35
-3062.12 -8286.12 -11798.3 -8277.89 -3009.7
-3127.71 -8465.97 -12053.2 -8457.72 -3075.08
-3193.33 -8645.52 -12308.1 -8637.67 -3140.51
-3259.02 -8824.79 -12563.2 -8817.61 -3205.88
-3324.68 -9003.66 -12818.2 -8997.6 -3271.26
-3390.18 -9181.97 -13072.8 -9177.43 -3336.58
-3455.86 -9360.21 -13327.6 -9357.28 -3401.89
-3521.68 -9538.39 -13582.7 -9537.25 -3467.24
-3587.46 -9717.76 -13837.7 -9717.16 -3532.64
-3651.7 -9900.32 -14091.1 -9896.34 -3597.76
-3717.05 -10082.3 -14344.1 -10075.4 -3662.84
-3782.78 -10264.2 -14597 -10254.3 -3727.85
-3848.54 -10446 -14849.8 -10433.1 -3792.84
-3914.31 -10627.9 -15102.4 -10611.8 -3857.81
-3980.1 -10809.6 -15354.8 -10790.5 -3922.74
-4046.07 -10991.4 -15607 -10969.2 -3987.66
-4112.07 -11173.2 -15859.2 -11147.7 -4052.55
-4178.05 -11355.1 -16111.3 -11326.4 -4117.49
-4244 -11536.9 -16363.4 -11505 -4182.39
-4309.93 -11718.5 -16615.1 -11683.5 -4247.21
-4375.89 -11900.1 -16866.9 -11862.2 -4312.22
-4441.83 -12081.7 -17118.5 -12040.7 -4377.09
-4507.82 -12263.3 -17370.1 -12219.2 -4441.95
-4583.54 -12519.5 -17646 -12408.9 -4510.9
-4672.26 -12480.9 -17878.2 -12607.2 -4584.88
-4728.11 -12516.6 -18147.4 -12824.5 -4665.6
-4783.97 -12547.3 -18415.8 -13043 -4747.36
-4839.82 -12577.5 -18684.5 -13261.2 -4828.64
-4894.91 -12600.3 -18952.3 -13480 -4910.15
-4950.93 -12633.9 -19220.6 -13697.5 -4991.39
-5006.73 -12664.8 -19488.8 -13915.4 -5072.68
-5062.49 -12695.7 -19756.8 -14133.3 -5153.94
-5118.26 -12726.7 -20024.9 -14351.1 -5235.19
-5174.06 -12757.9 -20292.8 -14568.8 -5316.39
-5229.84 -12789.2 -20560.7 -14786.5 -5397.58
-5285.62 -12820.7 -20828.4 -15004 -5478.71
-5341.42 -12852.2 -21096 -15221.5 -5559.83
-5397.43 -12884.3 -21363.6 -15438.9 -5640.91
-5456.49 -12923.3 -21627 -15652.2 -5720.58
-5521.04 -12983.8 -21850.7 -15848.5 -5794.89
-5592.69 -13054.2 -22065.3 -16038.6 -5867.18
-5664.98 -13130.1 -22275.8 -16226.5 -5938.7
-5737.8 -13209 -22484.6 -16413.3 -6009.88
-5809.07 -13271.9 -22697 -16604.8 -6082.91
-5855.69 -13350.7 -22885.4 -16803.9 -6160.64
-5874.15 -13473.9 -23034.3 -17004.8 -6241.01
-5882.03 -13591.2 -23175.5 -17209.4 -6323.4
-5883.9 -13704.1 -23313.1 -17416 -6406.82
-5882.98 -13815.8 -23450.1 -17624.3 -6490.95
-5869.33 -13917.4 -23576.3 -17836.2 -6577.11
-5870.81 -14033.4 -23718.5 -18043.5 -6660.74
-5871.09 -14142.8 -23858 -18253.5 -6745.57
-5867.83 -14253.4 -23994.2 -18462.7 -6829.58
-5864.71 -14363 -24131.2 -18671.5 -6914.47
-5861.33 -14471.8 -24267.8 -18881.2 -6999.35
-5858.32 -14582 -24405.6 -19090.5 -7083.92
-5855.01 -14691.3 -24543.2 -19299.4 -7168.43
-5847.35 -14803.1 -24671.7 -19491.5 -7246.72
-5845.47 -14920.7 -24806.8 -19681.9 -7324.19
-5842.56 -15043.4 -24947.8 -19864 -7398.44
-5877.15 -15135.4 -25097.9 -20029 -7466.19
-5917.8 -15214.3 -25234.6 -20181.2 -7530.24
-5971.93 -15286.2 -25377.8 -20334.4 -7594.29
-6026.86 -15370.3 -25524.8 -20486.6 -7658.78
-6091.42 -15430 -25662.6 -20633.8 -7719.58
-6151.77 -15506 -25809.2 -20787 -7783.24
-6213.22 -15581.5 -25954.1 -20935.1 -7845.52
-6276.43 -15652.3 -26096.8 -21083.2 -7907.58
-6340.95 -15722.1 -26239.2 -21230.5 -7969.3
-6406.28 -15791.3 -26381.3 -21377.3 -8030.93
-6472.27 -15860.8 -26523.3 -21523.2 -8092.22
-6537.51 -15928.9 -26664.7 -21671.1 -8153.78
-6616.71 -15999.3 -26755.8 -21812.7 -8214.71
-6699.25 -16126 -26788.1 -21953.4 -8278.25
-6755.13 -16324.1 -26753.8 -22085.9 -8342.18
-6807.43 -16533.8 -26735.1 -22224.9 -8408.18
-6813.14 -16780 -26608.9 -22349 -8473.91
-6840.08 -17017.1 -26555.7 -22487.3 -8541.61
-6820.22 -17290.2 -26404.7 -22613.1 -8609.44
-6834.89 -17539.6 -26336.7 -22751 -8678.18
-6839.89 -17792.8 -26241.3 -22883.3 -8745.45
-6838.23 -18052.6 -26135.4 -23015.1 -8813.5
-6832.2 -18317.4 -26024.3 -23146.8 -8881.74
-6823.09 -18585.5 -25910.4 -23278.6 -8950.08
-6774.36 -18889 -25738.1 -23406.7 -9020.13
-6742.14 -19180.4 -25603.8 -23536.7 -9088.32
-6726.79 -19457 -25477.2 -23663.4 -9154.68
-6719.32 -19749.6 -25279.3 -23778.8 -9221.6
-6703.92 -20056.2 -25042.9 -23883.4 -9287.35
-6678.8 -20373.2 -24787.6 -23987.7 -9354.22
-6652.03 -20691.7 -24530.4 -24092.1 -9421.28
-6624.23 -21012.1 -24273.7 -24195.1 -9487.73
-6597.82 -21334.4 -24015.1 -24293.3 -9552.02
-6603.41 -21595.1 -23865.5 -24404.1 -9614.56
-6614.33 -21848.7 -23720.4 -24513.9 -9676.16
-6623.37 -22102.9 -23586.4 -24616.7 -9735.54
-6624 -22352.5 -23469.1 -24700.6 -9789.66
-6636.47 -22580.4 -23378.6 -24781.9 -9841.83
-6661.41 -22786.9 -23339.1 -24871.4 -9894
-6695.07 -22973.9 -23285.2 -24932.1 -9938.54
-6734.86 -23154 -23269.4 -25008.6 -9986.12
-6780.23 -23320.9 -23260.8 -25078.4 -10031.4
-6830 -23478.6 -23259.1 -25141.6 -10074.6
-6889.7 -23618.1 -23266.8 -25194.9 -10114.6
-6964.36 -23735.5 -23286.9 -25236.6 -10150.7
-7083.17 -23784.2 -23336.3 -25236.3 -10173.4
-7224.26 -23805.4 -23406.4 -25228.6 -10193.2
-7385.15 -23798.2 -23495.6 -25208.4 -10208.5
-7609.01 -23707.3 -23637.9 -25140.2 -10208.2
-7793.12 -23660 -23765.3 -25110.5 -10219.3
-7987.96 -23600.6 -23890.2 -25067.6 -10226.8
-8139.67 -23593 -23982 -25062.2 -10246
-8341.37 -23524 -24123 -25006.2 -10249.1
-8484.06 -23517.1 -24216.5 -24998.4 -10267.6
-8632.57 -23523 -24334.5 -24993.9 -10286.3
-8824.92 -23461.4 -24470.4 -24942 -10290.3
-8967.22 -23470.2 -24573.5 -24940.6 -10310.3
-9112.87 -23476.2 -24671.2 -24934.8 -10329.2
-9258.53 -23482.7 -24767 -24924.9 -10347.5
-9392.86 -23501.7 -24867.7 -24920.2 -10367.6
-9497.5 -23554.9 -24963.1 -24932.4 -10393.3
-9590.2 -23627.1 -25045.5 -24952.8 -10421.5
-9674.97 -23712.5 -25117.8 -24977.8 -10451.5
-9753.96 -23806.9 -25183.1 -25005.8 -10482.6
-9829.01 -23907.4 -25243 -25036.3 -10514.4
-9904.54 -24008 -25303.2 -25067.6 -10546.3
-9978.71 -24110.5 -25362.9 -25098.8 -10578
-10052.4 -24213.8 -25421.9 -25130.7 -10609.9
-10113.3 -24332.4 -25476 -25169.9 -10644.4
-10170.2 -24460.3 -25523.2 -25211.9 -10679.9
-10224.2 -24592.8 -25567.7 -25255.5 -10715.9
-10276.8 -24728.5 -25610.2 -25300.2 -10752.2
-10330.2 -24861 -25653.4 -25345.5 -10788.7
-10388.7 -24993.1 -25702.1 -25382 -10824.4
-10446.5 -25128.5 -25751.7 -25413.1 -10859.4
-10504.4 -25265.4 -25799.7 -25442.8 -10894.1
-10560.2 -25407.9 -25846.2 -25475.9 -10929.7
-10613.9 -25553.4 -25890.7 -25509.7 -10965.5
-10666.7 -25700.4 -25934 -25543.9 -11001.5
-10720 -25850.2 -25973.9 -25577.4 -11037.8
-10773.7 -26001.4 -26015.5 -25607.2 -11073.6
-10826.9 -26154.1 -26055.3 -25636.2 -11109.4
-10879.4 -26307.2 -26094 -25665.1 -11145
-10931.8 -26460.4 -26132.6 -25693.8 -11180.5
-10986.2 -26619.9 -26156.8 -25713.9 -11214.6
-11045.6 -26786.1 -26207.4 -25726.8 -11248.6
-11102.2 -26953.1 -26244.6 -25730.3 -11279.8
-11155.7 -27123 -26276.5 -25730.4 -11308.4
-11213.6 -27282.8 -26310.1 -25730.4 -11334.8
-11276.9 -27431.7 -26349.1 -25731.2 -11359.6
-11341.6 -27578.2 -26390.5 -25732.3 -11383.1
-11406.5 -27720.6 -26421.7 -25721.5 -11401.1
-11472 -27865.6 -26462.9 -25719 -11421.1
-11533.8 -28016.4 -26512.1 -25728.1 -11444.2
-11588.8 -28169.4 -26553.7 -25735.6 -11461.9
-11645 -28316.6 -26597.1 -25741.5 -11477.5
-11702.3 -28460.3 -26643.3 -25746.8 -11491.7
-11754.4 -28605.9 -26690.1 -25751.2 -11502.7
-11805.3 -28741.6 -26730 -25751.5 -11501.8
-11858.4 -28878 -26778.3 -25758.2 -11503
-11911.3 -29020.9 -26831.9 -25773.2 -11510.8
-11966.2 -29152.2 -26880 -25766.8 -11507.5
-12019.7 -29294.4 -26932.2 -25766.3 -11508.7
-12070.6 -29440.5 -26983.6 -25766.3 -11511
-12120.7 -29593.7 -27040.6 -25774 -11519.3
-12169.3 -29738.3 -27084.4 -25767.6 -11518.8
-12219.6 -29891.5 -27140.4 -25773.6 -11526.4
-12268.4 -30041.3 -27189.8 -25774.9 -11531.1
-12317.1 -30186.2 -27231.6 -25767 -11529.7
-12367.1 -30335 -27279.6 -25765.1 -11531.8
-12417 -30488.2 -27333.5 -25771 -11539.2
-12465.6 -30638.7 -27382.3 -25772.9 -11544
-12508.9 -30791.1 -27427.9 -25776.3 -11544.2
-12553.5 -30933.3 -27469.9 -25774.6 -11538.3
-12601.1 -31080.8 -27524.1 -25784.9 -11540.6
-12651.1 -31230.5 -27566 -25789.6 -11541
-12701.1 -31373.7 -27619.3 -25773.9 -11534
-12752.6 -31524.8 -27682.6 -25767.5 -11534.6
-12799.5 -31670.8 -27735.7 -25766.4 -11525.9
-12843.4 -31818.6 -27787.1 -25764.9 -11515.9
-12887.2 -31966.5 -27838.8 -25763 -11505.6
-12931.1 -32114.1 -27890.6 -25761.3 -11495.2
-12975 -32261.7 -27942.5 -25759.6 -11484.6
-13018.8 -32408.6 -27994 -25757.9 -11473.7
-13062.6 -32555.9 -28046 -25756.4 -11463.1
-13106.9 -32702.7 -28098.2 -25754.9 -11452.2
-13149.6 -32850.8 -28150.4 -25754.8 -11441.6
-13192.4 -32996 -28203.7 -25756.8 -11431.3
-13236.9 -33137 -28257.5 -25759.3 -11420.6
-13283.4 -33276.4 -28313.4 -25763.2 -11410.2
-13330.6 -33416.7 -28369.6 -25767.8 -11400.2
-13375.3 -33559.4 -28424.2 -25772.2 -11390.8
-13419.7 -33702.9 -28478.7 -25776.4 -11381.7
-13464.3 -33847.1 -28533 -25780.6 -11372.9
-13508.7 -33992.3 -28586.3 -25784 -11364.5
-13550.5 -34138.4 -28638.4 -25790.9 -11354.4
-13589.7 -34285.6 -28689.5 -25800.9 -11343.6
-13627.9 -34433.7 -28740.4 -25812.1 -11332.4
-13665.7 -34581.9 -28791.1 -25823.6 -11321.1
-13703.8 -34729.1 -28842.1 -25835.2 -11309.5
-13741.5 -34876.2 -28892.8 -25846.8 -11297.9
-13779.2 -35023.2 -28943.4 -25858.4 -11286.2
-13816.7 -35169.1 -28993.6 -25869.7 -11274.4
-13854.2 -35314.7 -29043.7 -25880.5 -11262.4
-13891.4 -35460.1 -29093.4 -25891 -11250.3
-13927.3 -35607.6 -29142.3 -25901.6 -11238.5
-13963.3 -35754.9 -29190.7 -25911.1 -11226.4
-14000.3 -35900.6 -29240.1 -25921 -11214.3
-14037.2 -36046.3 -29290.3 -25931.6 -11202.6
-14073.4 -36192.1 -29340.9 -25943.3 -11191.6
-14109.3 -36335.5 -29389.8 -25953.8 -11180.3
-14147.6 -36479 -29441.3 -25964.6 -11169.4
-14185.9 -36619.6 -29491.2 -25974.1 -11157.9
-14225.2 -36761.2 -29540.5 -25982 -11146.4
-14264.5 -36900.8 -29597.8 -25983.4 -11133.9
-14301.1 -37040.8 -29654.8 -25983.1 -11121.5
-14331.8 -37181 -29711.6 -25983.5 -11110.5
-14363.3 -37319.3 -29767.7 -25982.3 -11099.2
-14395.2 -37456.6 -29823.5 -25980.7 -11087.9
-14427.4 -37592.9 -29879.2 -25978.5 -11076.2
-14459.5 -37727 -29934 -25976.2 -11064.4
-14491.6 -37860.6 -29988.4 -25972.9 -11052.3
-14524.4 -37994.3 -30039.9 -25969.1 -11040
-14557.7 -38127.1 -30093.2 -25963.2 -11027.7
-14590.9 -38259 -30145.9 -25956.2 -11014.9
-14623.9 -38391.1 -30198.7 -25949.3 -11002.2
-14656.4 -38523.9 -30252.3 -25943.9 -10990.6
-14689 -38657 -30306.3 -25938.6 -10979.2
-14720.6 -38790.6 -30360.7 -25934.8 -10968.4
-14753.3 -38921.4 -30416.2 -25931.9 -10957.9
-14784.8 -39051.4 -30470.8 -25930.2 -10947.1
-14815.7 -39181.4 -30525.6 -25929.1 -10936.3
-14846.8 -39311.4 -30580.4 -25928.5 -10925.4
-14879.9 -39445 -30634.9 -25927 -10914.2
-14913.5 -39578.3 -30688.4 -25923.6 -10902.8
-14947.3 -39712.1 -30741.6 -25918.9 -10891.5
-14981.6 -39847.7 -30795.8 -25913.9 -10880.6
-15018.3 -39977.2 -30850.8 -25909.2 -10869.7
-15055.1 -40107.2 -30906.7 -25905.6 -10859.4
-15092.1 -40238 -30963.5 -25903.3 -10850.1
-15129 -40368.7 -31020.4 -25901.3 -10840.6
-15166.1 -40499.7 -31077.4 -25899.3 -10831.6
-15202.5 -40628.9 -31132.9 -25896.7 -10822
-15239.3 -40758.8 -31191.5 -25896.8 -10813.4
-15275.5 -40886.1 -31252 -25900.7 -10805.7
-15311.3 -41014.6 -31313.2 -25905.7 -10798.6
-15345.5 -41142.6 -31373.5 -25910.8 -10791.6
-15378.7 -41268.2 -31432.5 -25915.8 -10784.7
-15413.4 -41393.7 -31493.5 -25921.4 -10780
-15451.3 -41518.3 -31554.8 -25923 -10776.8
-15489.7 -41642.7 -31616 -25922.9 -10773.7
-15528.6 -41766.6 -31676.8 -25921.6 -10770.8
-15560.6 -41902.2 -31734.9 -25919.8 -10767.6
-15589.4 -42041.2 -31791.5 -25916.8 -10764
-15615.4 -42181.2 -31846.5 -25913.5 -10760
-15643.7 -42316.8 -31903 -25910.5 -10756.4
-15670 -42454.1 -31957.2 -25906.1 -10752.2
-15696.6 -42590.2 -32011.8 -25901.6 -10748
-15725.9 -42721.3 -32067.7 -25897.8 -10743.7
-15755.1 -42852.1 -32123.5 -25895 -10739.6
-15784.2 -42982.8 -32179.5 -25892.9 -10735.7
-15813.2 -43113.6 -32236.1 -25892 -10732.3
-15842 -43243.9 -32292.6 -25891.5 -10729
-15873.2 -43369.6 -32350 -25892.1 -10726
-15904.5 -43495.3 -32407.6 -25893.6 -10723.2
-15936.2 -43619.7 -32466 -25896.7 -10719.7
-15967.3 -43743.5 -32524.8 -25901.2 -10716.6
-15993.7 -43870.4 -32583.9 -25907.4 -10714.3
-15840.3 -44191.8 -32630.5 -25802.9 -10694.8
-15857.8 -44326.3 -32687.2 -25802.1 -10697
-15883.4 -44452 -32749.5 -25806.7 -10698.2
-15901 -44584.9 -32810.8 -25801.7 -10696.2
-15918.9 -44718 -32871.3 -25796 -10695.2
-15934.4 -44850.9 -32930.8 -25791.7 -10694.3
-15948.2 -44982.6 -32989.8 -25788.1 -10693.4
-15961.2 -45112.1 -33049 -25784.6 -10693.4
-15979 -45233.2 -33108.5 -25787.7 -10694.9
-15984.5 -45357.1 -33166.6 -25785.6 -10695.5
-16007.2 -45462.8 -33230.8 -25792.6 -10697.3
-16027.3 -45566 -33294 -25801.6 -10700.1
-16047.6 -45667.5 -33357.5 -25811.1 -10703.1
-16071.8 -45764.1 -33422 -25823.4 -10703
-16094.9 -45849 -33488.6 -25842.1 -10705.9
-16116.6 -45932.9 -33555 -25862.8 -10709.1
-16140.5 -46008.5 -33624.7 -25888.6 -10707.3
-16162.3 -46071.3 -33697.4 -25920.3 -10707.8
-16182.2 -46130.8 -33770.3 -25954 -10708.8
-16200.5 -46189 -33844.2 -25989.3 -10710.6
-16217.5 -46244.4 -33918 -26025 -10712.8
-16235.2 -46296.3 -33992.5 -26061.7 -10715
-16250.1 -46344.5 -34065.9 -26100.2 -10716.5
-16265.5 -46384.6 -34140.1 -26145.1 -10718.4
-16279.3 -46419.4 -34214.4 -26195.6 -10720
-16291 -46453.8 -34288.1 -26247.8 -10721.8
-16300.3 -46487.4 -34361.4 -26301.3 -10723.1
-16306.7 -46517.8 -34437.3 -26358.6 -10723.4
-16293.5 -46529.8 -34514.4 -26430.3 -10721.1
-16300.9 -46561.8 -34587.6 -26489.9 -10721.9
-16291.9 -46577.1 -34662.5 -26559.2 -10721.6
-16285.1 -46594.7 -34738.2 -26628.1 -10721.4
-16287.4 -46620.3 -34814.5 -26693.5 -10723.2
-16271.9 -46627.6 -34889.6 -26766.8 -10725.3
-16261.4 -46635.9 -34966.3 -26838.8 -10727.2
-16247.3 -46636.7 -35045 -26917.1 -10731.4
-16243.7 -46646.3 -35124.6 -26993.8 -10737.7
-16235.1 -46649.5 -35204.1 -27073.6 -10745.6
-16222.4 -46649.6 -35284.7 -27155.9 -10754.2
-16208.5 -46646.8 -35364 -27238.3 -10763.1
-16193.3 -46644 -35444.7 -27322.2 -10771.6
-16175 -46640.5 -35522.6 -27406.9 -10781.7
-16155.8 -46636.8 -35604.2 -27496.2 -10791.9
-16137.2 -46632.8 -35682 -27582.4 -10803.2
-16118.3 -46628.4 -35763.1 -27670.9 -10813.9
-16100.1 -46618.2 -35842.3 -27756.5 -10825
-16081.7 -46605.7 -35925.3 -27844.5 -10835.1
-16060.4 -46590.9 -36006.4 -27933.2 -10844.8
-16020.9 -46560.8 -36095 -28037.9 -10850.7
-15985.2 -46532.9 -36182.9 -28139.2 -10854.3
-15946.1 -46510.8 -36269.7 -28240.8 -10857.1
-15907.8 -46488.3 -36355.3 -28341.9 -10860
-15869.1 -46466 -36440.6 -28443 -10862.9
-15853.5 -46455.4 -36518.1 -28532.6 -10872.5
-15837 -46443.6 -36600.6 -28625.5 -10883
-15819.3 -46431.2 -36677.2 -28713.8 -10894.8
-15790.4 -46406.2 -36757.9 -28806.3 -10904
-15772.4 -46387.4 -36836.9 -28890 -10914.2
-15756.2 -46370.5 -36916.6 -28970.7 -10924.6
-15731.6 -46338.1 -36994.9 -29050.2 -10930.6
-15702.1 -46291.6 -37075.5 -29127 -10934.4
-15677 -46253.9 -37153.7 -29203.8 -10940.5
-15651.2 -46215.9 -37231.8 -29280.7 -10946.4
-15645 -46189 -37311.1 -29353.3 -10961.1
-15638.5 -46161.9 -37393.4 -29421.1 -10977
-15635 -46142.6 -37470.1 -29492.3 -10995.5
-15626.2 -46113.4 -37546.4 -29563.8 -11013.6
-15619.3 -46085.9 -37623.8 -29634.2 -11031
-15617.1 -46070.3 -37676.9 -29716.6 -11053.7
-15612.4 -46052.3 -37731 -29802 -11077.7
-15607 -46024.4 -37784.7 -29888.5 -11103.9
-15606.1 -46005.9 -37840.4 -29972.3 -11130.1
-15603.1 -45985.9 -37895.7 -30057 -11157
-15599.6 -45965.2 -37950.9 -30142.2 -11184.2
-15595.4 -45944.6 -38005.9 -30228 -11211
-15591.4 -45923.5 -38060.9 -30314 -11237.6
-15593.1 -45920 -38110.3 -30397 -11261.1
-15590.3 -45913.4 -38145.4 -30493 -11290.3
-15578.8 -45894.1 -38176.5 -30590.9 -11323.3
-15579 -45890.1 -38212 -30683.7 -11351
-15574.4 -45881.3 -38245.1 -30777.3 -11381.1
-15559.3 -45864 -38276.3 -30875.4 -11414.3
-15556.3 -45861.1 -38311 -30968 -11442.8
-15549.2 -45854.3 -38344.9 -31062.9 -11473.1
-15539.9 -45847.2 -38378.2 -31158.6 -11504.1
-15530.1 -45839.9 -38411.5 -31254.5 -11535.3
-15512.7 -45824.6 -38440.9 -31350.5 -11569.7
-15508.1 -45822.9 -38475.1 -31440.4 -11599.1
-15500.6 -45820.5 -38506 -31534.7 -11629.7
-15492.7 -45818 -38534.5 -31629.8 -11660.6
-15484.2 -45812.9 -38563.3 -31721.5 -11692.4
-15476 -45808.7 -38592.2 -31813.5 -11723.4
-15467.6 -45804.3 -38620.9 -31905 -11754.4
-15452.1 -45792.2 -38646.8 -31996.9 -11787.4
-15448.6 -45793 -38677.5 -32087.2 -11816.7
-15433.6 -45784.3 -38703.9 -32180.4 -11850.3
-15429.9 -45786.7 -38734.2 -32272.4 -11880.5
-15407.8 -45771.3 -38755.5 -32364.8 -11915.1
-15398.7 -45767.4 -38781.9 -32455.1 -11945.4
-15386.6 -45754.9 -38806 -32541.9 -11976.2
-15372.5 -45732.1 -38829.3 -32622.5 -12006.7
-15360.6 -45718 -38854.9 -32709.9 -12039.2
-15346.9 -45700.9 -38879.3 -32796.3 -12071.5
-15340.3 -45700.9 -38910.1 -32893.5 -12105.8
-15329.9 -45697.6 -38937.8 -32990.8 -12140.6
-15318.6 -45693.6 -38964.6 -33087.2 -12175.1
-15307.4 -45689.6 -38991 -33181.5 -12209
-15295.9 -45684.2 -39017.5 -33276.3 -12243.3
-15284.7 -45679.5 -39043.7 -33369.9 -12277.1
-15279.6 -45679.6 -39071.6 -33461.1 -12309.3
-15270.7 -45678.2 -39099.8 -33556.3 -12342.7
-15260.5 -45675.4 -39126 -33650 -12376.6
-15250 -45673 -39151.8 -33743.2 -12410
-15239.4 -45670.5 -39176.4 -33834.4 -12443.2
-15228.6 -45668.3 -39201.1 -33926.2 -12476.3
-15217.6 -45665.9 -39224.9 -34016.7 -12509.2
-15207.2 -45664.6 -39248.5 -34107.3 -12541.6
-15196.7 -45663.6 -39270.6 -34196.3 -12574.2
-15187 -45664.3 -39293.2 -34286.7 -12606.1
-15177.4 -45665.4 -39315 -34376.2 -12637.7
-15167.7 -45666.5 -39335.8 -34464.6 -12669.4
-15156.4 -45669.4 -39356.2 -34553.5 -12701.3
-15144.8 -45672.5 -39375.2 -34641 -12733.1
-15135.1 -45682.7 -39397.7 -34717.3 -12764
-15125.1 -45693.8 -39421 -34793.7 -12795.3
-15115.2 -45706.1 -39444.3 -34868.7 -12825.9
-15104.8 -45718 -39466.1 -34941.8 -12856.7
-15094.5 -45730.2 -39487.6 -35014.9 -12887.6
-15084 -45742.7 -39508.5 -35087.6 -12918.5
-15073 -45754.8 -39527.6 -35158.6 -12949.6
-15062.8 -45769.1 -39548.1 -35232.2 -12980.3
-15051.4 -45782 -39566.2 -35304 -13011.7
-15040 -45795.7 -39584 -35376.4 -13043.1
-15027.6 -45808.4 -39598.8 -35445.5 -13074.9
-15016.3 -45824.2 -39615.6 -35518.2 -13106.1
-15004.4 -45838.9 -39630.2 -35589 -13137.6
-14992.2 -45854.1 -39643.7 -35659.3 -13169.2
-14980 -45869.7 -39656.1 -35728.8 -13200.9
-14967.7 -45885.8 -39667.3 -35797.5 -13232.6
-14955.2 -45902.3 -39677.5 -35865.8 -13264.3
-14942.5 -45919.3 -39686.4 -35933.9 -13295.9
-14929.7 -45936.7 -39694.2 -36001.5 -13327.7
-14916.6 -45954.8 -39700.6 -36069 -13359.1
-14903.3 -45973.2 -39705.5 -36136.1 -13390.5
-14889.6 -45992.1 -39709.2 -36203 -13422.1
-14875.6 -46011.3 -39711.6 -36270 -13454
-14861.3 -46031 -39712.9 -36337 -13486.2
-14846.8 -46051.1 -39712.9 -36403.7 -13518.5
-14831.9 -46071.6 -39711.6 -36470 -13551
-14816.4 -46091.7 -39709.3 -36536.4 -13583.9
-14800.5 -46111.8 -39705.8 -36602.3 -13616.9
-14784.3 -46132.3 -39701.3 -36667.8 -13650
-14768.1 -46153.4 -39695.7 -36732.9 -13683.1
-14751.9 -46175.1 -39689.1 -36797.4 -13716.1
-14735.4 -46197.2 -39681.6 -36861.5 -13749.2
-14718.6 -46219.4 -39672.9 -36925.1 -13782.3
-14701.2 -46241.8 -39663.3 -36988.7 -13815.4
-14683.8 -46264.4 -39652.8 -37051.7 -13848.5
-14666.2 -46287.5 -39641.7 -37114.3 -13881.4
-14648.5 -46310.8 -39630 -37176.4 -13914.4
-14630.8 -46334.3 -39617.7 -37238.1 -13947.4
-14612.9 -46358.1 -39604.9 -37299.5 -13980.4
-14595 -46382 -39591.5 -37360.8 -14013.2
-14576.7 -46405.8 -39577.6 -37421.8 -14046.4
-14558.2 -46429.5 -39563.2 -37482.8 -14079.6
-14539.6 -46453.4 -39548.5 -37543.4 -14112.8
-14520.8 -46477.2 -39533.3 -37603.9 -14146.2
-14502.3 -46501.2 -39518.4 -37663.2 -14179.7
-14483.9 -46525.3 -39503.2 -37721.9 -14213.3
-14465.5 -46549.6 -39487.8 -37780.7 -14247
-14447.1 -46574 -39472.1 -37839.6 -14280.7
-14428.6 -46598.5 -39456.2 -37898.4 -14314.6
-14410 -46623.1 -39440 -37957 -14348.5
-14391.2 -46647.2 -39423.5 -38015.7 -14382.6
-14372.2 -46671.3 -39406.8 -38073.9 -14416.6
-14353.1 -46696.2 -39390 -38130.9 -14451
-14334.3 -46721.8 -39372.7 -38187.5 -14485
-14314.9 -46748.2 -39354.8 -38243.7 -14518.8
-14295.6 -46774.8 -39337.5 -38300.1 -14552.5
-14277.4 -46807.4 -39331.8 -38347.8 -14584.3
-14259 -46840.6 -39321.9 -38388 -14615
-14240.9 -46874.4 -39311.4 -38427.8 -14645.8
-14222.8 -46909 -39300.4 -38467 -14676.1
-14204.7 -46943.8 -39289.1 -38505.7 -14706.3
-14186.7 -46979 -39277.6 -38543.6 -14736.4
-14168.7 -47014.4 -39265.7 -38581.5 -14766.2
-14150.9 -47050 -39253.7 -38618.4 -14796
-14133.1 -47085.7 -39241.5 -38655.1 -14825.7
-14115.5 -47121.6 -39229.1 -38691 -14855.2
-14098.1 -47157.7 -39216.6 -38726.3 -14884.7
-14080.8 -47193.8 -39203.9 -38761.3 -14914.3
-14063.7 -47230.2 -39191 -38795.3 -14943.6
-14046.7 -47266.7 -39177.9 -38828.7 -14972.9
-14030 -47303.3 -39164.5 -38861.2 -15002.1
-14014.5 -47339.6 -39153.1 -38890.8 -15032.3
-13999.7 -47375.7 -39142.3 -38918.2 -15062.1
-13984.9 -47411.8 -39131.4 -38944.7 -15092.2
-13970.3 -47448.1 -39120.3 -38970.3 -15122.1
-13956 -47483.5 -39117.6 -38990.8 -15151.8
-13941.8 -47519.1 -39115.9 -39010 -15180.5
-13927.6 -47554.9 -39114.6 -39025.1 -15209.2
-13913.9 -47591.4 -39113.3 -39038 -15237.5
-13900.5 -47628.9 -39125.6 -39054.5 -15265.6
-13883.7 -47663.5 -39190.3 -39041.9 -15291
-13865.7 -47697.7 -39275 -38998.5 -15313.3
-13846.8 -47732 -39374 -38932.9 -15333.1
-13826.7 -47766.4 -39483.6 -38850.7 -15351.5
-13805.6 -47800.8 -39601 -38756.3 -15368.1
-13783.5 -47835.7 -39724.8 -38651.6 -15383.9
-13757.9 -47869.1 -39921.1 -38531.8 -15397.9
-13728 -47902.4 -40145.9 -38360.7 -15407.2
-13696.3 -47935.9 -40394.2 -38157.1 -15412.8
-13660.7 -47970.2 -40663.8 -37925.6 -15416.2
-13617.4 -48005.9 -40976.7 -37673.4 -15413.8
-13572.2 -48038.3 -41342.7 -37382.4 -15406.6
-13521.1 -48075.4 -41743.5 -37059.8 -15391.7
-13466.4 -48110.7 -42175.5 -36691.8 -15372.3
-13406.2 -48148.3 -42620.8 -36299.6 -15348.4
-13344.6 -48184.4 -43080 -35885.2 -15321.8
-13276.2 -48221.6 -43523.6 -35470 -15295.8
-13206.7 -48263.5 -43936.1 -35079.9 -15271
-13136.4 -48303.5 -44343.4 -34694.9 -15249.4
-13067.7 -48345.9 -44737.9 -34332.8 -15227.5
-12995.5 -48389.9 -45108.5 -33981.3 -15209.1
-12920 -48438.9 -45407.9 -33685.5 -15198.9
-12812.5 -48488.3 -45746.9 -33319.2 -15181.4
-12759.9 -48538.8 -45966.4 -33130.9 -15185.4
-12676.2 -48588.9 -46233.6 -32869 -15182.5
-12607.1 -48637.5 -46472.2 -32650.2 -15184.8
-12568.9 -48684.3 -46648.5 -32525.7 -15197.9
-12524.3 -48730.6 -46830 -32392.3 -15210.7
-12478.3 -48778.1 -47015.7 -32253.8 -15222.6
-12430.1 -48823.6 -47202.1 -32110.6 -15234
-12381.1 -48867.3 -47388.4 -31967.1 -15246.2
-12331.6 -48910.6 -47575.4 -31822.3 -15258.6
-12281.6 -48953.5 -47760.6 -31675.1 -15270.6
-12232 -48999.8 -47908.3 -31552 -15287.6
-12184.7 -49045.2 -48049 -31440 -15306
-12138.9 -49090.4 -48183.1 -31336.1 -15325.3
-12094 -49135.6 -48311.3 -31237.5 -15344.4
-12049.9 -49180.9 -48435.9 -31143 -15363.9
-12006.7 -49226.5 -48557.9 -31050.1 -15382.9
-11963.8 -49272.1 -48678.2 -30959.9 -15402.4
-11921.8 -49318.5 -48789.8 -30874.2 -15422.4
-11880.2 -49365.3 -48892.7 -30795.9 -15442.5
-11839.3 -49411.1 -48992 -30721.2 -15463
-11800 -49458.1 -49090.5 -30649.9 -15483.8
-11760.8 -49503.3 -49187.1 -30579.3 -15504.6
-11721.8 -49548.8 -49281.8 -30510.4 -15525.4
-11681.8 -49594.5 -49375.8 -30442.4 -15546.4
-11643.2 -49642.1 -49470.7 -30376.1 -15567.6
-11604.2 -49688.5 -49564.8 -30308.7 -15588.5
-11565.6 -49734.7 -49659.1 -30240.9 -15609.4
-11527.6 -49780.1 -49753.6 -30172.8 -15630.2
-11489.1 -49826 -49848 -30105.2 -15651.2
-11450.1 -49872.1 -49942.7 -30037.5 -15672.2
-11410.2 -49918.9 -50039 -29968.9 -15693.5
-11371.5 -49964.7 -50135.9 -29899.2 -15714.5
-11333 -50010.4 -50232.8 -29829.4 -15735.4
-11297.3 -50053.9 -50330.3 -29761.2 -15755.7
-11257.1 -50096.7 -50426.5 -29695.5 -15776.6
-11214.6 -50140 -50525.2 -29630.1 -15798.5
-11171 -50183.8 -50628.6 -29561.1 -15820.5
-11126.1 -50227.3 -50737.5 -29487.8 -15842.7
-11080.7 -50271.2 -50847.5 -29413.1 -15864.6
-11034.5 -50315 -50961.9 -29335.5 -15887.1
-10987.4 -50356.7 -51079.4 -29255 -15909.3
-10938.7 -50395.3 -51199.4 -29176.9 -15931.9
-10889 -50434.1 -51320 -29099.3 -15954.6
-10838.9 -50473.1 -51440.9 -29021.8 -15977.4
-10788.6 -50512.1 -51561.9 -28944.3 -16000.1
-10738.2 -50551.2 -51683.2 -28866.7 -16022.9
-10687.8 -50590.2 -51804.4 -28789 -16045.5
-10637.3 -50629.3 -51925.9 -28711.2 -16068.2
-10586.8 -50668.3 -52047.2 -28633.5 -16091
-10536.3 -50707.5 -52168.7 -28555.6 -16113.6
-10485.8 -50746.8 -52290.2 -28477.6 -16136.3
-10434.6 -50784.9 -52409.3 -28414.5 -16156.9
-10379.8 -50813.9 -52529.2 -28357.7 -16180.9
-10324.4 -50841.3 -52652.5 -28296.1 -16204.5
-10268.3 -50867.4 -52777.7 -28232.2 -16228.2
-10212.1 -50893.6 -52903.9 -28166.5 -16251.4
-10155.6 -50919.8 -53030.6 -28099.9 -16274.5
-10099.1 -50946.4 -53157.7 -28032.7 -16297.3
-10042.3 -50972.6 -53285 -27965.2 -16320.3
-9985.49 -50998.8 -53412.5 -27897.5 -16343.1
-9928.74 -51025.2 -53540.1 -27829.4 -16365.8
-9871.9 -51051.7 -53667.9 -27761.2 -16388.4
-9815.09 -51078.3 -53795.8 -27692.7 -16411
-9758.38 -51105 -53923.7 -27624 -16433.5
-9701.72 -51131.8 -54051.7 -27555.2 -16455.9
-9645.11 -51158.6 -54179.6 -27486.3 -16478.2
-9588.48 -51185.5 -54307.6 -27417.4 -16500.6
-9531.9 -51212.5 -54435.5 -27348.3 -16522.8
-9475.39 -51239.4 -54563.3 -27279.3 -16545
-9418.91 -51266.5 -54691 -27210.3 -16567.3
-9361.23 -51293.5 -54817.8 -27142.2 -16589.8
-9302.22 -51319.2 -54944.2 -27076.5 -16614.1
-9242.35 -51343.7 -55071.2 -27011 -16639.5
-9183.21 -51370.4 -55195.9 -26947 -16664.2
-9121.82 -51391.7 -55325.6 -26880.5 -16692
-9061.48 -51415.1 -55454.3 -26813 -16718
-9001.24 -51438.8 -55582.6 -26745.8 -16743.8
-8941.02 -51462.7 -55710.7 -26678.7 -16769.6
-8880.9 -51486.8 -55838.5 -26611.8 -16795.3
-8821.03 -51511.5 -55965.4 -26545.7 -16821
-8760.59 -51534.2 -56094.9 -26477.3 -16847.1
-8700.48 -51558 -56223.1 -26409.5 -16872.8
-8640.3 -51581.6 -56352.1 -26341.2 -16898.4
-8579.82 -51604.9 -56483 -26272.9 -16924.2
-8516.09 -51621.5 -56612.1 -26230.9 -16948.2
-8451.45 -51634.8 -56746.4 -26178.7 -16971.8
-8385.31 -51643.1 -56883.2 -26126.1 -16999.7
-8317.56 -51642 -57022.5 -26073.4 -17035.1
-8249.17 -51635.5 -57163.2 -26018.4 -17073.8
-8179.47 -51628.4 -57305.8 -25961.5 -17113.2
-8109.47 -51619.7 -57449.4 -25902.5 -17152.5
-8038.8 -51611.5 -57594.2 -25843 -17192.1
-7967.78 -51603.1 -57739.6 -25782.9 -17231.6
-7896.56 -51594.6 -57885.3 -25722.3 -17271.1
-7825.21 -51586 -58031.3 -25661.1 -17310.6
-7753.44 -51577.7 -58177.5 -25599.8 -17350
-7681.47 -51569.5 -58323.9 -25538.3 -17389.4
-7609.47 -51561.3 -58470.3 -25476.6 -17428.7
-7537.45 -51553.3 -58617.2 -25414.5 -17468
-7465.44 -51545.3 -58764.1 -25352.2 -17507.1
-7393.33 -51536.8 -58911.1 -25290 -17546.5
-7321.22 -51528.3 -59058.3 -25227.4 -17585.7
-7249.37 -51520.1 -59199.3 -25170.7 -17626.6
-7177.36 -51511.8 -59343.8 -25109 -17665.4
-7105.31 -51504 -59487.3 -25048.9 -17704.7
-7033.31 -51496.1 -59630.7 -24988.7 -17744.1
-6961.4 -51488.5 -59774.2 -24928.4 -17783.3
-6889.38 -51480.5 -59918 -24868 -17822.8
-6817.32 -51472.4 -60062.1 -24807.1 -17862.2
-6745.22 -51464.6 -60207 -24745.6 -17901.3
-6673.16 -51456.7 -60351.8 -24683.8 -17940.5
-6601.14 -51448.9 -60496.9 -24621.7 -17979.5
-6529.06 -51441 -60642.3 -24559.2 -18018.4
-6456.92 -51433.2 -60788.1 -24496.4 -18057.4
-6383.04 -51422.4 -60934.7 -24441.7 -18099
-6305.03 -51400.9 -61087.7 -24383.7 -18149.2
-6225.3 -51375.4 -61244.5 -24322.8 -18201.5
-6144.44 -51348.8 -61404 -24259.6 -18254.2
-6062.92 -51321.5 -61565.2 -24194.5 -18306.7
-5980.71 -51293.7 -61728.3 -24127.9 -18359.4
-5898.05 -51265.7 -61892.8 -24059.9 -18411.9
-5814.36 -51237.1 -62060.7 -23989.8 -18464.4
-5730.76 -51208.4 -62228.4 -23918.9 -18516.7
-5646.89 -51179.8 -62396.9 -23847.2 -18569
-5563 -51150.9 -62566.6 -23774.5 -18621.1
-5478.88 -51122 -62736.1 -23700.4 -18673
-5395.47 -51094 -62901 -23628.7 -18725.6
-5311.77 -51066.7 -63067 -23556.4 -18777.7
-5228.22 -51039.7 -63233.8 -23483.5 -18829.4
-5144.56 -51012.7 -63401.5 -23410 -18880.9
-5060.8 -50985.7 -63570.3 -23335.5 -18932.3
-4976.86 -50958.6 -63740.1 -23260.1 -18983.6
-4892.89 -50931.4 -63911.1 -23183.6 -19034.6
-4808.57 -50904.2 -64083.5 -23106 -19085.6
-4724.13 -50876.9 -64257 -23027.1 -19136.2
-4638.07 -50848.3 -64433.8 -22946.6 -19190.1
-4551.19 -50816.8 -64613.1 -22864.1 -19245.5
-4464.05 -50784.3 -64793.3 -22780.7 -19301.9
-4376.09 -50750.8 -64976.2 -22695.1 -19358.2
-4287.56 -50717.3 -65160.8 -22607.8 -19414.3
-4198.06 -50682.5 -65349.6 -22517.8 -19470.5
-4108.35 -50647.3 -65539 -22425.8 -19526.4
-4022.35 -50614.5 -65709.4 -22339.8 -19585.2
-3938.23 -50584.3 -65875.9 -22257.5 -19643.2
-3854.94 -50554.7 -66041.1 -22176.9 -19701
-3772.84 -50526.1 -66204.5 -22097.2 -19758.3
-3690.92 -50497.8 -66369.4 -22016.9 -19815.4
-3608.96 -50469.4 -66535.1 -21936.1 -19872.2
-3526.99 -50441 -66701.7 -21854.7 -19929
-3444.98 -50412.7 -66869.1 -21772.4 -19985.4
-3362.85 -50384.5 -67037.7 -21689.2 -20041.7
-3280.59 -50356.1 -67207.2 -21605 -20097.9
-3198.22 -50327.7 -67378.2 -21519.7 -20153.8
-3115.8 -50300.2 -67546.5 -21433.9 -20209.8
-3034.51 -50273.9 -67711.3 -21349.8 -20265.6
-2953.66 -50248 -67875.3 -21266.3 -20321.7
-2872.98 -50222.3 -68039 -21182.7 -20377.5
-2792.57 -50196.3 -68203.3 -21098.7 -20433.1
-2715.71 -50173.8 -68341.9 -21020.5 -20490.4
-2641.51 -50155.5 -68476.5 -20949.5 -20547.1
-2569.12 -50140 -68601 -20886.8 -20603.4
-2498.15 -50125.9 -68725.6 -20825.3 -20659.3
-2427.18 -50111.1 -68849.8 -20763.1 -20715.3
-2356.48 -50096.5 -68974.3 -20700.7 -20771.3
-2285.95 -50082.1 -69099.3 -20637.8 -20827.1
-2218.61 -50070 -69206.1 -20579.9 -20883.7
-2153.89 -50060.3 -69301.5 -20530 -20940.7
-2090.9 -50052.7 -69395.2 -20483.9 -20996.6
-2028.87 -50046 -69488 -20438.2 -21052.5
-1967.32 -50039.4 -69579 -20393.8 -21108.1
-1907.21 -50033.7 -69665.1 -20352.8 -21164
-1847.34 -50028 -69750.8 -20312.5 -21220.1
-1789.65 -50023.3 -69825.7 -20275.5 -21277.4
-1733.99 -50020.6 -69894.5 -20243.1 -21335.1
-1679.06 -50018.4 -69962.2 -20211.9 -21392.6
-1624.75 -50016.8 -70029.6 -20181 -21449.8
-1570.84 -50015.5 -70096.9 -20150.1 -21506.8
-1517.14 -50014.5 -70164.1 -20119.2 -21563.7
-1463.6 -50013.6 -70231.3 -20088.2 -21620.5
-1410.25 -50012.9 -70298.6 -20056.8 -21677
-1356.95 -50012.3 -70366 -20025.3 -21733.4
-1303.76 -50011.8 -70433.4 -19993.6 -21789.7
-1250.65 -50011.5 -70501.1 -19961.4 -21845.7
-1197.53 -50011.2 -70568.8 -19929.1 -21901.9
-1144.65 -50011.2 -70636.4 -19896.5 -21957.8
-1091.77 -50011.2 -70704.1 -19863.7 -22013.5
-1038.94 -50011.3 -70772 -19830.6 -22069.1
-986.183 -50011.6 -70839.8 -19797.4 -22124.6
-933.495 -50012 -70907.8 -19763.7 -22179.9
-881.063 -50012.8 -70976.2 -19729.4 -22235
-828.831 -50014.1 -71044.8 -19694.3 -22289.9
-776.554 -50015.3 -71113.5 -19658.6 -22344.8
-724.365 -50017 -71182.4 -19622.8 -22399.5
-672.237 -50018.8 -71251.5 -19586.8 -22454.1
-620.205 -50020.7 -71320.6 -19550.4 -22508.4
-568.17 -50022.6 -71389.7 -19514 -22562.8
-516.23 -50024.7 -71458.8 -19477.3 -22616.9
-464.509 -50026.8 -71527 -19440.5 -22671.2
-413.392 -50029.5 -71592.6 -19405 -22725.6
-362.416 -50032.2 -71658 -19369.8 -22779.9
-311.61 -50035.2 -71723.2 -19334.7 -22834
-260.962 -50038.3 -71788.4 -19299.4 -22888
-210.418 -50041.6 -71853.5 -19264 -22941.9
-160.015 -50045 -71918.6 -19228.4 -22995.6
-109.672 -50048.6 -71983.7 -19192.8 -23049.3
-59.4402 -50052.2 -72048.8 -19156.9 -23102.7
-9.23355 -50056 -72113.7 -19121 -23156.1
40.7757 -50060 -72178.8 -19084.6 -23209.3
90.553 -50064.5 -72244 -19047.8 -23262.2
140.199 -50069.3 -72309.3 -19010.3 -23315
189.752 -50074.2 -72374.5 -18972.7 -23367.6
239.254 -50079.2 -72439.8 -18935.1 -23420.1
288.691 -50084.3 -72505 -18897.2 -23472.5
338.029 -50089.5 -72570.2 -18859.2 -23524.8
387.278 -50094.9 -72635.3 -18821 -23576.9
436.556 -50100.6 -72700.4 -18782.7 -23628.9
485.662 -50106.2 -72765.5 -18744.2 -23680.8
534.685 -50111.9 -72830.6 -18705.5 -23732.6
583.616 -50117.8 -72895.7 -18666.7 -23784.2
632.463 -50123.7 -72960.7 -18627.7 -23835.7
681.225 -50129.8 -73025.7 -18588.5 -23887.1
729.903 -50136 -73090.7 -18549.2 -23938.4
778.492 -50142.3 -73155.6 -18509.7 -23989.5
827.018 -50148.8 -73220.5 -18470 -24040.5
875.302 -50155 -73285.5 -18430.2 -24091.4
923.59 -50161.7 -73350.3 -18390.3 -24142.1
971.846 -50168.4 -73415 -18350.2 -24192.7
1020.15 -50175.1 -73479.6 -18310 -24243.3
1068.22 -50182.1 -73544.2 -18269.6 -24293.7
1116.18 -50189.2 -73608.8 -18229.2 -24344
1164.1 -50196.5 -73673.4 -18188.5 -24394.1
1211.96 -50203.8 -73738 -18147.7 -24444.2
1259.74 -50211.3 -73802.5 -18106.8 -24494.2
1307.48 -50218.9 -73867 -18065.7 -24544.1
1355.13 -50226.6 -73931.5 -18024.5 -24593.8
1402.73 -50234.4 -73995.9 -17983 -24643.4
1450.22 -50242.4 -74060.3 -17941.4 -24692.9
1497.61 -50250.5 -74124.6 -17899.6 -24742.3
1544.89 -50258.7 -74188.9 -17857.7 -24791.5
1592.12 -50267 -74253.1 -17815.7 -24840.6
1639.23 -50275.5 -74317.3 -17772.9 -24889.6
1686.16 -50284.3 -74381.4 -17730.2 -24939.1
1733.04 -50293.2 -74445.4 -17687.1 -24988.2
1779.79 -50302.3 -74509.3 -17643.9 -25037.2
1826.46 -50311.4 -74573.2 -17600.6 -25086
1873.05 -50320.6 -74637.1 -17557.1 -25134.7
1919.53 -50330 -74700.9 -17513.4 -25183.3
1965.91 -50339.6 -74764.6 -17469.6 -25231.7
2012.21 -50349.3 -74828.3 -17425.7 -25280
2058.4 -50359.1 -74892 -17381.6 -25328.1
2104.5 -50369 -74955.6 -17337.3 -25376.1
2150.51 -50379.1 -75019.1 -17292.9 -25424
2196.43 -50389.3 -75079.2 -17256.7 -25471.8
2243.47 -50397.1 -75128.1 -17228.2 -25517.4
2290.29 -50405.1 -75178.1 -17200.9 -25564.5
2337.12 -50413.2 -75228.1 -17173.3 -25611.4
2384.02 -50421.2 -75278.1 -17145.2 -25658.3
2430.73 -50429.5 -75328.2 -17117.1 -25705
2477.37 -50438 -75378.3 -17088.8 -25751.5
2524.01 -50446.4 -75428.2 -17060 -25798.1
2570.39 -50455.3 -75478.5 -17031.7 -25844.2
2617.1 -50464.4 -75528.9 -17002.7 -25890.3
2663.83 -50473.7 -75579.1 -16973.6 -25936.3
2710.49 -50483.2 -75629.3 -16944.2 -25982.1
2757.05 -50492.8 -75679.5 -16914.7 -26027.8
2803.52 -50502.6 -75729.6 -16884.9 -26073.3
2849.88 -50512.6 -75779.7 -16855 -26118.6
2896.16 -50522.6 -75829.5 -16826.2 -26163.8
2942.56 -50531.9 -75878.6 -16801.3 -26207.6
2989.04 -50541.1 -75927.8 -16775.6 -26250.4
3035.51 -50550.3 -75977 -16749.5 -26293
3081.91 -50559.6 -76026.3 -16723.1 -26335.5
3128.23 -50568.9 -76075.5 -16696.5 -26377.9
3174.45 -50578.5 -76124.7 -16669.7 -26420.1
3220.57 -50588.2 -76173.9 -16642.6 -26462.1
3266.59 -50598 -76223 -16615.3 -26504
3312.18 -50607.9 -76272.1 -16588 -26545.8
3358.04 -50617.7 -76321 -16560.4 -26587.1
3403.94 -50627.3 -76370.6 -16532.1 -26629.2
3449.99 -50636.3 -76419.9 -16503.5 -26671.6
3495.67 -50645.7 -76469.4 -16474.5 -26713.6
3540.83 -50656.2 -76519.4 -16445.1 -26754.9
3586.03 -50666.5 -76569.4 -16415 -26796.3
3631.1 -50677 -76619.1 -16384.7 -26837.5
3676 -50687.7 -76669.1 -16353.7 -26878.3
3720.93 -50698.5 -76719.4 -16321.9 -26919.5
3765.47 -50709.9 -76770.1 -16289.5 -26959.9
3809.33 -50721.3 -76820.5 -16256.1 -27000.3
3853.25 -50732.9 -76870.9 -16222.5 -27039.3
3896.75 -50744.4 -76921 -16187.4 -27078.9
3939.16 -50757.2 -76970.7 -16151.2 -27117.2
3981.54 -50770.1 -77020.4 -16115.5 -27155.4
4023.79 -50783 -77069.6 -16078.3 -27193.4
4065.5 -50796.7 -77118.4 -16041.5 -27231.4
4106.7 -50811.2 -77167.2 -16004 -27269
4146.98 -50826.7 -77215.8 -15963.3 -27304.7
4183.8 -50846.8 -77263.1 -15917.6 -27335.3
4220.31 -50867.8 -77309.5 -15871.8 -27364.8
4256.75 -50889.2 -77354.9 -15826.2 -27394.5
4294.06 -50912.6 -77399.3 -15779.9 -27423.7
4332.66 -50938.8 -77442.7 -15734.4 -27452.5
4368.44 -50963.2 -77486 -15687.5 -27480.6
4403.08 -50985.7 -77529.8 -15640.6 -27508.8
4437.72 -51008.7 -77573.2 -15594.1 -27537.1
4472.61 -51031.1 -77616.4 -15547.8 -27565.9
4506.62 -51054 -77659.8 -15502 -27594.4
4541.15 -51077.9 -77700.9 -15458.4 -27621.8
4575.76 -51101.7 -77742.1 -15414.9 -27649
4610.13 -51125.5 -77783.6 -15371.1 -27676.1
4643.51 -51149.6 -77826 -15326.1 -27702.1
4676.4 -51173.4 -77868.5 -15280.6 -27727.7
4709.68 -51195.1 -77908.1 -15242.6 -27752.9
4744.99 -51216.9 -77939.3 -15210.1 -27779.5
4780.68 -51239.1 -77970.8 -15178.9 -27807.3
4816.17 -51262.1 -78002.8 -15147.7 -27834.7
4851.91 -51284.9 -78034.6 -15116 -27862
4887.81 -51307.5 -78066.4 -15084.3 -27889.3
4923.57 -51330.3 -78098.3 -15052.4 -27916.4
4959.23 -51353 -78130.2 -15020.3 -27943.5
4994.96 -51375.7 -78162 -14988.4 -27970.6
5030.85 -51398.4 -78193.8 -14956.7 -27997.9
5066.7 -51421.2 -78225.7 -14925 -28025.1
5102.65 -51444 -78257.6 -14893.2 -28052.2
5138.93 -51468.7 -78291.3 -14860.1 -28078
5175.55 -51493.8 -78325.8 -14826.1 -28103
5212.14 -51519 -78360.4 -14792.3 -28128.1
5248.67 -51544.3 -78395.1 -14758.5 -28153
5285.3 -51569.6 -78429.7 -14724.6 -28177.9
5321.93 -51594.8 -78464.3 -14690.6 -28202.8
5358.71 -51620 -78499 -14656.9 -28227.9
5396.01 -51645.5 -78534 -14623.3 -28253
5434.91 -51672.7 -78569.4 -14589.2 -28277.8
5475.42 -51702.2 -78604.4 -14555.1 -28302.5
5513.95 -51730.8 -78638.7 -14520.4 -28326.7
5551.25 -51756.7 -78674.1 -14485.3 -28350.9
5587.57 -51781 -78710 -14450.3 -28375.2
5624.74 -51806.6 -78745 -14416.4 -28400.2
5661.56 -51832.9 -78780.6 -14381.4 -28424.6
5698.84 -51864.6 -78820 -14341.7 -28445.3
5736.1 -51896.7 -78860.3 -14301.1 -28465.2
5773.46 -51928.9 -78900.5 -14260.7 -28485.4
5810.59 -51960.9 -78940.8 -14220.4 -28505.4
5847.25 -51992.8 -78981.1 -14179.5 -28525.1
5883.86 -52024.6 -79021.4 -14139 -28544.8
5919.7 -52055.3 -79061.8 -14098.4 -28564.8
5954.9 -52086.1 -79102 -14057.4 -28584.4
5991.54 -52118 -79142.2 -14017.1 -28604.4
6028.59 -52150.4 -79182.4 -13976.9 -28624.3
6065.8 -52182.8 -79222.6 -13936.8 -28644.3
6103.01 -52215.4 -79262.7 -13896.4 -28664.1
6140.22 -52247.8 -79303 -13856.1 -28683.8
6177.56 -52280.4 -79343.2 -13815.7 -28703.6
6214.82 -52312.9 -79383.4 -13775.3 -28723.2
6252 -52345.5 -79423.6 -13734.8 -28742.8
6288.81 -52378.1 -79463.9 -13693.8 -28762
6325.77 -52410.7 -79504.2 -13653.1 -28781.4
6362.92 -52443.2 -79544.4 -13612.8 -28801.1
6400.11 -52475.8 -79584.7 -13572.3 -28820.6
6437.34 -52508.5 -79625 -13531.8 -28840
6474.6 -52541.2 -79665.3 -13491.2 -28859.4
6511.88 -52574 -79705.7 -13450.5 -28878.8
6549.23 -52607.5 -79746.2 -13409.3 -28897.9
6586.64 -52641.2 -79786.7 -13368 -28917
6624.01 -52674.9 -79827.3 -13326.5 -28936
6661.29 -52708.8 -79867.9 -13284.9 -28954.9
6698.48 -52742.8 -79908.7 -13243 -28973.6
6735.71 -52776.8 -79949.4 -13201.1 -28992.4
6772.96 -52810.8 -79990.2 -13159.3 -29011.1
6810.22 -52844.8 -80030.9 -13117.4 -29029.8
6847.65 -52878.8 -80071.7 -13075.7 -29048.6
6885.57 -52912.7 -80112.5 -13034.6 -29067.9
6924.94 -52948 -80153.3 -12992.9 -29086.8
6966.48 -52985.8 -80193.6 -12951.8 -29106
7004.98 -53022.5 -80233.4 -12909.1 -29124.1
7042.81 -53056.5 -80274.6 -12866.5 -29142.4
7079.78 -53088.9 -80316.7 -12824 -29160.7
7117.33 -53123.1 -80357.6 -12782 -29179.3
7154.75 -53157.2 -80398.5 -12739.9 -29197.8
7191.78 -53191.1 -80439.6 -12697.6 -29216.1
7229.1 -53225.4 -80480.5 -12655.4 -29234.4
7266.34 -53259.7 -80521.5 -12613.1 -29252.5
7303.4 -53293.7 -80562.7 -12570.8 -29270.6
7340.63 -53328.1 -80603.7 -12528.6 -29288.8
7377.78 -53362.5 -80644.7 -12486.1 -29306.7
7414.72 -53396.7 -80685.8 -12443.7 -29324.7
7451.36 -53430.6 -80727 -12401.1 -29342.6
7486.56 -53463.2 -80768.5 -12357.9 -29360.1
7522.38 -53496.3 -80809.7 -12315.1 -29377.8
7558.79 -53529.6 -80850.7 -12272.7 -29395.8
7595.71 -53563.8 -80891.7 -12230.2 -29413.7
7632.8 -53598.1 -80932.7 -12187.6 -29431.5
7669.97 -53632.5 -80973.7 -12145.2 -29449.3
7707.2 -53666.9 -81014.8 -12102.8 -29467.1
7744.44 -53701.3 -81055.9 -12060.3 -29484.8
7781.71 -53735.8 -81097 -12017.7 -29502.5
7818.99 -53770.2 -81138.1 -11975.1 -29520.1
7856.27 -53804.7 -81179.3 -11932.5 -29537.7
7893.39 -53842.9 -81221.4 -11887.6 -29553.6
7930.57 -53880.9 -81263.5 -11842.5 -29569.4
7967.83 -53918.8 -81305.6 -11797.4 -29585.4
8005.11 -53956.8 -81347.8 -11752.4 -29601.3
8042.39 -53994.7 -81389.9 -11707.2 -29617.2
8079.7 -54032.7 -81432.1 -11662.1 -29633.1
8117.03 -54070.7 -81474.3 -11617 -29648.9
8154.29 -54108.7 -81516.5 -11571.7 -29664.5
8191.52 -54146.9 -81558.8 -11526.5 -29680.2
8228.84 -54185 -81601.1 -11481.3 -29695.8
8266.18 -54223.1 -81643.4 -11436.1 -29711.5
8303.52 -54261.2 -81685.7 -11390.8 -29727
8340.86 -54299.4 -81728 -11345.4 -29742.5
8378.13 -54337.5 -81770.4 -11299.9 -29757.8
8415.47 -54375.7 -81812.7 -11254.5 -29773.3
8452.71 -54414.2 -81853.4 -11210.4 -29788.9
8489.75 -54453.2 -81890.6 -11168.7 -29805
8526.87 -54492.1 -81927.8 -11127 -29820.9
8563.99 -54531 -81965 -11085.2 -29836.8
8601.12 -54569.9 -82002.2 -11043.4 -29852.6
8638.25 -54608.9 -82039.5 -11001.5 -29868.4
8675.38 -54647.9 -82076.8 -10959.7 -29884.1
8712.5 -54686.9 -82114.2 -10917.8 -29899.8
8749.66 -54726 -82151.5 -10875.8 -29915.4
8786.81 -54765 -82188.9 -10833.9 -29930.9
8823.98 -54804.1 -82226.3 -10791.9 -29946.5
8861.09 -54843.3 -82261.8 -10750.9 -29962.6
8898.22 -54882.5 -82297.2 -10710 -29978.8
8935.36 -54921.8 -82332.7 -10669 -29994.9
8972.5 -54961 -82368.1 -10628.1 -30011
9009.64 -55000.3 -82403.7 -10587 -30027.1
9046.82 -55039.6 -82439.2 -10546.1 -30043.1
9083.97 -55078.9 -82474.7 -10505 -30059.1
9121.18 -55118.1 -82510.2 -10464 -30075
9158.37 -55157.4 -82545.8 -10423 -30090.9
9195.56 -55196.8 -82581.4 -10381.9 -30106.8
9232.75 -55236.1 -82616.9 -10340.9 -30122.6
9269.95 -55275.5 -82652.6 -10299.8 -30138.4
9307.15 -55314.8 -82688.2 -10258.7 -30154.1
9344.29 -55354.3 -82723.9 -10217.5 -30169.7
9381.55 -55393.7 -82759.5 -10176.4 -30185.4
9418.77 -55433 -82795.3 -10135.1 -30200.9
9456.03 -55472.4 -82831 -10093.9 -30216.5
9493.19 -55512 -82866.8 -10052.6 -30231.9
9530.39 -55551.5 -82902.6 -10011.4 -30247.3
9567.59 -55591 -82938.4 -9970.1 -30262.7
9604.78 -55630.6 -82974.2 -9928.79 -30278
9641.98 -55670.3 -83010 -9887.44 -30293.2
9679.17 -55709.9 -83045.9 -9846.06 -30308.4
9716.36 -55749.6 -83081.8 -9804.66 -30323.6
9753.55 -55789.3 -83117.7 -9763.23 -30338.7
9790.74 -55829 -83153.6 -9721.78 -30353.7
9827.92 -55868.7 -83189.6 -9680.3 -30368.7
9865.1 -55908.5 -83225.5 -9638.8 -30383.6
9902.28 -55948.3 -83261.5 -9597.27 -30398.5
9939.46 -55988.2 -83297.5 -9555.72 -30413.4
9976.59 -56028.1 -83333.6 -9514.07 -30428.1
10013.8 -56068 -83369.6 -9472.47 -30442.8
10051 -56107.8 -83405.6 -9430.87 -30457.5
10088.2 -56147.8 -83441.7 -9389.22 -30472.1
10125.4 -56187.7 -83477.9 -9350.73 -30486.7
10163.5 -56225.5 -83515.6 -9318.12 -30496.7
10201.7 -56263.1 -83553.7 -9285.22 -30505.3
10240.6 -56300 -83591.9 -9252.53 -30513.9
10279.5 -56336.9 -83630.4 -9219.93 -30522.2
10318.7 -56373.6 -83669 -9187.45 -30530.5
10357.9 -56410.2 -83707.6 -9155.02 -30538.7
10397.3 -56446.7 -83746.2 -9122.54 -30546.9
10436.8 -56483.1 -83784.9 -9089.87 -30554.9
10476.2 -56519.7 -83823.6 -9057.48 -30563.1
10515.8 -56555.9 -83862.3 -9024.74 -30571
10555.4 -56592.4 -83901.1 -8992.19 -30579
10595 -56628.8 -83939.9 -8959.61 -30586.9
10634.5 -56665.4 -83978.8 -8927.04 -30594.8
10674.2 -56701.6 -84017.5 -8894.61 -30602.9
10714 -56737.7 -84056.2 -8862.42 -30611.2
10754 -56773.8 -84095 -8830.21 -30619.4
10794 -56809.8 -84133.9 -8798 -30627.6
10834.2 -56845.4 -84172.7 -8765.34 -30635.6
10874.1 -56881.7 -84211.7 -8733.21 -30643.9
10914.2 -56917.5 -84250.5 -8700.69 -30651.9
10954.1 -56953.8 -84289.5 -8668.56 -30660.1
10994.2 -56989.4 -84328.5 -8636.22 -30668
11034.3 -57025.4 -84367.7 -8604.07 -30676.1
11074.6 -57061 -84407 -8571.96 -30684.2
11114.9 -57096.7 -84446.3 -8539.79 -30692.2
11155.2 -57132.5 -84485.7 -8507.61 -30700.2
11195.4 -57168.3 -84525.1 -8475.42 -30708.1
11235.8 -57203.9 -84564.4 -8443.16 -30716
11276.2 -57239.7 -84603.9 -8410.92 -30723.9
11316.4 -57275.7 -84643.4 -8378.58 -30731.7
11356.7 -57311.5 -84682.9 -8346.14 -30739.4
11396.9 -57347.5 -84722.6 -8313.86 -30747.3
11437.3 -57383.4 -84762.1 -8281.26 -30754.9
11477.6 -57419.4 -84801.7 -8248.79 -30762.5
11517.8 -57455.5 -84841.3 -8216.3 -30770.2
11558.1 -57491.5 -84881 -8183.79 -30777.8
11598.3 -57527.7 -84920.7 -8151.16 -30785.2
11638.5 -57563.7 -84960.3 -8118.6 -30792.7
11678.6 -57599.8 -85000 -8085.85 -30800.1
11718.7 -57635.9 -85039.6 -8053.26 -30807.6
11758.9 -57672 -85079.3 -8020.63 -30815
11799 -57708.2 -85119 -7987.87 -30822.3
11839.1 -57744.4 -85158.7 -7955.16 -30829.7
11879.2 -57780.7 -85198.4 -7922.47 -30837.1
11919.5 -57816.9 -85238.1 -7889.65 -30844.4
11959.6 -57853.2 -85277.9 -7856.91 -30851.7
11999.9 -57889.4 -85317.5 -7824.1 -30859
12040.1 -57925.6 -85357.3 -7791.2 -30866.1
12080.1 -57962.3 -85397.4 -7758.01 -30873.1
12120.1 -57998.8 -85437.7 -7724.14 -30880
12159.9 -58036 -85478.1 -7691.09 -30887
12200.2 -58072.2 -85518.3 -7657.23 -30893.7
12240 -58109.3 -85558.7 -7624.05 -30900.6
12280.3 -58145.8 -85598.8 -7590.17 -30907.3
12320.2 -58182.9 -85639.3 -7556.9 -30914.2
12360.5 -58219.3 -85679.5 -7522.97 -30920.7
12400.4 -58256.5 -85719.9 -7489.62 -30927.6
12440.6 -58292.9 -85760.2 -7455.66 -30934.1
12480.5 -58330.1 -85800.6 -7422.25 -30940.9
12521.4 -58365 -85840.5 -7386.82 -30947.5
12561.4 -58402.1 -85881.1 -7353.4 -30954.3
12601.3 -58439.3 -85921.6 -7319.83 -30960.9
12641.3 -58476.4 -85962 -7286.14 -30967.4
12681.2 -58513.4 -86002.4 -7252.32 -30974
12721.2 -58550.3 -86042.8 -7218.73 -30980.4
12761.3 -58587 -86083.2 -7184.92 -30987.2
12801.8 -58622 -86123.9 -7152.03 -30994.8
12842.6 -58656.6 -86164.8 -7119.41 -31003.3
12884 -58690.6 -86205.5 -7086.65 -31012.4
12925.9 -58725.3 -86246.5 -7055.2 -31021.5
12970 -58760.9 -86287 -7023.85 -31031.3
13014.7 -58797.4 -86326.9 -6992.36 -31041.2
13057 -58831.5 -86367.2 -6959.66 -31050.5
13099.4 -58863.7 -86409 -6927.38 -31059.8
13141.6 -58895.7 -86450.7 -6895.41 -31069.4
13183.9 -58928.5 -86491.7 -6863.32 -31078.9
13225.9 -58960.9 -86532.8 -6831.15 -31088.5
13267.9 -58993.3 -86574.1 -6798.73 -31097.8
13453.8 -58916.3 -86662.1 -6748.15 -31112.7
13458.8 -58957 -86704.7 -6732.17 -31136.7
13474.7 -59010.4 -86739.5 -6705.58 -31146.2
13498.7 -59061 -86774.1 -6675.44 -31152.2
13530.1 -59106.4 -86810.6 -6644.95 -31159.2
13563.3 -59144.1 -86850.1 -6614.61 -31167.1
13599.9 -59178.1 -86891.3 -6583.71 -31175.8
13637.6 -59209.5 -86933.5 -6552.24 -31185.6
13676.6 -59240.6 -86976.7 -6521.85 -31195.7
13718.1 -59271.4 -87020.2 -6491.87 -31205.9
13760.7 -59301.3 -87064 -6461.68 -31216.5
13802.9 -59330.2 -87108.4 -6431.05 -31227
13846.4 -59359.5 -87153.1 -6400.37 -31237.5
13890.1 -59387.3 -87198 -6369.03 -31247.5
13934.2 -59415.9 -87242.8 -6338.7 -31258.4
13978.7 -59444.4 -87287.7 -6308.36 -31269.4
14023.3 -59472.9 -87332.7 -6277.93 -31280.4
14068.1 -59501.4 -87377.7 -6247.4 -31291.4
14113.1 -59529.8 -87422.7 -6216.82 -31302.3
14158.3 -59558.2 -87467.7 -6186.29 -31313.3
14203.8 -59586.6 -87512.7 -6155.88 -31324.2
14249.3 -59615.3 -87557.9 -6125.66 -31335.3
14294.9 -59643.8 -87602.9 -6095.28 -31346.3
14340.6 -59672.3 -87648 -6064.84 -31357.3
14386.3 -59700.8 -87693 -6034.36 -31368.3
14432.1 -59729.3 -87738.1 -6003.83 -31379.2
14477.8 -59757.9 -87783.2 -5973.26 -31390.1
14523.1 -59786.9 -87828.4 -5942.84 -31401.2
14568.8 -59815.4 -87873.4 -5912.15 -31412.1
14614.5 -59844 -87918.4 -5881.94 -31423.2
14660.2 -59872.6 -87963.2 -5851.38 -31434.4
14706 -59901.1 -88007.9 -5821.1 -31445.7
14751.9 -59929.6 -88052.5 -5791.06 -31457
14797.7 -59957.9 -88097.2 -5760.42 -31468.2
14843.4 -59986.3 -88141.9 -5728.93 -31479.7
14889.2 -60015.3 -88186.5 -5699.78 -31490.8
14935.1 -60043.5 -88231.1 -5669.16 -31502
14981 -60072 -88275.7 -5639.06 -31513.4
15026.8 -60100.5 -88320.3 -5608.4 -31524.6
15072.7 -60129 -88364.9 -5578.24 -31536
15118.6 -60157.5 -88409.6 -5547.47 -31547.2
15164.1 -60186.5 -88454.5 -5517.01 -31558.7
15209.5 -60215.9 -88499.8 -5485.17 -31569.4
15255.1 -60245.5 -88546 -5452.77 -31579.6
15300.7 -60275.2 -88592.3 -5420.3 -31589.9
15346.2 -60304.9 -88638.6 -5387.91 -31600.2
15391.9 -60334.1 -88685.1 -5355.75 -31610.6
15437.9 -60362.7 -88731.8 -5323.45 -31620.9
15483.6 -60392 -88778.3 -5291.3 -31631.8
15529.5 -60421.1 -88824.9 -5259.19 -31642.5
15576.1 -60449.4 -88871.1 -5227.98 -31654
15623.5 -60477.1 -88917.3 -5197.48 -31665.9
15672.3 -60505.3 -88963.7 -5167.44 -31678.1
15722.4 -60533.7 -89010.7 -5137.63 -31690.7
15773.8 -60565 -89056.1 -5107.66 -31703.2
15822.7 -60591.5 -89104.4 -5076.61 -31714.9
15871.2 -60617.5 -89152.2 -5046.13 -31726.8
15919.2 -60643.9 -89199.2 -5016.23 -31739.1
15966.9 -60669.2 -89246.9 -4986.35 -31751.5
16012.7 -60691.9 -89295.9 -4955.34 -31763.5
16060 -60717.2 -89343.2 -4925.22 -31776
16106.7 -60742.7 -89390.4 -4894.71 -31788.3
16153.5 -60768.5 -89437.6 -4864.35 -31800.7
16200.8 -60795.2 -89483.9 -4834.06 -31813
16247.9 -60821.9 -89530.7 -4803.88 -31825.5
16295.5 -60848.6 -89577.6 -4773.58 -31837.9
16343.2 -60875.2 -89624.5 -4743.21 -31850.4
16390.9 -60901.9 -89671.5 -4712.77 -31862.9
16438.7 -60928.5 -89718.5 -4682.29 -31875.5
16486.5 -60955.1 -89765.6 -4651.79 -31888
16534.3 -60981.5 -89812.8 -4621.27 -31900.6
16582.1 -61008 -89859.8 -4590.72 -31913.3
16630 -61034.5 -89906.9 -4560.1 -31926
16677.8 -61061.1 -89953.9 -4529.54 -31938.7
16725.7 -61087.6 -90001 -4498.89 -31951.5
16773.5 -61113.8 -90048.1 -4468.21 -31964.4
16821.3 -61140.5 -90094.9 -4437.45 -31977.3
16869.1 -61167.1 -90141.7 -4406.81 -31990.3
16917 -61193.6 -90188.6 -4376.09 -32003.3
16964.3 -61221.1 -90235.5 -4344.62 -32015.4
17012.1 -61247.7 -90282.4 -4313.73 -32028.4
17060 -61274.3 -90329.4 -4282.94 -32041.4
17107.9 -61300.7 -90376.3 -4252.15 -32054.7
17155.7 -61327.2 -90423.3 -4221.2 -32067.9
17203.7 -61353.5 -90470.1 -4190.38 -32081.4
17251.6 -61380 -90517.1 -4159.34 -32094.8
17299.5 -61406.4 -90563.9 -4128.3 -32108.6
17347.4 -61432.9 -90610.9 -4097.29 -32121.9
17395.4 -61459.2 -90657.8 -4066.44 -32135.5
17443.3 -61485.6 -90704.6 -4035.18 -32149.5
17491.3 -61512 -90751.5 -4004.09 -32163
17539.3 -61538.3 -90798.4 -3973.11 -32176.9
17587.2 -61564.7 -90845.3 -3941.84 -32190.7
17635.5 -61590.2 -90892.3 -3911.3 -32205
17684.5 -61615 -90939.5 -3881.37 -32219.8
17736.5 -61639.6 -90986.1 -3853.46 -32235.5
17790.8 -61663.1 -91033.2 -3826.89 -32252
17847.9 -61686 -91081 -3801.83 -32269.5
17907.4 -61709.7 -91127.9 -3778.26 -32288.1
17967.5 -61732.5 -91175.5 -3755.47 -32306.6
18027.8 -61754.5 -91223.6 -3733.42 -32325.6
18088.8 -61776.4 -91271.5 -3712.16 -32345.5
18150.4 -61798.8 -91319.6 -3689.3 -32365.2
18211.4 -61819.5 -91369.5 -3667.36 -32384.2
18276.7 -61840.4 -91421.7 -3644.9 -32403.8
18341 -61860.7 -91472.9 -3623.77 -32424.1
18405.4 -61882.5 -91522.3 -3602.54 -32443.9
18468.5 -61902.8 -91571.7 -3582 -32464.1
18531.3 -61923.8 -91620.5 -3560.94 -32485
18593.6 -61945.8 -91668.6 -3539.97 -32505
18655.1 -61967.9 -91716.6 -3518.95 -32525.5
18717.3 -61989.5 -91764.9 -3497.46 -32545.7
18779.5 -62011.3 -91813.3 -3475.94 -32566.6
18841.8 -62033 -91862.1 -3454.27 -32587.3
18904.1 -62054.5 -91910.7 -3432.9 -32608.4
18966.5 -62077.9 -91960.1 -3408.82 -32628.8
19029.7 -62101.1 -92010.6 -3384.8 -32649.3
19094 -62124.5 -92060.3 -3361.02 -32670.3
19158.1 -62147.5 -92110.6 -3337.53 -32691.3
19222.6 -62170.2 -92161.1 -3314.56 -32712.6
19287.4 -62192.4 -92211.7 -3291.64 -32734.6
19352.7 -62215.1 -92262.3 -3268.79 -32756.4
19417.8 -62237.6 -92312.8 -3245.93 -32778.3
19483.2 -62259.8 -92363 -3223.15 -32800.6
19548.4 -62282.1 -92413.7 -3200.21 -32822.8
19613.7 -62304.3 -92464.3 -3177.09 -32845.6
19678.9 -62326.4 -92515.2 -3154.12 -32868
19744.4 -62348.5 -92566 -3131.11 -32890.6
19809.8 -62370.6 -92616.3 -3108 -32913.6
19875.2 -62392.8 -92667.1 -3084.74 -32936.4
19940.9 -62414.7 -92717.7 -3061.49 -32960.2
20005.9 -62437.2 -92768.5 -3037.59 -32982.5
20071.5 -62459.3 -92819 -3014.53 -33006.4
20137 -62481.1 -92869.8 -2991.17 -33029.9
20202.6 -62502.9 -92920.3 -2967.75 -33054
20268 -62524.6 -92971.5 -2943.97 -33077.8
20333.7 -62546.2 -93022.5 -2920.32 -33101.9
20399.2 -62567.5 -93073.7 -2896.43 -33126.1
20465.2 -62589.4 -93124.3 -2872.58 -33150.9
20531.1 -62610.8 -93175 -2848.71 -33175.4
20597.1 -62631.9 -93225.6 -2824.9 -33200.9
20661.9 -62653.9 -93275.4 -2798.35 -33225.5
20727 -62675.6 -93326.2 -2774.95 -33249.3
20792.7 -62696.8 -93376.7 -2752.34 -33275.1
20857.9 -62717.3 -93427.7 -2728.15 -33300.6
20923.5 -62738.2 -93478.3 -2703.91 -33326.5
20988.9 -62759.5 -93529 -2679.24 -33352.2
21054.5 -62780.4 -93579.5 -2654.97 -33379
21119.4 -62802.2 -93629.7 -2627.8 -33404.5
21185.4 -62824.5 -93679.5 -2603.85 -33430.8
21251.6 -62845.8 -93730.1 -2580.62 -33457.9
21317.1 -62866.1 -93780.7 -2555.93 -33484.8
21383.2 -62886.6 -93831.3 -2531.27 -33512.1
21449.8 -62907 -93882 -2506.65 -33539.4
21516.9 -62927.5 -93932.7 -2482.11 -33567
21585.1 -62946.3 -93984.9 -2458.65 -33595.7
21653.7 -62966.8 -94035.8 -2434.56 -33624.3
21722.3 -62986.4 -94087 -2409.94 -33652.9
21791 -63006.4 -94137.5 -2387.16 -33682.2
21859.4 -63024.9 -94189 -2363.56 -33711.6
21928.5 -63044.3 -94240 -2340.68 -33741.3
21997.6 -63063.7 -94290.8 -2317 -33771.4
22066.5 -63083 -94341.7 -2293.91 -33801.8
22135.6 -63102.3 -94392.5 -2270.1 -33832.2
22204.9 -63121.2 -94443.8 -2246.59 -33863
22274.2 -63140 -94495.2 -2222.69 -33893.9
22343.9 -63158.7 -94546.5 -2198.92 -33925.1
22413.4 -63177.3 -94598 -2174.93 -33956.5
22482.7 -63196.1 -94649.4 -2149.51 -33987.8
22552.2 -63214.6 -94700.4 -2125.94 -34019.8
22621.5 -63233.3 -94751.6 -2101.27 -34051.9
22691.1 -63251.4 -94803 -2077.35 -34084.4
22760.5 -63269.9 -94854.2 -2052.48 -34117.1
22830.2 -63288 -94905.7 -2028.33 -34150
22899.7 -63306.3 -94957.1 -2003.14 -34183
22969.5 -63324.2 -95008.5 -1979.01 -34216.6
23039.1 -63342.4 -95060 -1953.42 -34250.1
23109 -63359.9 -95111.3 -1929.29 -34284.1
23178.5 -63378.2 -95162.8 -1903.12 -34318.1
23248.7 -63395.6 -95215.9 -1877.99 -34352.3
23318.4 -63414 -95270.9 -1849.3 -34385.5
23388.7 -63432 -95325.9 -1822.16 -34419.3
23459 -63450.1 -95380.9 -1793.94 -34453.2
23529.9 -63467.5 -95436.1 -1766.91 -34487.7
23600.8 -63485.3 -95491.1 -1738.93 -34522.3
23671.9 -63502.9 -95545.6 -1712.23 -34557.4
23743 -63520.7 -95600.4 -1684.41 -34592.6
23814.5 -63537.9 -95655.6 -1657.21 -34628.1
23885.9 -63555.1 -95711 -1629.21 -34663.6
23957.4 -63571.8 -95766.2 -1602.01 -34699.5
24029 -63588.9 -95821.3 -1574.06 -34735.6
24100.8 -63605.5 -95876.5 -1546.77 -34772.1
24172.4 -63622.3 -95931.7 -1518.54 -34808.7
24244.2 -63638.6 -95986.8 -1491.06 -34845.8
24315.9 -63655 -96041.9 -1462.91 -34883.4
24388.1 -63670.8 -96096.9 -1435.4 -34921.7
24460.2 -63687.2 -96152.2 -1406.18 -34959.6
24532.4 -63703.3 -96207.6 -1378.06 -34997.8
24604.4 -63719.3 -96262.9 -1349.39 -35036.2
24676.5 -63735.1 -96318.2 -1321.19 -35075.1
24748.5 -63750.8 -96373.4 -1292.26 -35114.2
24820.5 -63766.5 -96428.6 -1263.46 -35153.6
24892.6 -63782 -96483.9 -1234.72 -35193.4
24964.4 -63797.2 -96539.1 -1205.28 -35233.4
25036.5 -63812.5 -96594.3 -1176.21 -35273.9
25108.5 -63827.9 -96649.5 -1146.42 -35314.6
25180.1 -63844 -96704.4 -1115.02 -35355.3
25252.6 -63859.3 -96759.1 -1086.4 -35397
25325 -63874.3 -96814.2 -1056.83 -35438.6
25397.7 -63888.2 -96869 -1027.87 -35481.2
25470.3 -63901.4 -96924.5 -999.813 -35523.6
25543 -63915 -96979.8 -969.995 -35566.6
25616.6 -63928 -97034.9 -942.307 -35610.2
25690.1 -63940.9 -97090 -912.57 -35654.3
25764.1 -63953 -97145.2 -885.942 -35698.7
25838 -63965.4 -97200.1 -855.32 -35743.6
25913 -63976.6 -97255.3 -829.473 -35789.8
25987.5 -63988.7 -97310.4 -798.232 -35835.1
26062.8 -64000 -97364.8 -773.699 -35881.1
26137.3 -64012.5 -97416.7 -744.933 -35927.2
26213.1 -64023.8 -97469 -722.588 -35974.2
26287.8 -64035.6 -97521 -694.323 -36020.7
26363.2 -64046.1 -97573.2 -670.492 -36068.1
26438.4 -64057 -97624.9 -642.636 -36115.6
26513.8 -64068 -97677.2 -618.585 -36163.6
26589.2 -64078.4 -97728.8 -591.177 -36212.2
26665 -64088.7 -97780.9 -567.34 -36261
26741.1 -64098.2 -97832.5 -540.67 -36310.3
26817.3 -64107.8 -97884.6 -516.586 -36359.7
26894 -64116.8 -97936.2 -490.435 -36409.8
26970.6 -64126.1 -97988.4 -466.775 -36459.8
27047.2 -64135.4 -98039.9 -439.605 -36510.4
27124.5 -64143.8 -98092.1 -417.331 -36561.5
27201.3 -64152.8 -98143.4 -389.426 -36612.5
27278.8 -64161.1 -98195.8 -367.629 -36664
27355.6 -64169.6 -98247.2 -339.325 -36715.5
27433.6 -64177 -98299.2 -319.064 -36767.6
27510.5 -64185.3 -98350.6 -291.026 -36819.8
27588.2 -64192.9 -98402.6 -269.352 -36872.4
27665 -64201.4 -98453.8 -240.068 -36925.3
27743.4 -64207.9 -98505.3 -219.946 -36978.8
27820.7 -64215.8 -98556.5 -191.178 -37032.2
27899.9 -64222.3 -98607.8 -172.048 -37086.5
27978.2 -64229.7 -98658.9 -144.646 -37141.2
28056.8 -64236.1 -98709.8 -123.73 -37196.5
28310.5 -64105.6 -98827.6 -149.014 -37248.2
28336.1 -64138.9 -98866.9 -102.932 -37313.3
28402.1 -64165.6 -98910.8 -53.1912 -37368.3
28453.6 -64182 -98949.7 -51.2466 -37429.6
28506.7 -64207.4 -98989.1 -17.0747 -37483.8
28569.2 -64224.6 -99032.4 5.7527 -37539.9
28634.2 -64241.5 -99077.4 40.4497 -37595.4
28705.6 -64252.2 -99124.4 57.3585 -37652.2
28777 -64263.4 -99171.8 87.4521 -37709
28851.1 -64270.5 -99220.7 109.38 -37766.6
28925.3 -64278.6 -99269.4 140.535 -37824.4
29002.3 -64283.6 -99319.4 158.687 -37882.8
29077.9 -64290.3 -99369.2 189.051 -37941.7
29155.6 -64294.6 -99420 208.818 -38001.2
29231.9 -64300.9 -99470.3 240.357 -38060.7
29310.7 -64304 -99521.5 258.808 -38120.8
29386.8 -64310.9 -99573 293.406 -38180.9
29465.1 -64316.3 -99626 317.431 -38241
29541.5 -64324.8 -99678.4 354.293 -38301.2
29619.9 -64330.4 -99731.4 378.597 -38361.7
29696.2 -64338.9 -99783.9 415.568 -38422.2
29774.6 -64344.7 -99836.8 440.87 -38483.1
30003.3 -64245.9 -99954.7 451.896 -38538.1
30035.6 -64273.1 -99994.9 486.854 -38605.3
30079.4 -64307.4 -100031 536.265 -38670.5
30137.5 -64328.2 -100074 563.373 -38735.2
30199 -64348 -100119 603.067 -38796.1
30267.2 -64360.7 -100168 627.493 -38857.3
30335.6 -64375.8 -100217 667.362 -38918.4
30408.7 -64385 -100267 691.912 -38980.4
30480.6 -64396.7 -100318 732.337 -39043.1
30555.9 -64404.4 -100370 757.711 -39105.8
30629.7 -64414.4 -100421 798.13 -39169.4
30706.5 -64419.9 -100474 823.349 -39232.7
30781.3 -64428.7 -100526 863.808 -39297
30858.3 -64435 -100580 890.928 -39360.8
30933.4 -64444 -100632 932.687 -39425.6
31010.8 -64449.8 -100687 959.693 -39489.7
31085 -64459.8 -100740 1003.31 -39555.1
31161.7 -64466.6 -100795 1031.81 -39619.8
31236.1 -64476.2 -100849 1074.8 -39685.7
31312.3 -64483.4 -100904 1107.06 -39750.6
31386.8 -64492.8 -100958 1150.89 -39816.7
31462.8 -64500 -101013 1183.53 -39881.6
31536.8 -64509.8 -101067 1228.57 -39947.6
31612.9 -64516.7 -101122 1260.9 -40012.7
31686.9 -64526.1 -101177 1305.91 -40079.1
31762.9 -64532.7 -101232 1338.09 -40144.5
31836.8 -64542.1 -101287 1383.44 -40211.6
31913 -64548.2 -101342 1415.2 -40277.4
31986.9 -64557.4 -101396 1461.38 -40345.2
32063.3 -64563.2 -101451 1492.75 -40411.2
32137.6 -64571.8 -101506 1537.31 -40479.3
32213.5 -64578 -101561 1571.18 -40546.2
32287.6 -64586.8 -101616 1617.51 -40614.4
32364 -64592.4 -101671 1649.2 -40681.2
32438.3 -64600.7 -101726 1693.72 -40750.3
32514.4 -64606.4 -101781 1727.21 -40817.6
32588 -64615.3 -101836 1773.82 -40886.5
32663.9 -64621.3 -101891 1806.8 -40953.8
32737.8 -64629.7 -101945 1853.15 -41023.8
32814 -64635 -102001 1885.75 -41091.2
32888.5 -64642.5 -102056 1930.61 -41161.8
32964.4 -64648.2 -102112 1964.86 -41229.5
33038 -64656.6 -102166 2012.32 -41299.7
33112.9 -64662.1 -102222 2045.33 -41367.2
33182.3 -64669.8 -102277 2093.44 -41437.5
33252.5 -64674.9 -102332 2131.5 -41504.5
33320.3 -64682.6 -102386 2181.79 -41574.6
33389.8 -64687.5 -102441 2219.04 -41641.7
33457.1 -64695.2 -102494 2269.96 -41712.2
33526.5 -64699.9 -102549 2307.11 -41779.4
33593.6 -64707.6 -102603 2358.11 -41850.3
33663 -64712 -102657 2394.83 -41917.8
33730.1 -64719.6 -102711 2446.23 -41989.3
33799.4 -64724 -102765 2483.11 -42057.8
33866.7 -64731.3 -102819 2533.76 -42126.4
33936 -64735.7 -102873 2570.9 -42194.9
34003.3 -64742.9 -102927 2621.28 -42267.2
34072.7 -64747.2 -102982 2658.73 -42336.3
34140 -64754.2 -103035 2710.15 -42405.7
34209.6 -64758.3 -103090 2746.23 -42474.6
34277.2 -64764.7 -103143 2795.81 -42547.5
34346.3 -64769.3 -103198 2835.15 -42615.1
34414 -64775.7 -103252 2883.29 -42688.6
34483.3 -64779.9 -103306 2922.71 -42756.1
34551 -64786.4 -103360 2970.67 -42830.7
34620.2 -64790.4 -103414 3010.93 -42898.1
34688.1 -64796.2 -103468 3057.6 -42967.9
34757.1 -64800.5 -103522 3097.41 -43040.2
34825.3 -64805.5 -103576 3143.65 -43110.1
34894 -64810.4 -103631 3183.86 -43183.6
34962.5 -64815 -103684 3229.8 -43252.6
35031.3 -64819.5 -103739 3271.29 -43322.1
35101.4 -64824.8 -103792 3313.77 -43393.5
35171.9 -64830.7 -103845 3354.87 -43468.5
35242.9 -64836.3 -103898 3398.8 -43538.6
35314 -64842 -103951 3439.14 -43609.2
35385 -64847.8 -104004 3481.17 -43681.3
35456.4 -64853.1 -104057 3520.94 -43752.6
35527.4 -64859 -104110 3563.8 -43825.4
35598.9 -64863.8 -104163 3602.24 -43896.5
35670 -64869.4 -104216 3645.47 -43969.5
35741.6 -64874.1 -104270 3684.23 -44041
35812.6 -64879.8 -104323 3727.71 -44114.6
35884.5 -64884.1 -104376 3764.68 -44185.5
35955.4 -64889.5 -104429 3808.89 -44259.3
36027.1 -64894.1 -104483 3846.33 -44330.6
36098 -64899.4 -104536 3889.7 -44404.1
36169.6 -64903.6 -104589 3927.74 -44475.6
36240.4 -64909 -104643 3971.41 -44549.6
36311.5 -64913.4 -104696 4008.96 -44620.6
36381.2 -64919.1 -104749 4054.9 -44694.4
36451.7 -64924 -104804 4092.9 -44764.6
36521 -64929.7 -104857 4138.06 -44837.6
36591.6 -64933.9 -104911 4175.61 -44907.7
36661.2 -64939.4 -104965 4220.09 -44980.9
36731.8 -64943.5 -105019 4257.76 -45051.1
36801.4 -64948.6 -105072 4301.89 -45124.3
36871.9 -64952.7 -105127 4339.06 -45194.7
36941.5 -64957.7 -105180 4382.43 -45267.3
37012.1 -64961.4 -105234 4419.96 -45338.1
37081.8 -64966.3 -105288 4463.72 -45411.3
37152.4 -64970.2 -105342 4501.22 -45481.9
37222.2 -64974.7 -105396 4544.26 -45554.9
37292.7 -64978.4 -105450 4581.1 -45625
37362.4 -64983.1 -105504 4625.31 -45698.7
37433.1 -64986.3 -105558 4661.58 -45768.5
37502.8 -64991.1 -105612 4705.83 -45842.6
37573.6 -64993.9 -105667 4741.13 -45912.4
37643 -64998.7 -105721 4785.59 -45985.6
37713.9 -65001.2 -105775 4821.15 -46055.7
37783.4 -65005.8 -105829 4865.52 -46129.4
37854.4 -65007.8 -105884 4895.79 -46197.9
37923.8 -65012.6 -105938 4939.82 -46269.6
37994.8 -65015.3 -105992 4975.58 -46339.8
38064.5 -65019.4 -106047 5019.78 -46413.7
38135.3 -65021.7 -106101 5055.77 -46483.4
38335.4 -64926.4 -106217 5101.08 -46542.6
38362 -64951.5 -106265 5123.44 -46601.8
38406.7 -64978.6 -106304 5170.4 -46685.6
38462.6 -64997.3 -106347 5215.32 -46761.7
38520.4 -65010.9 -106394 5264.69 -46842.5
38581.9 -65016.8 -106445 5288.84 -46912.8
38644.3 -65024.6 -106496 5333.6 -46983.7
38710.6 -65029.9 -106548 5358.34 -47051.6
38776.8 -65036.6 -106600 5401.99 -47121.8
38845.4 -65040.5 -106654 5425.72 -47189.3
38913.5 -65045.5 -106707 5471.03 -47259.4
38983.3 -65048 -106761 5497.74 -47328.5
39141.6 -64994.1 -106858 5583.04 -47396.7
39184.5 -65005 -106907 5591.39 -47453.3
39239.9 -65023.4 -106952 5615.16 -47523.5
39300 -65031.4 -107001 5645.63 -47586.7
39362.3 -65036.4 -107055 5660.08 -47657.5
39428.2 -65038.4 -107109 5697.78 -47714.4
39495 -65042.6 -107164 5711.85 -47785.9
39565.3 -65042.9 -107219 5743.88 -47840.7
39635 -65045.1 -107275 5767.19 -47908.7
39707 -65043.9 -107333 5771.31 -47959.1
39778.5 -65045.2 -107388 5842.8 -48017.7
39851.8 -65043 -107449 5808.71 -48072.8
39925.1 -65041.9 -107507 5848.95 -48112.8
39998.6 -65041.1 -107565 5925.27 -48171.1
40143 -64994 -107661 5879.51 -48178.8
40196.2 -64999.7 -107715 5982.76 -48222.8
40315 -64958.3 -107800 5923.54 -48187.7
40365.9 -64966.7 -107854 6238.36 -48137.3
40542.4 -64852.1 -107954 5995.93 -47704.2
40634.1 -64798.8 -108003 5439.47 -46954.2
40734.8 -64741.1 -108062 4100.66 -46950.7
40778.5 -64820.1 -108143 4392.22 -47194.6
40810.8 -64858.2 -108202 4683.59 -47487.6
40845.6 -64884.7 -108253 4976.81 -47740.3
40934.9 -64883.4 -108338 5027.56 -47940.4
41012.2 -64889.7 -108399 5194.24 -48183.1
41097.1 -64897.4 -108459 5383.8 -48482.6
41169.7 -64916.3 -108508 5563.79 -48843.1
41245.2 -64942.3 -108552 5742.43 -49289.5
41284.5 -65006.8 -108563 6022.55 -49557
41321.2 -65079.6 -108560 6723.42 -49624.6
41431.3 -65109.2 -108636 7184 -49809.4
41465.2 -65148.4 -108675 7165.45 -49835.2
41515.6 -65174.7 -108715 7162.33 -49831.9
41552.9 -65200.7 -108752 7188.84 -49899.1
41600.9 -65223.7 -108793 7234.82 -49983.4
41655.9 -65241.7 -108838 7282.74 -50066.9
41715.8 -65253.6 -108886 7325.39 -50149.3
41778.7 -65262.3 -108936 7357.45 -50224.3
41843.9 -65268.7 -108989 7379.38 -50292.9
41910.7 -65273 -109043 7394 -50353.6
41978.7 -65276 -109098 7410.86 -50412.3
42047.5 -65278 -109154 7427.57 -50468.3
42116.5 -65280.2 -109210 7450.12 -50527.8
42185.4 -65283.2 -109267 7477.72 -50584
42254.8 -65286.1 -109323 7512.22 -50648.1
42325 -65288.2 -109380 7545.04 -50711.1
42395.1 -65290.1 -109437 7579.3 -50776.5
42465.4 -65291.5 -109494 7610.9 -50839.3
42535.5 -65293.5 -109551 7645.39 -50905.1
42605.9 -65294.9 -109609 7669.05 -50966.8
42676.1 -65296.9 -109666 7702.67 -51030.9
42746.8 -65298.1 -109723 7737.74 -51096.2
42817.2 -65299.6 -109781 7777.75 -51165
42922.5 -65279.8 -109857 7806.04 -51226.2
42987.2 -65290.3 -109908 7833.98 -51292.3
43051.7 -65296.6 -109962 7876.76 -51362.4
43116.9 -65299.3 -110017 7928.93 -51439.4
43183.1 -65299.6 -110074 7972.11 -51517.2
43249.7 -65300.6 -110131 8016.75 -51596.2
43317.8 -65302.2 -110187 8090.34 -51683.9
43386.7 -65303.9 -110244 8173.1 -51786.1
43456 -65305.9 -110300 8206.82 -51883.9
43525.8 -65307.2 -110358 8303.84 -51977.1
43595.8 -65309.3 -110415 8298.45 -52059.3
43666.3 -65310.2 -110473 8366.01 -52130
43737.1 -65311 -110530 8425.66 -52211.2
43807.6 -65312.6 -110588 8404.28 -52270.7
43877.9 -65313.9 -110646 8443.69 -52324.6
43948.9 -65314.8 -110703 8458.98 -52382.5
44018.9 -65317.1 -110760 8496.42 -52440.1
44089 -65320 -110817 8533.15 -52507
44159.7 -65321.8 -110874 8580.85 -52578.8
44230.6 -65322.9 -110932 8605.32 -52653.3
44301.5 -65323.8 -110989 8642.35 -52720.3
44372.6 -65324.2 -111047 8682.67 -52793.3
44444.1 -65323.8 -111104 8716.53 -52864
44515.3 -65323.8 -111162 8742.28 -52931.7
44586.6 -65323.2 -111219 8759.3 -52991.6
44657.5 -65323.1 -111276 8777.51 -53052.3
44728.8 -65322.5 -111333 8789.8 -53106.5
44799.7 -65322.3 -111391 8804.33 -53160.2
44871.1 -65321.6 -111448 8808.74 -53204.5
44941.9 -65321.6 -111504 8807.66 -53246.2
45013.1 -65321 -111561 8792.08 -53274.9
45084.2 -65320.3 -111618 8764.75 -53295.8
45155.4 -65319.2 -111675 8712.12 -53295
45226.5 -65318 -111731 8640.24 -53273.8
45297.6 -65316.7 -111787 8536.22 -53224.3
45368.4 -65315.9 -111843 8409.97 -53151.3
45439.3 -65314.7 -111898 8262.43 -53017.3
45567.8 -65294.6 -111976 8250 -52921.4
45699.7 -65237.5 -112064 8265.6 -52916.6
45728.2 -65266.2 -112107 8249.09 -52964.8
45776.3 -65289.5 -112146 8264.01 -53025.7
45829.9 -65305.2 -112191 8295.76 -53097.3
45887 -65313.7 -112240 8322.08 -53164.1
45945.6 -65317.2 -112292 8345.38 -53227.8
46006.8 -65319.3 -112345 8361.25 -53284.6
46070 -65320.8 -112399 8376.01 -53340.5
46134.9 -65321.3 -112453 8388.26 -53392.4
46200 -65322.7 -112508 8405.82 -53445.6
46265.9 -65323.4 -112563 8426.21 -53496.4
46332.6 -65323 -112619 8450.13 -53554.4
46399.9 -65321.6 -112673 8466.66 -53607.4
46467 -65319 -112728 8484.03 -53661.1
46534.6 -65315.2 -112782 8492.28 -53706.9
46711.4 -65232.8 -112890 8538.35 -53742.7
46763.6 -65242.5 -112946 8552.54 -53787.4
46807.3 -65253.7 -112987 8547.35 -53840.3
46882.1 -65248.8 -113044 8566.13 -53890
46954.5 -65239.6 -113101 8575.59 -53935.3
47023.5 -65233.6 -113158 8583.78 -53980.3
47093.1 -65227.4 -113213 8592.66 -54027.5
47181.4 -65206.9 -113280 8615.64 -54073.9
47220.2 -65221.1 -113320 8603.25 -54122
47347.1 -65177 -113405 8647.63 -54170.2
47378.7 -65200.2 -113442 8623.95 -54214.4
47420.1 -65216.7 -113481 8630.78 -54267.8
47468.6 -65223.5 -113526 8642.67 -54319.6
47522.8 -65229.8 -113573 8653.06 -54373.7
47581.3 -65233 -113621 8660.64 -54421.9
47701.1 -65200.7 -113698 8688.85 -54466.1
47772.5 -65190.5 -113759 8689.06 -54502.7
47882.1 -65152.7 -113837 8714.96 -54557.8
47918.3 -65170.4 -113876 8697.06 -54594.3
47983.7 -65173.3 -113929 8721.19 -54646.3
48030.4 -65180.5 -113971 8720.55 -54697.3
48080.3 -65188.7 -114017 8724.04 -54747.4
48135.7 -65192.3 -114064 8733.59 -54796.2
48293 -65127 -114162 8756.32 -54841.3
48343.6 -65136.6 -114213 8775.23 -54875.4
48387.8 -65148.2 -114254 8762.59 -54927.7
48435.7 -65162.1 -114295 8764.01 -54979.8
48488.7 -65165.5 -114341 8769.25 -55026.4
48543 -65169.2 -114390 8782.43 -55080.3
48603.4 -65169.4 -114439 8788.86 -55125.8
48748.2 -65115.5 -114532 8828.25 -55166
48846.9 -65082.8 -114607 8836.63 -55202.9
48879.9 -65102.6 -114646 8817.43 -55246.6
48945.1 -65107.7 -114698 8842.73 -55302.3
49014.4 -65098.9 -114750 8856.03 -55347.8
49133.2 -65049.2 -114835 8879.73 -55391.3
49177.2 -65070.6 -114880 8870.24 -55429.5
49214.4 -65083.3 -114916 8865.85 -55482.8
49281.5 -65082.3 -114969 8882.01 -55528.9
49351.2 -65074.3 -115024 8884.41 -55574.1
49455.2 -65043.2 -115098 8905.69 -55615.1
49493 -65062.9 -115137 8882.76 -55661.3
49556.5 -65062.4 -115189 8905.2 -55711.3
49601.5 -65067.5 -115231 8902.09 -55759.9
49699.8 -65047.1 -115300 8926.61 -55805.9
49747.6 -65059.5 -115341 8909.32 -55850
49840.9 -65034.9 -115411 8939.89 -55892
49885 -65043.7 -115453 8923.27 -55938.3
50014 -64994.5 -115540 8964.79 -55980.9
50047.2 -65014.6 -115578 8935.55 -56022.8
50108.2 -65019.3 -115629 8957.16 -56071.8
50152.7 -65024.3 -115670 8954.79 -56121.8
50249.1 -65001.2 -115738 8977.03 -56163.4
50295.6 -65015.8 -115778 8956.8 -56209.1
50385.6 -64991.4 -115848 8989.01 -56253
50428.3 -65000.1 -115889 8973.05 -56298.3
50538.9 -64963.1 -115968 9003.25 -56346.4
50576.3 -64980.6 -116007 8983.96 -56382.8
50677.2 -64946.4 -116081 9018.29 -56425.3
50729.9 -64955.5 -116130 9013.47 -56463.9
50787.6 -64957.7 -116179 9020.76 -56512
50848 -64954.7 -116231 9024.43 -56554.9
50945.7 -64928.4 -116302 9050.47 -56595.4
50980.8 -64950 -116338 9026.69 -56640.5
51041.5 -64951.5 -116390 9049.11 -56690.2
51084.8 -64956.8 -116432 9046.39 -56736.3
51180.1 -64937.6 -116501 9070.09 -56776.8
51226.1 -64951.2 -116541 9051.06 -56820.3
51350.9 -64899.9 -116631 9105.92 -56860.8
51384.2 -64919.7 -116670 9070.4 -56901.4
51461.8 -64910.6 -116730 9104.93 -56943.9
51519.6 -64908.3 -116778 9099.64 -56985.9
51595.2 -64895.5 -116837 9107.79 -57024.3
51631.2 -64908.3 -116875 9089.53 -57068.9
51715.9 -64899.1 -116937 9121.4 -57112.1
51760.6 -64913.7 -116973 9103.68 -57160.2
51827.5 -64906.2 -117027 9119.81 -57202.8
51915.1 -64881.1 -117094 9133.43 -57239.3
52003.3 -64865.6 -117162 9161.45 -57281.7
52039.9 -64882.9 -117197 9134.59 -57328.9
52100.2 -64879.1 -117247 9138.98 -57362.6
52179.8 -64867.1 -117309 9162.1 -57406.5
52237.6 -64867.1 -117356 9152.36 -57443.4
52330.4 -64843 -117425 9170.33 -57486.5
52365.4 -64864.1 -117459 9147.45 -57524.9
52457.8 -64841.2 -117529 9183.75 -57573.9
52510.5 -64844.1 -117573 9174.69 -57606.8
52581.9 -64835.1 -117630 9186.56 -57647
52652.3 -64824.2 -117685 9183.65 -57682.7
52729.5 -64816.5 -117746 9205.91 -57727.3
52779 -64824.2 -117788 9195.25 -57770.2
52848.7 -64814.2 -117842 9197.93 -57809.6
52914 -64812 -117897 9204.31 -57846
52965.9 -64815.2 -117942 9195.97 -57885.6
53053.4 -64797.2 -118010 9216.56 -57928.9
53104.1 -64808 -118053 9203.31 -57962.6
53173.7 -64801.6 -118111 9224.3 -58009.1
53243.2 -64787.7 -118167 9229.69 -58047.1
53291 -64797.4 -118213 9218.13 -58083.4
53382.4 -64771.6 -118280 9238.57 -58123.9
53467.1 -64759.5 -118348 9264.79 -58165.1
53508.9 -64774.6 -118389 9244.63 -58204.4
53559 -64778.8 -118433 9238.79 -58243.9
53630.6 -64769.3 -118491 9247.39 -58279.9
53699.6 -64761 -118546 9246 -58313.1
53778.5 -64748.3 -118609 9265.57 -58355.4
53826.6 -64758.3 -118651 9249.42 -58393.8
53895.5 -64750.3 -118706 9260.95 -58434.1
53964.1 -64740.9 -118761 9256.98 -58468.2
54040.7 -64732.5 -118823 9277.87 -58511
54090.8 -64739.1 -118865 9265.49 -58553.7
54160.3 -64728.5 -118921 9265.08 -58589.2
54226 -64725.4 -118975 9268.35 -58624.3
54294.3 -64716.5 -119030 9266.93 -58660
54371.4 -64705.9 -119092 9279.33 -58700.1
54435.1 -64702.1 -119143 9273.16 -58737.2
54495.5 -64701.2 -119195 9275.1 -58778.9
54561.4 -64692.8 -119248 9278.28 -58813
54636.5 -64686.4 -119309 9290.35 -58852.1
54684.3 -64694.7 -119351 9276.9 -58892.4
54753.1 -64687.7 -119405 9279.06 -58931.7
54819.5 -64682.5 -119459 9280.36 -58964.9
54886.4 -64676.5 -119513 9283.6 -59000.7
54987.8 -64648.8 -119586 9301.63 -59034.6
55073.6 -64626.1 -119649 9279.88 -59053.2
55111.4 -64652.4 -119690 9287.9 -59095.6
55188.6 -64633.5 -119750 9282.41 -59139.9
55238.1 -64642.8 -119798 9270.26 -59166.1
55306.6 -64638.8 -119856 9288.22 -59203.3
55364.2 -64638.9 -119907 9284.82 -59239.6
55436.9 -64634.2 -119969 9298.22 -59278.7
55509.4 -64623.2 -120027 9286.67 -59310.1
55578.8 -64616.1 -120088 9278.52 -59334.8
55645.2 -64615.1 -120146 9284.35 -59367.4
55735.5 -64590 -120216 9272.39 -59397.4
55791.7 -64599 -120268 9267.92 -59416.6
55881.8 -64570.9 -120336 9248.94 -59441
55967.4 -64570.6 -120401 9306.23 -59466.2
55980.8 -64605.7 -120427 9273.5 -59520.5
56038.7 -64603.7 -120469 9239.21 -59537.4
56140.4 -64572 -120538 9229.88 -59548.4
56221.4 -64558.1 -120599 9211.36 -59557.2
56280.5 -64562.4 -120646 9189.33 -59566.6
56356 -64549.1 -120702 9164.57 -59587.2
56414.7 -64558.8 -120750 9155.91 -59586.7
56491.8 -64541.3 -120804 9125.71 -59612.8
56547.2 -64556.6 -120852 9132.41 -59634.5
56610.2 -64551 -120897 9100.89 -59657.7
56688.3 -64538.3 -120953 9072.57 -59661.2
56748.6 -64543.4 -121000 9055.56 -59677.6
56821.1 -64536.6 -121053 9043.93 -59699.3
56885.1 -64535 -121101 9019.6 -59707.5
56958.4 -64560 -121146 9116.58 -59748.6
56972.9 -64597.1 -121169 9079.44 -59821
57002.3 -64607.9 -121196 9001.3 -59834.5
57141.5 -64548 -121283 9014.06 -59861.7
57212.2 -64541.2 -121337 8990.72 -59863
57279.8 -64537.7 -121388 8966.91 -59869.6
57346.9 -64530.9 -121441 8933.35 -59882.8
57408.5 -64531 -121490 8907.32 -59886.7
57480.7 -64517.9 -121548 8882.08 -59899
57539.8 -64524 -121598 8863.14 -59896.1
57614.1 -64508.3 -121655 8824.82 -59922
57675 -64515.4 -121706 8821.36 -59923.5
57754.2 -64494.5 -121764 8791.23 -59946.9
57810.3 -64507.8 -121812 8788.1 -59949.3
57892.6 -64483.8 -121871 8762.61 -59978.6
57948 -64496 -121919 8756.36 -59997.8
58015.5 -64485.8 -121969 8722.62 -60019.9
58092.8 -64479.1 -122030 8719.29 -60028.3
58154.6 -64474.1 -122076 8686.04 -60054.8
58224 -64475 -122132 8697.95 -60062.9
58281.5 -64474 -122176 8660.19 -60095.1
58361.2 -64457.4 -122237 8634.05 -60100.8
58426.8 -64454.8 -122289 8616.85 -60114.1
58508.1 -64474.1 -122337 8697.73 -60140.1
58521.1 -64515 -122358 8669.43 -60203.5
58555.4 -64528.7 -122389 8605.11 -60240.8
58678.9 -64461.9 -122477 8603.41 -60250
58758.4 -64448.4 -122544 8584.44 -60244.2
58835 -64432.2 -122600 8555.51 -60254.3
58893.1 -64437 -122649 8521.63 -60253.5
58965.2 -64422.6 -122703 8499.28 -60272.2
59024 -64433.1 -122754 8475.78 -60266
59098.6 -64414.7 -122807 8438.53 -60294.2
59159.5 -64421 -122859 8434.75 -60297.6
59233.8 -64403.2 -122912 8399.28 -60323.3
59297.7 -64410.8 -122965 8397.55 -60323
59358.1 -64405.1 -123008 8366.14 -60358.1
59435.1 -64389.7 -123069 8341.2 -60370.7
59502.4 -64386.6 -123120 8324.76 -60369.4
59575.4 -64377.8 -123175 8315.37 -60396.9
59640 -64373.4 -123223 8285.49 -60407.6
59719 -64399.7 -123266 8379.63 -60443
59732.4 -64440.6 -123289 8351.5 -60515.3
59767.1 -64452.4 -123317 8296.32 -60533.2
59883.1 -64390.7 -123402 8287.86 -60567.4
59978.4 -64362.4 -123476 8272.21 -60575.3
60055.3 -64346.1 -123530 8242.15 -60581.1
60110.6 -64353.5 -123577 8210.2 -60584.9
60195.7 -64327.2 -123637 8171.47 -60608.1
60263.6 -64326.5 -123689 8127.35 -60590.5
60345.4 -64302.8 -123747 8096.9 -60606.1
60385.8 -64332.5 -123787 8081.94 -60603.5
60474.3 -64300.6 -123846 8044.51 -60638.6
60543.1 -64295 -123900 8009.43 -60643.4
60634.2 -64263.2 -123960 7967.87 -60651.7
60684.6 -64290.3 -124004 7990.34 -60650.6
60751.1 -64276.6 -124050 7949.8 -60705.5
60830.9 -64255.2 -124106 7937.69 -60723.2
60900.4 -64248.6 -124154 7894.24 -60720.9
60956.3 -64254.6 -124196 7870.53 -60728.2
61034.7 -64236.4 -124249 7825.55 -60739.8
61104.3 -64275.7 -124284 7940.41 -60762
61118.3 -64315.7 -124310 7931.17 -60850.4
61153.9 -64327.2 -124338 7874.8 -60881.1
61289.4 -64248.9 -124422 7887.19 -60927
61361.2 -64241.5 -124482 7871.74 -60941.7
61426.7 -64232 -124526 7868.65 -60963.5
61500.9 -64222 -124579 7811.3 -60960.6
61577.9 -64202.3 -124626 7769.78 -60980.4
61636.9 -64209.6 -124673 7733.13 -60959.7
61717.6 -64181.9 -124711 7673.63 -60983.2
61765.6 -64198.1 -124756 7624.04 -60963.5
61839.4 -64180.1 -124806 7579.02 -60963.3
61898.5 -64189.6 -124854 7528.01 -60928.2
61978.3 -64162.7 -124897 7469.71 -60939
62033.7 -64175.8 -124946 7453.18 -60934.5
62113.5 -64147.9 -124993 7398.29 -60953.8
62164 -64170.5 -125037 7397.26 -60936
62250.9 -64135.7 -125080 7353.51 -60973.3
62299.4 -64148.1 -125126 7325.17 -60982.3
62383.4 -64117.9 -125170 7270.86 -60987.8
62430.6 -64143.3 -125214 7274.55 -60974.4
62493.7 -64131.1 -125256 7234.55 -61018.6
62575.3 -64107.2 -125306 7200.49 -61023.2
62633.2 -64110.7 -125347 7160.91 -61009.8
62702.6 -64096.5 -125387 7119.1 -61026.6
62748 -64125.2 -125427 7128.51 -61011.7
62829.8 -64093.1 -125455 7077.97 -61053
62875 -64106.9 -125503 7052.8 -61067.4
62947.2 -64088.5 -125550 7013.37 -61075.2
63011.4 -64085.2 -125597 6975.97 -61070.7
63093.1 -64062.2 -125623 6906.11 -61067.7
63131.6 -64093.8 -125665 6904 -61053.3
63200.9 -64074.8 -125713 6880.53 -61087.4
63271.8 -64056.8 -125756 6832.22 -61102.9
63330.9 -64079.7 -125794 6857.65 -61092.7
63360.9 -64103.4 -125821 6854.64 -61136.3
63463.8 -64053.4 -125851 6776.33 -61151.3
63511.2 -64065.2 -125901 6744.23 -61157.9
63570.7 -64057.5 -125947 6714.68 -61166.6
63649.9 -64034.6 -125992 6660.56 -61166.9
63689.6 -64061 -126032 6650.51 -61151.2
63778.7 -64026.5 -126046 6587.54 -61170.4
63821.4 -64042.5 -126096 6552.63 -61171.5
63870.5 -64049.4 -126141 6522.62 -61174.9
63964.8 -64007.2 -126181 6478.24 -61192.8
64012.1 -64027.6 -126227 6456.31 -61168.7
64072.8 -64015.8 -126266 6414.62 -61207.7
64140.8 -64007.2 -126317 6396.67 -61212.9
64220.6 -63983.9 -126325 6317.89 -61199
64261.8 -64007.3 -126375 6303.99 -61194.5
64294.9 -64028.6 -126409 6284.3 -61218
64396 -63978.5 -126461 6258.98 -61250.4
64454.2 -63991.7 -126508 6254.98 -61237.5
64500.6 -63997 -126542 6237.85 -61278.2
64587.6 -63960.5 -126582 6172.95 -61288.3
64630.5 -63984.1 -126625 6151.68 -61261.6
64710.1 -63952.6 -126656 6106.7 -61301.6
64756.9 -63967 -126703 6079.95 -61293.5
64817.4 -63959 -126744 6056.21 -61314.9
64879.5 -63957.8 -126790 6032.13 -61309.9
64962.9 -63928 -126797 5963.33 -61331.6
65003 -63948.6 -126846 5933.25 -61313.1
65027.8 -63978 -126878 5907.78 -61330.3
65135.8 -63925.3 -126941 5906.38 -61369.7
65194.9 -63933.5 -126990 5897.81 -61365.5
65273.3 -63902.6 -126993 5826.77 -61385.9
65319.2 -63920 -127044 5792.99 -61382.4
65333.5 -63958.1 -127071 5757.41 -61402.6
65439.4 -63909.2 -127137 5767.31 -61429.2
65500.5 -63911.4 -127188 5762.43 -61445.1
65586.1 -63877.2 -127182 5688.08 -61457.5
65630.8 -63891 -127236 5652.64 -61454.4
65652.1 -63925.8 -127269 5634.05 -61456.5
65740.5 -63893.3 -127335 5643.8 -61508
65820 -63866.4 -127381 5619.08 -61535.1
65883.5 -63885.1 -127422 5659.37 -61537.4
65923.8 -63893.3 -127457 5678.52 -61597.4
66012.2 -63851.7 -127488 5624.05 -61650.5
66051 -63871.1 -127529 5608.76 -61660.3
66106 -63868.3 -127570 5601.6 -61696
66189.1 -63840.5 -127618 5578.71 -61731
66228.5 -63864.4 -127657 5590.69 -61743.2
66320.9 -63824.4 -127654 5561.96 -61804.4
66362.2 -63837.8 -127705 5543.43 -61830.1
66393.4 -63857 -127746 5550.95 -61855.7
66458.1 -63843.3 -127798 5583.67 -61935.8
66542.3 -63808.7 -127845 5590.03 -62006.5
66587.1 -63823.7 -127887 5636.24 -62042.8
66675.3 -63785.9 -127876 5635.91 -62137.6
66717 -63796.9 -127929 5654.22 -62203.9
66737.5 -63822 -127963 5697.61 -62280.7
66803.2 -63808.2 -128016 5800.96 -62430.6
66883.2 -63776.8 -128059 5889.91 -62623.1
66939.7 -63781.4 -128105 6059.25 -62817.5
67025.2 -63737.7 -128065 6251.91 -63117.5
67065.4 -63750.4 -128115 6540.78 -63573.1
67090.2 -63767 -128149 6995.73 -64290.7
67206.8 -63677.4 -128162 7833.22 -65301.4
67242.6 -63684.9 -128194 8502.3 -66601.9
67372.9 -63528.1 -128038 9185.89 -66965.2
67390 -63552.8 -128047 9430.96 -67007.2
67407.9 -63571.5 -128081 9587.73 -67141.9
67473.1 -63555.9 -128145 9823.34 -67290.6
67532.6 -63551.6 -128206 9875.28 -67382.4
67591.2 -63547.2 -128259 10050.3 -67514.5
67691.5 -63515.8 -128305 10003.9 -67576.4
67734.7 -63531.6 -128361 10074.9 -67625
67800.5 -63515.9 -128398 10078.4 -67727.2
67847.5 -63526.1 -128449 10170.5 -67781.2
67929.9 -63496.7 -128455 10149.3 -67866.8
67970.7 -63512 -128507 10179.7 -67895.6
67991.4 -63540 -128546 10185.1 -67937.5
68065.1 -63516.3 -128601 10209.7 -68012.8
68137.7 -63496.2 -128651 10252.9 -68106.2
68187 -63502.9 -128693 10313.5 -68147.5
68270.7 -63476.2 -128703 10286.1 -68214.6
68311.8 -63491.1 -128750 10286.6 -68224.8
68333 -63519 -128786 10299 -68250.6
68406.5 -63495.3 -128839 10305.7 -68323.1
68461.1 -63494.9 -128888 10354.5 -68368
68554.6 -63458.6 -128892 10338.1 -68440.2
68592.1 -63475.8 -128941 10325.3 -68449.7
68612.8 -63506 -128973 10305.6 -68447.7
68670.8 -63500.7 -129023 10293.1 -68480.1
68756.1 -63468.9 -129078 10325.6 -68550
68802.1 -63480.7 -129120 10319.4 -68556.2
68894.5 -63439.7 -129097 10347.6 -68699.7
68934.4 -63452.8 -129150 10340.1 -68712.9
68948.8 -63481.9 -129183 10313.1 -68736.7
69015.3 -63474.3 -129239 10349.4 -68738.3
69063.5 -63471.8 -129280 10314.7 -68779
69131.9 -63458.9 -129336 10328.4 -68825.5
69233.5 -63417.8 -129371 10353 -68906.5
69276.4 -63435.9 -129415 10340.6 -68898.4
69310.4 -63450.1 -129448 10330.7 -68922.2
69384.7 -63422.2 -129495 10328.5 -68991.3
69446.9 -63424.1 -129545 10333.1 -68991.6
69500.2 -63414.4 -129572 10317.5 -69062.8
69550.3 -63420.3 -129618 10311 -69054.5
69636.3 -63388.6 -129622 10300.4 -69119.4
69676.5 -63403.1 -129671 10259.3 -69096
69696.8 -63431.4 -129705 10203.2 -69078.5
69760 -63421.2 -129760 10200.8 -69075.9
69820.9 -63409.8 -129809 10160.9 -69093.6
69884.4 -63409.1 -129862 10137.9 -69062.8
69971.8 -63370.3 -129823 10154.6 -69238.2
69997.1 -63394.4 -129868 10123.1 -69231.4
70027.2 -63406.3 -129910 10065.9 -69216.4
70093.8 -63394.6 -129972 10040.6 -69189.8
70138.8 -63399.1 -130017 9961.15 -69151.1
70207.5 -63385.7 -130073 9871.71 -69099.6
70250.1 -63395.6 -130116 9696.59 -68974.9
70335.9 -63377.3 -130179 9485.2 -68794.3
70363.4 -63407.8 -130206 9067.8 -68480.1
70418 -63410.3 -130254 8550.92 -68012.1
70438.4 -63438 -130283 7759.07 -67340.5
70538.7 -63465.9 -130331 7040.59 -66323.3
70583.6 -63477.5 -130388 6022.25 -65258.1
70563.5 -63580.7 -130410 5259.26 -64114.9
70600.2 -63664.1 -130455 4353.95 -62958.8
70610.8 -63743 -130482 3108.21 -61324.7
70630.1 -63839.9 -130514 1095.78 -59234.6
70651.1 -63920.3 -130536 -178.119 -58440.3
70696.9 -63961 -130580 -168.892 -58549.2
70746.5 -63960.7 -130629 -169.271 -58624.6
70811.8 -63949.2 -130688 -167.924 -58643.7
70872.3 -63944 -130743 -177.956 -58670.7
70930.7 -63941.4 -130795 -182.163 -58696.5
70999.4 -63932.2 -130851 -176.701 -58724.4
71064.2 -63925.2 -130904 -188.367 -58744
71129.8 -63923.4 -130955 -160.342 -58780.1
71176.6 -63928.9 -130994 -189.709 -58805
71226 -63933.1 -131037 -197.379 -58826.1
71292.2 -63920.8 -131086 -207.77 -58854.6
71357.3 -63919 -131138 -183.425 -58884.8
71424.1 -63902.2 -131176 -197.886 -58919
71473.9 -63910.2 -131220 -227.452 -58925.1
71585.1 -63855.3 -131220 -276.348 -58951.5
71612.8 -63881.8 -131267 -301.103 -58954.3
71628.6 -63911.5 -131298 -358.739 -58966.4
71713.5 -63889.7 -131364 -282.263 -59003.7
71755.1 -63896.6 -131401 -296.05 -59034
71803.8 -63895.7 -131441 -326.495 -59062.9
71866.1 -63886.1 -131489 -334.68 -59084.8
71935.2 -63869.5 -131535 -351.534 -59109.5
72009.5 -63874.7 -131586 -315.987 -59127.8
72057 -63870.1 -131615 -343.646 -59165.4
72106.7 -63872.7 -131658 -373.291 -59187
72211.2 -63815.3 -131633 -451.05 -59195.1
72228.4 -63850 -131680 -472.793 -59191.8
72246.8 -63874.9 -131718 -531.378 -59205.3
72310.6 -63870.9 -131776 -476.962 -59223.2
72352.1 -63876.3 -131816 -493.951 -59261.4
72411 -63872.2 -131866 -493.334 -59294.1
72471 -63863.7 -131914 -507.485 -59323.1
72566.2 -63852.5 -131977 -461.874 -59354.2
72609.9 -63856.1 -132013 -487.103 -59388.4
72673.5 -63844.1 -132059 -512.92 -59421.7
72756.3 -63809.7 -132108 -530.266 -59441.4
72800.1 -63831.1 -132151 -519.276 -59440
72860.3 -63818.2 -132189 -536.033 -59486.4
72908.5 -63824.9 -132232 -563.818 -59498
73012.5 -63767.1 -132177 -678.612 -59481.2
73027.5 -63803.5 -132223 -697.53 -59486.3
73047.6 -63826.6 -132269 -766.844 -59496
73122 -63813.3 -132337 -703.297 -59508.5
73159.6 -63824.6 -132376 -723.448 -59550.6
73227.4 -63815.4 -132431 -715.871 -59581
73267.6 -63824.8 -132469 -734.59 -59611.5
