0.01 0.00010593
0.02 0.000105922
0.03 0.000105893
0.04 0.000105838
0.05 0.000105762
0.06 0.00010567
0.07 0.000105569
0.08 0.000105469
0.09 0.000105361
0.1 0.000105228
0.11 0.000105054
0.12 0.000104836
0.13 0.000104581
0.14 0.000104295
0.15 0.000103979
0.16 0.000103629
0.17 0.000103236
0.18 0.000102786
0.19 0.000102274
0.2 0.000101693
0.21 0.000101035
0.22 0.000100288
0.23 9.94268e-05
0.24 9.84328e-05
0.25 9.73146e-05
0.26 9.61104e-05
0.27 9.48564e-05
0.28 9.35676e-05
0.29 9.22558e-05
0.3 9.09426e-05
0.31 8.96402e-05
0.32 8.83419e-05
0.33 8.7044e-05
0.34 8.57496e-05
0.35 8.44694e-05
0.36 8.32269e-05
0.37 8.2049e-05
0.38 8.09668e-05
0.39 8.00169e-05
0.4 7.92338e-05
0.41 7.86225e-05
0.42 7.81397e-05
0.43 7.77121e-05
0.44 7.72448e-05
0.45 7.66517e-05
0.46 7.59022e-05
0.47 7.49992e-05
0.48 7.39361e-05
0.49 7.26715e-05
0.5 7.11248e-05
0.51 6.92393e-05
0.52 6.70254e-05
0.53 6.45357e-05
0.54 6.18313e-05
0.55 5.89483e-05
0.56 5.58991e-05
0.57 5.27012e-05
0.58 4.93823e-05
0.59 4.59756e-05
0.6 4.2509e-05
0.61 3.899e-05
0.62 3.54302e-05
0.63 3.18829e-05
0.64 2.84071e-05
0.65 2.50115e-05
0.66 2.16639e-05
0.67 1.83296e-05
0.68 1.50151e-05
0.69 1.1783e-05
0.7 8.72288e-06
0.71 5.92468e-06
0.72 3.43886e-06
0.73 1.2319e-06
0.74 -7.7203e-07
0.75 -2.57955e-06
0.76 -4.13733e-06
0.77 -5.42395e-06
0.78 -6.44841e-06
0.79 -7.21842e-06
0.8 -7.76111e-06
0.81 -8.1735e-06
0.82 -8.59268e-06
0.83 -9.10557e-06
0.84 -9.76913e-06
0.85 -1.0663e-05
0.86 -1.18361e-05
0.87 -1.3251e-05
0.88 -1.48258e-05
0.89 -1.64981e-05
0.9 -1.8256e-05
0.91 -2.0122e-05
0.92 -2.20793e-05
0.93 -2.40837e-05
0.94 -2.60906e-05
0.95 -2.79706e-05
0.96 -2.95068e-05
0.97 -3.04892e-05
0.98 -3.08044e-05
0.99 -3.04858e-05
1 -2.96391e-05
1.01 -2.83329e-05
1.02 -2.6626e-05
1.03 -2.45651e-05
1.04 -2.21454e-05
1.05 -1.94266e-05
1.06 -1.65825e-05
1.07 -1.38395e-05
1.08 -1.13617e-05
1.09 -9.10211e-06
1.1 -6.90627e-06
1.11 -4.65506e-06
1.12 -2.27593e-06
1.13 1.25636e-07
1.14 2.2799e-06
1.15 4.0589e-06
1.16 5.58616e-06
1.17 7.04918e-06
1.18 8.54345e-06
1.19 1.01313e-05
1.2 1.19926e-05
1.21 1.43334e-05
1.22 1.71841e-05
1.23 2.04303e-05
1.24 2.3934e-05
1.25 2.75492e-05
1.26 3.11016e-05
1.27 3.44159e-05
1.28 3.74028e-05
1.29 4.0152e-05
1.3 4.28372e-05
1.31 4.55527e-05
1.32 4.83328e-05
1.33 5.12063e-05
1.34 5.42012e-05
1.35 5.73364e-05
1.36 6.06674e-05
1.37 6.42794e-05
1.38 6.81659e-05
1.39 7.22551e-05
1.4 7.65046e-05
1.41 8.08718e-05
1.42 8.52939e-05
1.43 8.97771e-05
1.44 9.44099e-05
1.45 9.92376e-05
1.46 0.00010414
1.47 0.000108876
1.48 0.00011325
1.49 0.000117129
1.5 0.000120437
1.51 0.000123273
1.52 0.000125794
1.53 0.000128025
1.54 0.000129874
1.55 0.000131265
1.56 0.000132298
1.57 0.000133184
1.58 0.000134097
1.59 0.000135171
1.6 0.0001365
1.61 0.000138102
1.62 0.000139917
1.63 0.000141848
1.64 0.000143819
1.65 0.000145784
1.66 0.000147691
1.67 0.000149562
1.68 0.000151615
1.69 0.000154189
1.7 0.000157511
1.71 0.000161692
1.72 0.00016691
1.73 0.000173368
1.74 0.000181031
1.75 0.000189669
1.76 0.000199099
1.77 0.000209202
1.78 0.000219797
1.79 0.000230717
1.8 0.000241834
1.81 0.000252868
1.82 0.000263413
1.83 0.000273216
1.84 0.000282291
1.85 0.000290725
1.86 0.000298541
1.87 0.000305808
1.88 0.000312596
1.89 0.000318758
1.9 0.000324127
1.91 0.000328887
1.92 0.000333511
1.93 0.000338371
1.94 0.000343575
1.95 0.000349052
1.96 0.000354688
1.97 0.000360455
1.98 0.000366367
1.99 0.000372407
2 0.000378615
2.01 0.000385109
2.02 0.00039196
2.03 0.000399076
2.04 0.000406282
2.05 0.000413578
2.06 0.000421118
2.07 0.000428952
2.08 0.000436999
2.09 0.000445065
2.1 0.000452867
2.11 0.000460216
2.12 0.000467113
2.13 0.000473737
2.14 0.000480323
2.15 0.000486958
2.16 0.000493577
2.17 0.000500157
2.18 0.000506819
2.19 0.000513656
2.2 0.000520528
2.21 0.000526992
2.22 0.00053253
2.23 0.000536881
2.24 0.000540106
2.25 0.000542646
2.26 0.000545108
2.27 0.00054785
2.28 0.000550931
2.29 0.000554218
2.3 0.000557423
2.31 0.000560159
2.32 0.000562126
2.33 0.000563315
2.34 0.000563846
2.35 0.000563731
2.36 0.000562946
2.37 0.000561626
2.38 0.000559957
2.39 0.000558004
2.4 0.000555852
2.41 0.000553537
2.42 0.000550839
2.43 0.000547469
2.44 0.000543314
2.45 0.000538486
2.46 0.000533231
2.47 0.000527737
2.48 0.00052208
2.49 0.000516369
2.5 0.000510882
2.51 0.000505947
2.52 0.000501673
2.53 0.0004979
2.54 0.00049446
2.55 0.000491252
2.56 0.000488086
2.57 0.000484774
2.58 0.000481243
2.59 0.000477412
2.6 0.000473082
2.61 0.000468122
2.62 0.000462618
2.63 0.000456741
2.64 0.000450656
2.65 0.000444524
2.66 0.000438471
2.67 0.000432573
2.68 0.000426878
2.69 0.00042146
2.7 0.000416312
2.71 0.000411328
2.72 0.000406502
2.73 0.000401828
2.74 0.000397101
2.75 0.000392118
2.76 0.000386875
2.77 0.000381338
2.78 0.000375351
2.79 0.000368868
2.8 0.000361992
2.81 0.00035483
2.82 0.000347487
2.83 0.000340147
2.84 0.000332978
2.85 0.000325955
2.86 0.00031888
2.87 0.000311535
2.88 0.000303753
2.89 0.000295556
2.9 0.000287272
2.91 0.000279213
2.92 0.000271338
2.93 0.000263432
2.94 0.000255333
2.95 0.000246937
2.96 0.000238191
2.97 0.00022906
2.98 0.000219494
2.99 0.000209468
3 0.000199109
3.01 0.000188725
3.02 0.000178593
3.03 0.000168854
3.04 0.000159598
3.05 0.00015072
3.06 0.000141886
3.07 0.000132869
3.08 0.000123603
3.09 0.000113987
3.1 0.000103939
3.11 9.35263e-05
3.12 8.28826e-05
3.13 7.19734e-05
3.14 6.06577e-05
3.15 4.89551e-05
3.16 3.69839e-05
3.17 2.47699e-05
3.18 1.23183e-05
3.19 -2.7135e-07
3.2 -1.28962e-05
3.21 -2.55203e-05
3.22 -3.81315e-05
3.23 -5.06141e-05
3.24 -6.26529e-05
3.25 -7.40003e-05
3.26 -8.46862e-05
3.27 -9.48182e-05
3.28 -0.000104307
3.29 -0.000112892
3.3 -0.000120525
3.31 -0.000127407
3.32 -0.000133609
3.33 -0.000139172
3.34 -0.00014435
3.35 -0.000149344
3.36 -0.000154186
3.37 -0.000158964
3.38 -0.000163836
3.39 -0.000168898
3.4 -0.000174138
3.41 -0.000179449
3.42 -0.000184743
3.43 -0.000190041
3.44 -0.00019537
3.45 -0.000200541
3.46 -0.000205161
3.47 -0.000208966
3.48 -0.000212025
3.49 -0.000214434
3.5 -0.000216205
3.51 -0.000217495
3.52 -0.000218549
3.53 -0.000219568
3.54 -0.000220727
3.55 -0.000222146
3.56 -0.000223836
3.57 -0.000225654
3.58 -0.000227336
3.59 -0.000228682
3.6 -0.000229626
3.61 -0.000230215
3.62 -0.000230587
3.63 -0.000230771
3.64 -0.000230658
3.65 -0.000230219
3.66 -0.000229514
3.67 -0.000228465
3.68 -0.000226854
3.69 -0.000224465
3.7 -0.00022114
3.71 -0.000216821
3.72 -0.000211588
3.73 -0.000205643
3.74 -0.000199187
3.75 -0.000192331
3.76 -0.000185242
3.77 -0.000178076
3.78 -0.000170679
3.79 -0.000162807
3.8 -0.000154449
3.81 -0.000145623
3.82 -0.00013624
3.83 -0.000126265
3.84 -0.000115778
3.85 -0.00010482
3.86 -9.3314e-05
3.87 -8.13509e-05
3.88 -6.92583e-05
3.89 -5.72639e-05
3.9 -4.53891e-05
3.91 -3.36222e-05
3.92 -2.20579e-05
3.93 -1.0869e-05
3.94 -1.67654e-07
3.95 1.01348e-05
3.96 2.02485e-05
3.97 3.02632e-05
3.98 4.016e-05
3.99 4.99581e-05
4 5.96999e-05
4.01 6.93566e-05
4.02 7.89152e-05
4.03 8.85441e-05
4.04 9.8447e-05
4.05 0.000108663
4.06 0.000119195
4.07 0.000130146
4.08 0.000141584
4.09 0.00015346
4.1 0.000165771
4.11 0.000178516
4.12 0.000191563
4.13 0.000204767
4.14 0.000218035
4.15 0.000231287
4.16 0.000244456
4.17 0.000257486
4.18 0.000270363
4.19 0.000283092
4.2 0.000295714
4.21 0.000308363
4.22 0.000321157
4.23 0.000334028
4.24 0.000346857
4.25 0.000359673
4.26 0.000372546
4.27 0.000385442
4.28 0.000398234
4.29 0.000410765
4.3 0.000422913
4.31 0.00043464
4.32 0.000446054
4.33 0.000457321
4.34 0.000468412
4.35 0.000479215
4.36 0.000489666
4.37 0.000499679
4.38 0.000509146
4.39 0.000517908
4.4 0.000525796
4.41 0.000532697
4.42 0.000538519
4.43 0.000543311
4.44 0.000547415
4.45 0.000551279
4.46 0.000555241
4.47 0.000559473
4.48 0.0005639
4.49 0.000568363
4.5 0.000572804
4.51 0.000577139
4.52 0.000581271
4.53 0.000585223
4.54 0.000589076
4.55 0.000592872
4.56 0.000596514
4.57 0.000599824
4.58 0.000602761
4.59 0.000605313
4.6 0.00060741
4.61 0.000608983
4.62 0.000609905
4.63 0.00061009
4.64 0.000609699
4.65 0.000608947
4.66 0.000607812
4.67 0.000606175
4.68 0.000603982
4.69 0.000601129
4.7 0.000597468
4.71 0.000592987
4.72 0.000587906
4.73 0.000582501
4.74 0.000576947
4.75 0.000571458
4.76 0.000566262
4.77 0.000561362
4.78 0.000556626
4.79 0.000551971
4.8 0.000547368
4.81 0.000542845
4.82 0.00053845
4.83 0.00053413
4.84 0.000529795
4.85 0.000525467
4.86 0.000521353
4.87 0.000517656
4.88 0.000514294
4.89 0.000511012
4.9 0.000507637
4.91 0.000504029
4.92 0.000500082
4.93 0.00049587
4.94 0.000491501
4.95 0.00048691
4.96 0.000482025
4.97 0.000477068
4.98 0.00047247
4.99 0.000468405
5 0.000464672
5.01 0.000461059
5.02 0.000457519
5.03 0.000454102
5.04 0.000450807
5.05 0.000447537
5.06 0.000444143
5.07 0.000440462
5.08 0.000436534
5.09 0.000432577
5.1 0.000428689
5.11 0.000424843
5.12 0.000421012
5.13 0.000417094
5.14 0.000412949
5.15 0.000408523
5.16 0.000403757
5.17 0.00039849
5.18 0.000392571
5.19 0.000386089
5.2 0.000379354
5.21 0.000372556
5.22 0.000365661
5.23 0.000358518
5.24 0.000350903
5.25 0.000342727
5.26 0.000334068
5.27 0.000325024
5.28 0.00031567
5.29 0.000306084
5.3 0.000296382
5.31 0.000286607
5.32 0.000276777
5.33 0.000266959
5.34 0.000257015
5.35 0.00024656
5.36 0.000235368
5.37 0.000223587
5.38 0.000211453
5.39 0.000199057
5.4 0.000186542
5.41 0.000174135
5.42 0.000161936
5.43 0.000149924
5.44 0.000138056
5.45 0.000126314
5.46 0.000114736
5.47 0.000103417
5.48 9.25532e-05
5.49 8.23124e-05
5.5 7.27706e-05
5.51 6.40112e-05
5.52 5.60332e-05
5.53 4.8659e-05
5.54 4.16005e-05
5.55 3.45355e-05
5.56 2.71302e-05
5.57 1.90663e-05
5.58 1.01802e-05
5.59 5.98453e-07
5.6 -9.34738e-06
5.61 -1.94193e-05
5.62 -2.95661e-05
5.63 -3.98418e-05
5.64 -5.03415e-05
5.65 -6.1043e-05
5.66 -7.18458e-05
5.67 -8.26969e-05
5.68 -9.36153e-05
5.69 -0.000104728
5.7 -0.000116144
5.71 -0.000127793
5.72 -0.000139416
5.73 -0.000150723
5.74 -0.000161581
5.75 -0.000171995
5.76 -0.000181915
5.77 -0.000191172
5.78 -0.00019965
5.79 -0.00020738
5.8 -0.000214473
5.81 -0.000220974
5.82 -0.000226922
5.83 -0.000232494
5.84 -0.000237936
5.85 -0.00024353
5.86 -0.000249498
5.87 -0.00025591
5.88 -0.000262826
5.89 -0.000270342
5.9 -0.000278457
5.91 -0.000287101
5.92 -0.000296222
5.93 -0.000305778
5.94 -0.00031572
5.95 -0.000326015
5.96 -0.000336759
5.97 -0.000348171
5.98 -0.000360372
5.99 -0.000373186
6 -0.000386211
6.01 -0.00039906
6.02 -0.000411433
6.03 -0.000423041
6.04 -0.000433703
6.05 -0.000443539
6.06 -0.000452921
6.07 -0.000462201
6.08 -0.000471555
6.09 -0.000481026
6.1 -0.00049065
6.11 -0.000500429
6.12 -0.000510188
6.13 -0.000519642
6.14 -0.00052858
6.15 -0.000536904
6.16 -0.00054458
6.17 -0.000551737
6.18 -0.000558674
6.19 -0.000565541
6.2 -0.000572223
6.21 -0.000578626
6.22 -0.000584841
6.23 -0.000590932
6.24 -0.000596785
6.25 -0.00060218
6.26 -0.000606894
6.27 -0.000610853
6.28 -0.000614126
6.29 -0.000616838
6.3 -0.000619154
6.31 -0.000621241
6.32 -0.000623279
6.33 -0.000625442
6.34 -0.000627781
6.35 -0.000630142
6.36 -0.000632283
6.37 -0.000633994
6.38 -0.000635155
6.39 -0.000635718
6.4 -0.000635549
6.41 -0.000634422
6.42 -0.000632234
6.43 -0.000629144
6.44 -0.000625473
6.45 -0.000621496
6.46 -0.000617287
6.47 -0.000612796
6.48 -0.000608076
6.49 -0.000603238
6.5 -0.000598222
6.51 -0.000592826
6.52 -0.000586837
6.53 -0.000580152
6.54 -0.000572871
6.55 -0.000565214
6.56 -0.000557382
6.57 -0.000549419
6.58 -0.000541225
6.59 -0.000532806
6.6 -0.000524258
6.61 -0.000515555
6.62 -0.000506672
6.63 -0.000497723
6.64 -0.000488857
6.65 -0.000480165
6.66 -0.000471591
6.67 -0.000462973
6.68 -0.000454274
6.69 -0.000445613
6.7 -0.000437203
6.71 -0.00042928
6.72 -0.000421915
6.73 -0.000414997
6.74 -0.000408309
6.75 -0.000401553
6.76 -0.000394469
6.77 -0.000386906
6.78 -0.000378722
6.79 -0.000369834
6.8 -0.00036031
6.81 -0.000350345
6.82 -0.000340238
6.83 -0.000330204
6.84 -0.000320245
6.85 -0.000310411
6.86 -0.000300876
6.87 -0.000291787
6.88 -0.000283179
6.89 -0.000274959
6.9 -0.00026709
6.91 -0.00025957
6.92 -0.000252188
6.93 -0.000244588
6.94 -0.00023649
6.95 -0.00022777
6.96 -0.000218466
6.97 -0.000208676
6.98 -0.000198454
6.99 -0.000187824
7 -0.000176775
7.01 -0.000165341
7.02 -0.000153596
7.03 -0.000141523
7.04 -0.000129002
7.05 -0.000115873
7.06 -0.000102061
7.07 -8.76211e-05
7.08 -7.26412e-05
7.09 -5.72468e-05
7.1 -4.16586e-05
7.11 -2.61844e-05
7.12 -1.10236e-05
7.13 3.92078e-06
7.14 1.88993e-05
7.15 3.4025e-05
7.16 4.91617e-05
7.17 6.4063e-05
7.18 7.85568e-05
7.19 9.26225e-05
7.2 0.000106218
7.21 0.00011911
7.22 0.000131168
7.23 0.000142548
7.24 0.000153498
7.25 0.00016423
7.26 0.00017486
7.27 0.000185341
7.28 0.000195388
7.29 0.000204654
7.3 0.000213097
7.31 0.000220946
7.32 0.000228346
7.33 0.0002353
7.34 0.000241881
7.35 0.000248215
7.36 0.000254282
7.37 0.000259952
7.38 0.000265046
7.39 0.000269409
7.4 0.000273011
7.41 0.000275957
7.42 0.000278496
7.43 0.000280976
7.44 0.000283693
7.45 0.000286768
7.46 0.000290073
7.47 0.000293326
7.48 0.000296294
7.49 0.000298845
7.5 0.000300917
7.51 0.000302511
7.52 0.000303658
7.53 0.000304336
7.54 0.000304476
7.55 0.000304112
7.56 0.000303463
7.57 0.00030279
7.58 0.000302226
7.59 0.000301738
7.6 0.000301198
7.61 0.000300504
7.62 0.000299708
7.63 0.000299007
7.64 0.000298497
7.65 0.000298069
7.66 0.000297546
7.67 0.000296779
7.68 0.000295713
7.69 0.000294341
7.7 0.000292613
7.71 0.000290487
7.72 0.000287924
7.73 0.000284893
7.74 0.000281383
7.75 0.000277312
7.76 0.00027261
7.77 0.000267317
7.78 0.000261462
7.79 0.000255003
7.8 0.000247879
7.81 0.000240092
7.82 0.000231851
7.83 0.000223533
7.84 0.00021539
7.85 0.00020739
7.86 0.000199335
7.87 0.000191032
7.88 0.000182393
7.89 0.000173388
7.9 0.000163917
7.91 0.000153841
7.92 0.000143043
7.93 0.000131423
7.94 0.000119023
7.95 0.000106079
7.96 9.2997e-05
7.97 8.02204e-05
7.98 6.79881e-05
7.99 5.64444e-05
8 4.58899e-05
8.01 3.66204e-05
8.02 2.86288e-05
8.03 2.16694e-05
8.04 1.55034e-05
8.05 1.0027e-05
8.06 5.17666e-06
8.07 7.66643e-07
8.08 -3.33577e-06
8.09 -7.02659e-06
8.1 -1.01672e-05
8.11 -1.27955e-05
8.12 -1.51212e-05
8.13 -1.74151e-05
8.14 -1.99124e-05
8.15 -2.27972e-05
8.16 -2.61475e-05
8.17 -2.98932e-05
8.18 -3.38855e-05
8.19 -3.78952e-05
8.2 -4.16196e-05
8.21 -4.48773e-05
8.22 -4.77095e-05
8.23 -5.01538e-05
8.24 -5.21429e-05
8.25 -5.36969e-05
8.26 -5.49664e-05
8.27 -5.61866e-05
8.28 -5.76006e-05
8.29 -5.93021e-05
8.3 -6.12594e-05
8.31 -6.34142e-05
8.32 -6.57356e-05
8.33 -6.82375e-05
8.34 -7.10062e-05
8.35 -7.42799e-05
8.36 -7.83103e-05
8.37 -8.30983e-05
8.38 -8.84268e-05
8.39 -9.42163e-05
8.4 -0.00010066
8.41 -0.000107826
8.42 -0.000115427
8.43 -0.000123146
8.44 -0.000130882
8.45 -0.000138601
8.46 -0.000146179
8.47 -0.000153434
8.48 -0.000160224
8.49 -0.000166366
8.5 -0.000171545
8.51 -0.00017552
8.52 -0.000178316
8.53 -0.000180214
8.54 -0.000181575
8.55 -0.000182625
8.56 -0.000183434
8.57 -0.000184102
8.58 -0.000184721
8.59 -0.000185198
8.6 -0.000185375
8.61 -0.000185243
8.62 -0.000184973
8.63 -0.00018478
8.64 -0.000184724
8.65 -0.000184807
8.66 -0.000185199
8.67 -0.00018609
8.68 -0.000187533
8.69 -0.000189486
8.7 -0.000191849
8.71 -0.00019457
8.72 -0.000197652
8.73 -0.000201089
8.74 -0.000204926
8.75 -0.000209233
8.76 -0.000213945
8.77 -0.000218829
8.78 -0.000223639
8.79 -0.00022837
8.8 -0.000233173
8.81 -0.000238009
8.82 -0.000242629
8.83 -0.000246841
8.84 -0.000250586
8.85 -0.000253838
8.86 -0.000256618
8.87 -0.000259004
8.88 -0.000261132
8.89 -0.000263184
8.9 -0.000265265
8.91 -0.000267414
8.92 -0.000269673
8.93 -0.000272109
8.94 -0.000274801
8.95 -0.000277774
8.96 -0.000281104
8.97 -0.000284957
8.98 -0.000289398
8.99 -0.000294445
9 -0.000300191
9.01 -0.000306685
9.02 -0.0003138
9.03 -0.000321383
9.04 -0.000329492
9.05 -0.000338245
9.06 -0.000347542
9.07 -0.000357217
9.08 -0.00036738
9.09 -0.000378342
9.1 -0.000390284
9.11 -0.000403225
9.12 -0.000417049
9.13 -0.000431495
9.14 -0.000446286
9.15 -0.000461186
9.16 -0.000476017
9.17 -0.000490652
9.18 -0.000505013
9.19 -0.000519167
9.2 -0.000533303
9.21 -0.000547538
9.22 -0.000561792
9.23 -0.000575747
9.24 -0.000588978
9.25 -0.000601269
9.26 -0.00061265
9.27 -0.000623174
9.28 -0.000632947
9.29 -0.00064212
9.3 -0.000650746
9.31 -0.000658848
9.32 -0.00066652
9.33 -0.000673877
9.34 -0.000680872
9.35 -0.000687335
9.36 -0.000693469
9.37 -0.000699833
9.38 -0.000706694
9.39 -0.000713892
9.4 -0.000721232
9.41 -0.000728714
9.42 -0.000736449
9.43 -0.000744512
9.44 -0.000752886
9.45 -0.000761499
9.46 -0.000770211
9.47 -0.000778874
9.48 -0.000787537
9.49 -0.000796363
9.5 -0.000805375
9.51 -0.000814419
9.52 -0.000823224
9.53 -0.000831618
9.54 -0.000839554
9.55 -0.000846894
9.56 -0.000853449
9.57 -0.000859052
9.58 -0.000863525
9.59 -0.000866765
9.6 -0.000868858
9.61 -0.000870014
9.62 -0.000870371
9.63 -0.000870084
9.64 -0.000869545
9.65 -0.000869228
9.66 -0.000869327
9.67 -0.000869765
9.68 -0.000870512
9.69 -0.000871596
9.7 -0.000872918
9.71 -0.00087439
9.72 -0.000876003
9.73 -0.000877588
9.74 -0.000878928
9.75 -0.000880127
9.76 -0.000881485
9.77 -0.000883096
9.78 -0.000884729
9.79 -0.000885999
9.8 -0.000886571
9.81 -0.000886297
9.82 -0.000885308
9.83 -0.000883888
9.84 -0.000882147
9.85 -0.000879995
9.86 -0.00087739
9.87 -0.000874291
9.88 -0.000870599
9.89 -0.000866287
9.9 -0.000861328
9.91 -0.000855679
9.92 -0.00084946
9.93 -0.000842947
9.94 -0.000836404
9.95 -0.000829893
9.96 -0.000823379
9.97 -0.000816922
9.98 -0.000810482
9.99 -0.000803953
10 -0.000797465
10.01 -0.00079125
10.02 -0.000785396
10.03 -0.000779944
10.04 -0.000774878
10.05 -0.000769946
10.06 -0.000764766
10.07 -0.000759069
10.08 -0.000752771
10.09 -0.000745827
10.1 -0.000738122
10.11 -0.000729565
10.12 -0.000720077
10.13 -0.000709668
10.14 -0.000698551
10.15 -0.000686892
10.16 -0.000674735
10.17 -0.000662282
10.18 -0.000649815
10.19 -0.000637317
10.2 -0.00062453
10.21 -0.000611298
10.22 -0.000597586
10.23 -0.000583304
10.24 -0.000568318
10.25 -0.00055259
10.26 -0.000536158
10.27 -0.000519013
10.28 -0.0005012
10.29 -0.000482838
10.3 -0.000463944
10.31 -0.000444459
10.32 -0.000424321
10.33 -0.000403501
10.34 -0.000382118
10.35 -0.000360322
10.36 -0.000338109
10.37 -0.000315338
10.38 -0.000291812
10.39 -0.000267434
10.4 -0.000242311
10.41 -0.000216648
10.42 -0.000190602
10.43 -0.000164205
10.44 -0.000137396
10.45 -0.000110286
10.46 -8.32291e-05
10.47 -5.63875e-05
10.48 -2.97519e-05
10.49 -3.40016e-06
10.5 2.26602e-05
10.51 4.85337e-05
10.52 7.44012e-05
10.53 0.0001004
10.54 0.000126546
10.55 0.000152902
10.56 0.000179571
10.57 0.000206533
10.58 0.0002337
10.59 0.000261047
10.6 0.000288711
10.61 0.000316997
10.62 0.000346101
10.63 0.000375873
10.64 0.000405941
10.65 0.000435934
10.66 0.000465468
10.67 0.000494111
10.68 0.000521555
10.69 0.000547763
10.7 0.000572934
10.71 0.000597405
10.72 0.000621556
10.73 0.000645668
10.74 0.000669856
10.75 0.000694207
10.76 0.000718909
10.77 0.000744091
10.78 0.000769688
10.79 0.000795572
10.8 0.00082163
10.81 0.000847748
10.82 0.000873959
10.83 0.000900483
10.84 0.000927479
10.85 0.000954989
10.86 0.000983059
10.87 0.00101168
10.88 0.0010407
10.89 0.0010699
10.9 0.00109913
10.91 0.00112828
10.92 0.00115712
10.93 0.00118561
10.94 0.00121392
10.95 0.00124221
10.96 0.00127052
10.97 0.00129879
10.98 0.00132686
10.99 0.00135447
11 0.00138144
11.01 0.00140779
11.02 0.00143359
11.03 0.00145893
11.04 0.00148393
11.05 0.00150878
11.06 0.00153351
11.07 0.00155787
11.08 0.00158159
11.09 0.00160462
11.1 0.00162714
11.11 0.00164946
11.12 0.00167191
11.13 0.00169473
11.14 0.00171838
11.15 0.00174322
11.16 0.00176904
11.17 0.00179546
11.18 0.00182232
11.19 0.00184953
11.2 0.00187685
11.21 0.00190395
11.22 0.00193076
11.23 0.00195745
11.24 0.00198406
11.25 0.00201047
11.26 0.00203653
11.27 0.00206208
11.28 0.00208694
11.29 0.00211097
11.3 0.00213397
11.31 0.00215572
11.32 0.002176
11.33 0.00219482
11.34 0.00221244
11.35 0.00222917
11.36 0.00224532
11.37 0.00226128
11.38 0.00227735
11.39 0.00229363
11.4 0.00231002
11.41 0.00232635
11.42 0.00234242
11.43 0.002358
11.44 0.00237297
11.45 0.00238737
11.46 0.00240131
11.47 0.00241484
11.48 0.00242803
11.49 0.00244104
11.5 0.00245413
11.51 0.00246754
11.52 0.00248128
11.53 0.00249514
11.54 0.00250904
11.55 0.00252323
11.56 0.00253802
11.57 0.00255359
11.58 0.00257
11.59 0.00258721
11.6 0.002605
11.61 0.00262315
11.62 0.00264161
11.63 0.00266033
11.64 0.00267899
11.65 0.00269718
11.66 0.00271462
11.67 0.00273128
11.68 0.00274722
11.69 0.00276255
11.7 0.00277727
11.71 0.00279128
11.72 0.00280445
11.73 0.00281669
11.74 0.0028278
11.75 0.00283773
11.76 0.00284664
11.77 0.00285477
11.78 0.00286215
11.79 0.00286881
11.8 0.00287498
11.81 0.0028808
11.82 0.00288606
11.83 0.00289037
11.84 0.00289358
11.85 0.00289569
11.86 0.00289674
11.87 0.00289678
11.88 0.002896
11.89 0.00289464
11.9 0.00289278
11.91 0.00289038
11.92 0.00288736
11.93 0.00288365
11.94 0.00287915
11.95 0.00287378
11.96 0.00286758
11.97 0.00286064
11.98 0.00285294
11.99 0.00284428
12 0.00283463
12.01 0.00282426
12.02 0.00281357
12.03 0.00280273
12.04 0.00279169
12.05 0.00278041
12.06 0.00276886
12.07 0.0027569
12.08 0.00274433
12.09 0.00273099
12.1 0.00271678
12.11 0.00270164
12.12 0.00268575
12.13 0.00266949
12.14 0.00265308
12.15 0.00263645
12.16 0.00261936
12.17 0.00260153
12.18 0.0025827
12.19 0.00256277
12.2 0.00254171
12.21 0.00251949
12.22 0.00249604
12.23 0.00247137
12.24 0.00244565
12.25 0.00241897
12.26 0.00239135
12.27 0.00236296
12.28 0.00233394
12.29 0.00230428
12.3 0.00227407
12.31 0.00224348
12.32 0.00221259
12.33 0.00218136
12.34 0.00214976
12.35 0.00211785
12.36 0.0020856
12.37 0.00205297
12.38 0.00202007
12.39 0.0019869
12.4 0.00195329
12.41 0.00191932
12.42 0.00188527
12.43 0.00185128
12.44 0.00181735
12.45 0.00178341
12.46 0.00174935
12.47 0.00171491
12.48 0.00167968
12.49 0.0016435
12.5 0.00160643
12.51 0.00156869
12.52 0.00153061
12.53 0.00149256
12.54 0.00145481
12.55 0.00141751
12.56 0.00138061
12.57 0.00134391
12.58 0.00130727
12.59 0.00127068
12.6 0.00123424
12.61 0.00119789
12.62 0.00116144
12.63 0.00112488
12.64 0.00108828
12.65 0.00105154
12.66 0.00101441
12.67 0.000976771
12.68 0.000938622
12.69 0.00090007
12.7 0.000861232
12.71 0.000822152
12.72 0.000782795
12.73 0.000743129
12.74 0.000703205
12.75 0.000663186
12.76 0.000623384
12.77 0.000584162
12.78 0.000545669
12.79 0.000507708
12.8 0.000469912
12.81 0.000431995
12.82 0.000393812
12.83 0.000355361
12.84 0.000316767
12.85 0.000278145
12.86 0.00023941
12.87 0.000200339
12.88 0.00016079
12.89 0.000120725
12.9 8.00997e-05
12.91 3.88245e-05
12.92 -3.23773e-06
12.93 -4.61688e-05
12.94 -8.98995e-05
12.95 -0.000134233
12.96 -0.000179004
12.97 -0.000224269
12.98 -0.000270208
12.99 -0.000316846
13 -0.000364087
13.01 -0.000411908
13.02 -0.000460364
13.03 -0.000509415
13.04 -0.000558862
13.05 -0.000608506
13.06 -0.000658204
13.07 -0.000707786
13.08 -0.000757095
13.09 -0.000806122
13.1 -0.000854982
13.11 -0.00090382
13.12 -0.000952902
13.13 -0.00100259
13.14 -0.00105306
13.15 -0.00110421
13.16 -0.00115577
13.17 -0.00120739
13.18 -0.00125889
13.19 -0.00131034
13.2 -0.00136194
13.21 -0.00141391
13.22 -0.00146641
13.23 -0.00151944
13.24 -0.00157299
13.25 -0.00162707
13.26 -0.00168169
13.27 -0.00173664
13.28 -0.00179158
13.29 -0.00184629
13.3 -0.00190076
13.31 -0.00195499
13.32 -0.00200888
13.33 -0.00206229
13.34 -0.00211505
13.35 -0.00216712
13.36 -0.00221864
13.37 -0.00226991
13.38 -0.00232116
13.39 -0.00237246
13.4 -0.00242377
13.41 -0.00247505
13.42 -0.00252635
13.43 -0.00257782
13.44 -0.00262963
13.45 -0.00268177
13.46 -0.00273407
13.47 -0.00278642
13.48 -0.00283874
13.49 -0.00289096
13.5 -0.00294297
13.51 -0.00299475
13.52 -0.00304621
13.53 -0.0030972
13.54 -0.00314741
13.55 -0.00319661
13.56 -0.00324481
13.57 -0.0032922
13.58 -0.00333885
13.59 -0.00338472
13.6 -0.0034297
13.61 -0.00347376
13.62 -0.00351683
13.63 -0.00355883
13.64 -0.00359976
13.65 -0.00363965
13.66 -0.00367841
13.67 -0.00371581
13.68 -0.00375162
13.69 -0.00378576
13.7 -0.00381826
13.71 -0.00384905
13.72 -0.00387802
13.73 -0.0039052
13.74 -0.00393083
13.75 -0.00395515
13.76 -0.0039784
13.77 -0.00400082
13.78 -0.0040226
13.79 -0.00404377
13.8 -0.00406419
13.81 -0.00408367
13.82 -0.00410205
13.83 -0.00411908
13.84 -0.00413456
13.85 -0.00414837
13.86 -0.0041604
13.87 -0.00417063
13.88 -0.00417917
13.89 -0.00418609
13.9 -0.00419138
13.91 -0.00419512
13.92 -0.0041973
13.93 -0.0041978
13.94 -0.00419641
13.95 -0.004193
13.96 -0.00418767
13.97 -0.00418052
13.98 -0.00417158
13.99 -0.00416091
14 -0.00414861
14.01 -0.00413491
14.02 -0.00412007
14.03 -0.00410446
14.04 -0.00408842
14.05 -0.00407215
14.06 -0.00405573
14.07 -0.00403919
14.08 -0.00402259
14.09 -0.00400587
14.1 -0.00398872
14.11 -0.00397092
14.12 -0.00395246
14.13 -0.00393336
14.14 -0.00391352
14.15 -0.00389273
14.16 -0.00387079
14.17 -0.00384751
14.18 -0.0038228
14.19 -0.00379674
14.2 -0.00376949
14.21 -0.00374121
14.22 -0.00371195
14.23 -0.00368167
14.24 -0.00365017
14.25 -0.00361723
14.26 -0.0035828
14.27 -0.00354693
14.28 -0.00350967
14.29 -0.00347115
14.3 -0.00343155
14.31 -0.00339108
14.32 -0.00334986
14.33 -0.00330784
14.34 -0.00326497
14.35 -0.00322122
14.36 -0.00317669
14.37 -0.00313157
14.38 -0.00308604
14.39 -0.00304031
14.4 -0.00299475
14.41 -0.00294968
14.42 -0.00290511
14.43 -0.00286078
14.44 -0.0028163
14.45 -0.00277124
14.46 -0.00272537
14.47 -0.00267868
14.48 -0.00263132
14.49 -0.00258341
14.5 -0.00253484
14.51 -0.00248554
14.52 -0.00243566
14.53 -0.00238559
14.54 -0.00233564
14.55 -0.00228592
14.56 -0.00223631
14.57 -0.00218666
14.58 -0.00213686
14.59 -0.00208675
14.6 -0.00203618
14.61 -0.00198508
14.62 -0.00193335
14.63 -0.00188077
14.64 -0.00182703
14.65 -0.00177213
14.66 -0.00171631
14.67 -0.00165976
14.68 -0.00160268
14.69 -0.00154538
14.7 -0.00148803
14.71 -0.0014305
14.72 -0.00137246
14.73 -0.0013137
14.74 -0.00125425
14.75 -0.0011943
14.76 -0.00113406
14.77 -0.00107365
14.78 -0.0010132
14.79 -0.000952864
14.8 -0.000892807
14.81 -0.000833025
14.82 -0.000773327
14.83 -0.000713506
14.84 -0.000653443
14.85 -0.000593084
14.86 -0.000532454
14.87 -0.000471621
14.88 -0.000410607
14.89 -0.00034923
14.9 -0.00028709
14.91 -0.000223896
14.92 -0.00015954
14.93 -9.39675e-05
14.94 -2.72209e-05
14.95 4.05305e-05
14.96 0.000109005
14.97 0.000177953
14.98 0.000247307
14.99 0.000317094
15 0.000387307
15.01 0.000457898
15.02 0.000528673
15.03 0.000599276
15.04 0.000669426
15.05 0.000739004
15.06 0.000808068
15.07 0.000876805
15.08 0.000945297
15.09 0.00101346
15.1 0.00108115
15.11 0.00114825
15.12 0.00121475
15.13 0.00128065
15.14 0.00134583
15.15 0.00141009
15.16 0.00147324
15.17 0.0015352
15.18 0.00159614
15.19 0.00165637
15.2 0.00171627
15.21 0.00177618
15.22 0.00183622
15.23 0.00189618
15.24 0.00195577
15.25 0.00201483
15.26 0.00207341
15.27 0.00213165
15.28 0.00218963
15.29 0.00224724
15.3 0.0023043
15.31 0.00236063
15.32 0.00241613
15.33 0.00247063
15.34 0.00252392
15.35 0.00257577
15.36 0.00262609
15.37 0.00267486
15.38 0.00272218
15.39 0.00276839
15.4 0.00281387
15.41 0.00285883
15.42 0.00290318
15.43 0.00294654
15.44 0.00298852
15.45 0.00302909
15.46 0.00306848
15.47 0.00310701
15.48 0.00314489
15.49 0.00318215
15.5 0.00321868
15.51 0.00325437
15.52 0.00328929
15.53 0.00332368
15.54 0.00335764
15.55 0.00339092
15.56 0.00342326
15.57 0.00345449
15.58 0.00348452
15.59 0.00351325
15.6 0.00354062
15.61 0.00356655
15.62 0.00359091
15.63 0.00361348
15.64 0.00363424
15.65 0.00365347
15.66 0.00367138
15.67 0.00368817
15.68 0.00370396
15.69 0.00371882
15.7 0.00373276
15.71 0.00374571
15.72 0.00375755
15.73 0.00376832
15.74 0.00377818
15.75 0.0037873
15.76 0.00379565
15.77 0.00380303
15.78 0.00380943
15.79 0.00381507
15.8 0.00382016
15.81 0.00382471
15.82 0.00382872
15.83 0.0038322
15.84 0.00383519
15.85 0.0038378
15.86 0.00384028
15.87 0.00384276
15.88 0.00384516
15.89 0.00384717
15.9 0.00384862
15.91 0.00384948
15.92 0.0038497
15.93 0.00384928
15.94 0.00384821
15.95 0.00384652
15.96 0.0038443
15.97 0.00384155
15.98 0.00383814
15.99 0.0038339
16 0.00382869
16.01 0.00382256
16.02 0.00381571
16.03 0.00380831
16.04 0.00380049
16.05 0.00379227
16.06 0.00378355
16.07 0.00377432
16.08 0.00376455
16.09 0.00375408
16.1 0.00374279
16.11 0.0037307
16.12 0.0037178
16.13 0.00370413
16.14 0.00368972
16.15 0.00367468
16.16 0.00365922
16.17 0.00364354
16.18 0.00362794
16.19 0.00361257
16.2 0.00359745
16.21 0.00358259
16.22 0.00356796
16.23 0.00355343
16.24 0.00353878
16.25 0.00352376
16.26 0.00350808
16.27 0.00349159
16.28 0.00347437
16.29 0.00345663
16.3 0.00343859
16.31 0.00342023
16.32 0.00340132
16.33 0.0033816
16.34 0.00336085
16.35 0.00333903
16.36 0.00331621
16.37 0.00329222
16.38 0.0032668
16.39 0.00324003
16.4 0.00321213
16.41 0.00318324
16.42 0.00315338
16.43 0.00312263
16.44 0.00309106
16.45 0.00305861
16.46 0.00302515
16.47 0.00299053
16.48 0.00295465
16.49 0.00291733
16.5 0.00287852
16.51 0.00283834
16.52 0.00279691
16.53 0.00275432
16.54 0.00271054
16.55 0.00266543
16.56 0.00261898
16.57 0.00257149
16.58 0.00252352
16.59 0.00247557
16.6 0.00242804
16.61 0.00238102
16.62 0.00233433
16.63 0.00228774
16.64 0.00224119
16.65 0.00219464
16.66 0.00214787
16.67 0.00210052
16.68 0.00205249
16.69 0.00200406
16.7 0.00195548
16.71 0.0019069
16.72 0.00185837
16.73 0.00180993
16.74 0.00176165
16.75 0.00171372
16.76 0.00166636
16.77 0.00161965
16.78 0.00157358
16.79 0.00152802
16.8 0.00148285
16.81 0.00143799
16.82 0.00139339
16.83 0.00134882
16.84 0.00130396
16.85 0.00125866
16.86 0.00121299
16.87 0.00116683
16.88 0.00111993
16.89 0.00107213
16.9 0.0010235
16.91 0.000974303
16.92 0.000925002
16.93 0.000875932
16.94 0.000827055
16.95 0.000778171
16.96 0.000729241
16.97 0.000680384
16.98 0.000631647
16.99 0.000583046
17 0.00053455
17.01 0.000485966
17.02 0.000437132
17.03 0.000388064
17.04 0.000338779
17.05 0.000289243
17.06 0.000239627
17.07 0.000190298
17.08 0.000141486
17.09 9.32114e-05
17.1 4.54212e-05
17.11 -2.0269e-06
17.12 -4.93486e-05
17.13 -9.65704e-05
17.14 -0.000143544
17.15 -0.000190244
17.16 -0.000236673
17.17 -0.00028265
17.18 -0.000327949
17.19 -0.000372561
17.2 -0.000416673
17.21 -0.000460374
17.22 -0.000503723
17.23 -0.000546802
17.24 -0.000589535
17.25 -0.00063192
17.26 -0.000674231
17.27 -0.000716695
17.28 -0.000759196
17.29 -0.000801511
17.3 -0.000843702
17.31 -0.000885875
17.32 -0.000927721
17.33 -0.000968652
17.34 -0.00100831
17.35 -0.00104675
17.36 -0.00108414
17.37 -0.0011204
17.38 -0.00115541
17.39 -0.00118927
17.4 -0.0012221
17.41 -0.00125393
17.42 -0.00128478
17.43 -0.00131493
17.44 -0.0013447
17.45 -0.00137422
17.46 -0.00140344
17.47 -0.0014324
17.48 -0.00146122
17.49 -0.00148982
17.5 -0.00151808
17.51 -0.00154607
17.52 -0.00157396
17.53 -0.00160186
17.54 -0.0016298
17.55 -0.00165765
17.56 -0.00168524
17.57 -0.00171249
17.58 -0.00173945
17.59 -0.00176606
17.6 -0.00179223
17.61 -0.00181793
17.62 -0.00184333
17.63 -0.00186853
17.64 -0.00189349
17.65 -0.00191803
17.66 -0.00194197
17.67 -0.00196522
17.68 -0.0019877
17.69 -0.00200936
17.7 -0.00203017
17.71 -0.00205015
17.72 -0.00206928
17.73 -0.00208745
17.74 -0.00210465
17.75 -0.00212108
17.76 -0.00213706
17.77 -0.00215286
17.78 -0.00216866
17.79 -0.00218457
17.8 -0.00220062
17.81 -0.00221676
17.82 -0.00223292
17.83 -0.00224908
17.84 -0.00226519
17.85 -0.00228114
17.86 -0.00229687
17.87 -0.00231233
17.88 -0.00232746
17.89 -0.00234221
17.9 -0.00235649
17.91 -0.00237016
17.92 -0.00238312
17.93 -0.00239545
17.94 -0.00240724
17.95 -0.0024185
17.96 -0.00242917
17.97 -0.00243924
17.98 -0.00244863
17.99 -0.00245733
18 -0.00246551
18.01 -0.00247334
18.02 -0.00248098
18.03 -0.00248862
18.04 -0.00249644
18.05 -0.00250446
18.06 -0.00251257
18.07 -0.00252061
18.08 -0.00252851
18.09 -0.00253615
18.1 -0.00254345
18.11 -0.0025504
18.12 -0.00255686
18.13 -0.0025626
18.14 -0.00256753
18.15 -0.00257163
18.16 -0.00257492
18.17 -0.00257745
18.18 -0.00257928
18.19 -0.00258043
18.2 -0.00258086
18.21 -0.00258044
18.22 -0.00257904
18.23 -0.00257659
18.24 -0.00257312
18.25 -0.00256877
18.26 -0.00256372
18.27 -0.00255811
18.28 -0.00255198
18.29 -0.0025453
18.3 -0.00253795
18.31 -0.00252989
18.32 -0.00252108
18.33 -0.00251136
18.34 -0.00250057
18.35 -0.0024887
18.36 -0.00247599
18.37 -0.00246272
18.38 -0.00244903
18.39 -0.00243497
18.4 -0.00242066
18.41 -0.00240616
18.42 -0.00239148
18.43 -0.0023766
18.44 -0.00236151
18.45 -0.00234614
18.46 -0.00233041
18.47 -0.00231432
18.48 -0.0022979
18.49 -0.00228122
18.5 -0.00226431
18.51 -0.00224723
18.52 -0.00223001
18.53 -0.0022126
18.54 -0.00219497
18.55 -0.00217707
18.56 -0.00215894
18.57 -0.00214063
18.58 -0.00212224
18.59 -0.00210385
18.6 -0.00208542
18.61 -0.00206681
18.62 -0.00204787
18.63 -0.00202846
18.64 -0.00200857
18.65 -0.00198822
18.66 -0.0019674
18.67 -0.0019461
18.68 -0.00192442
18.69 -0.00190254
18.7 -0.00188053
18.71 -0.00185839
18.72 -0.00183617
18.73 -0.00181392
18.74 -0.00179168
18.75 -0.00176943
18.76 -0.00174722
18.77 -0.0017251
18.78 -0.00170316
18.79 -0.00168146
18.8 -0.00166004
18.81 -0.0016389
18.82 -0.00161806
18.83 -0.00159761
18.84 -0.00157755
18.85 -0.00155783
18.86 -0.00153842
18.87 -0.00151925
18.88 -0.00150025
18.89 -0.00148133
18.9 -0.00146246
18.91 -0.0014436
18.92 -0.00142468
18.93 -0.00140563
18.94 -0.00138638
18.95 -0.00136683
18.96 -0.00134689
18.97 -0.00132652
18.98 -0.00130569
18.99 -0.00128446
19 -0.00126286
19.01 -0.00124096
19.02 -0.00121885
19.03 -0.00119655
19.04 -0.00117411
19.05 -0.00115156
19.06 -0.00112896
19.07 -0.00110634
19.08 -0.00108368
19.09 -0.00106095
19.1 -0.00103813
19.11 -0.0010152
19.12 -0.000992151
19.13 -0.000968969
19.14 -0.000945641
19.15 -0.000922159
19.16 -0.000898536
19.17 -0.000874782
19.18 -0.000850911
19.19 -0.000826933
19.2 -0.000802792
19.21 -0.000778413
19.22 -0.000753797
19.23 -0.000729003
19.24 -0.000704074
19.25 -0.000679011
19.26 -0.000653811
19.27 -0.000628452
19.28 -0.000602874
19.29 -0.000577026
19.3 -0.000550928
19.31 -0.000524624
19.32 -0.000498118
19.33 -0.000471419
19.34 -0.000444571
19.35 -0.000417616
19.36 -0.000390577
19.37 -0.000363466
19.38 -0.000336286
19.39 -0.000309037
19.4 -0.000281727
19.41 -0.000254359
19.42 -0.000226938
19.43 -0.000199475
19.44 -0.000172009
19.45 -0.000144586
19.46 -0.000117202
19.47 -8.98274e-05
19.48 -6.2426e-05
19.49 -3.49593e-05
19.5 -7.4052e-06
19.51 2.02436e-05
19.52 4.79969e-05
19.53 7.58591e-05
19.54 0.000103814
19.55 0.00013183
19.56 0.000159883
19.57 0.000187962
19.58 0.000216035
19.59 0.000244053
19.6 0.000271998
19.61 0.00029988
19.62 0.000327696
19.63 0.000355429
19.64 0.000383063
19.65 0.000410568
19.66 0.000437899
19.67 0.000465028
19.68 0.000491956
19.69 0.000518695
19.7 0.000545244
19.71 0.00057159
19.72 0.000597718
19.73 0.000623609
19.74 0.000649265
19.75 0.0006747
19.76 0.000699904
19.77 0.000724845
19.78 0.000749506
19.79 0.000773883
19.8 0.000797969
19.81 0.000821746
19.82 0.000845211
19.83 0.000868366
19.84 0.000891212
19.85 0.000913743
19.86 0.00093596
19.87 0.000957866
19.88 0.000979463
19.89 0.00100075
19.9 0.00102172
19.91 0.00104237
19.92 0.00106269
19.93 0.00108266
19.94 0.00110229
19.95 0.00112156
19.96 0.00114047
19.97 0.00115901
19.98 0.00117719
19.99 0.001195
20 0.00121246
20.01 0.00122958
20.02 0.00124637
20.03 0.00126284
20.04 0.00127897
20.05 0.00129478
20.06 0.00131027
20.07 0.00132543
20.08 0.00134027
20.09 0.00135479
20.1 0.00136899
20.11 0.00138288
20.12 0.00139645
20.13 0.00140971
20.14 0.00142266
20.15 0.0014353
20.16 0.00144763
20.17 0.00145966
20.18 0.00147139
20.19 0.00148282
20.2 0.00149395
20.21 0.00150479
20.22 0.00151534
20.23 0.0015256
20.24 0.00153557
20.25 0.00154525
20.26 0.00155465
20.27 0.00156377
20.28 0.0015726
20.29 0.00158116
20.3 0.00158944
20.31 0.00159744
20.32 0.00160516
20.33 0.0016126
20.34 0.00161978
20.35 0.00162667
20.36 0.00163329
20.37 0.00163964
20.38 0.00164571
20.39 0.0016515
20.4 0.00165702
20.41 0.00166226
20.42 0.00166722
20.43 0.0016719
20.44 0.0016763
20.45 0.00168042
20.46 0.00168425
20.47 0.00168779
20.48 0.00169104
20.49 0.001694
20.5 0.00169667
20.51 0.00169904
20.52 0.0017011
20.53 0.00170287
20.54 0.00170433
20.55 0.00170547
20.56 0.00170631
20.57 0.00170682
20.58 0.00170702
20.59 0.00170689
20.6 0.00170643
20.61 0.00170564
20.62 0.00170452
20.63 0.00170305
20.64 0.00170125
20.65 0.00169909
20.66 0.00169659
20.67 0.00169373
20.68 0.00169051
20.69 0.00168694
20.7 0.001683
20.71 0.00167869
20.72 0.00167401
20.73 0.00166895
20.74 0.00166352
20.75 0.00165772
20.76 0.00165153
20.77 0.00164495
20.78 0.001638
20.79 0.00163065
20.8 0.00162292
20.81 0.00161479
20.82 0.00160628
20.83 0.00159737
20.84 0.00158807
20.85 0.00157838
20.86 0.0015683
20.87 0.00155783
20.88 0.00154697
20.89 0.00153572
20.9 0.00152408
20.91 0.00151205
20.92 0.00149964
20.93 0.00148685
20.94 0.00147369
20.95 0.00146014
20.96 0.00144623
20.97 0.00143194
20.98 0.0014173
20.99 0.00140229
21 0.00138693
21.01 0.00137122
21.02 0.00135516
21.03 0.00133877
21.04 0.00132204
21.05 0.00130499
21.06 0.00128762
21.07 0.00126993
21.08 0.00125194
21.09 0.00123365
21.1 0.00121507
21.11 0.0011962
21.12 0.00117706
21.13 0.00115765
21.14 0.00113799
21.15 0.00111807
21.16 0.00109791
21.17 0.00107751
21.18 0.0010569
21.19 0.00103606
21.2 0.00101502
21.21 0.000993785
21.22 0.000972358
21.23 0.000950753
21.24 0.000928977
21.25 0.000907041
21.26 0.000884953
21.27 0.000862722
21.28 0.000840358
21.29 0.00081787
21.3 0.000795267
21.31 0.000772558
21.32 0.000749751
21.33 0.000726855
21.34 0.000703879
21.35 0.000680831
21.36 0.00065772
21.37 0.000634554
21.38 0.000611341
21.39 0.000588088
21.4 0.000564803
21.41 0.000541494
21.42 0.000518167
21.43 0.000494831
21.44 0.000471491
21.45 0.000448154
21.46 0.000424827
21.47 0.000401515
21.48 0.000378225
21.49 0.000354962
21.5 0.000331731
21.51 0.000308538
21.52 0.000285388
21.53 0.000262285
21.54 0.000239234
21.55 0.000216239
21.56 0.000193304
21.57 0.000170433
21.58 0.000147629
21.59 0.000124895
21.6 0.000102235
21.61 7.96523e-05
21.62 5.71487e-05
21.63 3.47269e-05
21.64 1.23895e-05
21.65 -9.86146e-06
21.66 -3.20239e-05
21.67 -5.4096e-05
21.68 -7.60759e-05
21.69 -9.79621e-05
21.7 -0.000119753
21.71 -0.000141447
21.72 -0.000163044
21.73 -0.000184541
21.74 -0.000205938
21.75 -0.000227234
21.76 -0.000248427
21.77 -0.000269517
21.78 -0.000290502
21.79 -0.000311382
21.8 -0.000332156
21.81 -0.000352822
21.82 -0.000373381
21.83 -0.000393829
21.84 -0.000414168
21.85 -0.000434394
21.86 -0.000454508
21.87 -0.000474508
21.88 -0.000494391
21.89 -0.000514158
21.9 -0.000533806
21.91 -0.000553334
21.92 -0.00057274
21.93 -0.000592021
21.94 -0.000611175
21.95 -0.000630201
21.96 -0.000649096
21.97 -0.000667858
21.98 -0.000686483
21.99 -0.000704968
22 -0.000723312
22.01 -0.000741509
22.02 -0.000759558
22.03 -0.000777454
22.04 -0.000795194
22.05 -0.000812774
22.06 -0.00083019
22.07 -0.000847437
22.08 -0.000864512
22.09 -0.000881409
22.1 -0.000898124
22.11 -0.000914652
22.12 -0.000930988
22.13 -0.000947127
22.14 -0.000963064
22.15 -0.000978794
22.16 -0.00099431
22.17 -0.00100961
22.18 -0.00102468
22.19 -0.00103953
22.2 -0.00105413
22.21 -0.0010685
22.22 -0.00108262
22.23 -0.00109648
22.24 -0.00111009
22.25 -0.00112343
22.26 -0.00113649
22.27 -0.00114928
22.28 -0.00116179
22.29 -0.00117401
22.3 -0.00118593
22.31 -0.00119755
22.32 -0.00120886
22.33 -0.00121986
22.34 -0.00123054
22.35 -0.0012409
22.36 -0.00125092
22.37 -0.00126061
22.38 -0.00126997
22.39 -0.00127897
22.4 -0.00128763
22.41 -0.00129594
22.42 -0.00130388
22.43 -0.00131146
22.44 -0.00131868
22.45 -0.00132552
22.46 -0.00133199
22.47 -0.00133808
22.48 -0.00134379
22.49 -0.00134912
22.5 -0.00135406
22.51 -0.00135861
22.52 -0.00136278
22.53 -0.00136655
22.54 -0.00136992
22.55 -0.0013729
22.56 -0.00137548
22.57 -0.00137767
22.58 -0.00137946
22.59 -0.00138085
22.6 -0.00138184
22.61 -0.00138244
22.62 -0.00138263
22.63 -0.00138244
22.64 -0.00138185
22.65 -0.00138086
22.66 -0.00137949
22.67 -0.00137772
22.68 -0.00137557
22.69 -0.00137303
22.7 -0.00137011
22.71 -0.00136682
22.72 -0.00136314
22.73 -0.0013591
22.74 -0.00135468
22.75 -0.00134991
22.76 -0.00134477
22.77 -0.00133927
22.78 -0.00133342
22.79 -0.00132722
22.8 -0.00132068
22.81 -0.0013138
22.82 -0.00130659
22.83 -0.00129905
22.84 -0.00129119
22.85 -0.001283
22.86 -0.00127451
22.87 -0.0012657
22.88 -0.0012566
22.89 -0.0012472
22.9 -0.0012375
22.91 -0.00122752
22.92 -0.00121726
22.93 -0.00120673
22.94 -0.00119592
22.95 -0.00118485
22.96 -0.00117353
22.97 -0.00116195
22.98 -0.00115012
22.99 -0.00113805
23 -0.00112574
23.01 -0.0011132
23.02 -0.00110044
23.03 -0.00108745
23.04 -0.00107424
23.05 -0.00106082
23.06 -0.0010472
23.07 -0.00103337
23.08 -0.00101934
23.09 -0.00100511
23.1 -0.0009907
23.11 -0.0009761
23.12 -0.000961317
23.13 -0.000946355
23.14 -0.000931218
23.15 -0.00091591
23.16 -0.000900433
23.17 -0.000884791
23.18 -0.000868987
23.19 -0.000853024
23.2 -0.000836905
23.21 -0.000820632
23.22 -0.000804208
23.23 -0.000787637
23.24 -0.000770919
23.25 -0.000754057
23.26 -0.000737053
23.27 -0.000719911
23.28 -0.00070263
23.29 -0.000685214
23.3 -0.000667664
23.31 -0.000649982
23.32 -0.00063217
23.33 -0.000614229
23.34 -0.000596161
23.35 -0.000577967
23.36 -0.00055965
23.37 -0.00054121
23.38 -0.000522649
23.39 -0.000503969
23.4 -0.000485171
23.41 -0.000466256
23.42 -0.000447228
23.43 -0.000428086
23.44 -0.000408832
23.45 -0.000389469
23.46 -0.000369999
23.47 -0.000350422
23.48 -0.000330741
23.49 -0.000310959
23.5 -0.000291076
23.51 -0.000271096
23.52 -0.000251021
23.53 -0.000230853
23.54 -0.000210595
23.55 -0.00019025
23.56 -0.00016982
23.57 -0.000149308
23.58 -0.000128719
23.59 -0.000108054
23.6 -8.73169e-05
23.61 -6.65122e-05
23.62 -4.56433e-05
23.63 -2.4714e-05
23.64 -3.72843e-06
23.65 1.73092e-05
23.66 3.83944e-05
23.67 5.95226e-05
23.68 8.06892e-05
23.69 0.000101889
23.7 0.000123117
23.71 0.000144369
23.72 0.000165638
23.73 0.00018692
23.74 0.000208208
23.75 0.000229497
23.76 0.00025078
23.77 0.000272053
23.78 0.000293308
23.79 0.00031454
23.8 0.000335741
23.81 0.000356906
23.82 0.000378027
23.83 0.000399099
23.84 0.000420113
23.85 0.000441064
23.86 0.000461945
23.87 0.000482748
23.88 0.000503466
23.89 0.000524093
23.9 0.000544621
23.91 0.000565043
23.92 0.000585352
23.93 0.000605541
23.94 0.000625603
23.95 0.000645531
23.96 0.000665318
23.97 0.000684957
23.98 0.00070444
23.99 0.000723762
24 0.000742915
24.01 0.000761892
24.02 0.000780687
24.03 0.000799294
24.04 0.000817707
24.05 0.000835918
24.06 0.000853921
24.07 0.000871712
24.08 0.000889283
24.09 0.00090663
24.1 0.000923746
24.11 0.000940627
24.12 0.000957267
24.13 0.000973661
24.14 0.000989804
24.15 0.00100569
24.16 0.00102132
24.17 0.00103668
24.18 0.00105178
24.19 0.00106661
24.2 0.00108115
24.21 0.00109542
24.22 0.00110941
24.23 0.00112312
24.24 0.00113653
24.25 0.00114965
24.26 0.00116249
24.27 0.00117502
24.28 0.00118726
24.29 0.0011992
24.3 0.00121084
24.31 0.00122218
24.32 0.00123322
24.33 0.00124395
24.34 0.00125438
24.35 0.0012645
24.36 0.00127432
24.37 0.00128383
24.38 0.00129303
24.39 0.00130193
24.4 0.00131052
24.41 0.00131881
24.42 0.00132679
24.43 0.00133447
24.44 0.00134185
24.45 0.00134892
24.46 0.00135569
24.47 0.00136216
24.48 0.00136833
24.49 0.0013742
24.5 0.00137978
24.51 0.00138505
24.52 0.00139004
24.53 0.00139473
24.54 0.00139913
24.55 0.00140324
24.56 0.00140706
24.57 0.0014106
24.58 0.00141385
24.59 0.00141682
24.6 0.0014195
24.61 0.00142191
24.62 0.00142403
24.63 0.00142588
24.64 0.00142745
24.65 0.00142875
24.66 0.00142978
24.67 0.00143053
24.68 0.00143102
24.69 0.00143123
24.7 0.00143118
24.71 0.00143086
24.72 0.00143028
24.73 0.00142943
24.74 0.00142832
24.75 0.00142694
24.76 0.00142531
24.77 0.00142341
24.78 0.00142125
24.79 0.00141884
24.8 0.00141616
24.81 0.00141322
24.82 0.00141003
24.83 0.00140658
24.84 0.00140287
24.85 0.0013989
24.86 0.00139468
24.87 0.0013902
24.88 0.00138546
24.89 0.00138047
24.9 0.00137522
24.91 0.00136971
24.92 0.00136394
24.93 0.00135792
24.94 0.00135163
24.95 0.0013451
24.96 0.0013383
24.97 0.00133124
24.98 0.00132393
24.99 0.00131636
25 0.00130853
25.01 0.00130044
